20272 725.846000 -0.459535 -0.050978 -0.118449 -0.081919 -0.296842 -0.05246
20273 725.850000 -0.459561 -0.05098 -0.1184 -0.081931 -0.29685 -0.052569
20274 725.853000 -0.459568 -0.050986 -0.118485 -0.081932 -0.296836 -0.052554
20275 725.856000 -0.459528 -0.050983 -0.118629 -0.081995 -0.296858 -0.052553
20276 725.858000 -0.459566 -0.050973 -0.118511 -0.08193 -0.296839 -0.052585
20277 725.863000 -0.459575 -0.05095 -0.118466 -0.081927 -0.296861 -0.052751
20278 725.865000 -0.459529 -0.050983 -0.118754 -0.081996 -0.296857 -0.052452
20279 725.868000 -0.459633 -0.050954 -0.118453 -0.081924 -0.296872 -0.052795
20280 725.870000 -0.459637 -0.050973 -0.118425 -0.081937 -0.296878 -0.052474
20281 725.873000 -0.459653 -0.05098 -0.118496 -0.081941 -0.296866 -0.052457
20282 725.876000 -0.459587 -0.050962 -0.118632 -0.082013 -0.296892 -0.052794
20283 725.880000 -0.45965 -0.050972 -0.118465 -0.081944 -0.296886 -0.052558
20284 725.882000 -0.459663 -0.050948 -0.118434 -0.081945 -0.296894 -0.05275
20285 725.885000 -0.459632 -0.050989 -0.11862 -0.082009 -0.296906 -0.052565
20286 725.888000 -0.459632 -0.050996 -0.118687 -0.082017 -0.296903 -0.052548
20287 725.892000 -0.459644 -0.050972 -0.118642 -0.082022 -0.296912 -0.052789
20288 725.896000 -0.459701 -0.050981 -0.118536 -0.081956 -0.296893 -0.052557
20289 725.899000 -0.459665 -0.050979 -0.118683 -0.082017 -0.296916 -0.052552
20290 725.903000 -0.459653 -0.050954 -0.118833 -0.082019 -0.296906 -0.052788
20291 725.905000 -0.459691 -0.050976 -0.118745 -0.082004 -0.296925 -0.052471
20292 725.908000 -0.459777 -0.050979 -0.118478 -0.081949 -0.29693 -0.052452
20293 725.911000 -0.459767 -0.050949 -0.118545 -0.081959 -0.29692 -0.052795
20294 725.915000 -0.459722 -0.050983 -0.118733 -0.08202 -0.296937 -0.052554
20295 725.917000 -0.459745 -0.050963 -0.118682 -0.082022 -0.296945 -0.052747
20296 725.920000 -0.459728 -0.050977 -0.118718 -0.082026 -0.296947 -0.052565
20297 725.924000 -0.459769 -0.050985 -0.118654 -0.082027 -0.296961 -0.052461
20298 725.927000 -0.459754 -0.050986 -0.118765 -0.082051 -0.296944 -0.052784
20299 725.931000 -0.459854 -0.050993 -0.118577 -0.081964 -0.296941 -0.052553
20300 725.936000 -0.459802 -0.050956 -0.118674 -0.08204 -0.296974 -0.052741
20301 725.940000 -0.459885 -0.050974 -0.118516 -0.081961 -0.296967 -0.05247
20302 725.944000 -0.459914 -0.050963 -0.118477 -0.081975 -0.296981 -0.052743
20303 725.949000 -0.459849 -0.050974 -0.11885 -0.082053 -0.296967 -0.052749
20304 725.954000 -0.459942 -0.050962 -0.118517 -0.081975 -0.29699 -0.05279
20305 725.958000 -0.459877 -0.050999 -0.118756 -0.082039 -0.296994 -0.052543
20306 725.963000 -0.459931 -0.050967 -0.118724 -0.082033 -0.297011 -0.052736
20307 725.968000 -0.459918 -0.050965 -0.118749 -0.082053 -0.297011 -0.052743
20308 725.973000 -0.459932 -0.05096 -0.118761 -0.082054 -0.297016 -0.052786
20309 725.978000 -0.459941 -0.050978 -0.118767 -0.082054 -0.297023 -0.052451
20310 725.983000 -0.459968 -0.050995 -0.11877 -0.082059 -0.297037 -0.052467
20311 725.987000 -0.460053 -0.05097 -0.118557 -0.081993 -0.297037 -0.052744
20312 725.992000 -0.46008 -0.050969 -0.118547 -0.081995 -0.297042 -0.05275
20313 725.996000 -0.459976 -0.050988 -0.118829 -0.082084 -0.297038 -0.052542
20314 726.002000 -0.460047 -0.051004 -0.118717 -0.082073 -0.297068 -0.052466
20315 726.006000 -0.460127 -0.050957 -0.118565 -0.082011 -0.29706 -0.052738
20316 726.011000 -0.460145 -0.050966 -0.118579 -0.082003 -0.297063 -0.052741
20317 726.016000 -0.460172 -0.050955 -0.118586 -0.081988 -0.29707 -0.052784
20318 726.021000 -0.46019 -0.050995 -0.118584 -0.082007 -0.297083 -0.052447
20319 726.026000 -0.460198 -0.050988 -0.118633 -0.082019 -0.297077 -0.052537
20320 726.031000 -0.460218 -0.050992 -0.118651 -0.082013 -0.29708 -0.052546
20321 726.035000 -0.460228 -0.050959 -0.11857 -0.082016 -0.297101 -0.052781
20322 726.040000 -0.460168 -0.050996 -0.118922 -0.082095 -0.297096 -0.052445
20323 726.044000 -0.460202 -0.051001 -0.118792 -0.082086 -0.297122 -0.052553
20324 726.049000 -0.46021 -0.050966 -0.11882 -0.082094 -0.297123 -0.052738
20325 726.053000 -0.460235 -0.050991 -0.118773 -0.082099 -0.297135 -0.052465
20326 726.059000 -0.460239 -0.050999 -0.118915 -0.082101 -0.297123 -0.052446
20327 726.064000 -0.460242 -0.051007 -0.118923 -0.082115 -0.29713 -0.052458
20328 726.067000 -0.460344 -0.050989 -0.118629 -0.08203 -0.29714 -0.052442
20329 726.072000 -0.460271 -0.050995 -0.118953 -0.082106 -0.297136 -0.052462
20330 726.077000 -0.460403 -0.05099 -0.118599 -0.082032 -0.297164 -0.052521
20331 726.081000 -0.46031 -0.050991 -0.118894 -0.082131 -0.297156 -0.052736
20332 726.086000 -0.460336 -0.050987 -0.118928 -0.082125 -0.297159 -0.052778
20333 726.091000 -0.460365 -0.050981 -0.118882 -0.082097 -0.297178 -0.05244
20334 726.096000 -0.46038 -0.050993 -0.118928 -0.082126 -0.297179 -0.052527
20335 726.102000 -0.460466 -0.050995 -0.118702 -0.082053 -0.297178 -0.052443
20336 726.106000 -0.460497 -0.05099 -0.118625 -0.082056 -0.297199 -0.052546
20337 726.111000 -0.460501 -0.050957 -0.118656 -0.082048 -0.297202 -0.052729
20338 726.116000 -0.460477 -0.050983 -0.118814 -0.082129 -0.297222 -0.052733
20339 726.120000 -0.460546 -0.050997 -0.118719 -0.082067 -0.297204 -0.052527
20340 726.124000 -0.460557 -0.050979 -0.118661 -0.082069 -0.297223 -0.052761
20341 726.129000 -0.460553 -0.050985 -0.118749 -0.082063 -0.297215 -0.052445
20342 726.133000 -0.460589 -0.051004 -0.118682 -0.082069 -0.297238 -0.052542
20343 726.137000 -0.4605 -0.051012 -0.118988 -0.082155 -0.297228 -0.052436
20344 726.141000 -0.460559 -0.051007 -0.118898 -0.082139 -0.297249 -0.052546
20345 726.146000 -0.46061 -0.050968 -0.118794 -0.082076 -0.297241 -0.05273
20346 726.151000 -0.460602 -0.050973 -0.118871 -0.082132 -0.297273 -0.052725
20347 726.155000 -0.460671 -0.050999 -0.118699 -0.082082 -0.297267 -0.052519
20348 726.160000 -0.460698 -0.050996 -0.118705 -0.082076 -0.297269 -0.052548
20349 726.164000 -0.460637 -0.050996 -0.118927 -0.082146 -0.297279 -0.052441
20350 726.169000 -0.460667 -0.051008 -0.118928 -0.082135 -0.297288 -0.052449
20351 726.173000 -0.460739 -0.050977 -0.118712 -0.082082 -0.297292 -0.052728
20352 726.177000 -0.460691 -0.050996 -0.118924 -0.08215 -0.297299 -0.052456
20353 726.181000 -0.46076 -0.05098 -0.118753 -0.082094 -0.297291 -0.05273
20354 726.187000 -0.460728 -0.050994 -0.118929 -0.08215 -0.297316 -0.052545
20355 726.192000 -0.460731 -0.050997 -0.118987 -0.082179 -0.29731 -0.052711
20356 726.196000 -0.460804 -0.051003 -0.118795 -0.082106 -0.297309 -0.052445
20357 726.201000 -0.460779 -0.050997 -0.118893 -0.082169 -0.297339 -0.052521
20358 726.206000 -0.460792 -0.05099 -0.118916 -0.082162 -0.297345 -0.052526
20359 726.211000 -0.460805 -0.05101 -0.118956 -0.082172 -0.297345 -0.052543
20360 726.214000 -0.460828 -0.050998 -0.118982 -0.082164 -0.297345 -0.052531
20361 726.218000 -0.46084 -0.051004 -0.118912 -0.082177 -0.297361 -0.052431
20362 726.221000 -0.460856 -0.050994 -0.118961 -0.082172 -0.297357 -0.052753
20363 726.225000 -0.460913 -0.050997 -0.118764 -0.082102 -0.297364 -0.052515
20364 726.229000 -0.460865 -0.050988 -0.118971 -0.082176 -0.297374 -0.052752
20365 726.233000 -0.46091 -0.051008 -0.118912 -0.082186 -0.297384 -0.052519
20366 726.237000 -0.460888 -0.050992 -0.119075 -0.082194 -0.297364 -0.05276
20367 726.242000 -0.460877 -0.051012 -0.119057 -0.082197 -0.297374 -0.052429
20368 726.246000 -0.46095 -0.050975 -0.118937 -0.08218 -0.297403 -0.052703
20369 726.250000 -0.461022 -0.051007 -0.118808 -0.082137 -0.297389 -0.052438
20370 726.255000 -0.46103 -0.051003 -0.118829 -0.082133 -0.297391 -0.052518
20371 726.258000 -0.460992 -0.051012 -0.11896 -0.082195 -0.297413 -0.052435
20372 726.262000 -0.46107 -0.050978 -0.118782 -0.082115 -0.297409 -0.052709
20373 726.267000 -0.461037 -0.050993 -0.118937 -0.082206 -0.297434 -0.052723
20374 726.271000 -0.461091 -0.050998 -0.118794 -0.082145 -0.297426 -0.052516
20375 726.274000 -0.461045 -0.051007 -0.118967 -0.082208 -0.297436 -0.052443
20376 726.279000 -0.461051 -0.051002 -0.118994 -0.082202 -0.297438 -0.05251
20377 726.283000 -0.461074 -0.050995 -0.118966 -0.082205 -0.297451 -0.052748
20378 726.288000 -0.46109 -0.051 -0.119008 -0.082217 -0.297457 -0.052427
20379 726.292000 -0.461164 -0.051005 -0.118836 -0.082147 -0.297451 -0.052538
20380 726.296000 -0.461103 -0.051021 -0.119113 -0.082224 -0.297445 -0.05243
20381 726.300000 -0.461158 -0.051 -0.119015 -0.082201 -0.297473 -0.052534
20382 726.304000 -0.461234 -0.051005 -0.118835 -0.082143 -0.29747 -0.052427
20383 726.308000 -0.461149 -0.051007 -0.119107 -0.082233 -0.297463 -0.052696
20384 726.312000 -0.461177 -0.051014 -0.119013 -0.082224 -0.297485 -0.052431
20385 726.316000 -0.46128 -0.050983 -0.118832 -0.082146 -0.29748 -0.052708
20386 726.320000 -0.461223 -0.051019 -0.119057 -0.082208 -0.297493 -0.052429
20387 726.325000 -0.46124 -0.051004 -0.119023 -0.082219 -0.297508 -0.052509
20388 726.329000 -0.461297 -0.050985 -0.118876 -0.082168 -0.297495 -0.052724
20389 726.332000 -0.461301 -0.050983 -0.118904 -0.08217 -0.297496 -0.052706
20390 726.337000 -0.461279 -0.050986 -0.118998 -0.082236 -0.297527 -0.052749
20391 726.342000 -0.4613 -0.051005 -0.119021 -0.082232 -0.297535 -0.052417
20392 726.345000 -0.461294 -0.05101 -0.119122 -0.082252 -0.297517 -0.052745
20393 726.350000 -0.461325 -0.05101 -0.11909 -0.082231 -0.297529 -0.052426
20394 726.354000 -0.461349 -0.05102 -0.119023 -0.082242 -0.297547 -0.052533
20395 726.358000 -0.461341 -0.051002 -0.119183 -0.082239 -0.297528 -0.052424
20396 726.362000 -0.461391 -0.050998 -0.119045 -0.082229 -0.297559 -0.052699
20397 726.366000 -0.461454 -0.051009 -0.118864 -0.082173 -0.297552 -0.052435
20398 726.370000 -0.461393 -0.050992 -0.119079 -0.082248 -0.297564 -0.052701
20399 726.374000 -0.461457 -0.051011 -0.118919 -0.082191 -0.297555 -0.052435
20400 726.379000 -0.461431 -0.051019 -0.119029 -0.082258 -0.297582 -0.052506
20401 726.382000 -0.461432 -0.051025 -0.119085 -0.08225 -0.29758 -0.052428
20402 726.386000 -0.461546 -0.050979 -0.118886 -0.082181 -0.297583 -0.052701
20403 726.390000 -0.46148 -0.051024 -0.119101 -0.082255 -0.29759 -0.052426
20404 726.394000 -0.461488 -0.050993 -0.119039 -0.082263 -0.297603 -0.052698
20405 726.398000 -0.461503 -0.051028 -0.119033 -0.082274 -0.297607 -0.052498
20406 726.402000 -0.461562 -0.050989 -0.118897 -0.082201 -0.297608 -0.052702
20407 726.407000 -0.461595 -0.050987 -0.118966 -0.082212 -0.297603 -0.052749
20408 726.412000 -0.461559 -0.051023 -0.119092 -0.082274 -0.297625 -0.052416
20409 726.416000 -0.461654 -0.05101 -0.118934 -0.082195 -0.297616 -0.05253
20410 726.420000 -0.461579 -0.051006 -0.119156 -0.082259 -0.297631 -0.052416
20411 726.424000 -0.461599 -0.050995 -0.119088 -0.082277 -0.297646 -0.052696
20412 726.428000 -0.461669 -0.051018 -0.118974 -0.082218 -0.297625 -0.052432
20413 726.431000 -0.461658 -0.051016 -0.119011 -0.082221 -0.297631 -0.052408
20414 726.434000 -0.461629 -0.050995 -0.119127 -0.082275 -0.297654 -0.052741
20415 726.436000 -0.46164 -0.051012 -0.119104 -0.082282 -0.297659 -0.052427
20416 726.439000 -0.461655 -0.051023 -0.119151 -0.082269 -0.297657 -0.052407
20417 726.443000 -0.461744 -0.051016 -0.118947 -0.082208 -0.297662 -0.052517
20418 726.446000 -0.461683 -0.051019 -0.119098 -0.082289 -0.297677 -0.052506
20419 726.449000 -0.461751 -0.051005 -0.118975 -0.08231 -0.297657 -0.052501
20420 726.454000 -0.4617 -0.051025 -0.119175 -0.082286 -0.297673 -0.052503
20421 726.458000 -0.461719 -0.051013 -0.119106 -0.082285 -0.297691 -0.052399
20422 726.461000 -0.461803 -0.050996 -0.118896 -0.082233 -0.297691 -0.052737
20423 726.465000 -0.461756 -0.051022 -0.119168 -0.082301 -0.297692 -0.052504
20424 726.470000 -0.461741 -0.051032 -0.119251 -0.082314 -0.297684 -0.052513
20425 726.475000 -0.461787 -0.050987 -0.119212 -0.08228 -0.297701 -0.052692
20426 726.480000 -0.461785 -0.051002 -0.119255 -0.082313 -0.297703 -0.052701
20427 726.485000 -0.461784 -0.051032 -0.119265 -0.082324 -0.297707 -0.052401
20428 726.491000 -0.461891 -0.050997 -0.118981 -0.082238 -0.297723 -0.052696
20429 726.496000 -0.461923 -0.050996 -0.119012 -0.082239 -0.297725 -0.052738
20430 726.501000 -0.461952 -0.051024 -0.118978 -0.082243 -0.29774 -0.052401
20431 726.504000 -0.461905 -0.051006 -0.119131 -0.082319 -0.297755 -0.052736
20432 726.508000 -0.461958 -0.05101 -0.118973 -0.082254 -0.297747 -0.052503
20433 726.513000 -0.461883 -0.051023 -0.119305 -0.082323 -0.297741 -0.052516
20434 726.516000 -0.462007 -0.051027 -0.118995 -0.08224 -0.297762 -0.052487
20435 726.521000 -0.462024 -0.050998 -0.11898 -0.082254 -0.297769 -0.052688
20436 726.525000 -0.462036 -0.051024 -0.118939 -0.082265 -0.297774 -0.05242
20437 726.529000 -0.461955 -0.051012 -0.1192 -0.082337 -0.297781 -0.052693
20438 726.533000 -0.462054 -0.05101 -0.119015 -0.08225 -0.29778 -0.052417
20439 726.537000 -0.462089 -0.050999 -0.118964 -0.082264 -0.297796 -0.052689
20440 726.541000 -0.461997 -0.05104 -0.119285 -0.082358 -0.297785 -0.052425
20441 726.545000 -0.462093 -0.051003 -0.119098 -0.082271 -0.297786 -0.052691
20442 726.549000 -0.462107 -0.051015 -0.11901 -0.082271 -0.297806 -0.052486
20443 726.554000 -0.462076 -0.051019 -0.119183 -0.082338 -0.297822 -0.052491
20444 726.558000 -0.462141 -0.051009 -0.11908 -0.082286 -0.297806 -0.052738
20445 726.562000 -0.462078 -0.051025 -0.119289 -0.082341 -0.29782 -0.052497
20446 726.566000 -0.462175 -0.050997 -0.119113 -0.082278 -0.297815 -0.052735
20447 726.570000 -0.462113 -0.051025 -0.119345 -0.082335 -0.297819 -0.052494
20448 726.574000 -0.462153 -0.051018 -0.119219 -0.08234 -0.297851 -0.052729
20449 726.578000 -0.462219 -0.051022 -0.119041 -0.082289 -0.297847 -0.052496
20450 726.583000 -0.462245 -0.050999 -0.119037 -0.082286 -0.29785 -0.052677
20451 726.587000 -0.462187 -0.051044 -0.119259 -0.082352 -0.297858 -0.052411
20452 726.591000 -0.462273 -0.051 -0.119095 -0.082281 -0.297853 -0.052684
20453 726.596000 -0.462287 -0.051008 -0.119094 -0.082296 -0.297862 -0.052688
20454 726.600000 -0.462211 -0.051041 -0.119338 -0.082377 -0.297865 -0.052478
20455 726.604000 -0.462251 -0.051009 -0.119228 -0.082367 -0.297891 -0.052687
20456 726.607000 -0.462246 -0.05102 -0.119331 -0.08238 -0.297875 -0.052686
20457 726.612000 -0.462287 -0.051011 -0.119353 -0.082368 -0.297882 -0.052715
20458 726.616000 -0.462362 -0.051028 -0.119145 -0.082299 -0.297886 -0.052482
20459 726.620000 -0.462379 -0.051013 -0.119043 -0.082306 -0.297906 -0.052721
20460 726.624000 -0.462307 -0.051046 -0.119346 -0.08239 -0.297896 -0.052488
20461 726.628000 -0.462326 -0.051003 -0.119257 -0.082379 -0.297921 -0.052727
20462 726.632000 -0.462358 -0.051033 -0.119238 -0.082376 -0.297928 -0.052492
20463 726.636000 -0.462444 -0.051029 -0.119093 -0.082315 -0.297921 -0.052397
20464 726.641000 -0.462448 -0.051032 -0.119156 -0.082323 -0.297917 -0.052401
20465 726.645000 -0.462473 -0.051011 -0.119083 -0.082316 -0.297934 -0.052673
20466 726.649000 -0.46241 -0.05104 -0.119332 -0.082374 -0.297943 -0.052399
20467 726.654000 -0.462421 -0.051038 -0.119402 -0.0824 -0.29794 -0.052477
20468 726.659000 -0.462417 -0.051043 -0.119419 -0.082403 -0.297941 -0.052488
20469 726.664000 -0.462494 -0.051039 -0.119357 -0.082375 -0.297958 -0.052499
20470 726.668000 -0.462492 -0.051031 -0.119278 -0.082384 -0.297978 -0.052386
20471 726.673000 -0.462554 -0.051028 -0.119185 -0.082336 -0.297967 -0.052477
20472 726.678000 -0.46253 -0.051038 -0.119272 -0.082403 -0.297992 -0.052476
20473 726.682000 -0.462604 -0.051009 -0.119107 -0.082336 -0.297984 -0.052713
20474 726.688000 -0.462561 -0.051007 -0.1193 -0.082396 -0.298006 -0.052666
20475 726.693000 -0.462548 -0.05103 -0.119399 -0.082428 -0.297994 -0.052677
20476 726.697000 -0.462603 -0.051047 -0.119316 -0.082413 -0.298013 -0.052472
20477 726.701000 -0.462585 -0.051015 -0.119469 -0.082418 -0.297995 -0.05271
20478 726.706000 -0.462684 -0.051022 -0.119123 -0.082343 -0.298023 -0.052389
20479 726.710000 -0.462637 -0.051045 -0.11942 -0.082421 -0.298017 -0.0525
20480 726.714000 -0.4627 -0.051033 -0.119222 -0.082355 -0.29802 -0.052394
20481 726.719000 -0.462732 -0.051029 -0.119212 -0.082352 -0.298026 -0.052398
20482 726.723000 -0.462684 -0.051027 -0.119442 -0.082421 -0.298028 -0.052668
20483 726.726000 -0.462685 -0.051017 -0.119472 -0.082429 -0.298034 -0.052672
20484 726.730000 -0.462735 -0.051031 -0.119337 -0.082405 -0.298062 -0.052387
20485 726.732000 -0.462736 -0.051043 -0.11931 -0.082421 -0.298068 -0.05247
20486 726.736000 -0.462792 -0.051011 -0.119188 -0.082369 -0.29805 -0.052713
20487 726.742000 -0.462754 -0.051018 -0.119383 -0.08243 -0.298069 -0.052664
20488 726.746000 -0.462774 -0.051045 -0.119333 -0.082437 -0.298083 -0.052396
20489 726.750000 -0.462779 -0.051009 -0.119498 -0.082432 -0.298068 -0.052662
20490 726.753000 -0.462876 -0.051015 -0.119189 -0.08236 -0.298086 -0.052665
20491 726.757000 -0.462889 -0.051043 -0.119141 -0.082375 -0.298094 -0.052396
20492 726.764000 -0.462839 -0.051047 -0.119486 -0.082449 -0.298084 -0.052492
20493 726.770000 -0.46287 -0.051034 -0.11936 -0.08244 -0.298119 -0.052468
20494 726.775000 -0.462849 -0.05105 -0.119475 -0.08247 -0.298102 -0.052473
20495 726.781000 -0.462984 -0.051045 -0.119231 -0.082369 -0.298113 -0.052394
20496 726.785000 -0.462865 -0.051023 -0.1195 -0.082464 -0.298116 -0.052664
20497 726.789000 -0.462935 -0.051029 -0.119398 -0.082446 -0.298144 -0.052455
20498 726.792000 -0.463017 -0.051041 -0.119177 -0.082392 -0.298141 -0.052394
20499 726.797000 -0.462935 -0.051044 -0.119546 -0.08247 -0.298128 -0.05246
20500 726.803000 -0.463051 -0.05104 -0.119287 -0.082386 -0.298137 -0.052389
20501 726.807000 -0.463074 -0.051036 -0.119198 -0.082383 -0.298161 -0.052488
20502 726.811000 -0.463006 -0.051057 -0.119495 -0.082477 -0.298153 -0.052387
20503 726.815000 -0.463074 -0.051021 -0.119299 -0.082406 -0.298156 -0.052664
20504 726.819000 -0.463001 -0.051046 -0.119533 -0.082478 -0.298162 -0.052393
20505 726.824000 -0.46305 -0.051037 -0.119468 -0.082455 -0.29818 -0.052456
20506 726.828000 -0.463158 -0.051012 -0.119282 -0.082395 -0.298181 -0.052665
20507 726.832000 -0.463173 -0.05104 -0.119194 -0.082407 -0.298197 -0.052456
20508 726.836000 -0.46308 -0.051035 -0.119437 -0.082483 -0.2982 -0.05267
20509 726.840000 -0.463176 -0.05104 -0.119288 -0.082416 -0.298191 -0.052469
20510 726.844000 -0.463191 -0.051013 -0.119211 -0.082412 -0.298209 -0.052706
20511 726.848000 -0.463167 -0.051045 -0.119462 -0.082473 -0.298219 -0.052466
20512 726.852000 -0.463169 -0.051027 -0.119413 -0.082489 -0.298232 -0.052703
20513 726.856000 -0.463243 -0.051045 -0.119307 -0.082424 -0.298212 -0.052473
20514 726.860000 -0.463152 -0.051035 -0.119567 -0.082506 -0.29822 -0.05271
20515 726.864000 -0.463254 -0.051031 -0.119361 -0.082411 -0.298223 -0.052469
20516 726.868000 -0.463302 -0.051041 -0.119254 -0.082415 -0.298247 -0.052369
20517 726.873000 -0.463293 -0.051041 -0.119316 -0.082434 -0.298235 -0.052392
20518 726.877000 -0.463245 -0.051027 -0.119509 -0.082492 -0.298253 -0.052658
20519 726.880000 -0.463227 -0.051058 -0.119577 -0.082508 -0.298245 -0.052476
20520 726.884000 -0.463277 -0.05104 -0.119458 -0.082488 -0.298273 -0.052365
20521 726.888000 -0.463313 -0.051054 -0.119427 -0.082506 -0.298281 -0.052478
20522 726.891000 -0.463307 -0.051054 -0.119495 -0.082512 -0.298278 -0.052468
20523 726.894000 -0.463282 -0.051067 -0.119581 -0.082526 -0.298266 -0.052454
20524 726.899000 -0.463337 -0.051049 -0.119535 -0.082497 -0.298282 -0.05248
20525 726.901000 -0.463363 -0.05102 -0.119484 -0.082495 -0.298293 -0.052665
20526 726.907000 -0.463424 -0.051042 -0.11934 -0.082451 -0.298287 -0.052475
20527 726.911000 -0.463353 -0.051064 -0.119592 -0.082523 -0.298285 -0.052371
20528 726.915000 -0.463411 -0.051054 -0.11949 -0.082507 -0.298309 -0.052477
20529 726.919000 -0.463453 -0.05105 -0.119312 -0.08245 -0.298308 -0.052367
20530 726.923000 -0.463397 -0.051036 -0.119587 -0.082522 -0.298305 -0.052643
20531 726.927000 -0.463431 -0.05106 -0.119492 -0.082522 -0.298335 -0.052371
20532 726.931000 -0.463504 -0.051023 -0.119316 -0.082457 -0.298329 -0.052645
20533 726.935000 -0.463441 -0.051071 -0.119601 -0.08254 -0.298322 -0.052374
20534 726.941000 -0.463516 -0.051026 -0.119383 -0.082469 -0.298332 -0.052698
20535 726.945000 -0.463557 -0.051045 -0.119304 -0.082459 -0.298352 -0.052462
20536 726.949000 -0.463591 -0.051063 -0.119282 -0.082474 -0.298355 -0.052367
20537 726.953000 -0.463505 -0.051056 -0.119556 -0.082542 -0.298357 -0.052477
20538 726.957000 -0.463597 -0.051045 -0.119411 -0.082471 -0.298348 -0.052374
20539 726.961000 -0.463627 -0.051041 -0.119336 -0.082459 -0.298368 -0.052475
20540 726.965000 -0.463558 -0.051063 -0.119635 -0.082549 -0.298365 -0.052367
20541 726.968000 -0.463657 -0.051029 -0.119358 -0.082473 -0.298377 -0.052688
20542 726.972000 -0.463589 -0.051058 -0.119589 -0.082542 -0.298385 -0.052454
20543 726.976000 -0.463681 -0.051057 -0.119424 -0.08247 -0.298372 -0.052364
20544 726.980000 -0.463579 -0.051054 -0.119661 -0.082554 -0.298381 -0.052473
20545 726.985000 -0.463704 -0.051025 -0.119326 -0.082483 -0.298409 -0.052639
20546 726.990000 -0.463663 -0.051035 -0.119678 -0.082557 -0.298392 -0.052659
20547 726.995000 -0.463754 -0.051029 -0.119336 -0.082484 -0.298416 -0.052686
20548 727.000000 -0.463691 -0.051048 -0.119686 -0.082549 -0.298405 -0.052366
20549 727.004000 -0.463733 -0.051032 -0.119549 -0.08254 -0.298437 -0.05264
20550 727.010000 -0.463725 -0.051074 -0.119658 -0.082569 -0.298423 -0.05244
20551 727.015000 -0.463758 -0.051067 -0.11966 -0.082565 -0.298428 -0.052471
20552 727.019000 -0.463777 -0.051049 -0.119548 -0.082554 -0.298453 -0.052363
20553 727.024000 -0.463795 -0.051069 -0.119586 -0.082563 -0.29846 -0.052366
20554 727.029000 -0.463811 -0.05105 -0.119608 -0.082569 -0.298464 -0.052447
20555 727.033000 -0.463822 -0.05104 -0.119552 -0.082576 -0.298476 -0.052685
20556 727.038000 -0.463823 -0.051052 -0.119578 -0.082577 -0.298483 -0.052354
20557 727.043000 -0.463938 -0.051067 -0.119361 -0.082514 -0.298485 -0.052373
20558 727.046000 -0.463921 -0.05106 -0.119458 -0.082521 -0.298473 -0.052363
20559 727.050000 -0.463876 -0.051054 -0.119665 -0.082573 -0.298487 -0.052471
20560 727.055000 -0.463882 -0.05104 -0.119707 -0.082592 -0.298483 -0.052641
20561 727.060000 -0.463995 -0.051034 -0.119396 -0.082508 -0.298507 -0.052679
20562 727.064000 -0.46394 -0.051057 -0.119643 -0.082583 -0.298511 -0.052448
20563 727.068000 -0.46402 -0.051034 -0.119484 -0.082517 -0.298501 -0.052687
20564 727.073000 -0.464037 -0.051061 -0.119441 -0.082514 -0.298517 -0.052353
20565 727.077000 -0.463963 -0.051057 -0.11965 -0.082587 -0.298531 -0.052467
20566 727.082000 -0.46408 -0.051039 -0.119374 -0.082528 -0.298539 -0.052634
20567 727.087000 -0.464074 -0.051034 -0.119422 -0.082539 -0.29854 -0.052681
20568 727.091000 -0.464032 -0.051065 -0.119659 -0.082597 -0.298546 -0.052447
20569 727.096000 -0.464077 -0.051065 -0.11963 -0.082588 -0.298558 -0.052457
20570 727.100000 -0.464147 -0.051059 -0.119441 -0.08252 -0.29856 -0.052345
20571 727.105000 -0.464163 -0.051068 -0.119484 -0.082539 -0.298555 -0.052372
20572 727.109000 -0.46408 -0.051047 -0.119735 -0.082616 -0.298557 -0.052642
20573 727.114000 -0.464082 -0.05105 -0.119746 -0.082622 -0.298565 -0.052677
20574 727.119000 -0.464217 -0.051065 -0.119425 -0.082536 -0.298589 -0.052343
20575 727.123000 -0.464128 -0.051087 -0.11973 -0.082636 -0.298581 -0.052456
20576 727.128000 -0.464127 -0.05105 -0.119761 -0.082635 -0.298585 -0.052637
20577 727.132000 -0.464191 -0.05107 -0.119661 -0.082616 -0.298608 -0.052367
20578 727.137000 -0.464211 -0.051054 -0.119661 -0.082606 -0.298619 -0.052425
20579 727.141000 -0.464236 -0.051057 -0.119626 -0.082626 -0.298627 -0.052666
20580 727.146000 -0.464295 -0.051061 -0.119561 -0.082561 -0.298608 -0.052352
20581 727.151000 -0.464274 -0.051075 -0.119654 -0.082621 -0.298632 -0.052363
20582 727.155000 -0.464232 -0.051043 -0.119809 -0.082636 -0.298618 -0.052638
20583 727.159000 -0.464292 -0.05106 -0.119677 -0.082617 -0.29865 -0.052361
20584 727.164000 -0.464304 -0.05107 -0.1197 -0.082632 -0.298647 -0.052428
20585 727.169000 -0.464295 -0.051067 -0.119774 -0.082657 -0.298643 -0.052457
20586 727.173000 -0.464355 -0.051068 -0.119678 -0.082635 -0.298664 -0.052348
20587 727.177000 -0.464446 -0.05105 -0.119511 -0.082557 -0.298664 -0.052457
20588 727.182000 -0.464424 -0.051054 -0.119553 -0.082582 -0.298663 -0.052631
20589 727.185000 -0.464403 -0.051084 -0.119691 -0.082636 -0.298678 -0.05245
20590 727.191000 -0.46445 -0.051066 -0.119562 -0.082592 -0.29867 -0.052436
20591 727.195000 -0.464425 -0.05104 -0.119762 -0.082627 -0.298687 -0.052658
20592 727.200000 -0.464418 -0.051073 -0.119812 -0.082664 -0.298686 -0.052347
20593 727.205000 -0.464516 -0.051072 -0.119501 -0.082589 -0.298701 -0.052351
20594 727.211000 -0.464459 -0.051048 -0.119713 -0.082656 -0.298716 -0.052664
20595 727.215000 -0.464493 -0.051067 -0.119692 -0.082659 -0.298727 -0.052428
20596 727.220000 -0.464492 -0.051065 -0.11982 -0.08268 -0.298708 -0.052618
20597 727.225000 -0.464477 -0.051054 -0.119863 -0.082678 -0.298713 -0.052635
20598 727.230000 -0.46449 -0.051053 -0.119867 -0.082673 -0.298722 -0.052664
20599 727.233000 -0.464607 -0.051042 -0.119571 -0.082588 -0.298741 -0.052634
20600 727.237000 -0.464551 -0.051088 -0.119844 -0.082679 -0.298737 -0.052426
20601 727.240000 -0.464652 -0.051079 -0.119559 -0.082601 -0.298747 -0.05235
20602 727.244000 -0.464586 -0.051045 -0.11978 -0.082669 -0.298755 -0.052621
20603 727.247000 -0.464585 -0.051057 -0.119854 -0.082681 -0.298747 -0.052621
20604 727.251000 -0.464637 -0.051071 -0.119744 -0.08266 -0.298774 -0.052347
20605 727.255000 -0.464696 -0.051056 -0.119556 -0.082609 -0.298772 -0.052617
20606 727.260000 -0.464708 -0.051057 -0.119602 -0.082622 -0.298767 -0.052638
20607 727.264000 -0.464646 -0.051086 -0.119857 -0.082693 -0.298769 -0.052424
20608 727.268000 -0.464667 -0.051049 -0.11975 -0.082682 -0.298796 -0.052634
20609 727.273000 -0.464765 -0.051071 -0.119646 -0.08261 -0.298786 -0.052328
20610 727.277000 -0.464781 -0.051076 -0.119545 -0.082622 -0.298804 -0.052437
20611 727.280000 -0.464779 -0.051064 -0.119617 -0.082627 -0.298795 -0.052432
20612 727.284000 -0.464718 -0.051062 -0.119865 -0.082704 -0.298799 -0.052663
20613 727.288000 -0.464746 -0.051073 -0.11976 -0.082687 -0.29882 -0.052421
20614 727.292000 -0.464822 -0.051053 -0.119626 -0.082626 -0.298812 -0.05266
20615 727.295000 -0.464842 -0.051056 -0.119658 -0.082629 -0.298814 -0.052633
20616 727.299000 -0.464866 -0.051074 -0.119564 -0.082629 -0.298831 -0.052425
20617 727.303000 -0.464796 -0.051056 -0.119804 -0.082704 -0.298839 -0.052661
20618 727.307000 -0.464892 -0.051077 -0.119651 -0.082632 -0.298828 -0.052431
20619 727.310000 -0.464833 -0.051066 -0.11978 -0.082693 -0.298855 -0.052409
20620 727.314000 -0.464857 -0.051061 -0.11975 -0.082711 -0.298865 -0.052621
20621 727.318000 -0.464912 -0.051079 -0.119653 -0.082654 -0.298845 -0.052416
20622 727.322000 -0.464881 -0.051074 -0.119857 -0.082698 -0.298857 -0.052628
20623 727.326000 -0.464928 -0.051067 -0.119688 -0.082645 -0.298854 -0.052425
20624 727.330000 -0.464974 -0.051052 -0.119595 -0.082636 -0.298877 -0.052656
20625 727.334000 -0.464895 -0.051093 -0.119896 -0.082733 -0.298871 -0.052424
20626 727.338000 -0.464939 -0.051059 -0.119806 -0.08272 -0.298891 -0.052658
20627 727.342000 -0.464996 -0.05107 -0.119684 -0.08266 -0.298877 -0.052429
20628 727.346000 -0.464947 -0.051055 -0.119937 -0.08273 -0.29888 -0.052663
20629 727.350000 -0.464976 -0.051087 -0.119827 -0.082709 -0.298909 -0.052426
20630 727.354000 -0.465065 -0.051066 -0.119648 -0.082652 -0.298905 -0.052328
20631 727.357000 -0.465074 -0.051057 -0.119698 -0.082653 -0.298896 -0.052655
20632 727.361000 -0.465087 -0.051079 -0.119614 -0.082662 -0.298916 -0.052419
20633 727.365000 -0.465016 -0.051049 -0.119855 -0.082729 -0.298921 -0.052659
20634 727.369000 -0.465055 -0.051079 -0.119805 -0.08273 -0.298939 -0.052423
20635 727.374000 -0.465063 -0.051096 -0.119867 -0.082739 -0.298934 -0.052434
20636 727.378000 -0.46508 -0.051093 -0.119824 -0.082741 -0.298944 -0.052326
20637 727.383000 -0.46513 -0.051066 -0.11975 -0.082675 -0.298934 -0.052414
20638 727.386000 -0.465117 -0.05108 -0.119863 -0.082723 -0.298958 -0.052329
20639 727.390000 -0.465204 -0.051067 -0.119715 -0.08267 -0.298944 -0.05261
20640 727.395000 -0.465211 -0.051061 -0.119675 -0.082672 -0.298958 -0.052615
20641 727.398000 -0.465164 -0.051066 -0.119825 -0.082746 -0.298974 -0.052611
20642 727.402000 -0.465165 -0.05109 -0.119985 -0.08275 -0.298952 -0.052344
20643 727.406000 -0.465205 -0.051056 -0.11985 -0.082731 -0.298986 -0.052606
20644 727.410000 -0.465203 -0.05109 -0.119814 -0.082753 -0.298994 -0.052411
20645 727.414000 -0.465283 -0.05107 -0.119665 -0.082692 -0.298986 -0.052618
20646 727.418000 -0.465186 -0.051091 -0.119963 -0.082776 -0.298981 -0.05241
20647 727.422000 -0.465247 -0.051063 -0.119871 -0.08276 -0.299006 -0.052619
20648 727.427000 -0.465267 -0.051061 -0.119881 -0.082749 -0.299015 -0.052648
20649 727.430000 -0.465351 -0.051079 -0.119654 -0.082695 -0.299011 -0.052614
20650 727.434000 -0.465264 -0.051103 -0.119974 -0.082783 -0.299002 -0.052403
20651 727.438000 -0.465299 -0.051062 -0.119891 -0.082764 -0.299022 -0.052642
20652 727.442000 -0.465358 -0.051084 -0.119769 -0.082706 -0.299012 -0.052412
20653 727.446000 -0.465331 -0.051056 -0.11996 -0.082748 -0.29903 -0.052638
20654 727.450000 -0.465354 -0.051102 -0.119884 -0.082764 -0.299046 -0.052408
20655 727.455000 -0.465373 -0.051092 -0.119899 -0.082771 -0.29905 -0.052432
20656 727.459000 -0.465432 -0.051093 -0.119718 -0.082709 -0.299045 -0.052317
20657 727.463000 -0.465383 -0.051076 -0.119932 -0.082761 -0.299054 -0.05259
20658 727.467000 -0.465425 -0.0511 -0.119874 -0.082776 -0.299071 -0.052322
20659 727.471000 -0.46549 -0.051065 -0.119711 -0.082713 -0.299063 -0.052597
20660 727.475000 -0.46544 -0.051101 -0.119942 -0.082777 -0.299069 -0.052328
20661 727.479000 -0.465503 -0.051062 -0.119733 -0.082712 -0.299074 -0.052601
20662 727.483000 -0.465458 -0.051083 -0.119944 -0.082774 -0.299088 -0.05239
20663 727.487000 -0.465489 -0.051079 -0.119877 -0.082789 -0.299101 -0.0526
20664 727.491000 -0.465547 -0.051086 -0.119765 -0.082731 -0.29908 -0.052399
20665 727.495000 -0.465484 -0.051086 -0.120029 -0.082805 -0.299084 -0.052608
20666 727.497000 -0.46551 -0.051114 -0.11996 -0.08279 -0.299099 -0.052323
20667 727.501000 -0.465576 -0.051084 -0.119805 -0.082721 -0.299095 -0.052431
20668 727.507000 -0.465557 -0.05109 -0.119968 -0.08279 -0.299115 -0.052405
20669 727.511000 -0.465629 -0.051068 -0.119801 -0.08273 -0.299106 -0.052643
20670 727.514000 -0.465579 -0.051075 -0.119927 -0.082799 -0.299131 -0.052598
20671 727.518000 -0.465639 -0.051076 -0.119797 -0.082733 -0.299117 -0.052394
20672 727.523000 -0.465683 -0.051086 -0.119814 -0.082743 -0.299129 -0.052408
20673 727.526000 -0.465604 -0.051106 -0.119939 -0.082812 -0.299151 -0.052394
20674 727.530000 -0.465699 -0.051073 -0.119809 -0.082743 -0.299131 -0.052612
20675 727.534000 -0.465713 -0.05109 -0.119742 -0.082748 -0.299151 -0.0524
20676 727.538000 -0.465654 -0.051069 -0.119988 -0.082799 -0.299154 -0.052637
20677 727.542000 -0.465728 -0.051097 -0.119834 -0.082751 -0.299155 -0.052407
20678 727.545000 -0.465695 -0.051098 -0.119961 -0.082811 -0.299174 -0.052391
20679 727.551000 -0.465779 -0.051093 -0.119783 -0.082748 -0.299168 -0.05231
20680 727.554000 -0.465722 -0.051071 -0.11995 -0.082824 -0.299187 -0.052642
20681 727.559000 -0.465727 -0.051106 -0.119972 -0.082821 -0.299196 -0.052307
20682 727.563000 -0.465826 -0.051073 -0.119845 -0.082762 -0.29918 -0.052591
20683 727.567000 -0.465842 -0.051095 -0.119777 -0.082759 -0.299193 -0.052324
20684 727.571000 -0.465752 -0.051082 -0.120019 -0.082833 -0.299202 -0.052594
20685 727.576000 -0.465805 -0.051085 -0.120028 -0.082812 -0.299208 -0.052594
20686 727.581000 -0.465826 -0.051075 -0.119993 -0.082824 -0.299226 -0.052633
20687 727.586000 -0.465802 -0.051111 -0.120074 -0.082855 -0.29921 -0.052306
20688 727.592000 -0.465927 -0.051083 -0.119863 -0.082769 -0.299215 -0.05263
20689 727.595000 -0.465868 -0.051067 -0.119997 -0.08283 -0.299243 -0.052595
20690 727.599000 -0.465893 -0.051106 -0.119969 -0.082844 -0.299249 -0.052385
20691 727.602000 -0.465878 -0.051117 -0.120095 -0.082863 -0.299231 -0.052325
20692 727.607000 -0.46592 -0.051113 -0.120069 -0.082832 -0.299244 -0.052388
20693 727.612000 -0.465947 -0.051095 -0.120062 -0.082834 -0.299255 -0.052401
20694 727.618000 -0.466026 -0.05109 -0.119879 -0.082787 -0.299259 -0.05239
20695 727.623000 -0.465986 -0.05111 -0.119995 -0.082857 -0.29928 -0.052389
20696 727.628000 -0.465977 -0.05111 -0.120022 -0.08286 -0.299287 -0.052416
20697 727.632000 -0.466072 -0.051111 -0.119848 -0.082785 -0.299279 -0.052299
20698 727.636000 -0.466026 -0.05111 -0.120068 -0.082839 -0.29929 -0.052408
20699 727.640000 -0.466116 -0.051105 -0.119852 -0.08278 -0.299295 -0.052301
20700 727.644000 -0.466125 -0.051082 -0.11979 -0.082799 -0.299304 -0.052578
20701 727.647000 -0.466113 -0.051097 -0.119883 -0.082804 -0.299292 -0.052415
20702 727.653000 -0.466105 -0.051102 -0.120038 -0.082856 -0.299318 -0.052389
20703 727.656000 -0.466079 -0.051102 -0.120073 -0.082855 -0.299322 -0.052311
20704 727.660000 -0.466159 -0.051091 -0.119902 -0.082808 -0.299318 -0.052582
20705 727.664000 -0.4662 -0.051106 -0.119822 -0.082806 -0.299331 -0.052381
20706 727.668000 -0.466124 -0.051089 -0.120067 -0.082879 -0.299336 -0.052593
20707 727.672000 -0.466219 -0.051105 -0.119916 -0.082807 -0.299324 -0.052392
20708 727.676000 -0.466245 -0.051081 -0.119837 -0.082801 -0.299347 -0.052592
20709 727.681000 -0.466201 -0.051099 -0.120017 -0.082891 -0.299361 -0.052622
20710 727.685000 -0.466174 -0.051105 -0.120207 -0.082895 -0.299338 -0.052387
20711 727.689000 -0.466222 -0.051112 -0.120082 -0.082877 -0.299365 -0.052288
20712 727.694000 -0.466302 -0.051103 -0.11985 -0.082817 -0.299371 -0.05231
20713 727.698000 -0.466213 -0.051094 -0.120171 -0.08291 -0.299365 -0.052582
20714 727.702000 -0.466245 -0.051131 -0.120092 -0.082899 -0.299384 -0.052303
20715 727.705000 -0.466243 -0.051113 -0.120142 -0.082894 -0.299382 -0.052301
20716 727.710000 -0.46625 -0.051112 -0.120139 -0.08289 -0.299389 -0.052309
20717 727.713000 -0.466379 -0.051106 -0.119887 -0.082815 -0.299396 -0.052299
20718 727.719000 -0.466312 -0.051089 -0.120124 -0.082903 -0.299404 -0.052621
20719 727.722000 -0.466295 -0.051097 -0.120207 -0.082915 -0.299393 -0.052581
20720 727.726000 -0.466364 -0.051111 -0.120102 -0.082892 -0.299414 -0.052372
20721 727.730000 -0.466404 -0.051078 -0.11992 -0.082831 -0.299413 -0.052583
20722 727.734000 -0.466376 -0.051101 -0.12014 -0.082896 -0.299429 -0.052379
20723 727.737000 -0.466466 -0.051107 -0.119885 -0.082835 -0.299428 -0.052367
20724 727.740000 -0.466473 -0.051115 -0.119959 -0.08284 -0.299416 -0.05231
20725 727.745000 -0.466481 -0.051103 -0.119927 -0.082839 -0.299433 -0.052371
20726 727.749000 -0.466394 -0.051097 -0.120133 -0.08291 -0.299447 -0.05258
20727 727.753000 -0.466507 -0.051104 -0.119968 -0.082843 -0.299442 -0.05237
20728 727.758000 -0.466474 -0.051113 -0.120077 -0.08292 -0.299467 -0.052385
20729 727.762000 -0.466551 -0.051111 -0.119964 -0.082857 -0.299447 -0.052293
20730 727.765000 -0.46653 -0.051092 -0.120003 -0.082862 -0.299452 -0.05261
20731 727.769000 -0.466567 -0.051102 -0.119918 -0.082842 -0.299469 -0.052379
20732 727.774000 -0.466539 -0.051127 -0.120087 -0.08293 -0.299486 -0.052395
20733 727.778000 -0.466603 -0.051109 -0.119946 -0.082862 -0.299477 -0.05229
20734 727.782000 -0.466533 -0.051121 -0.120184 -0.082926 -0.299487 -0.052396
20735 727.786000 -0.466605 -0.051116 -0.12002 -0.082871 -0.299482 -0.052292
20736 727.790000 -0.466654 -0.051087 -0.119932 -0.082853 -0.299502 -0.05256
20737 727.794000 -0.466561 -0.051126 -0.120236 -0.082953 -0.299495 -0.052294
20738 727.798000 -0.466599 -0.051103 -0.120143 -0.082944 -0.299517 -0.052564
20739 727.802000 -0.466671 -0.051114 -0.119978 -0.08287 -0.29951 -0.052303
20740 727.808000 -0.466653 -0.05108 -0.120155 -0.082921 -0.299527 -0.052613
20741 727.812000 -0.466727 -0.051109 -0.12002 -0.082879 -0.299521 -0.052384
20742 727.816000 -0.46669 -0.05111 -0.119945 -0.082877 -0.299533 -0.052286
20743 727.820000 -0.466679 -0.051111 -0.120196 -0.082949 -0.299541 -0.052399
20744 727.823000 -0.466661 -0.051131 -0.120276 -0.082959 -0.299528 -0.052372
20745 727.827000 -0.466735 -0.051098 -0.120166 -0.082939 -0.299553 -0.052605
20746 727.833000 -0.46682 -0.0511 -0.119953 -0.082877 -0.299561 -0.052563
20747 727.838000 -0.466826 -0.051107 -0.120027 -0.082893 -0.29955 -0.052577
20748 727.843000 -0.466818 -0.05111 -0.120054 -0.082892 -0.299556 -0.052288
20749 727.847000 -0.466784 -0.051107 -0.12024 -0.082939 -0.299575 -0.052391
20750 727.851000 -0.466816 -0.051122 -0.12016 -0.082953 -0.299594 -0.052284
20751 727.855000 -0.466893 -0.051124 -0.12004 -0.082898 -0.299575 -0.052397
20752 727.859000 -0.466791 -0.051129 -0.120297 -0.08298 -0.299579 -0.052288
20753 727.863000 -0.466852 -0.051098 -0.120189 -0.082965 -0.299604 -0.05256
20754 727.867000 -0.466936 -0.051108 -0.120015 -0.082877 -0.299595 -0.052296
20755 727.871000 -0.466942 -0.051104 -0.119965 -0.082908 -0.299614 -0.052554
20756 727.875000 -0.466851 -0.051131 -0.120288 -0.082996 -0.299602 -0.052292
20757 727.878000 -0.466895 -0.05113 -0.120345 -0.08298 -0.299597 -0.05229
20758 727.882000 -0.46693 -0.051129 -0.120223 -0.082964 -0.299624 -0.052395
20759 727.887000 -0.466931 -0.051099 -0.120208 -0.082967 -0.299642 -0.052554
20760 727.891000 -0.467003 -0.051117 -0.120026 -0.082909 -0.299636 -0.052354
20761 727.894000 -0.466969 -0.051128 -0.120184 -0.082981 -0.299648 -0.052292
20762 727.899000 -0.466976 -0.051125 -0.120241 -0.08299 -0.299647 -0.052359
20763 727.903000 -0.467043 -0.051098 -0.120093 -0.082917 -0.299636 -0.052576
20764 727.907000 -0.467004 -0.051115 -0.120281 -0.082966 -0.299657 -0.052364
20765 727.912000 -0.467102 -0.051123 -0.119996 -0.082923 -0.299668 -0.052377
20766 727.915000 -0.467109 -0.051122 -0.12008 -0.082927 -0.299655 -0.052373
20767 727.919000 -0.467052 -0.051103 -0.120277 -0.082984 -0.29967 -0.052605
20768 727.923000 -0.467089 -0.051126 -0.120211 -0.082989 -0.299685 -0.052371
20769 727.928000 -0.467068 -0.051123 -0.120229 -0.082995 -0.299698 -0.052378
20770 727.931000 -0.467104 -0.05112 -0.120273 -0.082988 -0.29969 -0.052371
20771 727.936000 -0.467185 -0.051108 -0.120009 -0.082939 -0.299698 -0.052556
20772 727.940000 -0.467112 -0.051141 -0.120274 -0.083007 -0.2997 -0.052293
20773 727.944000 -0.467194 -0.051084 -0.120079 -0.082922 -0.299703 -0.052556
20774 727.948000 -0.467158 -0.051134 -0.120352 -0.083011 -0.299703 -0.05229
20775 727.952000 -0.467187 -0.051096 -0.120247 -0.083 -0.299724 -0.052557
20776 727.957000 -0.467255 -0.051107 -0.120023 -0.082953 -0.299724 -0.052592
20777 727.960000 -0.467264 -0.051112 -0.120122 -0.082948 -0.299712 -0.052569
20778 727.963000 -0.467214 -0.051106 -0.120269 -0.083016 -0.299737 -0.05255
20779 727.967000 -0.467297 -0.051122 -0.120104 -0.082933 -0.299735 -0.05228
20780 727.971000 -0.467315 -0.051111 -0.120057 -0.082951 -0.299747 -0.052554
20781 727.975000 -0.467212 -0.051149 -0.120376 -0.083041 -0.299735 -0.052293
20782 727.979000 -0.467316 -0.051102 -0.120183 -0.082954 -0.299738 -0.05256
20783 727.983000 -0.467231 -0.051118 -0.120412 -0.083027 -0.299747 -0.052354
20784 727.987000 -0.467303 -0.051098 -0.120287 -0.083011 -0.299776 -0.052558
20785 727.992000 -0.467294 -0.051125 -0.12037 -0.083044 -0.299761 -0.052591
20786 727.996000 -0.467325 -0.051131 -0.120284 -0.083032 -0.299783 -0.052358
20787 728.000000 -0.467406 -0.051129 -0.120157 -0.082962 -0.299765 -0.052264
20788 728.005000 -0.467426 -0.051131 -0.12013 -0.082947 -0.299783 -0.052272
20789 728.009000 -0.467451 -0.051107 -0.12007 -0.082963 -0.299799 -0.052544
20790 728.013000 -0.467373 -0.051146 -0.120326 -0.083042 -0.299803 -0.05228
20791 728.017000 -0.467469 -0.051106 -0.120126 -0.082966 -0.299801 -0.052548
20792 728.021000 -0.467411 -0.051135 -0.12034 -0.083035 -0.299812 -0.05228
20793 728.025000 -0.467494 -0.051097 -0.120169 -0.082959 -0.299804 -0.052547
20794 728.029000 -0.467466 -0.051137 -0.120347 -0.083029 -0.299827 -0.05234
20795 728.034000 -0.467546 -0.051133 -0.120069 -0.082984 -0.299833 -0.052358
20796 728.037000 -0.467536 -0.051134 -0.120153 -0.082991 -0.299822 -0.052348
20797 728.041000 -0.467562 -0.051115 -0.120092 -0.082985 -0.299837 -0.052561
20798 728.045000 -0.467506 -0.051134 -0.120348 -0.083043 -0.299846 -0.052353
20799 728.050000 -0.467537 -0.051135 -0.120327 -0.083043 -0.299858 -0.052366
20800 728.054000 -0.467543 -0.051145 -0.12029 -0.08306 -0.299864 -0.05226
20801 728.058000 -0.467621 -0.051139 -0.120188 -0.082994 -0.299845 -0.052372
20802 728.063000 -0.467626 -0.051096 -0.120215 -0.082981 -0.299853 -0.05255
20803 728.067000 -0.467664 -0.051141 -0.120138 -0.082991 -0.299878 -0.05228
20804 728.071000 -0.467673 -0.051114 -0.120116 -0.083005 -0.299881 -0.052551
20805 728.075000 -0.467596 -0.051141 -0.120386 -0.083069 -0.299881 -0.05234
20806 728.079000 -0.467698 -0.051109 -0.120189 -0.082994 -0.299884 -0.052552
20807 728.083000 -0.467715 -0.051139 -0.120137 -0.082994 -0.299897 -0.052339
20808 728.088000 -0.467733 -0.051131 -0.120176 -0.083006 -0.2999 -0.052355
20809 728.092000 -0.467674 -0.051133 -0.120462 -0.083085 -0.299893 -0.052263
20810 728.096000 -0.467701 -0.051143 -0.120367 -0.083073 -0.299916 -0.052369
20811 728.100000 -0.467694 -0.051125 -0.120515 -0.083068 -0.2999 -0.05226
20812 728.105000 -0.467794 -0.051135 -0.120157 -0.083008 -0.299928 -0.052268
20813 728.109000 -0.467723 -0.051134 -0.120449 -0.083097 -0.299919 -0.052542
20814 728.112000 -0.467819 -0.051142 -0.120177 -0.083017 -0.299928 -0.052366
20815 728.116000 -0.46776 -0.051139 -0.120406 -0.083081 -0.299937 -0.052263
20816 728.120000 -0.46778 -0.051114 -0.120347 -0.083081 -0.299956 -0.05253
20817 728.124000 -0.467776 -0.051151 -0.120512 -0.083096 -0.299938 -0.052266
20818 728.129000 -0.467884 -0.051139 -0.120171 -0.083021 -0.299958 -0.052344
20819 728.133000 -0.467831 -0.051127 -0.120406 -0.083086 -0.299963 -0.052553
20820 728.136000 -0.467842 -0.051119 -0.120425 -0.083087 -0.299967 -0.052534
20821 728.141000 -0.467848 -0.051127 -0.120474 -0.083101 -0.299969 -0.052579
20822 728.145000 -0.467868 -0.051139 -0.120376 -0.083103 -0.29999 -0.052339
20823 728.149000 -0.467939 -0.051127 -0.120243 -0.083041 -0.299971 -0.052579
20824 728.161000 -0.468003 -0.051129 -0.120219 -0.083027 -0.300002 -0.052341
20825 728.165000 -0.467957 -0.05115 -0.120435 -0.083098 -0.300008 -0.052245
20826 728.168000 -0.467953 -0.051124 -0.12051 -0.083117 -0.300003 -0.052577
20827 728.170000 -0.467966 -0.051141 -0.120438 -0.083101 -0.300013 -0.052269
20828 728.174000 -0.467988 -0.051124 -0.120375 -0.083113 -0.300028 -0.052537
20829 728.178000 -0.468051 -0.051142 -0.12022 -0.083035 -0.300019 -0.05226
20830 728.182000 -0.467992 -0.051135 -0.120442 -0.083115 -0.300035 -0.052529
20831 728.186000 -0.468076 -0.051129 -0.120285 -0.083053 -0.300024 -0.052331
20832 728.190000 -0.468085 -0.051125 -0.120201 -0.083058 -0.300042 -0.052536
20833 728.194000 -0.46804 -0.051158 -0.120447 -0.08312 -0.300045 -0.052329
20834 728.197000 -0.468128 -0.051142 -0.120211 -0.08306 -0.300051 -0.052267
20835 728.201000 -0.468148 -0.051117 -0.120196 -0.083057 -0.300059 -0.052538
20836 728.205000 -0.46816 -0.051155 -0.120209 -0.083071 -0.300062 -0.052267
20837 728.209000 -0.468065 -0.051141 -0.120546 -0.083156 -0.300053 -0.052539
20838 728.213000 -0.468167 -0.051141 -0.120367 -0.08306 -0.300051 -0.052329
20839 728.215000 -0.468184 -0.051145 -0.120308 -0.083053 -0.300066 -0.052352
20840 728.220000 -0.46816 -0.051118 -0.120439 -0.083116 -0.300088 -0.052529
20841 728.224000 -0.468162 -0.051162 -0.120431 -0.083141 -0.300093 -0.052267
20842 728.228000 -0.46825 -0.051112 -0.120287 -0.083065 -0.300083 -0.052538
20843 728.232000 -0.468156 -0.051151 -0.120519 -0.083139 -0.300096 -0.05233
20844 728.236000 -0.468252 -0.051107 -0.120353 -0.083057 -0.300087 -0.052538
20845 728.240000 -0.468228 -0.051143 -0.120525 -0.083124 -0.30011 -0.052331
20846 728.244000 -0.46824 -0.051138 -0.120439 -0.083139 -0.300121 -0.052529
20847 728.248000 -0.468229 -0.051162 -0.12059 -0.083154 -0.300101 -0.052328
20848 728.252000 -0.468263 -0.051139 -0.120451 -0.083142 -0.300129 -0.052532
20849 728.256000 -0.468311 -0.051139 -0.120267 -0.083081 -0.300128 -0.052327
20850 728.260000 -0.468283 -0.051134 -0.120483 -0.083141 -0.30014 -0.052561
20851 728.264000 -0.46837 -0.051147 -0.120324 -0.083093 -0.300133 -0.052333
20852 728.267000 -0.468295 -0.051155 -0.120452 -0.083161 -0.300155 -0.052331
20853 728.271000 -0.468392 -0.051123 -0.120278 -0.083089 -0.300148 -0.052538
20854 728.275000 -0.468322 -0.051139 -0.120505 -0.083157 -0.300159 -0.052333
20855 728.281000 -0.468373 -0.051163 -0.120437 -0.083165 -0.300174 -0.05225
20856 728.286000 -0.46837 -0.051156 -0.120514 -0.083174 -0.300172 -0.052332
20857 728.290000 -0.468403 -0.05113 -0.120474 -0.083165 -0.300179 -0.052536
20858 728.294000 -0.468452 -0.051147 -0.12037 -0.083105 -0.300166 -0.052336
20859 728.298000 -0.468499 -0.05113 -0.120306 -0.083095 -0.300188 -0.052537
20860 728.301000 -0.468509 -0.051138 -0.120382 -0.083099 -0.300177 -0.052522
20861 728.306000 -0.468506 -0.051125 -0.120397 -0.083108 -0.300186 -0.052564
20862 728.310000 -0.468518 -0.05114 -0.120314 -0.083108 -0.300202 -0.052334
20863 728.314000 -0.468477 -0.051145 -0.120549 -0.083178 -0.300208 -0.052563
20864 728.318000 -0.468501 -0.051157 -0.120496 -0.083171 -0.300222 -0.052326
20865 728.322000 -0.468585 -0.051142 -0.12038 -0.083118 -0.300206 -0.052234
20866 728.328000 -0.468535 -0.051139 -0.120531 -0.083182 -0.300233 -0.052521
20867 728.332000 -0.46863 -0.051147 -0.120344 -0.083103 -0.300225 -0.052317
20868 728.336000 -0.468554 -0.051126 -0.120557 -0.083174 -0.300243 -0.052522
20869 728.340000 -0.468587 -0.051158 -0.120495 -0.083187 -0.300256 -0.052314
20870 728.344000 -0.468652 -0.051144 -0.120376 -0.083134 -0.300238 -0.052528
20871 728.348000 -0.468566 -0.051161 -0.120642 -0.083208 -0.30024 -0.052324
20872 728.352000 -0.468625 -0.051142 -0.120534 -0.083193 -0.300265 -0.052562
20873 728.356000 -0.468719 -0.051139 -0.12036 -0.08311 -0.300263 -0.052327
20874 728.361000 -0.468706 -0.051151 -0.120356 -0.083131 -0.300272 -0.052339
20875 728.365000 -0.468646 -0.051174 -0.120632 -0.083215 -0.300266 -0.05223
20876 728.368000 -0.468654 -0.051164 -0.120677 -0.083213 -0.300265 -0.052236
20877 728.373000 -0.468756 -0.051157 -0.120335 -0.083133 -0.300289 -0.05224
20878 728.376000 -0.468718 -0.051154 -0.120511 -0.0832 -0.300304 -0.052235
20879 728.380000 -0.46872 -0.051179 -0.120511 -0.083218 -0.300306 -0.052337
20880 728.385000 -0.468733 -0.051132 -0.120563 -0.083216 -0.300308 -0.05252
20881 728.389000 -0.468836 -0.051149 -0.120399 -0.083135 -0.300301 -0.052251
20882 728.393000 -0.468758 -0.05113 -0.120615 -0.083198 -0.300311 -0.05252
20883 728.396000 -0.46885 -0.051133 -0.120361 -0.083136 -0.300322 -0.052503
20884 728.401000 -0.468854 -0.051128 -0.120434 -0.083163 -0.300318 -0.052525
20885 728.405000 -0.468792 -0.05117 -0.120693 -0.083231 -0.300317 -0.052315
20886 728.409000 -0.468823 -0.051142 -0.120583 -0.083218 -0.300341 -0.052523
20887 728.414000 -0.468838 -0.051153 -0.120618 -0.083211 -0.300343 -0.052229
20888 728.418000 -0.468876 -0.051165 -0.120565 -0.083224 -0.300359 -0.052339
20889 728.422000 -0.468946 -0.051159 -0.120404 -0.083158 -0.300349 -0.052234
20890 728.426000 -0.468876 -0.051162 -0.120632 -0.083228 -0.30036 -0.052343
20891 728.431000 -0.468884 -0.051136 -0.120628 -0.083228 -0.300368 -0.052507
20892 728.436000 -0.469005 -0.05115 -0.120364 -0.083165 -0.300378 -0.052523
20893 728.440000 -0.46892 -0.051178 -0.120684 -0.083257 -0.300368 -0.052315
20894 728.444000 -0.468956 -0.051137 -0.120602 -0.083236 -0.300386 -0.052554
20895 728.449000 -0.468971 -0.051184 -0.12065 -0.083233 -0.300386 -0.052235
20896 728.453000 -0.469051 -0.051153 -0.120451 -0.083155 -0.300393 -0.052335
20897 728.458000 -0.469054 -0.051146 -0.120474 -0.083184 -0.300395 -0.052505
20898 728.463000 -0.469036 -0.051153 -0.120588 -0.083248 -0.300417 -0.052549
20899 728.467000 -0.469102 -0.051156 -0.120432 -0.083178 -0.300409 -0.052318
20900 728.471000 -0.469034 -0.051131 -0.120658 -0.083245 -0.300423 -0.052553
20901 728.476000 -0.469153 -0.051176 -0.120395 -0.083183 -0.300431 -0.052222
20902 728.478000 -0.469061 -0.051182 -0.120714 -0.083268 -0.30042 -0.052308
20903 728.482000 -0.469132 -0.051144 -0.12052 -0.083196 -0.300422 -0.052523
20904 728.486000 -0.469176 -0.051168 -0.120426 -0.083185 -0.300439 -0.052312
20905 728.490000 -0.469105 -0.051139 -0.120663 -0.083252 -0.300444 -0.052547
20906 728.494000 -0.469133 -0.051169 -0.120609 -0.083255 -0.300462 -0.052315
20907 728.498000 -0.469217 -0.051144 -0.120448 -0.083196 -0.300457 -0.052553
20908 728.502000 -0.469233 -0.051173 -0.120416 -0.083202 -0.300462 -0.052318
20909 728.506000 -0.469169 -0.051168 -0.120679 -0.083269 -0.300466 -0.052222
20910 728.511000 -0.469174 -0.051167 -0.120698 -0.083258 -0.300477 -0.052235
20911 728.515000 -0.469258 -0.05115 -0.120529 -0.083205 -0.30047 -0.052506
20912 728.519000 -0.469193 -0.051191 -0.120767 -0.083284 -0.300473 -0.052239
20913 728.523000 -0.469292 -0.051138 -0.120544 -0.083202 -0.300476 -0.052505
20914 728.527000 -0.469212 -0.051176 -0.120762 -0.083285 -0.300485 -0.052301
20915 728.531000 -0.469279 -0.051141 -0.120639 -0.083259 -0.300507 -0.052506
20916 728.535000 -0.469304 -0.051173 -0.120608 -0.083282 -0.30052 -0.052302
20917 728.540000 -0.46931 -0.051184 -0.120647 -0.083287 -0.300521 -0.052305
20918 728.544000 -0.469401 -0.051165 -0.120483 -0.08321 -0.300512 -0.052217
20919 728.548000 -0.469315 -0.051167 -0.120709 -0.083276 -0.300523 -0.052328
20920 728.552000 -0.469354 -0.051164 -0.120646 -0.08328 -0.300541 -0.05222
20921 728.556000 -0.469374 -0.051188 -0.120637 -0.083298 -0.300545 -0.052329
20922 728.560000 -0.469458 -0.051164 -0.120499 -0.083224 -0.300534 -0.052224
20923 728.564000 -0.469366 -0.051181 -0.120734 -0.083293 -0.300545 -0.052329
20924 728.568000 -0.469459 -0.051162 -0.120574 -0.083208 -0.300534 -0.052223
20925 728.572000 -0.469495 -0.051149 -0.120483 -0.083221 -0.300561 -0.052494
20926 728.577000 -0.469446 -0.051162 -0.120656 -0.083307 -0.300572 -0.052499
20927 728.581000 -0.469516 -0.051173 -0.120518 -0.083232 -0.300561 -0.052302
20928 728.586000 -0.469532 -0.051174 -0.12053 -0.083229 -0.300568 -0.052304
20929 728.589000 -0.469533 -0.051154 -0.120586 -0.08322 -0.300564 -0.052304
20930 728.595000 -0.469506 -0.051175 -0.120744 -0.083294 -0.300588 -0.052227
20931 728.599000 -0.469518 -0.051158 -0.120678 -0.08331 -0.300602 -0.052495
20932 728.603000 -0.469585 -0.051179 -0.120564 -0.083252 -0.300585 -0.052233
20933 728.607000 -0.469603 -0.051138 -0.1205 -0.083239 -0.300604 -0.052495
20934 728.613000 -0.469563 -0.051199 -0.120754 -0.083315 -0.300612 -0.05231
20935 728.617000 -0.46964 -0.051174 -0.120606 -0.083253 -0.300602 -0.05221
20936 728.621000 -0.469588 -0.051185 -0.120787 -0.083305 -0.300619 -0.052314
20937 728.626000 -0.469558 -0.051163 -0.120821 -0.083334 -0.30062 -0.052496
20938 728.630000 -0.469635 -0.05118 -0.120717 -0.083315 -0.300645 -0.052225
20939 728.634000 -0.469702 -0.051159 -0.120583 -0.083266 -0.300631 -0.052496
20940 728.639000 -0.469729 -0.051163 -0.120599 -0.083256 -0.300631 -0.052529
20941 728.643000 -0.46966 -0.05118 -0.120847 -0.083333 -0.300636 -0.052296
20942 728.647000 -0.469692 -0.051158 -0.120734 -0.083316 -0.300666 -0.05253
20943 728.652000 -0.469705 -0.051194 -0.120765 -0.083331 -0.300666 -0.052205
20944 728.656000 -0.469762 -0.051158 -0.120607 -0.083275 -0.300659 -0.052484
20945 728.660000 -0.4698 -0.051178 -0.120532 -0.083269 -0.300673 -0.052217
20946 728.664000 -0.46971 -0.051167 -0.120774 -0.083342 -0.300684 -0.052481
20947 728.668000 -0.469772 -0.051185 -0.120728 -0.083335 -0.300695 -0.052214
20948 728.671000 -0.469854 -0.051186 -0.120524 -0.083282 -0.300693 -0.052212
20949 728.675000 -0.469778 -0.051187 -0.120799 -0.083349 -0.300695 -0.05232
20950 728.680000 -0.469765 -0.051175 -0.120876 -0.083361 -0.300686 -0.052493
20951 728.683000 -0.469809 -0.051166 -0.120919 -0.083347 -0.300685 -0.052482
20952 728.687000 -0.469831 -0.051175 -0.120788 -0.083329 -0.300718 -0.052211
20953 728.691000 -0.469848 -0.051175 -0.12074 -0.083349 -0.300728 -0.05248
20954 728.695000 -0.46993 -0.05119 -0.120588 -0.083287 -0.300719 -0.052214
20955 728.699000 -0.469851 -0.051162 -0.120874 -0.08337 -0.300715 -0.052484
20956 728.703000 -0.469896 -0.051187 -0.12078 -0.083356 -0.300738 -0.052279
20957 728.708000 -0.469913 -0.051188 -0.120786 -0.083351 -0.300752 -0.052292
20958 728.712000 -0.469983 -0.051171 -0.1206 -0.083294 -0.300746 -0.05252
20959 728.716000 -0.469917 -0.051202 -0.12082 -0.08336 -0.300752 -0.052293
20960 728.720000 -0.470001 -0.051187 -0.120652 -0.083299 -0.300743 -0.052193
20961 728.724000 -0.469916 -0.051188 -0.120891 -0.083377 -0.300749 -0.052303
20962 728.729000 -0.470066 -0.051162 -0.120566 -0.083296 -0.300774 -0.052479
20963 728.733000 -0.47007 -0.051194 -0.120551 -0.083314 -0.300776 -0.052217
20964 728.737000 -0.470009 -0.051171 -0.120822 -0.083382 -0.300781 -0.052486
20965 728.740000 -0.46998 -0.051202 -0.120918 -0.083392 -0.30077 -0.052306
20966 728.744000 -0.470086 -0.051185 -0.120711 -0.083296 -0.300773 -0.052203
20967 728.748000 -0.470113 -0.051158 -0.120604 -0.083302 -0.300798 -0.052478
20968 728.752000 -0.470139 -0.051194 -0.120575 -0.083321 -0.300803 -0.052215
20969 728.756000 -0.470055 -0.051182 -0.120897 -0.083403 -0.300791 -0.052482
20970 728.761000 -0.470165 -0.051175 -0.120614 -0.083317 -0.300807 -0.052488
20971 728.766000 -0.470201 -0.051172 -0.120657 -0.083302 -0.300814 -0.052197
20972 728.771000 -0.470203 -0.051201 -0.120659 -0.083313 -0.300822 -0.052204
20973 728.775000 -0.470152 -0.051168 -0.120873 -0.083379 -0.300828 -0.05247
20974 728.779000 -0.470166 -0.0512 -0.120812 -0.08339 -0.300841 -0.052212
20975 728.783000 -0.470246 -0.051161 -0.120645 -0.083315 -0.300836 -0.05248
20976 728.787000 -0.470266 -0.051196 -0.120606 -0.083329 -0.30085 -0.052278
20977 728.792000 -0.470259 -0.051191 -0.120653 -0.083337 -0.300849 -0.052282
20978 728.796000 -0.470291 -0.05117 -0.12062 -0.083338 -0.300857 -0.052515
20979 728.800000 -0.470214 -0.051197 -0.120887 -0.083404 -0.300864 -0.052284
20980 728.805000 -0.470255 -0.051203 -0.120964 -0.083406 -0.300859 -0.052307
20981 728.809000 -0.470278 -0.05119 -0.120868 -0.0834 -0.30088 -0.052199
20982 728.813000 -0.470339 -0.051177 -0.120684 -0.08334 -0.300877 -0.052468
20983 728.817000 -0.470296 -0.051214 -0.120899 -0.083399 -0.300883 -0.052202
20984 728.821000 -0.470382 -0.051164 -0.120682 -0.083324 -0.300891 -0.052466
20985 728.825000 -0.470409 -0.051198 -0.120623 -0.083343 -0.300901 -0.0522
20986 728.829000 -0.470335 -0.051183 -0.120875 -0.083421 -0.300907 -0.05247
20987 728.833000 -0.470428 -0.051197 -0.120727 -0.083347 -0.300893 -0.05227
20988 728.837000 -0.470338 -0.051191 -0.120972 -0.083429 -0.300901 -0.052476
20989 728.841000 -0.470388 -0.051188 -0.120865 -0.083407 -0.300928 -0.052265
20990 728.845000 -0.470411 -0.051186 -0.120834 -0.083424 -0.300936 -0.052483
20991 728.849000 -0.470489 -0.05119 -0.120688 -0.083357 -0.300926 -0.052281
20992 728.853000 -0.470391 -0.051187 -0.120977 -0.083442 -0.300922 -0.052515
20993 728.857000 -0.470485 -0.051192 -0.120781 -0.083366 -0.300928 -0.052286
20994 728.862000 -0.470471 -0.051191 -0.120869 -0.083419 -0.300959 -0.05229
20995 728.865000 -0.47048 -0.051211 -0.120979 -0.083441 -0.300942 -0.052282
20996 728.869000 -0.47049 -0.051203 -0.120886 -0.083433 -0.300962 -0.052187
20997 728.874000 -0.470493 -0.051204 -0.12093 -0.083437 -0.300963 -0.052196
20998 728.878000 -0.470587 -0.051175 -0.120774 -0.083354 -0.300952 -0.052469
20999 728.882000 -0.470614 -0.051206 -0.120693 -0.083364 -0.300976 -0.052203
21000 728.886000 -0.470531 -0.051197 -0.12099 -0.083457 -0.300968 -0.052471
21001 728.890000 -0.47056 -0.051195 -0.120905 -0.083444 -0.30099 -0.052268
21002 728.894000 -0.470632 -0.051183 -0.120777 -0.08338 -0.300975 -0.052479
21003 728.898000 -0.470652 -0.051184 -0.120711 -0.083368 -0.300994 -0.052269
21004 728.903000 -0.470675 -0.051194 -0.120785 -0.083391 -0.300994 -0.052276
21005 728.907000 -0.470607 -0.051219 -0.12104 -0.083459 -0.300993 -0.052173
21006 728.911000 -0.470637 -0.051201 -0.120936 -0.083445 -0.301016 -0.05229
21007 728.915000 -0.470725 -0.0512 -0.120748 -0.083377 -0.301013 -0.052192
21008 728.919000 -0.470669 -0.051206 -0.120964 -0.083438 -0.301027 -0.05229
21009 728.923000 -0.470739 -0.051206 -0.120792 -0.083393 -0.301022 -0.052192
21010 728.927000 -0.470774 -0.051203 -0.120709 -0.083392 -0.301036 -0.052295
21011 728.931000 -0.470707 -0.051199 -0.120953 -0.083461 -0.30104 -0.05219
21012 728.934000 -0.470704 -0.051223 -0.121032 -0.08347 -0.301029 -0.052176
21013 728.938000 -0.47074 -0.051202 -0.120929 -0.083452 -0.301058 -0.052281
21014 728.943000 -0.470739 -0.051202 -0.12102 -0.083481 -0.301047 -0.052454
21015 728.947000 -0.470768 -0.051218 -0.120937 -0.083472 -0.301066 -0.052191
21016 728.951000 -0.470851 -0.051192 -0.120808 -0.083402 -0.301049 -0.052463
21017 728.955000 -0.470788 -0.051195 -0.121006 -0.083457 -0.301068 -0.052257
21018 728.959000 -0.470826 -0.051187 -0.120931 -0.083463 -0.30109 -0.052457
21019 728.963000 -0.470875 -0.051207 -0.12081 -0.083423 -0.301075 -0.052259
21020 728.967000 -0.470908 -0.051193 -0.120741 -0.083416 -0.30109 -0.052464
21021 728.971000 -0.470855 -0.05121 -0.120994 -0.083476 -0.301091 -0.05226
21022 728.975000 -0.470871 -0.051185 -0.120946 -0.083473 -0.301109 -0.052494
21023 728.979000 -0.470933 -0.051205 -0.120834 -0.083425 -0.301094 -0.052275
21024 728.983000 -0.470879 -0.051198 -0.121089 -0.083495 -0.301096 -0.052504
21025 728.987000 -0.470895 -0.051212 -0.12098 -0.083485 -0.301119 -0.052271
21026 728.991000 -0.470895 -0.051215 -0.121119 -0.083491 -0.301104 -0.052179
21027 728.996000 -0.471027 -0.051208 -0.120764 -0.08341 -0.301131 -0.05218
21028 729.000000 -0.470948 -0.051206 -0.121052 -0.083506 -0.301123 -0.05245
21029 729.004000 -0.470976 -0.051219 -0.120966 -0.083497 -0.301144 -0.052185
21030 729.008000 -0.471066 -0.051185 -0.120841 -0.08343 -0.301129 -0.052458
21031 729.012000 -0.470974 -0.051212 -0.121098 -0.083505 -0.301134 -0.052256
21032 729.016000 -0.471026 -0.051185 -0.120988 -0.083486 -0.301162 -0.052461
21033 729.020000 -0.471039 -0.051213 -0.120959 -0.083506 -0.30117 -0.05226
21034 729.025000 -0.471049 -0.051214 -0.120994 -0.083506 -0.301172 -0.05226
21035 729.029000 -0.471133 -0.051217 -0.120867 -0.083436 -0.301154 -0.052168
21036 729.032000 -0.471116 -0.051186 -0.120901 -0.083444 -0.301164 -0.052497
21037 729.036000 -0.471167 -0.051197 -0.120805 -0.083426 -0.301185 -0.052259
21038 729.040000 -0.471111 -0.051199 -0.121096 -0.08352 -0.301178 -0.052497
21039 729.044000 -0.47112 -0.051222 -0.121003 -0.083513 -0.301197 -0.052257
21040 729.049000 -0.47113 -0.051193 -0.121044 -0.083513 -0.301197 -0.05245
21041 729.053000 -0.471208 -0.051203 -0.120892 -0.083434 -0.301188 -0.052184
21042 729.058000 -0.47123 -0.051214 -0.120889 -0.083449 -0.301201 -0.052247
21043 729.065000 -0.471262 -0.051183 -0.120832 -0.083451 -0.301219 -0.052455
21044 729.069000 -0.471195 -0.051228 -0.121112 -0.083535 -0.301213 -0.05225
21045 729.071000 -0.471182 -0.051212 -0.12105 -0.083525 -0.30123 -0.052276
21046 729.074000 -0.471229 -0.051217 -0.121133 -0.083522 -0.301221 -0.052256
21047 729.076000 -0.471242 -0.051194 -0.121057 -0.083518 -0.301238 -0.052446
21048 729.079000 -0.471311 -0.051224 -0.120811 -0.083463 -0.30124 -0.052273
21049 729.083000 -0.47124 -0.051237 -0.121115 -0.083547 -0.301231 -0.052164
21050 729.087000 -0.471327 -0.051215 -0.120926 -0.083465 -0.301233 -0.052275
21051 729.092000 -0.471306 -0.05118 -0.121017 -0.083517 -0.301263 -0.052451
21052 729.096000 -0.471326 -0.051226 -0.121004 -0.083538 -0.301273 -0.052249
21053 729.100000 -0.471411 -0.051184 -0.120862 -0.083469 -0.301263 -0.052459
21054 729.106000 -0.471336 -0.051214 -0.121063 -0.083541 -0.301283 -0.052276
21055 729.109000 -0.471425 -0.051226 -0.120838 -0.083475 -0.301277 -0.052259
21056 729.112000 -0.471415 -0.05121 -0.120923 -0.083474 -0.301269 -0.052248
21057 729.116000 -0.471454 -0.051193 -0.120851 -0.083474 -0.30129 -0.05248
21058 729.121000 -0.471467 -0.051218 -0.120886 -0.083476 -0.30129 -0.052167
21059 729.127000 -0.471424 -0.051206 -0.121069 -0.083545 -0.301309 -0.052455
21060 729.132000 -0.471457 -0.051216 -0.121065 -0.083534 -0.301319 -0.052152
21061 729.136000 -0.471463 -0.051226 -0.121034 -0.083556 -0.301328 -0.052262
21062 729.140000 -0.471526 -0.051235 -0.120929 -0.0835 -0.301308 -0.052168
21063 729.144000 -0.471544 -0.051218 -0.120873 -0.083493 -0.301323 -0.052274
21064 729.149000 -0.47149 -0.051206 -0.121226 -0.083561 -0.301312 -0.05244
21065 729.155000 -0.471527 -0.051219 -0.12107 -0.083551 -0.301352 -0.052258
21066 729.158000 -0.471536 -0.051228 -0.121178 -0.083573 -0.301335 -0.052253
21067 729.162000 -0.471545 -0.051202 -0.121083 -0.083567 -0.301357 -0.052482
21068 729.166000 -0.471614 -0.051224 -0.120957 -0.083505 -0.301342 -0.052257
21069 729.170000 -0.471643 -0.051219 -0.120887 -0.083501 -0.301359 -0.05216
21070 729.174000 -0.471569 -0.051231 -0.121135 -0.083561 -0.301368 -0.052257
21071 729.178000 -0.471662 -0.051214 -0.120977 -0.083506 -0.301361 -0.052156
21072 729.183000 -0.471684 -0.051214 -0.120977 -0.083504 -0.301363 -0.052177
21073 729.187000 -0.471624 -0.051215 -0.121208 -0.083583 -0.301371 -0.052443
21074 729.190000 -0.47161 -0.051213 -0.121234 -0.083583 -0.301373 -0.05243
21075 729.195000 -0.471626 -0.051205 -0.121209 -0.083582 -0.301388 -0.052442
21076 729.199000 -0.47169 -0.051215 -0.121089 -0.083575 -0.301413 -0.052241
21077 729.203000 -0.471701 -0.051217 -0.121055 -0.083593 -0.301417 -0.052448
21078 729.207000 -0.4718 -0.05123 -0.12091 -0.083515 -0.301405 -0.052234
21079 729.213000 -0.471694 -0.051233 -0.121145 -0.083591 -0.301418 -0.052164
21080 729.217000 -0.47175 -0.05121 -0.121097 -0.083588 -0.301436 -0.052427
21081 729.220000 -0.471831 -0.05123 -0.120899 -0.083533 -0.301432 -0.052264
21082 729.225000 -0.471826 -0.051213 -0.120997 -0.083538 -0.30142 -0.052435
21083 729.229000 -0.47185 -0.051224 -0.120944 -0.083529 -0.301435 -0.052228
21084 729.233000 -0.471775 -0.051203 -0.121192 -0.083597 -0.301445 -0.052436
21085 729.237000 -0.471822 -0.051221 -0.12114 -0.083593 -0.301462 -0.052226
21086 729.243000 -0.471903 -0.051233 -0.121022 -0.083537 -0.301441 -0.052161
21087 729.247000 -0.471842 -0.051201 -0.121217 -0.083597 -0.301461 -0.052427
21088 729.251000 -0.471878 -0.051234 -0.121144 -0.083602 -0.301475 -0.052168
21089 729.255000 -0.471953 -0.051197 -0.120971 -0.083527 -0.301473 -0.05243
21090 729.260000 -0.471905 -0.051216 -0.121119 -0.083617 -0.301492 -0.052434
21091 729.264000 -0.471983 -0.051229 -0.120972 -0.083547 -0.301482 -0.052231
21092 729.268000 -0.471902 -0.051229 -0.121259 -0.083627 -0.301477 -0.052438
21093 729.272000 -0.47196 -0.051223 -0.121065 -0.083552 -0.301485 -0.052238
21094 729.276000 -0.47203 -0.051204 -0.12096 -0.083538 -0.301506 -0.052471
21095 729.280000 -0.471987 -0.051235 -0.121195 -0.083612 -0.30151 -0.052243
21096 729.285000 -0.471991 -0.051245 -0.121199 -0.083615 -0.301514 -0.052253
21097 729.289000 -0.472071 -0.051237 -0.120987 -0.083546 -0.301515 -0.052149
21098 729.293000 -0.472011 -0.051202 -0.121193 -0.083612 -0.301532 -0.052418
21099 729.298000 -0.472119 -0.051218 -0.120926 -0.083564 -0.301539 -0.052437
21100 729.301000 -0.472104 -0.051223 -0.121012 -0.083574 -0.301526 -0.052426
21101 729.306000 -0.47206 -0.051227 -0.121147 -0.083637 -0.30155 -0.052432
21102 729.310000 -0.47207 -0.051242 -0.12132 -0.083637 -0.301529 -0.052229
21103 729.314000 -0.472105 -0.051215 -0.121188 -0.083615 -0.301562 -0.052456
21104 729.318000 -0.472114 -0.051244 -0.121151 -0.083638 -0.301571 -0.052229
21105 729.322000 -0.472175 -0.051225 -0.121043 -0.083583 -0.301552 -0.052468
21106 729.327000 -0.472134 -0.051242 -0.121181 -0.083645 -0.301577 -0.05215
21107 729.331000 -0.472216 -0.051204 -0.121069 -0.083566 -0.301561 -0.052423
21108 729.335000 -0.472162 -0.051244 -0.121331 -0.083648 -0.30157 -0.052156
21109 729.339000 -0.472196 -0.051239 -0.121214 -0.083633 -0.30159 -0.052416
21110 729.344000 -0.472207 -0.051219 -0.121212 -0.083643 -0.3016 -0.052434
21111 729.348000 -0.472284 -0.051232 -0.121029 -0.083574 -0.301594 -0.052231
21112 729.352000 -0.472221 -0.051212 -0.121243 -0.083639 -0.30161 -0.052462
21113 729.356000 -0.472254 -0.051235 -0.121181 -0.083653 -0.301624 -0.05223
21114 729.360000 -0.47232 -0.051222 -0.121062 -0.083598 -0.301606 -0.052472
21115 729.364000 -0.47234 -0.051241 -0.121004 -0.083593 -0.30162 -0.052236
21116 729.369000 -0.472358 -0.051221 -0.121037 -0.083589 -0.301622 -0.052414
21117 729.373000 -0.472377 -0.05124 -0.121008 -0.083587 -0.301633 -0.052154
21118 729.377000 -0.472282 -0.051232 -0.121325 -0.083682 -0.301628 -0.052422
21119 729.381000 -0.472341 -0.05125 -0.121243 -0.083666 -0.301648 -0.052156
21120 729.385000 -0.472414 -0.051209 -0.121069 -0.083594 -0.301643 -0.052423
21121 729.389000 -0.472339 -0.051257 -0.121349 -0.083677 -0.30164 -0.052219
21122 729.393000 -0.472387 -0.051215 -0.121245 -0.083651 -0.301665 -0.052423
21123 729.397000 -0.472458 -0.051239 -0.121113 -0.083602 -0.301653 -0.052227
21124 729.401000 -0.472409 -0.051217 -0.121302 -0.08366 -0.301669 -0.052428
21125 729.405000 -0.472423 -0.051251 -0.121227 -0.083673 -0.301683 -0.052214
21126 729.410000 -0.472424 -0.051238 -0.121242 -0.083675 -0.301689 -0.052246
21127 729.414000 -0.47253 -0.051231 -0.121108 -0.083609 -0.301678 -0.05214
21128 729.419000 -0.472541 -0.051248 -0.121074 -0.083608 -0.301692 -0.052144
21129 729.424000 -0.472543 -0.051234 -0.121112 -0.083616 -0.301687 -0.052226
21130 729.428000 -0.472498 -0.051218 -0.121301 -0.08368 -0.301708 -0.052456
21131 729.432000 -0.472528 -0.051238 -0.121232 -0.083678 -0.301725 -0.052223
21132 729.436000 -0.472551 -0.051246 -0.121213 -0.083697 -0.301728 -0.052449
21133 729.441000 -0.472534 -0.051261 -0.121261 -0.083702 -0.301731 -0.05214
21134 729.445000 -0.472644 -0.051221 -0.121092 -0.083616 -0.301722 -0.052415
21135 729.449000 -0.472553 -0.05125 -0.121317 -0.083686 -0.301739 -0.052145
21136 729.453000 -0.472599 -0.051219 -0.121253 -0.083695 -0.301753 -0.052412
21137 729.459000 -0.472624 -0.051258 -0.121248 -0.083713 -0.301756 -0.052226
21138 729.463000 -0.47269 -0.051242 -0.121111 -0.083636 -0.301746 -0.052132
21139 729.468000 -0.472712 -0.051244 -0.121129 -0.08362 -0.301754 -0.052142
21140 729.471000 -0.472663 -0.051256 -0.121286 -0.083696 -0.301773 -0.052123
21141 729.475000 -0.472685 -0.051263 -0.121271 -0.083714 -0.301777 -0.052234
21142 729.479000 -0.472752 -0.051249 -0.121123 -0.083642 -0.301768 -0.05213
21143 729.483000 -0.472685 -0.051232 -0.121351 -0.083709 -0.301779 -0.052401
21144 729.487000 -0.472779 -0.051247 -0.121188 -0.083628 -0.301768 -0.052137
21145 729.492000 -0.472778 -0.051239 -0.121182 -0.083647 -0.301784 -0.052215
21146 729.496000 -0.472715 -0.051246 -0.121414 -0.083731 -0.301789 -0.052419
21147 729.500000 -0.472761 -0.051259 -0.121297 -0.083715 -0.30181 -0.052213
21148 729.503000 -0.472778 -0.051257 -0.121335 -0.083713 -0.301806 -0.052209
21149 729.506000 -0.472818 -0.051249 -0.121085 -0.083658 -0.301813 -0.052136
21150 729.509000 -0.472805 -0.051254 -0.121265 -0.08372 -0.301826 -0.052129
21151 729.512000 -0.47277 -0.051248 -0.121389 -0.083747 -0.301811 -0.052445
21152 729.516000 -0.472827 -0.051263 -0.121312 -0.08373 -0.30183 -0.052214
21153 729.520000 -0.47287 -0.051251 -0.121191 -0.083675 -0.301818 -0.052121
21154 729.524000 -0.47291 -0.051256 -0.121126 -0.083663 -0.301834 -0.052224
21155 729.528000 -0.472846 -0.051251 -0.121433 -0.083733 -0.301825 -0.052122
21156 729.533000 -0.472953 -0.051261 -0.121134 -0.083661 -0.301847 -0.052134
21157 729.537000 -0.472883 -0.051239 -0.121379 -0.083734 -0.301852 -0.052401
21158 729.540000 -0.47297 -0.051227 -0.121137 -0.083668 -0.301854 -0.052402
21159 729.545000 -0.472894 -0.051231 -0.121486 -0.083748 -0.301847 -0.052408
21160 729.549000 -0.472946 -0.051252 -0.121352 -0.083721 -0.301876 -0.052198
21161 729.553000 -0.47296 -0.051244 -0.121307 -0.083744 -0.301886 -0.052405
21162 729.556000 -0.472942 -0.051247 -0.121428 -0.083762 -0.301866 -0.052407
21163 729.561000 -0.473044 -0.051233 -0.12114 -0.083681 -0.301882 -0.052437
21164 729.565000 -0.47296 -0.05126 -0.121396 -0.083748 -0.301891 -0.052214
21165 729.568000 -0.473007 -0.051259 -0.121416 -0.083729 -0.301893 -0.052198
21166 729.572000 -0.473031 -0.051244 -0.121337 -0.083743 -0.301908 -0.052405
21167 729.576000 -0.473082 -0.051259 -0.121216 -0.083691 -0.301892 -0.052204
21168 729.580000 -0.47305 -0.051242 -0.121408 -0.083747 -0.301908 -0.052433
21169 729.584000 -0.473072 -0.051261 -0.12134 -0.083748 -0.30192 -0.052207
21170 729.588000 -0.47314 -0.051233 -0.121172 -0.083677 -0.30192 -0.052438
21171 729.592000 -0.473098 -0.051259 -0.121399 -0.08375 -0.301928 -0.052204
21172 729.596000 -0.473103 -0.051273 -0.121337 -0.083763 -0.30194 -0.052112
21173 729.600000 -0.473187 -0.051255 -0.121183 -0.083695 -0.301933 -0.052227
21174 729.606000 -0.473104 -0.051258 -0.121405 -0.083766 -0.301945 -0.052205
21175 729.610000 -0.473161 -0.051241 -0.121354 -0.083765 -0.301963 -0.052408
21176 729.615000 -0.473156 -0.051274 -0.121414 -0.083775 -0.301959 -0.052111
21177 729.619000 -0.473257 -0.051254 -0.12127 -0.083706 -0.301949 -0.05222
21178 729.622000 -0.473195 -0.051256 -0.1214 -0.083773 -0.301973 -0.052208
21179 729.626000 -0.473263 -0.051219 -0.121264 -0.083703 -0.30196 -0.052439
21180 729.630000 -0.4733 -0.051261 -0.121188 -0.083706 -0.301982 -0.052206
21181 729.634000 -0.47322 -0.051278 -0.121429 -0.08378 -0.301983 -0.052107
21182 729.638000 -0.473319 -0.051265 -0.121273 -0.083712 -0.301973 -0.052222
21183 729.642000 -0.473232 -0.051276 -0.121513 -0.083792 -0.301979 -0.052111
21184 729.646000 -0.473269 -0.051269 -0.121399 -0.083774 -0.302009 -0.052218
21185 729.650000 -0.473364 -0.051268 -0.121214 -0.083716 -0.302005 -0.052114
21186 729.654000 -0.47339 -0.051247 -0.121167 -0.083725 -0.302012 -0.052383
21187 729.657000 -0.473325 -0.051274 -0.121366 -0.0838 -0.302021 -0.052224
21188 729.661000 -0.473405 -0.051265 -0.121227 -0.083725 -0.302012 -0.052118
21189 729.665000 -0.47341 -0.051268 -0.121199 -0.083728 -0.302021 -0.052219
21190 729.668000 -0.473365 -0.051265 -0.121397 -0.083793 -0.302037 -0.052205
21191 729.672000 -0.47345 -0.051272 -0.121298 -0.08373 -0.302018 -0.052115
21192 729.676000 -0.473369 -0.051272 -0.121565 -0.083802 -0.302021 -0.052221
21193 729.680000 -0.473402 -0.051255 -0.121455 -0.083796 -0.30205 -0.052114
21194 729.684000 -0.473471 -0.05125 -0.121318 -0.083727 -0.302036 -0.05222
21195 729.688000 -0.473428 -0.051288 -0.121554 -0.0838 -0.302042 -0.052117
21196 729.692000 -0.473455 -0.051249 -0.121435 -0.083799 -0.302068 -0.052385
21197 729.696000 -0.473527 -0.051276 -0.121255 -0.083732 -0.302059 -0.052116
21198 729.700000 -0.47346 -0.051273 -0.121526 -0.08382 -0.302057 -0.052384
21199 729.704000 -0.473485 -0.051268 -0.12143 -0.083804 -0.302085 -0.052116
21200 729.708000 -0.473514 -0.051254 -0.121402 -0.083816 -0.302093 -0.052383
21201 729.712000 -0.473503 -0.05128 -0.121581 -0.083827 -0.302071 -0.052185
21202 729.716000 -0.473553 -0.051256 -0.121453 -0.083804 -0.302094 -0.052389
21203 729.720000 -0.473622 -0.051265 -0.12127 -0.083741 -0.302094 -0.052186
21204 729.725000 -0.473575 -0.051272 -0.121417 -0.083816 -0.302116 -0.052199
21205 729.729000 -0.473657 -0.051284 -0.121308 -0.083755 -0.302095 -0.052102
21206 729.733000 -0.47356 -0.051281 -0.121573 -0.083837 -0.3021 -0.052209
21207 729.737000 -0.473597 -0.051286 -0.121466 -0.083827 -0.302126 -0.052099
21208 729.741000 -0.473691 -0.051268 -0.121289 -0.083744 -0.302121 -0.052207
21209 729.745000 -0.473722 -0.051282 -0.121239 -0.083758 -0.302135 -0.052102
21210 729.749000 -0.473617 -0.051266 -0.121554 -0.083854 -0.302126 -0.052373
21211 729.753000 -0.473676 -0.051287 -0.121475 -0.083833 -0.302145 -0.05211
21212 729.757000 -0.473773 -0.051246 -0.121305 -0.083757 -0.302141 -0.052379
21213 729.761000 -0.473699 -0.051274 -0.121527 -0.083817 -0.302152 -0.052117
21214 729.766000 -0.473779 -0.051284 -0.121254 -0.083777 -0.302163 -0.052186
21215 729.770000 -0.473734 -0.051271 -0.121509 -0.083837 -0.302163 -0.052418
21216 729.774000 -0.473792 -0.051266 -0.121317 -0.083771 -0.302165 -0.052184
21217 729.779000 -0.473801 -0.051265 -0.121354 -0.083775 -0.302164 -0.052215
21218 729.783000 -0.47378 -0.051266 -0.121539 -0.083829 -0.302185 -0.052104
21219 729.786000 -0.47387 -0.051283 -0.121275 -0.083772 -0.302189 -0.052092
21220 729.791000 -0.473879 -0.051292 -0.121342 -0.083783 -0.302177 -0.052106
21221 729.795000 -0.47378 -0.051268 -0.121598 -0.083865 -0.302183 -0.052375
21222 729.799000 -0.473839 -0.051285 -0.121494 -0.08385 -0.302208 -0.052111
21223 729.803000 -0.473933 -0.05124 -0.121316 -0.083767 -0.302207 -0.052373
21224 729.807000 -0.473889 -0.051283 -0.121533 -0.083841 -0.302214 -0.052172
21225 729.811000 -0.473906 -0.051265 -0.121471 -0.083851 -0.302226 -0.052378
21226 729.815000 -0.473946 -0.051273 -0.121316 -0.083793 -0.302221 -0.052176
21227 729.819000 -0.473975 -0.051265 -0.121278 -0.083803 -0.302233 -0.052384
21228 729.823000 -0.473989 -0.051279 -0.121284 -0.083798 -0.302238 -0.052181
21229 729.827000 -0.473915 -0.051265 -0.121558 -0.08387 -0.302243 -0.052421
21230 729.831000 -0.474018 -0.051269 -0.121418 -0.083799 -0.302231 -0.052191
21231 729.836000 -0.473963 -0.051282 -0.121525 -0.083867 -0.302258 -0.052199
21232 729.839000 -0.474035 -0.051275 -0.121315 -0.083804 -0.302256 -0.05219
21233 729.843000 -0.473993 -0.051286 -0.121638 -0.08388 -0.30225 -0.052093
21234 729.848000 -0.474079 -0.051292 -0.121346 -0.083807 -0.302267 -0.052101
21235 729.851000 -0.474058 -0.051286 -0.121425 -0.08382 -0.302261 -0.0521
21236 729.855000 -0.474101 -0.051281 -0.121354 -0.083806 -0.302275 -0.052202
21237 729.860000 -0.474103 -0.051256 -0.12142 -0.083808 -0.302269 -0.052379
21238 729.864000 -0.474141 -0.051272 -0.121352 -0.083807 -0.302292 -0.052174
21239 729.868000 -0.474072 -0.051262 -0.121594 -0.083884 -0.302298 -0.052382
21240 729.872000 -0.474163 -0.051283 -0.121437 -0.083811 -0.302284 -0.05218
21241 729.876000 -0.474074 -0.051272 -0.121672 -0.083894 -0.302292 -0.052385
21242 729.880000 -0.474145 -0.051274 -0.121556 -0.08387 -0.30232 -0.052176
21243 729.884000 -0.47415 -0.051264 -0.121521 -0.083893 -0.302329 -0.052409
21244 729.888000 -0.474227 -0.051293 -0.121371 -0.083825 -0.302317 -0.052172
21245 729.892000 -0.474143 -0.051283 -0.121657 -0.083907 -0.302312 -0.052411
21246 729.895000 -0.474244 -0.051266 -0.121382 -0.083826 -0.302325 -0.052382
21247 729.899000 -0.474156 -0.051297 -0.12167 -0.083907 -0.302323 -0.052178
21248 729.902000 -0.474181 -0.051283 -0.121713 -0.083898 -0.302328 -0.052162
21249 729.906000 -0.474247 -0.051273 -0.121574 -0.083883 -0.302353 -0.052368
21250 729.910000 -0.474285 -0.051289 -0.121434 -0.083834 -0.302339 -0.052169
21251 729.914000 -0.474317 -0.05127 -0.121355 -0.083836 -0.302356 -0.052373
21252 729.918000 -0.474254 -0.051281 -0.121605 -0.083898 -0.302361 -0.052169
21253 729.922000 -0.474293 -0.051279 -0.121554 -0.083902 -0.302378 -0.052404
21254 729.926000 -0.474381 -0.051277 -0.121399 -0.083836 -0.302369 -0.05218
21255 729.930000 -0.474278 -0.051277 -0.121622 -0.083911 -0.302379 -0.05241
21256 729.934000 -0.474392 -0.051282 -0.121463 -0.083838 -0.302368 -0.052182
21257 729.938000 -0.474287 -0.05129 -0.121699 -0.08392 -0.302376 -0.052084
21258 729.942000 -0.474355 -0.051281 -0.121586 -0.083905 -0.302406 -0.05219
21259 729.946000 -0.474367 -0.051292 -0.121553 -0.083924 -0.302411 -0.052088
21260 729.949000 -0.47435 -0.051291 -0.121675 -0.083939 -0.302392 -0.052402
21261 729.954000 -0.474457 -0.051298 -0.121393 -0.083855 -0.302405 -0.052085
21262 729.959000 -0.474467 -0.05127 -0.121432 -0.083842 -0.302411 -0.052166
21263 729.962000 -0.474445 -0.051303 -0.121593 -0.083911 -0.302428 -0.052088
21264 729.966000 -0.474438 -0.051282 -0.121582 -0.083934 -0.302435 -0.052356
21265 729.971000 -0.474447 -0.051269 -0.121627 -0.083929 -0.302437 -0.052373
21266 729.976000 -0.474425 -0.051306 -0.121729 -0.083948 -0.302424 -0.052075
21267 729.981000 -0.474547 -0.051291 -0.121433 -0.083861 -0.302448 -0.052095
21268 729.986000 -0.474563 -0.051295 -0.121506 -0.083873 -0.30244 -0.052172
21269 729.991000 -0.474583 -0.051298 -0.121474 -0.083861 -0.302452 -0.052168
21270 729.995000 -0.474519 -0.051315 -0.121735 -0.083946 -0.302449 -0.052074
21271 730.000000 -0.474634 -0.051283 -0.121422 -0.083862 -0.302473 -0.052094
21272 730.004000 -0.474587 -0.051281 -0.121661 -0.083938 -0.302479 -0.052358
21273 730.009000 -0.474569 -0.051283 -0.121671 -0.083945 -0.302485 -0.052364
21274 730.014000 -0.474606 -0.051293 -0.12164 -0.083938 -0.302496 -0.052077
21275 730.018000 -0.474668 -0.05129 -0.121495 -0.083873 -0.302481 -0.052181
21276 730.022000 -0.474627 -0.051315 -0.121737 -0.083955 -0.302492 -0.052073
21277 730.027000 -0.474652 -0.051317 -0.121742 -0.083954 -0.302492 -0.052095
21278 730.031000 -0.474666 -0.051281 -0.121631 -0.083952 -0.302519 -0.052359
21279 730.035000 -0.474758 -0.051289 -0.121502 -0.083889 -0.302505 -0.052163
21280 730.040000 -0.474727 -0.051309 -0.121621 -0.08395 -0.302535 -0.052158
21281 730.044000 -0.474778 -0.05128 -0.121511 -0.083904 -0.30252 -0.052394
21282 730.049000 -0.47479 -0.051294 -0.121539 -0.083894 -0.30252 -0.052074
21283 730.053000 -0.474717 -0.051288 -0.121777 -0.083969 -0.302527 -0.05235
21284 730.057000 -0.474778 -0.051305 -0.121667 -0.083945 -0.30255 -0.052079
21285 730.062000 -0.474854 -0.051303 -0.121435 -0.083906 -0.302558 -0.052159
21286 730.067000 -0.474863 -0.051306 -0.121536 -0.08391 -0.302545 -0.052163
21287 730.071000 -0.474875 -0.051303 -0.121479 -0.083907 -0.302562 -0.052066
21288 730.076000 -0.474901 -0.051278 -0.12152 -0.08389 -0.302565 -0.052086
21289 730.080000 -0.474855 -0.051283 -0.121736 -0.083962 -0.30258 -0.05235
21290 730.085000 -0.474932 -0.051291 -0.121469 -0.083913 -0.302585 -0.052364
21291 730.091000 -0.474869 -0.051276 -0.121726 -0.083984 -0.30259 -0.05235
21292 730.096000 -0.474863 -0.051301 -0.121801 -0.083993 -0.302584 -0.052354
21293 730.100000 -0.474971 -0.051298 -0.121602 -0.083906 -0.302592 -0.052147
21294 730.105000 -0.474944 -0.051297 -0.121687 -0.08398 -0.302619 -0.052162
21295 730.110000 -0.474933 -0.051287 -0.121729 -0.083989 -0.302616 -0.05234
21296 730.114000 -0.475016 -0.051309 -0.121533 -0.083923 -0.30262 -0.052087
21297 730.119000 -0.474986 -0.051309 -0.121669 -0.08399 -0.302642 -0.052148
21298 730.124000 -0.474981 -0.05132 -0.121736 -0.084002 -0.302639 -0.052165
21299 730.128000 -0.475078 -0.051302 -0.121543 -0.083926 -0.302638 -0.052065
21300 730.134000 -0.474984 -0.051288 -0.121807 -0.084016 -0.302639 -0.052355
21301 730.138000 -0.475052 -0.051311 -0.121716 -0.083998 -0.302667 -0.052149
21302 730.143000 -0.475069 -0.051321 -0.121721 -0.083996 -0.302667 -0.052155
21303 730.148000 -0.475086 -0.051288 -0.12172 -0.084 -0.302673 -0.052333
21304 730.153000 -0.475066 -0.051301 -0.121812 -0.084023 -0.302662 -0.052355
21305 730.159000 -0.475198 -0.051302 -0.121559 -0.083934 -0.302683 -0.052176
21306 730.163000 -0.475117 -0.051317 -0.121829 -0.084028 -0.302679 -0.052071
21307 730.166000 -0.475216 -0.051311 -0.121543 -0.083945 -0.302688 -0.052057
21308 730.169000 -0.475182 -0.051291 -0.121707 -0.084012 -0.302702 -0.052383
21309 730.172000 -0.475167 -0.051293 -0.121764 -0.08402 -0.302703 -0.052348
21310 730.177000 -0.475261 -0.051294 -0.121515 -0.083953 -0.302714 -0.052386
21311 730.182000 -0.475277 -0.05132 -0.121609 -0.083957 -0.302698 -0.052073
21312 730.187000 -0.475228 -0.051322 -0.12174 -0.084026 -0.302725 -0.052138
21313 730.190000 -0.475209 -0.051322 -0.121801 -0.084025 -0.302723 -0.052079
21314 730.194000 -0.475295 -0.051281 -0.121643 -0.083952 -0.302717 -0.052341
21315 730.198000 -0.475337 -0.051313 -0.121559 -0.083953 -0.302739 -0.052078
21316 730.203000 -0.475284 -0.051325 -0.121729 -0.08404 -0.30275 -0.052141
21317 730.208000 -0.475273 -0.05132 -0.121809 -0.08404 -0.302748 -0.052171
21318 730.213000 -0.475304 -0.051285 -0.121791 -0.084023 -0.302759 -0.052337
21319 730.217000 -0.475345 -0.051327 -0.121749 -0.084022 -0.302767 -0.052075
21320 730.222000 -0.47536 -0.051314 -0.121776 -0.084032 -0.302771 -0.052138
21321 730.227000 -0.475342 -0.051327 -0.121877 -0.084056 -0.302759 -0.052166
21322 730.232000 -0.475451 -0.051295 -0.121576 -0.083966 -0.302778 -0.05233
21323 730.237000 -0.475477 -0.051297 -0.121655 -0.083975 -0.302776 -0.05235
21324 730.242000 -0.475491 -0.051327 -0.121675 -0.083975 -0.302778 -0.052058
21325 730.247000 -0.475513 -0.051316 -0.121674 -0.083974 -0.302783 -0.052064
21326 730.251000 -0.475423 -0.0513 -0.121903 -0.084054 -0.302792 -0.05233
21327 730.256000 -0.475546 -0.0513 -0.121575 -0.083982 -0.302819 -0.052343
21328 730.261000 -0.475549 -0.051327 -0.121644 -0.083998 -0.302807 -0.05205
21329 730.266000 -0.475513 -0.051328 -0.121776 -0.084063 -0.302832 -0.052068
21330 730.271000 -0.475564 -0.051316 -0.121699 -0.083997 -0.302819 -0.052136
21331 730.275000 -0.475614 -0.051294 -0.1216 -0.08398 -0.302842 -0.05234
21332 730.279000 -0.475631 -0.051324 -0.121573 -0.084 -0.302846 -0.052141
21333 730.283000 -0.475559 -0.051304 -0.121837 -0.08407 -0.302848 -0.052375
21334 730.287000 -0.475576 -0.051326 -0.121797 -0.084072 -0.302859 -0.052146
21335 730.291000 -0.475587 -0.051297 -0.121963 -0.084072 -0.302841 -0.052379
21336 730.295000 -0.475632 -0.051314 -0.121832 -0.084044 -0.30287 -0.052142
21337 730.299000 -0.475633 -0.05133 -0.121788 -0.084074 -0.302881 -0.052051
21338 730.304000 -0.475628 -0.051329 -0.121854 -0.084082 -0.302878 -0.052062
21339 730.308000 -0.47572 -0.051309 -0.121705 -0.084005 -0.302864 -0.052332
21340 730.312000 -0.475729 -0.051312 -0.121627 -0.084005 -0.302884 -0.052133
21341 730.317000 -0.475749 -0.051326 -0.121696 -0.084015 -0.302884 -0.052136
21342 730.321000 -0.475774 -0.051308 -0.121627 -0.084016 -0.302899 -0.052364
21343 730.325000 -0.475691 -0.051341 -0.121937 -0.084101 -0.30289 -0.052134
21344 730.328000 -0.475795 -0.051317 -0.121667 -0.084017 -0.302902 -0.052135
21345 730.333000 -0.475789 -0.051315 -0.121723 -0.084013 -0.302899 -0.052151
21346 730.337000 -0.475772 -0.051337 -0.12191 -0.084072 -0.302921 -0.052047
21347 730.340000 -0.475843 -0.051311 -0.121646 -0.084016 -0.302925 -0.052363
21348 730.346000 -0.475773 -0.051314 -0.121875 -0.084095 -0.302931 -0.052323
21349 730.350000 -0.475858 -0.051329 -0.121676 -0.084027 -0.302934 -0.052126
21350 730.354000 -0.475898 -0.051308 -0.121622 -0.084022 -0.302947 -0.052324
21351 730.358000 -0.475827 -0.051331 -0.121879 -0.084098 -0.302951 -0.052124
21352 730.362000 -0.47592 -0.05131 -0.121681 -0.084028 -0.302951 -0.052328
21353 730.366000 -0.475935 -0.051338 -0.121631 -0.084035 -0.302959 -0.052125
21354 730.370000 -0.475863 -0.0513 -0.121889 -0.084101 -0.302962 -0.052365
21355 730.375000 -0.47597 -0.051344 -0.121639 -0.084039 -0.302973 -0.052041
21356 730.378000 -0.47595 -0.05131 -0.12173 -0.084056 -0.302966 -0.052369
21357 730.382000 -0.475992 -0.05133 -0.121669 -0.084044 -0.302978 -0.052138
21358 730.387000 -0.475991 -0.051319 -0.121744 -0.08405 -0.302971 -0.052316
21359 730.391000 -0.476019 -0.051333 -0.121684 -0.084035 -0.302988 -0.052049
21360 730.396000 -0.475975 -0.051329 -0.121867 -0.084119 -0.303009 -0.052126
21361 730.400000 -0.475979 -0.051326 -0.122042 -0.084121 -0.302984 -0.052322
21362 730.405000 -0.476072 -0.05133 -0.121701 -0.084045 -0.303007 -0.052041
21363 730.410000 -0.476099 -0.051325 -0.121713 -0.084032 -0.303008 -0.052051
21364 730.414000 -0.47604 -0.051317 -0.121928 -0.084111 -0.303025 -0.05231
21365 730.419000 -0.476015 -0.051322 -0.121986 -0.084141 -0.30302 -0.052358
21366 730.424000 -0.476141 -0.051334 -0.12168 -0.08406 -0.303033 -0.052035
21367 730.428000 -0.476062 -0.051335 -0.121932 -0.08413 -0.303043 -0.052143
21368 730.434000 -0.476165 -0.05133 -0.121768 -0.084062 -0.303036 -0.052129
21369 730.438000 -0.476127 -0.051321 -0.121957 -0.084125 -0.303054 -0.052356
21370 730.441000 -0.476199 -0.05132 -0.121697 -0.084064 -0.303058 -0.052318
21371 730.446000 -0.476219 -0.051314 -0.121717 -0.084068 -0.303062 -0.052367
21372 730.451000 -0.476177 -0.051344 -0.121875 -0.084137 -0.303083 -0.052032
21373 730.455000 -0.47616 -0.051319 -0.122049 -0.084154 -0.303064 -0.052305
21374 730.459000 -0.476208 -0.051347 -0.121924 -0.084136 -0.303087 -0.052042
21375 730.464000 -0.476208 -0.051349 -0.121952 -0.084144 -0.30309 -0.052111
21376 730.468000 -0.476293 -0.051316 -0.121791 -0.084063 -0.303077 -0.05232
21377 730.473000 -0.476254 -0.05134 -0.121898 -0.084147 -0.303113 -0.052033
21378 730.477000 -0.476263 -0.051343 -0.12189 -0.084162 -0.303116 -0.052143
21379 730.482000 -0.476273 -0.05132 -0.121932 -0.084154 -0.303117 -0.052305
21380 730.487000 -0.476241 -0.051319 -0.122042 -0.084173 -0.303107 -0.052325
21381 730.492000 -0.476389 -0.051344 -0.121747 -0.084084 -0.303127 -0.052023
21382 730.496000 -0.476402 -0.051349 -0.121734 -0.084097 -0.303131 -0.052139
21383 730.501000 -0.476407 -0.051323 -0.121826 -0.084097 -0.303119 -0.052309
21384 730.506833 -0.476355 -0.051334 -0.121985 -0.084151 -0.303149 -0.052129
21385 730.511000 -0.476389 -0.051347 -0.121939 -0.084158 -0.303161 -0.052022
21386 730.516000 -0.476406 -0.051356 -0.121998 -0.084164 -0.303157 -0.05205
21387 730.521000 -0.476419 -0.051344 -0.121978 -0.084159 -0.303167 -0.052107
21388 730.526000 -0.476431 -0.051353 -0.122 -0.084165 -0.303171 -0.052136
21389 730.530000 -0.476504 -0.051343 -0.121835 -0.0841 -0.303166 -0.052026
21390 730.536000 -0.476438 -0.051341 -0.122055 -0.084191 -0.303174 -0.052312
21391 730.540000 -0.476524 -0.051344 -0.121854 -0.084118 -0.303178 -0.052111
21392 730.545000 -0.476502 -0.051348 -0.121945 -0.084179 -0.303204 -0.052134
21393 730.550000 -0.476508 -0.051325 -0.121957 -0.084175 -0.303214 -0.052298
21394 730.554000 -0.476614 -0.051355 -0.121783 -0.08411 -0.303209 -0.052036
21395 730.557000 -0.476563 -0.051354 -0.121945 -0.084187 -0.303223 -0.05203
21396 730.561000 -0.476633 -0.051334 -0.121783 -0.084118 -0.303213 -0.052296
21397 730.567000 -0.476557 -0.051345 -0.122013 -0.084191 -0.303227 -0.052113
21398 730.572000 -0.476663 -0.051332 -0.121759 -0.084132 -0.303239 -0.0523
21399 730.576000 -0.47668 -0.051352 -0.121763 -0.084138 -0.303238 -0.052038
21400 730.581000 -0.476716 -0.051337 -0.121829 -0.084126 -0.303237 -0.052103
21401 730.586000 -0.476724 -0.051337 -0.121847 -0.08411 -0.303243 -0.052115
21402 730.590000 -0.476741 -0.051349 -0.121798 -0.084127 -0.303258 -0.052021
21403 730.595000 -0.476681 -0.051359 -0.121986 -0.084211 -0.303269 -0.052039
21404 730.599000 -0.476758 -0.05133 -0.121841 -0.084138 -0.30326 -0.052302
21405 730.604000 -0.476777 -0.051333 -0.121896 -0.084135 -0.303256 -0.05231
21406 730.609000 -0.476736 -0.051346 -0.122014 -0.084201 -0.303292 -0.052016
21407 730.612000 -0.476816 -0.051338 -0.1218 -0.084145 -0.303286 -0.052335
21408 730.616000 -0.476742 -0.051358 -0.122068 -0.084217 -0.303291 -0.052106
21409 730.620000 -0.476774 -0.051339 -0.122019 -0.084214 -0.3033 -0.052336
21410 730.624000 -0.476777 -0.051358 -0.122187 -0.084212 -0.303279 -0.052113
21411 730.628000 -0.476798 -0.051343 -0.122048 -0.084196 -0.303312 -0.052016
21412 730.632000 -0.476815 -0.051359 -0.122003 -0.084214 -0.303321 -0.052129
21413 730.637000 -0.476831 -0.051338 -0.122023 -0.084219 -0.303323 -0.05229
21414 730.641000 -0.476896 -0.051365 -0.121897 -0.084159 -0.303308 -0.052033
21415 730.646000 -0.476924 -0.051346 -0.121915 -0.084159 -0.303318 -0.05211
21416 730.650000 -0.476876 -0.051327 -0.122155 -0.084218 -0.303326 -0.052333
21417 730.654000 -0.47691 -0.051371 -0.122036 -0.08422 -0.303349 -0.052098
21418 730.658000 -0.476957 -0.051358 -0.121898 -0.084163 -0.303332 -0.052011
21419 730.662000 -0.476883 -0.051378 -0.122148 -0.084247 -0.303338 -0.052117
21420 730.667000 -0.476933 -0.051334 -0.122091 -0.084224 -0.303359 -0.052294
21421 730.669000 -0.476948 -0.051328 -0.122044 -0.084215 -0.303367 -0.052333
21422 730.674000 -0.477044 -0.051369 -0.121803 -0.084172 -0.303372 -0.052012
21423 730.678000 -0.476971 -0.051344 -0.12207 -0.084244 -0.303374 -0.052282
21424 730.682000 -0.476987 -0.051371 -0.122034 -0.084245 -0.303384 -0.052021
21425 730.685000 -0.476959 -0.051376 -0.122156 -0.084261 -0.303367 -0.052007
21426 730.689000 -0.477008 -0.051361 -0.122073 -0.084234 -0.303393 -0.052115
21427 730.694000 -0.477027 -0.051351 -0.12217 -0.084255 -0.303382 -0.052295
