15494 1435670937.009045 0.043956 -0.035165 19.976923
15495 1435670937.019186 0.043956 -0.035165 19.976923
15496 1435670937.029284 0.043956 -0.035165 19.976923
15497 1435670937.039379 0.043956 -0.035165 19.976923
15498 1435670937.049443 0.043956 -0.035165 19.976923
15499 1435670937.059504 0.043956 -0.035165 19.976923
15500 1435670937.069654 0.043956 -0.035165 19.976923
15501 1435670937.079701 -0.043956 -0.035165 19.976923
15502 1435670937.089780 0.043956 -0.035165 19.976923
15503 1435670937.099853 0.043956 -0.035165 19.976923
15504 1435670937.109922 0.043956 -0.035165 19.976923
15505 1435670937.119985 0.043956 -0.123077 19.976923
15506 1435670937.130047 0.043956 -0.035165 19.976923
15507 1435670937.140281 0.043956 -0.035165 19.976923
15508 1435670937.150344 0.043956 -0.035165 19.976923
15509 1435670937.160572 0.043956 -0.035165 19.976923
15510 1435670937.170620 0.043956 -0.035165 19.976923
15511 1435670937.180717 0.043956 -0.035165 19.976923
15512 1435670937.190777 0.043956 -0.035165 19.976923
15513 1435670937.200857 0.043956 -0.035165 19.976923
15514 1435670937.210916 0.043956 -0.035165 19.976923
15515 1435670937.220976 0.043956 -0.035165 19.976923
15516 1435670937.231035 0.043956 -0.035165 19.976923
15517 1435670937.241095 0.043956 -0.035165 19.976923
15518 1435670937.251155 0.043956 -0.035165 19.976923
15519 1435670937.261357 0.043956 -0.035165 19.976923
15520 1435670937.271426 0.043956 -0.035165 19.976923
15521 1435670937.281487 0.043956 -0.035165 19.976923
15522 1435670937.291548 0.043956 -0.035165 19.976923
15523 1435670937.301613 0.043956 -0.035165 19.976923
15524 1435670937.311673 0.043956 -0.035165 19.976923
15525 1435670937.321752 0.043956 -0.035165 19.976923
15526 1435670937.331815 0.043956 -0.035165 19.976923
15527 1435670937.341882 0.043956 -0.035165 19.976923
15528 1435670937.351978 0.043956 -0.035165 19.976923
15529 1435670937.362070 0.043956 -0.123077 19.976923
15530 1435670937.372167 0.043956 -0.035165 19.976923
15531 1435670937.382225 0.043956 -0.035165 19.976923
15532 1435670937.392285 0.043956 -0.035165 19.976923
15533 1435670937.402350 0.043956 -0.035165 19.976923
15534 1435670937.412416 0.043956 -0.035165 19.976923
15535 1435670937.422470 0.043956 -0.035165 19.976923
15536 1435670937.432531 0.043956 -0.035165 19.976923
15537 1435670937.442592 0.043956 -0.035165 19.976923
15538 1435670937.452653 0.043956 -0.035165 19.976923
15539 1435670937.462727 0.043956 -0.035165 19.976923
15540 1435670937.472738 0.043956 -0.035165 19.976923
15541 1435670937.482820 0.043956 -0.035165 19.976923
15542 1435670937.492887 0.043956 -0.035165 19.976923
15543 1435670937.502982 0.043956 -0.035165 19.976923
15544 1435670937.513045 0.043956 -0.035165 19.976923
15545 1435670937.523105 0.043956 -0.035165 19.976923
15546 1435670937.533135 0.043956 -0.035165 19.976923
15547 1435670937.543216 0.043956 -0.035165 19.976923
15548 1435670937.553277 0.043956 -0.035165 19.976923
15549 1435670937.563339 0.043956 -0.035165 19.976923
15550 1435670937.573357 0.043956 -0.035165 19.976923
15551 1435670937.583419 0.043956 -0.035165 19.976923
15552 1435670937.593522 0.043956 -0.035165 19.976923
15553 1435670937.603581 0.043956 -0.035165 19.976923
15554 1435670937.613692 0.043956 -0.035165 19.976923
15555 1435670937.623780 0.043956 -0.035165 19.976923
15556 1435670937.633840 0.043956 -0.035165 19.976923
15557 1435670937.643903 0.043956 -0.035165 19.976923
15558 1435670937.653964 0.043956 -0.035165 19.976923
15559 1435670937.664025 0.043956 -0.035165 19.976923
15560 1435670937.674152 0.043956 -0.035165 19.976923
15561 1435670937.684215 0.043956 -0.035165 19.976923
15562 1435670937.694277 0.043956 -0.035165 19.976923
15563 1435670937.704338 0.043956 -0.035165 19.976923
15564 1435670937.714400 0.043956 -0.035165 19.976923
15565 1435670937.724466 0.043956 -0.035165 19.976923
15566 1435670937.734529 0.043956 -0.035165 19.976923
15567 1435670937.744590 0.043956 -0.035165 19.976923
15568 1435670937.754651 0.043956 -0.035165 19.976923
15569 1435670937.764714 0.043956 -0.035165 19.976923
15570 1435670937.774773 0.043956 -0.035165 19.976923
15571 1435670937.784832 0.043956 -0.035165 19.976923
15572 1435670937.794892 0.043956 -0.035165 19.976923
15573 1435670937.804952 0.043956 -0.035165 19.976923
15574 1435670937.815012 0.043956 -0.035165 19.976923
15575 1435670937.825070 0.043956 -0.035165 19.976923
15576 1435670937.835130 0.043956 -0.035165 19.976923
15577 1435670937.845189 0.043956 -0.035165 19.976923
15578 1435670937.855251 0.043956 -0.035165 19.976923
15579 1435670937.865312 0.043956 -0.035165 19.976923
15580 1435670937.875403 0.043956 -0.035165 19.976923
15581 1435670937.885463 0.043956 -0.035165 19.976923
15582 1435670937.895524 0.043956 -0.035165 19.976923
15583 1435670937.905586 0.043956 -0.035165 19.976923
15584 1435670937.915646 0.043956 -0.035165 19.976923
15585 1435670937.925677 0.043956 -0.035165 19.976923
15586 1435670937.935737 0.043956 -0.035165 19.976923
15587 1435670937.945796 0.043956 -0.035165 19.976923
15588 1435670937.955879 0.043956 -0.035165 19.976923
15589 1435670937.965942 0.043956 -0.035165 19.976923
15590 1435670937.976024 0.043956 -0.035165 19.976923
15591 1435670937.986064 0.043956 -0.035165 19.976923
15592 1435670937.996132 0.043956 -0.035165 19.976923
15593 1435670938.006200 0.043956 -0.035165 19.976923
15594 1435670938.016262 0.043956 -0.035165 19.976923
15595 1435670938.026325 0.043956 -0.035165 19.976923
15596 1435670938.036385 0.043956 -0.035165 19.976923
15597 1435670938.046440 0.043956 -0.035165 19.976923
15598 1435670938.056508 0.043956 -0.035165 19.976923
15599 1435670938.066670 0.043956 -0.035165 19.976923
15600 1435670938.076726 0.043956 -0.035165 19.976923
15601 1435670938.086782 0.043956 -0.035165 19.976923
15602 1435670938.096843 0.043956 -0.035165 19.976923
15603 1435670938.106902 0.043956 -0.035165 19.976923
15604 1435670938.116980 0.043956 -0.035165 19.976923
15605 1435670938.127064 0.043956 -0.035165 19.976923
15606 1435670938.137146 0.043956 -0.035165 19.976923
15607 1435670938.147202 0.043956 -0.035165 19.976923
15608 1435670938.157258 0.043956 -0.035165 19.976923
15609 1435670938.167318 0.043956 -0.035165 19.976923
15610 1435670938.177379 0.043956 -0.035165 19.976923
15611 1435670938.187440 0.043956 -0.035165 19.976923
15612 1435670938.197501 0.043956 -0.035165 19.976923
15613 1435670938.207560 0.043956 -0.035165 19.976923
15614 1435670938.217679 0.043956 -0.035165 19.976923
15615 1435670938.227742 0.043956 -0.035165 19.976923
15616 1435670938.227742 0.043956 -0.035165 19.976923
15617 1435670938.237824 0.043956 -0.035165 19.976923
15618 1435670938.247879 0.043956 -0.035165 19.976923
15619 1435670938.257944 0.043956 -0.035165 19.976923
15620 1435670938.268041 0.043956 -0.035165 19.976923
15621 1435670938.278257 0.043956 -0.035165 19.976923
15622 1435670938.288376 0.043956 -0.035165 19.976923
15623 1435670938.298459 0.043956 -0.035165 19.976923
15624 1435670938.308612 0.043956 -0.035165 19.976923
15625 1435670938.318755 0.043956 -0.035165 19.976923
15626 1435670938.328843 0.043956 -0.035165 19.976923
15627 1435670938.338910 0.043956 -0.035165 19.976923
15628 1435670938.348971 0.043956 -0.035165 19.976923
15629 1435670938.359042 0.043956 -0.035165 19.976923
15630 1435670938.369105 0.043956 -0.035165 19.976923
15631 1435670938.379261 0.043956 -0.035165 19.976923
15632 1435670938.389388 0.043956 -0.035165 19.976923
15633 1435670938.399467 0.043956 -0.035165 19.976923
15634 1435670938.409522 0.043956 -0.035165 19.976923
15635 1435670938.419583 0.043956 -0.035165 19.976923
15636 1435670938.429647 0.043956 -0.035165 19.976923
15637 1435670938.439732 0.043956 -0.123077 19.976923
15638 1435670938.449802 0.043956 -0.035165 19.976923
15639 1435670938.459875 0.043956 -0.035165 19.976923
15640 1435670938.469967 0.043956 -0.123077 19.976923
15641 1435670938.480041 0.043956 -0.035165 19.976923
15642 1435670938.490104 0.043956 -0.035165 19.976923
15643 1435670938.500172 0.043956 -0.035165 19.976923
15644 1435670938.510223 0.043956 -0.035165 19.976923
15645 1435670938.520320 0.043956 -0.035165 19.976923
15646 1435670938.530390 0.043956 -0.035165 19.976923
15647 1435670938.540453 0.043956 -0.035165 19.976923
15648 1435670938.550513 0.043956 -0.035165 19.976923
15649 1435670938.560603 0.043956 -0.035165 19.976923
15650 1435670938.570650 0.043956 -0.035165 19.976923
15651 1435670938.580662 0.043956 -0.035165 19.976923
15652 1435670938.590722 0.043956 -0.035165 19.976923
15653 1435670938.600781 0.043956 -0.035165 19.976923
15654 1435670938.610846 0.043956 -0.035165 19.976923
15655 1435670938.620884 0.043956 -0.035165 19.976923
15656 1435670938.630945 0.043956 -0.035165 19.976923
15657 1435670938.641010 0.043956 -0.035165 19.976923
15658 1435670938.651051 0.043956 -0.035165 19.976923
15659 1435670938.661113 0.043956 -0.035165 19.976923
15660 1435670938.671182 0.043956 -0.035165 19.976923
15661 1435670938.681313 0.043956 -0.035165 19.976923
15662 1435670938.691315 0.043956 -0.035165 19.976923
15663 1435670938.701377 0.043956 -0.035165 19.976923
15664 1435670938.711442 0.043956 -0.035165 19.976923
15665 1435670938.721502 0.043956 -0.035165 19.976923
15666 1435670938.731565 0.043956 -0.035165 19.976923
15667 1435670938.741627 0.043956 -0.035165 19.976923
15668 1435670938.751721 0.043956 -0.035165 19.976923
15669 1435670938.761750 0.043956 -0.035165 19.976923
15670 1435670938.771810 0.043956 -0.035165 19.976923
15671 1435670938.781877 0.043956 -0.035165 19.976923
15672 1435670938.791934 0.043956 -0.035165 19.976923
15673 1435670938.802175 0.043956 -0.035165 19.976923
15674 1435670938.812243 0.043956 -0.035165 19.976923
15675 1435670938.822369 0.043956 -0.035165 19.976923
15676 1435670938.832428 0.043956 -0.035165 19.976923
15677 1435670938.842713 0.043956 -0.035165 19.976923
15678 1435670938.852902 0.043956 -0.035165 19.976923
15679 1435670938.863102 0.043956 -0.035165 19.976923
15680 1435670938.873421 0.043956 -0.035165 19.976923
15681 1435670938.883480 0.043956 -0.035165 19.976923
15682 1435670938.894127 0.043956 -0.035165 19.976923
15683 1435670938.914251 0.043956 -0.035165 19.976923
15684 1435670938.924310 0.043956 -0.035165 19.976923
15685 1435670938.934409 0.043956 -0.035165 19.976923
15686 1435670938.944518 0.043956 -0.035165 19.976923
15687 1435670938.954597 0.043956 -0.035165 19.976923
15688 1435670938.964662 0.043956 -0.035165 19.976923
15689 1435670938.974898 0.043956 -0.035165 19.976923
15690 1435670938.985002 0.043956 -0.035165 19.976923
15691 1435670938.995062 0.043956 -0.035165 19.976923
15692 1435670939.005132 0.043956 -0.035165 19.976923
15693 1435670939.015193 0.043956 -0.035165 19.976923
15694 1435670939.025253 0.043956 -0.035165 19.976923
15695 1435670939.035313 0.043956 -0.035165 19.976923
15696 1435670939.045382 0.043956 -0.035165 19.976923
15697 1435670939.055417 0.043956 -0.035165 19.976923
15698 1435670939.065489 0.043956 -0.035165 19.976923
15699 1435670939.075548 0.043956 -0.035165 19.976923
15700 1435670939.085620 0.043956 -0.035165 19.976923
15701 1435670939.095689 0.043956 -0.035165 19.976923
15702 1435670939.105757 0.043956 -0.035165 19.976923
15703 1435670939.115817 0.043956 -0.035165 19.976923
15704 1435670939.125877 0.043956 -0.035165 19.976923
15705 1435670939.135988 0.043956 -0.035165 19.976923
15706 1435670939.146059 0.043956 -0.035165 19.976923
15707 1435670939.156136 0.043956 -0.035165 19.976923
15708 1435670939.166164 0.043956 -0.035165 19.976923
15709 1435670939.176236 0.043956 -0.035165 19.976923
15710 1435670939.186277 0.043956 -0.035165 19.976923
15711 1435670939.196337 0.043956 -0.035165 19.976923
15712 1435670939.206398 0.043956 -0.035165 19.976923
15713 1435670939.216428 0.043956 -0.035165 19.976923
15714 1435670939.226463 0.043956 -0.035165 19.976923
15715 1435670939.236525 0.043956 -0.035165 19.976923
15716 1435670939.246545 0.043956 -0.035165 19.976923
15717 1435670939.256605 0.043956 -0.035165 19.976923
15718 1435670939.266665 0.043956 -0.035165 19.976923
15719 1435670939.276761 0.043956 -0.035165 19.976923
15720 1435670939.286824 0.043956 -0.035165 19.976923
15721 1435670939.296887 0.043956 -0.035165 19.976923
15722 1435670939.306979 0.043956 -0.035165 19.976923
15723 1435670939.317040 0.043956 -0.035165 19.976923
15724 1435670939.327118 0.043956 -0.123077 19.976923
15725 1435670939.337175 0.043956 -0.035165 19.976923
15726 1435670939.347235 0.043956 -0.035165 19.976923
15727 1435670939.357298 0.043956 -0.035165 19.976923
15728 1435670939.367380 0.043956 -0.035165 19.976923
15729 1435670939.377452 0.043956 -0.035165 19.976923
15730 1435670939.387612 0.043956 -0.035165 19.976923
15731 1435670939.397650 0.043956 -0.035165 19.976923
15732 1435670939.407732 0.043956 -0.035165 19.976923
15733 1435670939.417786 0.043956 -0.035165 19.976923
15734 1435670939.427906 0.043956 -0.035165 19.976923
15735 1435670939.437939 0.043956 -0.035165 19.976923
15736 1435670939.448001 0.043956 -0.035165 19.976923
15737 1435670939.458065 0.043956 -0.035165 19.976923
15738 1435670939.458065 0.043956 -0.035165 19.976923
15739 1435670939.478215 0.043956 -0.035165 19.976923
15740 1435670939.488276 0.043956 -0.035165 19.976923
15741 1435670939.498341 0.043956 -0.035165 19.976923
15742 1435670939.508403 0.043956 -0.035165 19.976923
15743 1435670939.518512 0.043956 -0.035165 19.976923
15744 1435670939.528574 0.043956 -0.035165 19.976923
15745 1435670939.538834 0.043956 -0.035165 19.976923
15746 1435670939.548914 0.043956 -0.035165 19.976923
15747 1435670939.558974 0.043956 -0.035165 19.976923
15748 1435670939.568998 0.043956 -0.035165 19.976923
15749 1435670939.579060 0.043956 -0.035165 19.976923
15750 1435670939.589122 0.043956 -0.035165 19.976923
15751 1435670939.599186 0.043956 -0.035165 19.976923
15752 1435670939.609247 0.043956 -0.123077 19.976923
15753 1435670939.619355 0.043956 -0.035165 19.976923
15754 1435670939.629451 0.043956 -0.035165 19.976923
15755 1435670939.639580 0.043956 -0.035165 19.976923
15756 1435670939.649630 0.043956 -0.035165 19.976923
15757 1435670939.659751 0.043956 -0.035165 19.976923
15758 1435670939.669796 0.043956 -0.035165 19.976923
15759 1435670939.679866 0.043956 -0.035165 19.976923
15760 1435670939.689951 0.043956 -0.035165 19.976923
15761 1435670939.699995 0.043956 -0.035165 19.976923
15762 1435670939.710056 0.043956 -0.035165 19.976923
15763 1435670939.720141 0.043956 -0.035165 19.976923
15764 1435670939.730174 0.043956 -0.035165 19.976923
15765 1435670939.740262 0.043956 -0.035165 19.976923
15766 1435670939.750329 0.043956 -0.035165 19.976923
15767 1435670939.760391 0.043956 -0.035165 19.976923
15768 1435670939.770455 0.043956 -0.035165 19.976923
15769 1435670939.780545 0.043956 -0.035165 19.976923
15770 1435670939.790615 0.043956 -0.035165 19.976923
15771 1435670939.800654 0.043956 -0.035165 19.976923
15772 1435670939.810683 0.043956 -0.035165 19.976923
15773 1435670939.820744 0.043956 -0.035165 19.976923
15774 1435670939.830820 0.043956 -0.035165 19.976923
15775 1435670939.840901 0.043956 -0.035165 19.976923
15776 1435670939.850924 0.043956 -0.035165 19.976923
15777 1435670939.860984 0.043956 -0.035165 19.976923
15778 1435670939.871048 0.043956 -0.035165 19.976923
15779 1435670939.881110 0.043956 -0.035165 19.976923
15780 1435670939.891175 0.043956 -0.035165 19.976923
15781 1435670939.901256 0.043956 -0.035165 19.976923
15782 1435670939.911331 0.043956 -0.035165 19.976923
15783 1435670939.921399 0.043956 -0.035165 19.976923
15784 1435670939.931486 0.043956 -0.035165 19.976923
15785 1435670939.941563 0.043956 -0.035165 19.976923
15786 1435670939.951634 0.043956 -0.035165 19.976923
15787 1435670939.961707 0.043956 -0.035165 19.976923
15788 1435670939.971766 0.043956 -0.035165 19.976923
15789 1435670939.981807 0.043956 -0.035165 19.976923
15790 1435670939.991938 0.043956 -0.035165 19.976923
15791 1435670940.001998 0.043956 -0.035165 19.976923
15792 1435670940.012067 0.043956 -0.035165 19.976923
15793 1435670940.022136 0.043956 -0.035165 19.976923
15794 1435670940.032221 0.043956 -0.035165 19.976923
15795 1435670940.042273 0.043956 -0.035165 19.976923
15796 1435670940.052584 0.043956 -0.035165 19.976923
15797 1435670940.062654 0.043956 -0.035165 19.976923
15798 1435670940.062654 0.043956 -0.035165 19.976923
15799 1435670940.073168 0.043956 -0.035165 19.976923
15800 1435670940.083205 0.043956 -0.035165 19.976923
15801 1435670940.093388 0.043956 -0.035165 19.976923
15802 1435670940.103439 0.043956 -0.035165 19.976923
15803 1435670940.113601 0.043956 -0.035165 19.976923
15804 1435670940.123724 0.043956 -0.035165 19.976923
15805 1435670940.133759 0.043956 -0.035165 19.976923
15806 1435670940.143847 0.043956 -0.123077 19.976923
15807 1435670940.153884 0.043956 -0.035165 19.976923
15808 1435670940.164042 0.043956 -0.035165 19.976923
15809 1435670940.174035 0.043956 -0.035165 19.976923
15810 1435670940.184097 0.043956 -0.035165 19.976923
15811 1435670940.194179 0.043956 -0.035165 19.976923
15812 1435670940.204227 0.043956 -0.035165 19.976923
15813 1435670940.214287 0.043956 -0.035165 19.976923
15814 1435670940.224344 0.043956 -0.035165 19.976923
15815 1435670940.234408 0.043956 -0.035165 19.976923
15816 1435670940.244479 0.043956 -0.035165 19.976923
15817 1435670940.254543 0.043956 -0.035165 19.976923
15818 1435670940.264603 0.043956 -0.035165 19.976923
15819 1435670940.274666 0.043956 -0.035165 19.976923
15820 1435670940.284727 0.043956 -0.035165 19.976923
15821 1435670940.294796 0.043956 -0.035165 19.976923
15822 1435670940.304852 0.043956 -0.035165 19.976923
15823 1435670940.314935 0.043956 -0.035165 19.976923
15824 1435670940.325006 0.043956 -0.035165 19.976923
15825 1435670940.335067 0.043956 -0.035165 19.976923
15826 1435670940.345132 0.043956 -0.035165 19.976923
15827 1435670940.355199 0.043956 -0.035165 19.976923
15828 1435670940.365263 0.043956 -0.035165 19.976923
15829 1435670940.375325 0.043956 -0.035165 19.976923
15830 1435670940.385385 0.043956 -0.035165 19.976923
15831 1435670940.395447 0.043956 -0.035165 19.976923
15832 1435670940.405535 0.043956 -0.035165 19.976923
15833 1435670940.415595 0.043956 -0.035165 19.976923
15834 1435670940.425656 0.043956 -0.035165 19.976923
15835 1435670940.435698 0.043956 -0.035165 19.976923
15836 1435670940.445760 0.043956 -0.035165 19.976923
15837 1435670940.455793 0.043956 -0.035165 19.976923
15838 1435670940.465851 0.043956 -0.035165 19.976923
15839 1435670940.475911 0.043956 -0.035165 19.976923
15840 1435670940.485971 0.043956 -0.035165 19.976923
15841 1435670940.496032 -0.043956 -0.035165 19.976923
15842 1435670940.506092 0.043956 -0.035165 19.976923
15843 1435670940.516167 0.043956 -0.035165 19.976923
15844 1435670940.526209 0.043956 -0.035165 19.976923
15845 1435670940.536285 0.043956 -0.035165 19.976923
15846 1435670940.546350 0.043956 -0.035165 19.976923
15847 1435670940.556406 0.043956 -0.035165 19.976923
15848 1435670940.566465 0.043956 -0.035165 19.976923
15849 1435670940.576492 0.043956 -0.035165 19.976923
15850 1435670940.586553 0.043956 -0.035165 19.976923
15851 1435670940.596615 0.043956 -0.035165 19.976923
15852 1435670940.606673 0.043956 -0.035165 19.976923
15853 1435670940.616733 0.043956 -0.035165 19.976923
15854 1435670940.626773 0.043956 -0.035165 19.976923
15855 1435670940.636808 0.043956 -0.035165 19.976923
15856 1435670940.646851 0.043956 -0.035165 19.976923
15857 1435670940.656927 0.043956 -0.035165 19.976923
15858 1435670940.666986 0.043956 -0.035165 19.976923
15859 1435670940.677047 0.043956 -0.035165 19.976923
15860 1435670940.687100 0.043956 -0.035165 19.976923
15861 1435670940.697160 0.043956 -0.035165 19.976923
15862 1435670940.707229 0.043956 -0.035165 19.976923
15863 1435670940.717337 0.043956 -0.035165 19.976923
15864 1435670940.727419 0.043956 -0.035165 19.976923
15865 1435670940.737474 0.043956 -0.035165 19.976923
15866 1435670940.747624 0.043956 -0.035165 19.976923
15867 1435670940.757726 0.043956 -0.035165 19.976923
15868 1435670940.767821 0.043956 -0.035165 19.976923
15869 1435670940.777889 0.043956 -0.123077 19.976923
15870 1435670940.788033 0.043956 -0.035165 19.976923
15871 1435670940.798093 0.043956 -0.035165 19.976923
15872 1435670940.808155 0.043956 -0.035165 19.976923
15873 1435670940.818229 0.043956 -0.035165 19.976923
15874 1435670940.828295 0.043956 -0.035165 19.976923
15875 1435670940.838402 0.043956 -0.035165 19.976923
15876 1435670940.848447 0.043956 -0.035165 19.976923
15877 1435670940.858527 0.043956 -0.035165 19.976923
15878 1435670940.868545 0.043956 -0.035165 19.976923
15879 1435670940.878604 0.043956 -0.035165 19.976923
15880 1435670940.888669 0.043956 -0.035165 19.976923
15881 1435670940.898730 0.043956 -0.035165 19.976923
15882 1435670940.908791 0.043956 -0.035165 19.976923
15883 1435670940.918850 0.043956 -0.035165 19.976923
15884 1435670940.928908 0.043956 -0.035165 19.976923
15885 1435670940.938971 0.043956 -0.035165 19.976923
15886 1435670940.949046 0.043956 -0.035165 19.976923
15887 1435670940.959090 0.043956 -0.035165 19.976923
15888 1435670940.969168 0.043956 -0.035165 19.976923
15889 1435670940.979249 0.043956 -0.035165 19.976923
15890 1435670940.989319 0.043956 -0.035165 19.976923
15891 1435670940.999392 0.043956 -0.035165 19.976923
15892 1435670941.009460 0.043956 -0.035165 19.976923
15893 1435670941.019521 0.043956 -0.035165 19.976923
15894 1435670941.029607 0.043956 -0.035165 19.976923
15895 1435670941.039666 0.043956 -0.035165 19.976923
15896 1435670941.049726 0.043956 -0.035165 19.976923
15897 1435670941.059787 0.043956 -0.035165 19.976923
15898 1435670941.069849 0.043956 -0.035165 19.976923
15899 1435670941.079909 0.043956 -0.035165 19.976923
15900 1435670941.089997 0.043956 -0.035165 19.976923
15901 1435670941.100056 0.043956 -0.035165 19.976923
15902 1435670941.110116 0.043956 -0.035165 19.976923
15903 1435670941.120152 0.043956 -0.035165 19.976923
15904 1435670941.130187 0.043956 -0.035165 19.976923
15905 1435670941.140248 0.043956 -0.035165 19.976923
15906 1435670941.150308 0.043956 -0.035165 19.976923
15907 1435670941.160338 0.043956 -0.035165 19.976923
15908 1435670941.170399 0.043956 -0.035165 19.976923
15909 1435670941.180438 0.043956 -0.035165 19.976923
15910 1435670941.190498 0.043956 -0.035165 19.976923
15911 1435670941.200560 0.043956 -0.035165 19.976923
15912 1435670941.210622 0.043956 -0.035165 19.976923
15913 1435670941.220708 0.043956 -0.035165 19.976923
15914 1435670941.230772 0.043956 -0.035165 19.976923
15915 1435670941.240808 0.043956 -0.035165 19.976923
15916 1435670941.250868 0.043956 -0.123077 19.976923
15917 1435670941.260902 0.043956 -0.035165 19.976923
15918 1435670941.271039 0.043956 -0.035165 19.976923
15919 1435670941.281082 0.043956 -0.035165 19.976923
15920 1435670941.291170 0.043956 -0.035165 19.976923
15921 1435670941.301229 0.043956 -0.035165 19.976923
15922 1435670941.311289 0.043956 -0.035165 19.976923
15923 1435670941.321360 0.043956 -0.035165 19.976923
15924 1435670941.331423 0.043956 -0.035165 19.976923
15925 1435670941.341439 0.043956 -0.035165 19.976923
15926 1435670941.351502 0.043956 -0.035165 19.976923
15927 1435670941.361594 0.043956 -0.035165 19.976923
15928 1435670941.371659 0.043956 -0.035165 19.976923
15929 1435670941.381727 0.043956 -0.035165 19.976923
15930 1435670941.391753 0.043956 -0.035165 19.976923
15931 1435670941.401814 0.043956 -0.035165 19.976923
15932 1435670941.411859 0.043956 -0.035165 19.976923
15933 1435670941.421919 0.043956 -0.035165 19.976923
15934 1435670941.431989 0.043956 -0.035165 19.976923
15935 1435670941.442078 0.043956 -0.035165 19.976923
15936 1435670941.452131 0.043956 -0.035165 19.976923
15937 1435670941.462173 0.043956 -0.035165 19.976923
15938 1435670941.472256 0.043956 -0.035165 19.976923
15939 1435670941.482308 0.043956 -0.035165 19.976923
15940 1435670941.492401 0.043956 -0.035165 19.976923
15941 1435670941.502449 0.043956 -0.035165 19.976923
15942 1435670941.512555 0.043956 -0.035165 19.976923
15943 1435670941.522576 0.043956 -0.035165 19.976923
15944 1435670941.532721 0.043956 -0.035165 19.976923
15945 1435670941.542785 0.043956 -0.035165 19.976923
15946 1435670941.552849 0.043956 -0.035165 19.976923
15947 1435670941.562918 0.043956 -0.035165 19.976923
15948 1435670941.572932 0.043956 -0.035165 19.976923
15949 1435670941.582993 0.043956 -0.035165 19.976923
15950 1435670941.593052 0.043956 -0.035165 19.976923
15951 1435670941.603114 0.043956 -0.035165 19.976923
15952 1435670941.613181 0.043956 -0.035165 19.976923
15953 1435670941.623279 0.043956 -0.035165 19.976923
15954 1435670941.633354 0.043956 -0.035165 19.976923
15955 1435670941.643438 0.043956 -0.035165 19.976923
15956 1435670941.653522 0.043956 -0.035165 19.976923
15957 1435670941.663607 0.043956 -0.035165 19.976923
15958 1435670941.673723 0.043956 -0.035165 19.976923
15959 1435670941.683792 0.043956 -0.123077 19.976923
15960 1435670941.693822 0.043956 -0.035165 19.976923
15961 1435670941.703864 0.043956 -0.035165 19.976923
15962 1435670941.713910 0.043956 -0.035165 19.976923
15963 1435670941.723974 0.043956 -0.035165 19.976923
15964 1435670941.734064 0.043956 -0.035165 19.976923
15965 1435670941.744125 0.043956 -0.035165 19.976923
15966 1435670941.754205 0.043956 -0.035165 19.976923
15967 1435670941.764269 0.043956 -0.035165 19.976923
15968 1435670941.774294 0.043956 -0.035165 19.976923
15969 1435670941.784335 0.043956 -0.035165 19.976923
15970 1435670941.794400 0.043956 -0.035165 19.976923
15971 1435670941.804494 0.043956 -0.035165 19.976923
15972 1435670941.814592 0.043956 -0.035165 19.976923
15973 1435670941.824659 0.043956 -0.035165 19.976923
15974 1435670941.834722 0.043956 -0.035165 19.976923
15975 1435670941.844789 0.043956 -0.035165 19.976923
15976 1435670941.854822 0.043956 -0.035165 19.976923
15977 1435670941.864897 0.043956 -0.035165 19.976923
15978 1435670941.874949 0.043956 -0.035165 19.976923
15979 1435670941.885010 0.043956 -0.035165 19.976923
15980 1435670941.895071 0.043956 -0.035165 19.976923
15981 1435670941.905111 0.043956 -0.035165 19.976923
15982 1435670941.915192 0.043956 -0.035165 19.976923
15983 1435670941.925251 0.043956 -0.035165 19.976923
15984 1435670941.935313 0.043956 -0.035165 19.976923
15985 1435670941.945379 0.043956 -0.035165 19.976923
15986 1435670941.955457 0.043956 -0.035165 19.976923
15987 1435670941.965515 0.043956 -0.035165 19.976923
15988 1435670941.975626 0.043956 -0.035165 19.976923
15989 1435670941.985688 0.043956 -0.035165 19.976923
15990 1435670941.995750 0.043956 -0.035165 19.976923
15991 1435670942.005818 0.043956 -0.035165 19.976923
15992 1435670942.015859 0.043956 -0.035165 19.976923
15993 1435670942.025931 0.043956 -0.035165 19.976923
15994 1435670942.035973 0.043956 -0.035165 19.976923
15995 1435670942.046112 0.043956 -0.035165 19.976923
15996 1435670942.056425 0.043956 -0.035165 19.976923
15997 1435670942.067272 0.043956 -0.035165 19.976923
15998 1435670942.077355 0.043956 -0.035165 19.976923
15999 1435670942.087410 0.043956 -0.035165 19.976923
16000 1435670942.097444 0.043956 -0.035165 19.976923
16001 1435670942.107511 0.043956 -0.035165 19.976923
16002 1435670942.117545 0.043956 -0.035165 19.976923
16003 1435670942.127608 0.043956 -0.123077 19.976923
16004 1435670942.137666 0.043956 -0.035165 19.976923
16005 1435670942.147933 0.043956 -0.035165 19.976923
16006 1435670942.157787 0.043956 -0.035165 19.976923
16007 1435670942.167859 0.043956 -0.035165 19.976923
16008 1435670942.177981 0.043956 -0.035165 19.976923
16009 1435670942.188047 0.043956 -0.035165 19.976923
16010 1435670942.198107 0.043956 -0.035165 19.976923
16011 1435670942.208178 0.043956 -0.035165 19.976923
16012 1435670942.218257 0.043956 -0.035165 19.976923
16013 1435670942.228312 0.043956 -0.035165 19.976923
16014 1435670942.238373 0.043956 -0.035165 19.976923
16015 1435670942.248391 0.043956 -0.035165 19.976923
16016 1435670942.258414 0.043956 -0.035165 19.976923
16017 1435670942.268484 0.043956 -0.035165 19.976923
16018 1435670942.278550 0.043956 -0.035165 19.976923
16019 1435670942.288628 0.043956 -0.035165 19.976923
16020 1435670942.298705 0.043956 -0.035165 19.976923
16021 1435670942.308766 0.043956 -0.035165 19.976923
16022 1435670942.318836 0.043956 -0.035165 19.976923
16023 1435670942.328890 0.043956 -0.035165 19.976923
16024 1435670942.338972 0.043956 -0.035165 19.976923
16025 1435670942.349032 0.043956 -0.035165 19.976923
16026 1435670942.359091 0.043956 -0.035165 19.976923
16027 1435670942.369154 0.043956 -0.035165 19.976923
16028 1435670942.379172 0.043956 -0.035165 19.976923
16029 1435670942.389251 0.043956 -0.035165 19.976923
16030 1435670942.399677 0.043956 -0.035165 19.976923
16031 1435670942.410013 0.043956 -0.035165 19.976923
16032 1435670942.420749 0.043956 -0.035165 19.976923
16033 1435670942.431436 0.043956 -0.035165 19.976923
16034 1435670942.441499 0.043956 -0.035165 19.976923
16035 1435670942.451589 0.043956 -0.035165 19.976923
16036 1435670942.461655 0.043956 -0.035165 19.976923
16037 1435670942.471743 0.043956 -0.035165 19.976923
16038 1435670942.481811 0.043956 -0.035165 19.976923
16039 1435670942.491861 0.043956 -0.035165 19.976923
16040 1435670942.501920 0.043956 -0.035165 19.976923
16041 1435670942.511979 0.043956 -0.035165 19.976923
16042 1435670942.522037 0.043956 -0.035165 19.976923
16043 1435670942.532156 0.043956 -0.035165 19.976923
16044 1435670942.542191 0.043956 -0.035165 19.976923
16045 1435670942.552250 0.043956 -0.035165 19.976923
16046 1435670942.562310 0.043956 -0.035165 19.976923
16047 1435670942.572369 0.043956 -0.035165 19.976923
16048 1435670942.582438 0.043956 -0.035165 19.976923
16049 1435670942.592565 0.043956 -0.035165 19.976923
16050 1435670942.602699 0.043956 -0.035165 19.976923
16051 1435670942.612798 0.043956 -0.123077 19.976923
16052 1435670942.622867 0.043956 -0.035165 19.976923
16053 1435670942.632911 0.043956 -0.035165 19.976923
16054 1435670942.642973 0.043956 -0.035165 19.976923
16055 1435670942.653033 0.043956 -0.035165 19.976923
16056 1435670942.663095 0.043956 -0.035165 19.976923
16057 1435670942.673161 0.043956 -0.035165 19.976923
16058 1435670942.683256 0.043956 -0.035165 19.976923
16059 1435670942.693335 0.043956 -0.035165 19.976923
16060 1435670942.703413 0.043956 -0.035165 19.976923
16061 1435670942.713488 0.043956 -0.035165 19.976923
16062 1435670942.723551 0.043956 -0.035165 19.976923
16063 1435670942.733632 0.043956 -0.035165 19.976923
16064 1435670942.743733 0.043956 -0.035165 19.976923
16065 1435670942.753806 0.043956 -0.035165 19.976923
16066 1435670942.763942 0.043956 -0.035165 19.976923
16067 1435670942.773997 0.043956 -0.035165 19.976923
16068 1435670942.784054 0.043956 -0.035165 19.976923
16069 1435670942.794119 0.043956 -0.035165 19.976923
16070 1435670942.804177 0.043956 -0.035165 19.976923
16071 1435670942.814238 0.043956 -0.035165 19.976923
16072 1435670942.824292 0.043956 -0.035165 19.976923
16073 1435670942.834356 0.043956 -0.035165 19.976923
16074 1435670942.844415 0.043956 -0.035165 19.976923
16075 1435670942.854513 0.043956 -0.035165 19.976923
16076 1435670942.864573 0.043956 -0.035165 19.976923
16077 1435670942.874634 0.043956 -0.035165 19.976923
16078 1435670942.884702 0.043956 -0.035165 19.976923
16079 1435670942.894762 0.043956 -0.035165 19.976923
16080 1435670942.904821 0.043956 -0.035165 19.976923
16081 1435670942.914882 0.043956 -0.035165 19.976923
16082 1435670942.924942 0.043956 -0.035165 19.976923
16083 1435670942.935000 0.043956 -0.035165 19.976923
16084 1435670942.945060 0.043956 -0.035165 19.976923
16085 1435670942.955119 0.043956 -0.035165 19.976923
16086 1435670942.965179 0.043956 -0.035165 19.976923
16087 1435670942.975238 0.043956 -0.035165 19.976923
16088 1435670942.985327 0.043956 -0.035165 19.976923
16089 1435670942.995389 0.043956 -0.035165 19.976923
16090 1435670943.005447 0.043956 -0.035165 19.976923
16091 1435670943.015508 0.043956 -0.035165 19.976923
16092 1435670943.025583 0.043956 -0.035165 19.976923
16093 1435670943.035644 0.043956 -0.035165 19.976923
16094 1435670943.045706 0.043956 -0.035165 19.976923
16095 1435670943.055776 0.043956 -0.035165 19.976923
16096 1435670943.065835 0.043956 -0.035165 19.976923
16097 1435670943.075886 0.043956 -0.035165 19.976923
16098 1435670943.085948 0.043956 -0.035165 19.976923
16099 1435670943.096017 0.043956 -0.035165 19.976923
16100 1435670943.106052 0.043956 -0.035165 19.976923
16101 1435670943.116113 0.043956 -0.035165 19.976923
16102 1435670943.126173 0.043956 -0.035165 19.976923
16103 1435670943.136222 0.043956 -0.035165 19.976923
16104 1435670943.146274 0.043956 -0.035165 19.976923
16105 1435670943.156361 0.043956 -0.035165 19.976923
16106 1435670943.166416 0.043956 -0.035165 19.976923
16107 1435670943.176555 0.043956 -0.035165 19.976923
16108 1435670943.186672 0.043956 -0.035165 19.976923
16109 1435670943.196779 0.043956 -0.035165 19.976923
16110 1435670943.206840 0.043956 -0.035165 19.976923
16111 1435670943.216899 0.043956 -0.035165 19.976923
16112 1435670943.226965 0.043956 -0.035165 19.976923
16113 1435670943.237034 0.043956 -0.035165 19.976923
16114 1435670943.247109 0.043956 -0.035165 19.976923
16115 1435670943.257204 0.043956 -0.035165 19.976923
16116 1435670943.267272 0.043956 -0.035165 19.976923
16117 1435670943.277326 0.043956 -0.035165 19.976923
16118 1435670943.287381 0.043956 -0.035165 19.976923
16119 1435670943.297447 0.043956 -0.035165 19.976923
16120 1435670943.307508 0.043956 -0.035165 19.976923
16121 1435670943.317572 0.043956 -0.035165 19.976923
16122 1435670943.327667 0.043956 -0.035165 19.976923
16123 1435670943.337738 0.043956 -0.035165 19.976923
16124 1435670943.347800 0.043956 -0.035165 19.976923
16125 1435670943.357861 0.043956 -0.035165 19.976923
16126 1435670943.367925 0.043956 -0.035165 19.976923
16127 1435670943.377988 0.043956 -0.035165 19.976923
16128 1435670943.388047 0.043956 -0.035165 19.976923
16129 1435670943.398111 0.043956 -0.035165 19.976923
16130 1435670943.408190 0.043956 -0.035165 19.976923
16131 1435670943.418271 0.043956 -0.035165 19.976923
16132 1435670943.428335 0.043956 -0.035165 19.976923
16133 1435670943.438405 0.043956 -0.035165 19.976923
16134 1435670943.448467 0.043956 -0.035165 19.976923
16135 1435670943.458530 0.043956 -0.035165 19.976923
16136 1435670943.468591 0.043956 -0.035165 19.976923
16137 1435670943.478667 0.043956 -0.035165 19.976923
16138 1435670943.488757 0.043956 -0.035165 19.976923
16139 1435670943.498819 0.043956 -0.035165 19.976923
16140 1435670943.508906 0.043956 -0.035165 19.976923
16141 1435670943.518915 0.043956 -0.035165 19.976923
16142 1435670943.528985 0.043956 -0.035165 19.976923
16143 1435670943.539029 0.043956 -0.035165 19.976923
16144 1435670943.549109 0.043956 -0.035165 19.976923
16145 1435670943.559163 0.043956 -0.035165 19.976923
16146 1435670943.569225 0.043956 -0.123077 19.976923
16147 1435670943.579296 0.043956 -0.035165 19.976923
16148 1435670943.589356 0.043956 -0.035165 19.976923
16149 1435670943.599417 0.043956 -0.035165 19.976923
16150 1435670943.609476 0.043956 -0.035165 19.976923
16151 1435670943.619536 0.043956 -0.035165 19.976923
16152 1435670943.629596 0.043956 -0.035165 19.976923
16153 1435670943.639658 0.043956 -0.035165 19.976923
16154 1435670943.649719 0.043956 -0.035165 19.976923
16155 1435670943.659780 0.043956 -0.035165 19.976923
16156 1435670943.669846 0.043956 -0.035165 19.976923
16157 1435670943.679887 0.043956 -0.035165 19.976923
16158 1435670943.689949 0.043956 -0.035165 19.976923
16159 1435670943.700012 0.043956 -0.035165 19.976923
16160 1435670943.710028 0.043956 -0.035165 19.976923
16161 1435670943.720110 0.043956 -0.035165 19.976923
16162 1435670943.730160 0.043956 -0.035165 19.976923
16163 1435670943.740220 0.043956 -0.035165 19.889011
16164 1435670943.750281 0.043956 -0.035165 19.889011
16165 1435670943.760341 0.043956 -0.035165 19.801099
16166 1435670943.770363 0.043956 0.052747 19.713187
16167 1435670943.780421 0.043956 -0.035165 19.625275
16168 1435670943.790487 0.043956 0.052747 19.537363
16169 1435670943.800561 0.043956 0.052747 19.449451
16170 1435670943.810579 0.043956 0.052747 19.273626
16171 1435670943.820645 0.131868 0.052747 19.185714
16172 1435670943.830704 0.131868 0.052747 19.097802
16173 1435670943.840776 0.131868 0.052747 19.00989
16174 1435670943.850833 0.131868 0.052747 18.834066
16175 1435670943.860895 0.131868 0.052747 18.746154
16176 1435670943.870975 0.043956 0.052747 18.658242
16177 1435670943.881036 0.131868 0.052747 18.57033
16178 1435670943.891097 0.131868 0.052747 18.394505
16179 1435670943.901160 0.043956 0.052747 18.306593
16180 1435670943.911221 0.043956 0.052747 18.130769
16181 1435670943.921283 0.043956 0.052747 18.042857
16182 1435670943.931398 0.131868 0.052747 17.779121
16183 1435670943.941472 0.043956 0.052747 17.603297
16184 1435670943.951546 0.043956 0.052747 17.427473
16185 1435670943.961635 0.043956 0.052747 17.251648
16186 1435670943.971752 0.043956 0.052747 16.987912
16187 1435670943.981808 0.043956 0.052747 16.724176
16188 1435670943.991884 0.131868 0.052747 16.548352
16189 1435670944.001947 0.043956 0.052747 16.284615
16190 1435670944.012009 0.131868 0.052747 16.196703
16191 1435670944.022076 0.043956 0.052747 15.845055
16192 1435670944.032128 0.043956 0.052747 15.669231
16193 1435670944.042149 0.043956 0.052747 15.317582
16194 1435670944.052272 0.131868 0.052747 15.141758
16195 1435670944.062335 0.131868 0.052747 14.79011
16196 1435670944.072869 0.043956 0.052747 14.614286
16197 1435670944.082934 0.043956 0.052747 14.262637
16198 1435670944.093011 0.131868 0.052747 13.998901
16199 1435670944.103062 0.043956 0.052747 13.647253
16200 1435670944.113131 0.043956 0.052747 13.383516
16201 1435670944.123193 0.043956 0.052747 13.031868
16202 1435670944.133254 0.043956 0.052747 12.856044
16203 1435670944.143311 0.043956 0.052747 12.504396
16204 1435670944.153370 0.043956 0.052747 12.240659
16205 1435670944.163429 0.043956 0.052747 11.801099
16206 1435670944.173531 0.043956 0.052747 11.537363
16207 1435670944.183624 0.043956 0.052747 11.097802
16208 1435670944.193746 0.043956 0.052747 10.834066
16209 1435670944.203811 0.043956 0.052747 10.394505
16210 1435670944.213871 0.043956 0.052747 9.954945
16211 1435670944.223936 0.131868 0.052747 9.603297
16212 1435670944.234005 0.043956 0.052747 9.251648
16213 1435670944.244120 0.131868 0.052747 8.987912
16214 1435670944.254189 0.131868 0.052747 8.548352
16215 1435670944.264318 0.131868 0.140659 8.196703
16216 1435670944.274394 0.043956 0.140659 7.669231
16217 1435670944.284623 0.131868 0.052747 7.493407
16218 1435670944.294800 0.131868 0.052747 6.965934
16219 1435670944.304840 0.131868 0.140659 6.614286
16220 1435670944.314919 0.043956 0.140659 6.174725
16221 1435670944.324971 0.043956 0.052747 5.823077
16222 1435670944.335032 0.043956 0.052747 5.383516
16223 1435670944.345104 0.043956 0.052747 5.031868
16224 1435670944.355163 0.131868 0.140659 4.504396
16225 1435670944.365223 0.043956 0.052747 4.240659
16226 1435670944.375365 0.043956 0.052747 3.713187
16227 1435670944.385425 0.131868 0.052747 3.361538
16228 1435670944.395525 0.043956 0.052747 2.921978
16229 1435670944.405599 0.131868 0.052747 2.57033
16230 1435670944.415709 0.131868 0.052747 2.042857
16231 1435670944.425769 0.043956 0.052747 1.779121
16232 1435670944.435858 0.131868 0.052747 1.251648
16233 1435670944.445920 0.043956 0.052747 0.9
16234 1435670944.455983 0.043956 0.052747 0.46044
16235 1435670944.466048 0.043956 0.052747 0.108791
16236 1435670944.476111 0.043956 0.052747 -0.418681
16237 1435670944.486152 0.131868 0.052747 -0.858242
16238 1435670944.496213 0.043956 0.052747 -1.20989
16239 1435670944.506255 0.131868 0.052747 -1.561538
16240 1435670944.516341 0.043956 0.052747 -2.089011
16241 1435670944.526414 0.043956 0.052747 -2.616484
16242 1435670944.536466 0.131868 0.140659 -2.88022
16243 1435670944.546635 0.043956 0.052747 -3.407692
16244 1435670944.556717 0.043956 0.052747 -3.759341
16245 1435670944.566887 0.043956 0.140659 -4.286813
16246 1435670944.576956 0.131868 0.140659 -4.550549
16247 1435670944.587018 0.043956 0.140659 -4.99011
16248 1435670944.597081 0.131868 0.140659 -5.341758
16249 1435670944.607140 0.043956 0.140659 -5.781319
16250 1435670944.617200 0.043956 0.140659 -6.132967
16251 1435670944.627261 0.043956 0.140659 -6.572527
16252 1435670944.637324 0.043956 0.140659 -6.836264
16253 1435670944.647386 0.043956 0.052747 -7.363736
16254 1435670944.657481 0.043956 0.052747 -7.627473
16255 1435670944.667529 0.043956 0.052747 -8.067033
16256 1435670944.677566 0.043956 0.140659 -8.418681
16257 1435670944.687603 0.043956 0.052747 -8.858242
16258 1435670944.697654 0.043956 0.052747 -9.121978
16259 1435670944.707725 0.043956 0.052747 -9.561538
16260 1435670944.717795 0.043956 0.052747 -9.825275
16261 1435670944.727854 0.043956 0.052747 -10.264835
16262 1435670944.737894 0.043956 0.052747 -10.528571
16263 1435670944.747953 0.043956 0.052747 -10.968132
16264 1435670944.758034 0.043956 0.052747 -11.407692
16265 1435670944.768097 -0.043956 0.052747 -11.671429
16266 1435670944.778281 0.043956 0.052747 -11.935165
16267 1435670944.788340 -0.043956 0.052747 -12.286813
16268 1435670944.798489 -0.043956 0.052747 -12.550549
16269 1435670944.808549 -0.043956 0.052747 -12.902198
16270 1435670944.818589 -0.043956 0.052747 -13.253846
16271 1435670944.828682 -0.043956 0.052747 -13.517582
16272 1435670944.838734 -0.043956 0.052747 -13.957143
16273 1435670944.848776 -0.043956 0.052747 -14.132967
16274 1435670944.858838 -0.043956 0.052747 -14.484615
16275 1435670944.868901 -0.043956 0.052747 -14.748352
16276 1435670944.878963 -0.043956 -0.035165 -15.012088
16277 1435670944.889026 -0.043956 -0.035165 -15.275824
16278 1435670944.899086 -0.043956 -0.035165 -15.53956
16279 1435670944.909145 -0.043956 -0.035165 -15.803297
16280 1435670944.919233 -0.043956 -0.035165 -16.067033
16281 1435670944.929295 -0.043956 -0.035165 -16.242857
16282 1435670944.939657 -0.043956 -0.035165 -16.594505
16283 1435670944.949704 -0.043956 -0.035165 -16.77033
16284 1435670944.959764 -0.043956 -0.035165 -17.034066
16285 1435670944.969823 -0.043956 -0.035165 -17.20989
16286 1435670944.979896 -0.043956 -0.035165 -17.473626
16287 1435670944.989957 -0.043956 -0.035165 -17.737363
16288 1435670945.000133 -0.043956 -0.035165 -17.913187
16289 1435670945.010191 -0.043956 -0.035165 -18.089011
16290 1435670945.020252 -0.043956 -0.035165 -18.264835
16291 1435670945.030346 -0.131868 -0.035165 -18.528571
16292 1435670945.040410 -0.043956 -0.035165 -18.616484
16293 1435670945.050475 -0.043956 -0.035165 -18.792308
16294 1435670945.060536 -0.043956 -0.035165 -18.968132
16295 1435670945.070595 -0.043956 -0.123077 -19.143956
16296 1435670945.080657 -0.043956 -0.123077 -19.231868
16297 1435670945.090716 -0.043956 -0.035165 -19.407692
16298 1435670945.100774 -0.043956 -0.123077 -19.495604
16299 1435670945.110834 -0.043956 -0.123077 -19.671429
16300 1435670945.120896 -0.131868 -0.035165 -19.759341
16301 1435670945.130957 -0.043956 -0.035165 -19.935165
16302 1435670945.141007 -0.131868 -0.035165 -19.935165
16303 1435670945.151244 -0.043956 -0.123077 -20.023077
16304 1435670945.161557 -0.043956 -0.123077 -20.110989
16305 1435670945.171709 -0.043956 -0.123077 -20.198901
16306 1435670945.181869 -0.043956 -0.123077 -20.286813
16307 1435670945.191927 -0.043956 -0.035165 -20.374725
16308 1435670945.201987 -0.043956 -0.123077 -20.462637
16309 1435670945.212137 -0.043956 -0.035165 -20.550549
16310 1435670945.222201 -0.043956 -0.123077 -20.550549
16311 1435670945.232267 -0.131868 -0.123077 -20.638462
16312 1435670945.242329 -0.043956 -0.123077 -20.726374
16313 1435670945.252391 -0.043956 -0.035165 -20.726374
16314 1435670945.262605 -0.131868 -0.035165 -20.814286
16315 1435670945.272759 -0.043956 -0.035165 -20.814286
16316 1435670945.282823 -0.043956 -0.035165 -20.814286
16317 1435670945.292913 -0.043956 -0.035165 -20.814286
16318 1435670945.302975 -0.043956 -0.035165 -20.814286
16319 1435670945.313051 -0.043956 -0.123077 -20.814286
16320 1435670945.323113 -0.043956 -0.035165 -20.814286
16321 1435670945.333177 -0.043956 -0.035165 -20.814286
16322 1435670945.343238 -0.043956 -0.035165 -20.814286
16323 1435670945.353312 -0.043956 -0.035165 -20.814286
16324 1435670945.363402 -0.043956 -0.123077 -20.814286
16325 1435670945.373467 -0.043956 -0.123077 -20.814286
16326 1435670945.383563 -0.043956 -0.035165 -20.814286
16327 1435670945.393635 -0.043956 -0.035165 -20.814286
16328 1435670945.404130 -0.043956 -0.035165 -20.814286
16329 1435670945.414193 -0.043956 -0.035165 -20.814286
16330 1435670945.424259 -0.043956 -0.035165 -20.814286
16331 1435670945.434317 -0.043956 -0.035165 -20.814286
16332 1435670945.444382 -0.043956 -0.035165 -20.814286
16333 1435670945.454466 -0.043956 -0.035165 -20.814286
16334 1435670945.464530 -0.043956 -0.035165 -20.814286
16335 1435670945.474627 -0.043956 -0.123077 -20.726374
16336 1435670945.484687 -0.043956 -0.035165 -20.726374
16337 1435670945.494764 -0.043956 -0.035165 -20.726374
16338 1435670945.504934 -0.043956 -0.123077 -20.726374
16339 1435670945.514995 -0.043956 -0.035165 -20.726374
16340 1435670945.525116 -0.043956 -0.035165 -20.726374
16341 1435670945.535216 -0.043956 -0.035165 -20.726374
16342 1435670945.545277 -0.043956 -0.035165 -20.726374
16343 1435670945.555340 -0.043956 -0.123077 -20.638462
16344 1435670945.565422 -0.043956 -0.123077 -20.638462
16345 1435670945.575486 -0.043956 -0.035165 -20.638462
16346 1435670945.585545 -0.043956 -0.035165 -20.550549
16347 1435670945.595622 -0.043956 -0.123077 -20.550549
16348 1435670945.605685 -0.043956 -0.123077 -20.550549
16349 1435670945.615743 -0.043956 -0.123077 -20.550549
16350 1435670945.625809 -0.043956 -0.035165 -20.462637
16351 1435670945.635870 -0.043956 -0.035165 -20.462637
16352 1435670945.645989 -0.043956 -0.123077 -20.462637
16353 1435670945.656004 -0.043956 -0.123077 -20.374725
16354 1435670945.666067 -0.043956 -0.123077 -20.374725
16355 1435670945.676127 -0.043956 -0.123077 -20.286813
16356 1435670945.686191 -0.043956 -0.035165 -20.286813
16357 1435670945.696308 -0.043956 -0.035165 -20.198901
16358 1435670945.706372 -0.043956 -0.035165 -20.110989
16359 1435670945.716443 -0.043956 -0.035165 -20.023077
16360 1435670945.726564 -0.043956 -0.035165 -20.023077
16361 1435670945.736631 -0.043956 -0.035165 -19.935165
16362 1435670945.746705 -0.043956 -0.123077 -19.935165
16363 1435670945.756839 -0.131868 -0.035165 -19.847253
16364 1435670945.767006 -0.043956 -0.035165 -19.847253
16365 1435670945.777086 -0.131868 -0.123077 -19.759341
16366 1435670945.787226 -0.043956 -0.123077 -19.671429
16367 1435670945.797290 -0.043956 -0.123077 -19.671429
16368 1435670945.807392 -0.131868 -0.123077 -19.583516
16369 1435670945.817453 -0.043956 -0.123077 -19.407692
16370 1435670945.827523 -0.043956 -0.123077 -19.143956
16371 1435670945.837612 -0.043956 -0.210989 -18.968132
16372 1435670945.847669 -0.131868 -0.298901 -18.528571
16373 1435670945.857737 -0.131868 -0.386813 -18.001099
16374 1435670945.867897 -0.131868 -0.386813 -17.20989
16375 1435670945.878035 -0.043956 -0.386813 -16.594505
16376 1435670945.888198 -0.043956 -0.298901 -15.715385
16377 1435670945.898287 -0.043956 -0.386813 -14.924176
16378 1435670945.908345 -0.043956 -0.298901 -14.484615
16379 1435670945.918430 0.043956 -0.210989 -13.517582
16380 1435670945.928521 0.043956 -0.210989 -13.165934
16381 1435670945.938641 0.043956 -0.210989 -12.99011
16382 1435670945.948674 0.043956 -0.123077 -12.902198
16383 1435670945.958842 0.043956 -0.210989 -12.902198
16384 1435670945.968922 0.043956 -0.123077 -12.99011
16385 1435670945.978985 0.043956 -0.210989 -13.165934
16386 1435670945.989047 0.043956 -0.210989 -13.341758
16387 1435670945.999109 0.043956 -0.210989 -13.693407
16388 1435670946.009169 -0.043956 -0.298901 -14.132967
16389 1435670946.019238 -0.043956 -0.210989 -14.748352
16390 1435670946.029337 -0.043956 -0.210989 -15.1
16391 1435670946.039388 -0.043956 -0.210989 -15.803297
16392 1435670946.049428 -0.043956 -0.210989 -16.242857
16393 1435670946.059504 0.043956 -0.210989 -16.946154
16394 1435670946.069549 0.043956 -0.210989 -17.385714
16395 1435670946.079611 0.043956 -0.035165 -18.001099
16396 1435670946.089661 0.131868 0.140659 -18.528571
16397 1435670946.099780 0.131868 0.140659 -18.792308
16398 1435670946.109808 0.043956 0.228571 -19.056044
16399 1435670946.119848 0.043956 0.140659 -19.407692
16400 1435670946.129910 0.043956 0.140659 -19.583516
16401 1435670946.139971 0.043956 0.140659 -19.583516
16402 1435670946.150034 0.043956 0.140659 -19.583516
16403 1435670946.160054 0.043956 0.140659 -19.495604
16404 1435670946.170094 0.131868 0.140659 -19.407692
16405 1435670946.180165 0.131868 0.052747 -19.31978
16406 1435670946.190300 0.131868 0.052747 -19.231868
16407 1435670946.200365 0.21978 0.052747 -19.143956
16408 1435670946.210425 0.21978 0.052747 -19.143956
16409 1435670946.220497 0.307692 0.052747 -19.143956
16410 1435670946.230563 0.307692 0.052747 -19.056044
16411 1435670946.240631 0.307692 0.052747 -19.056044
16412 1435670946.250682 0.307692 0.052747 -18.968132
16413 1435670946.260754 0.307692 0.052747 -18.968132
16414 1435670946.270829 0.21978 0.052747 -18.704396
16415 1435670946.280929 0.21978 -0.035165 -18.616484
16416 1435670946.290995 0.21978 -0.035165 -18.352747
16417 1435670946.301061 0.131868 -0.035165 -18.176923
16418 1435670946.311093 0.131868 -0.123077 -17.825275
16419 1435670946.321171 0.131868 -0.123077 -17.649451
16420 1435670946.331192 0.131868 -0.210989 -17.297802
16421 1435670946.341251 0.043956 -0.210989 -17.034066
16422 1435670946.351310 0.043956 -0.210989 -16.77033
16423 1435670946.361370 0.043956 -0.210989 -16.682418
16424 1435670946.371429 0.043956 -0.298901 -16.594505
16425 1435670946.381447 0.043956 -0.210989 -16.594505
16426 1435670946.391537 0.043956 -0.210989 -16.594505
16427 1435670946.401624 0.043956 -0.210989 -16.682418
16428 1435670946.411687 0.043956 -0.210989 -16.77033
16429 1435670946.421747 0.043956 -0.210989 -16.946154
16430 1435670946.431816 0.043956 -0.210989 -17.121978
16431 1435670946.441904 0.043956 -0.210989 -17.297802
16432 1435670946.451974 0.043956 -0.210989 -17.473626
16433 1435670946.462037 0.043956 -0.123077 -17.649451
16434 1435670946.472101 0.043956 -0.123077 -17.825275
16435 1435670946.482159 0.131868 -0.123077 -18.001099
16436 1435670946.492220 0.131868 -0.035165 -18.176923
16437 1435670946.502298 0.131868 -0.035165 -18.264835
16438 1435670946.512406 0.21978 0.052747 -18.440659
16439 1435670946.522501 0.21978 0.052747 -18.528571
16440 1435670946.532562 0.21978 0.140659 -18.616484
16441 1435670946.542622 0.21978 0.140659 -18.616484
16442 1435670946.552683 0.21978 0.140659 -18.616484
16443 1435670946.562745 0.21978 0.140659 -18.616484
16444 1435670946.572808 0.21978 0.140659 -18.616484
16445 1435670946.582866 0.21978 0.140659 -18.528571
16446 1435670946.592921 0.21978 0.140659 -18.528571
16447 1435670946.602981 0.21978 0.052747 -18.440659
16448 1435670946.613040 0.21978 0.052747 -18.352747
16449 1435670946.623105 0.21978 0.052747 -18.176923
16450 1435670946.633167 0.21978 0.052747 -18.176923
16451 1435670946.643228 0.21978 0.052747 -18.001099
16452 1435670946.653290 0.21978 -0.035165 -18.001099
16453 1435670946.663352 0.131868 -0.035165 -17.825275
16454 1435670946.673428 0.131868 -0.035165 -17.737363
16455 1435670946.683466 0.131868 -0.035165 -17.737363
16456 1435670946.693532 0.131868 -0.035165 -17.649451
16457 1435670946.703594 0.131868 -0.035165 -17.649451
16458 1435670946.713736 0.043956 -0.035165 -17.561538
16459 1435670946.723812 0.043956 -0.123077 -17.649451
16460 1435670946.733876 0.131868 -0.123077 -17.649451
16461 1435670946.743942 0.043956 -0.123077 -17.649451
16462 1435670946.754003 0.043956 -0.123077 -17.737363
16463 1435670946.764097 0.131868 -0.123077 -17.737363
16464 1435670946.774157 0.043956 -0.123077 -17.825275
16465 1435670946.784219 0.131868 -0.035165 -17.913187
16466 1435670946.794280 0.131868 -0.035165 -17.913187
16467 1435670946.804348 0.131868 -0.035165 -18.001099
16468 1435670946.814425 0.131868 -0.035165 -18.001099
16469 1435670946.824510 0.131868 -0.035165 -18.089011
16470 1435670946.834564 0.131868 -0.035165 -18.089011
16471 1435670946.844641 0.131868 -0.035165 -18.176923
16472 1435670946.854697 0.131868 -0.035165 -18.176923
16473 1435670946.864758 0.21978 -0.035165 -18.176923
16474 1435670946.874803 0.21978 0.052747 -18.176923
16475 1435670946.884863 0.21978 -0.035165 -18.176923
16476 1435670946.894925 0.21978 -0.035165 -18.089011
16477 1435670946.904998 0.21978 -0.035165 -18.089011
16478 1435670946.915064 0.21978 -0.035165 -18.001099
16479 1435670946.925150 0.21978 -0.035165 -18.001099
16480 1435670946.935201 0.131868 -0.035165 -18.001099
16481 1435670946.945266 0.131868 -0.035165 -18.001099
16482 1435670946.955323 0.131868 -0.035165 -17.913187
16483 1435670946.965383 0.131868 -0.035165 -17.913187
16484 1435670946.975441 0.131868 -0.035165 -17.913187
16485 1435670946.985500 0.131868 -0.035165 -17.913187
16486 1435670946.995558 0.131868 -0.035165 -17.825275
16487 1435670947.005621 0.131868 -0.035165 -17.825275
16488 1435670947.015684 0.043956 -0.035165 -17.825275
16489 1435670947.025742 0.131868 -0.035165 -17.825275
16490 1435670947.035760 0.043956 -0.035165 -17.825275
16491 1435670947.045817 0.043956 -0.035165 -17.913187
16492 1435670947.055878 0.043956 -0.035165 -17.913187
16493 1435670947.065949 0.131868 -0.035165 -17.913187
16494 1435670947.076012 0.131868 -0.035165 -18.001099
16495 1435670947.086153 0.131868 -0.035165 -18.001099
16496 1435670947.096211 0.131868 -0.035165 -18.001099
16497 1435670947.106273 0.131868 -0.035165 -18.001099
16498 1435670947.116332 0.131868 -0.035165 -18.001099
16499 1435670947.126394 0.131868 -0.035165 -18.001099
16500 1435670947.136451 0.131868 -0.035165 -18.089011
16501 1435670947.146511 0.131868 -0.035165 -18.001099
16502 1435670947.156573 0.131868 0.052747 -18.089011
16503 1435670947.166820 0.131868 -0.035165 -18.001099
16504 1435670947.176834 0.131868 -0.035165 -18.089011
16505 1435670947.187253 0.131868 -0.035165 -18.001099
16506 1435670947.197318 0.131868 -0.035165 -18.001099
16507 1435670947.207435 0.131868 -0.035165 -18.001099
16508 1435670947.217499 0.131868 -0.035165 -18.001099
16509 1435670947.227565 0.131868 -0.035165 -18.001099
16510 1435670947.237631 0.131868 -0.035165 -18.001099
16511 1435670947.247696 0.131868 -0.035165 -17.913187
16512 1435670947.257756 0.131868 -0.035165 -17.913187
16513 1435670947.267817 0.131868 -0.035165 -17.913187
16514 1435670947.277907 0.131868 -0.035165 -17.913187
16515 1435670947.287962 0.131868 -0.035165 -17.913187
16516 1435670947.297992 0.131868 -0.035165 -17.913187
16517 1435670947.308052 0.043956 -0.035165 -17.913187
16518 1435670947.318115 0.043956 -0.035165 -17.913187
16519 1435670947.328157 0.131868 -0.035165 -18.001099
16520 1435670947.338179 0.043956 -0.035165 -18.001099
16521 1435670947.348240 0.043956 -0.035165 -18.001099
16522 1435670947.358307 0.043956 -0.035165 -18.001099
16523 1435670947.368368 0.131868 -0.035165 -18.001099
16524 1435670947.378428 0.131868 -0.035165 -18.001099
16525 1435670947.388489 0.131868 -0.035165 -18.001099
16526 1435670947.398547 0.131868 -0.035165 -18.001099
16527 1435670947.408611 0.131868 -0.035165 -18.001099
16528 1435670947.418673 0.131868 -0.035165 -18.001099
16529 1435670947.428735 0.131868 -0.035165 -18.001099
16530 1435670947.438759 0.131868 -0.035165 -18.001099
16531 1435670947.448800 0.131868 -0.035165 -18.001099
16532 1435670947.458878 0.131868 -0.035165 -18.001099
16533 1435670947.468944 0.131868 -0.035165 -18.001099
16534 1435670947.479017 0.131868 -0.035165 -18.001099
16535 1435670947.489073 0.131868 -0.035165 -18.001099
16536 1435670947.499113 0.131868 -0.035165 -18.001099
16537 1435670947.509232 0.131868 -0.035165 -18.001099
16538 1435670947.519292 0.131868 -0.035165 -18.001099
16539 1435670947.529359 0.131868 -0.035165 -18.001099
16540 1435670947.539417 0.131868 -0.035165 -18.001099
16541 1435670947.549503 0.043956 -0.035165 -18.001099
16542 1435670947.559564 0.131868 -0.035165 -18.001099
16543 1435670947.569624 0.131868 -0.035165 -18.001099
16544 1435670947.579686 0.131868 -0.035165 -18.001099
16545 1435670947.589762 0.131868 -0.035165 -18.001099
16546 1435670947.599843 0.043956 -0.035165 -18.001099
16547 1435670947.609893 0.131868 -0.035165 -18.001099
16548 1435670947.619964 0.131868 -0.035165 -18.001099
16549 1435670947.630085 0.131868 -0.035165 -18.001099
16550 1435670947.640208 0.131868 -0.035165 -18.001099
16551 1435670947.650262 0.131868 -0.035165 -18.001099
16552 1435670947.660343 0.131868 -0.035165 -18.001099
16553 1435670947.670434 0.131868 -0.035165 -18.001099
16554 1435670947.680487 0.131868 -0.035165 -18.001099
16555 1435670947.690540 0.131868 -0.035165 -18.001099
16556 1435670947.700598 0.131868 -0.035165 -18.001099
16557 1435670947.710690 0.131868 -0.035165 -18.001099
16558 1435670947.720750 0.131868 -0.035165 -18.001099
16559 1435670947.730855 0.131868 -0.035165 -18.001099
16560 1435670947.740890 0.131868 -0.035165 -18.001099
16561 1435670947.750939 0.131868 -0.035165 -18.001099
16562 1435670947.760998 0.131868 -0.035165 -18.001099
16563 1435670947.771076 0.131868 -0.035165 -18.001099
16564 1435670947.781098 0.131868 -0.035165 -18.001099
16565 1435670947.791161 0.131868 -0.035165 -18.001099
16566 1435670947.801221 0.131868 -0.035165 -18.001099
16567 1435670947.811280 0.131868 -0.035165 -18.001099
16568 1435670947.821339 0.131868 -0.035165 -18.001099
16569 1435670947.831400 0.043956 -0.035165 -18.001099
16570 1435670947.841465 0.131868 -0.035165 -18.001099
16571 1435670947.851553 0.131868 -0.035165 -18.001099
16572 1435670947.861579 0.131868 -0.035165 -18.001099
16573 1435670947.871656 0.131868 -0.035165 -18.001099
16574 1435670947.881744 0.131868 -0.035165 -18.001099
16575 1435670947.891792 0.131868 -0.035165 -18.001099
16576 1435670947.901855 0.131868 -0.035165 -18.001099
16577 1435670947.911915 0.131868 -0.035165 -18.001099
16578 1435670947.921974 0.131868 -0.035165 -18.001099
16579 1435670947.932010 0.131868 -0.035165 -18.001099
16580 1435670947.942070 0.131868 -0.035165 -18.001099
16581 1435670947.952140 0.131868 -0.035165 -18.001099
16582 1435670947.962199 0.131868 -0.035165 -18.001099
16583 1435670947.972247 0.131868 -0.035165 -18.001099
16584 1435670947.982306 0.131868 -0.035165 -18.001099
16585 1435670947.992394 0.131868 -0.035165 -18.001099
16586 1435670948.002454 0.131868 -0.035165 -18.001099
16587 1435670948.012513 0.131868 -0.035165 -18.001099
16588 1435670948.022574 0.131868 -0.035165 -18.001099
16589 1435670948.032613 0.131868 -0.035165 -18.001099
16590 1435670948.042672 0.131868 -0.035165 -18.001099
16591 1435670948.052740 0.131868 -0.035165 -18.001099
16592 1435670948.062841 0.131868 -0.035165 -18.001099
16593 1435670948.072887 0.131868 -0.035165 -18.001099
16594 1435670948.082949 0.131868 -0.035165 -18.001099
16595 1435670948.093010 0.131868 -0.035165 -18.001099
16596 1435670948.103094 0.131868 -0.035165 -18.001099
16597 1435670948.113133 0.131868 -0.035165 -18.001099
16598 1435670948.123197 0.131868 -0.035165 -18.001099
16599 1435670948.133258 0.131868 -0.035165 -18.001099
16600 1435670948.143319 0.131868 -0.035165 -18.001099
16601 1435670948.153587 0.131868 -0.035165 -18.001099
16602 1435670948.163400 0.131868 -0.035165 -18.001099
16603 1435670948.173461 0.131868 -0.035165 -18.001099
16604 1435670948.183533 0.131868 -0.035165 -18.001099
16605 1435670948.193593 0.131868 -0.035165 -18.001099
16606 1435670948.203656 0.131868 -0.035165 -18.001099
16607 1435670948.213723 0.131868 -0.035165 -18.001099
16608 1435670948.223787 0.131868 -0.035165 -18.001099
16609 1435670948.233872 0.131868 -0.035165 -18.001099
16610 1435670948.243956 0.131868 -0.035165 -18.001099
16611 1435670948.253997 0.131868 -0.035165 -18.001099
16612 1435670948.264053 0.131868 -0.035165 -18.001099
16613 1435670948.274140 0.131868 -0.035165 -18.001099
16614 1435670948.284188 0.131868 -0.035165 -18.001099
16615 1435670948.294258 0.043956 -0.035165 -18.001099
16616 1435670948.304303 0.131868 -0.035165 -18.001099
16617 1435670948.314364 0.131868 -0.035165 -18.001099
16618 1435670948.324438 0.131868 -0.035165 -18.001099
16619 1435670948.334554 0.131868 -0.035165 -18.001099
16620 1435670948.344614 0.131868 -0.035165 -18.001099
16621 1435670948.354719 0.131868 -0.035165 -18.001099
16622 1435670948.364787 0.131868 -0.035165 -18.001099
16623 1435670948.374847 0.131868 -0.035165 -18.001099
16624 1435670948.384908 0.131868 -0.035165 -18.001099
16625 1435670948.394969 0.131868 -0.035165 -18.001099
16626 1435670948.405029 0.131868 -0.035165 -18.001099
16627 1435670948.415096 0.131868 -0.035165 -18.001099
16628 1435670948.425152 0.131868 -0.035165 -18.001099
16629 1435670948.435212 0.043956 -0.035165 -18.001099
16630 1435670948.445268 0.131868 -0.035165 -18.001099
16631 1435670948.455357 0.131868 -0.035165 -18.001099
16632 1435670948.465436 0.131868 -0.035165 -18.001099
16633 1435670948.475456 0.131868 -0.035165 -18.001099
16634 1435670948.485504 0.131868 -0.035165 -18.001099
16635 1435670948.495563 0.131868 -0.035165 -18.001099
16636 1435670948.505623 0.131868 -0.035165 -18.001099
16637 1435670948.515683 0.131868 -0.035165 -18.001099
16638 1435670948.525741 0.043956 -0.035165 -18.001099
16639 1435670948.535799 0.043956 -0.035165 -18.001099
16640 1435670948.545873 0.043956 -0.035165 -18.001099
16641 1435670948.555933 0.131868 -0.035165 -18.001099
16642 1435670948.565993 0.043956 -0.035165 -18.001099
16643 1435670948.576054 0.131868 0.052747 -18.001099
16644 1435670948.586114 0.043956 0.052747 -18.001099
16645 1435670948.596184 0.131868 0.052747 -18.001099
16646 1435670948.606241 0.131868 0.052747 -18.001099
16647 1435670948.616335 0.043956 0.052747 -18.001099
16648 1435670948.626513 0.131868 0.052747 -18.001099
16649 1435670948.636629 0.131868 -0.035165 -18.001099
16650 1435670948.646696 0.131868 0.052747 -18.001099
16651 1435670948.656762 0.043956 0.052747 -18.089011
16652 1435670948.666834 0.043956 0.052747 -18.001099
16653 1435670948.676886 0.131868 0.052747 -18.089011
16654 1435670948.686952 0.043956 -0.035165 -18.089011
16655 1435670948.696973 0.043956 -0.035165 -18.089011
16656 1435670948.707044 0.043956 -0.035165 -18.089011
16657 1435670948.717113 0.043956 -0.035165 -18.089011
16658 1435670948.727181 0.043956 -0.035165 -18.089011
16659 1435670948.737259 0.043956 -0.035165 -18.089011
16660 1435670948.747352 0.043956 -0.035165 -18.089011
16661 1435670948.757432 0.043956 -0.035165 -18.089011
16662 1435670948.767478 0.043956 -0.035165 -18.089011
16663 1435670948.777502 0.043956 -0.035165 -18.089011
16664 1435670948.787569 0.043956 -0.035165 -18.089011
16665 1435670948.797638 0.043956 -0.035165 -18.089011
16666 1435670948.807701 0.043956 -0.035165 -18.089011
16667 1435670948.817730 0.043956 -0.035165 -18.176923
16668 1435670948.827797 0.043956 -0.035165 -18.176923
16669 1435670948.837860 0.043956 -0.035165 -18.176923
16670 1435670948.847922 0.043956 -0.035165 -18.176923
16671 1435670948.857982 0.043956 -0.035165 -18.089011
16672 1435670948.868035 0.043956 -0.035165 -18.089011
16673 1435670948.878093 0.043956 -0.035165 -18.089011
16674 1435670948.888154 0.043956 -0.035165 -18.089011
16675 1435670948.898217 0.043956 -0.035165 -18.089011
16676 1435670948.908277 0.043956 -0.035165 -18.089011
16677 1435670948.918331 0.043956 -0.035165 -18.089011
16678 1435670948.928393 0.043956 -0.035165 -18.089011
16679 1435670948.938444 0.043956 -0.035165 -18.089011
16680 1435670948.948496 0.043956 -0.035165 -18.089011
16681 1435670948.958561 0.043956 -0.035165 -18.089011
16682 1435670948.968622 0.043956 -0.035165 -18.089011
16683 1435670948.978684 0.043956 -0.035165 -18.089011
16684 1435670948.988742 0.043956 -0.035165 -18.089011
16685 1435670948.998804 0.043956 -0.035165 -18.089011
16686 1435670949.008865 0.043956 -0.035165 -18.089011
16687 1435670949.018928 0.043956 -0.035165 -18.176923
16688 1435670949.028993 0.043956 -0.035165 -18.089011
16689 1435670949.039057 0.043956 -0.035165 -18.089011
16690 1435670949.049098 0.043956 -0.035165 -18.089011
16691 1435670949.059167 0.043956 -0.035165 -18.089011
16692 1435670949.069233 0.043956 -0.035165 -18.089011
16693 1435670949.079298 0.043956 -0.035165 -18.089011
16694 1435670949.089364 0.043956 -0.035165 -18.176923
16695 1435670949.099448 0.043956 -0.035165 -18.089011
16696 1435670949.109510 0.043956 -0.035165 -18.089011
16697 1435670949.119582 0.043956 -0.035165 -18.089011
16698 1435670949.129623 0.043956 -0.035165 -18.089011
16699 1435670949.139665 0.043956 -0.035165 -18.089011
16700 1435670949.149753 0.043956 -0.035165 -18.089011
16701 1435670949.159762 0.043956 -0.035165 -18.089011
16702 1435670949.169810 0.043956 -0.035165 -18.089011
16703 1435670949.179856 0.043956 -0.035165 -18.089011
16704 1435670949.189917 0.043956 -0.035165 -18.089011
16705 1435670949.199964 0.043956 -0.035165 -18.089011
16706 1435670949.210023 0.043956 -0.035165 -18.089011
16707 1435670949.220090 0.043956 -0.035165 -18.089011
16708 1435670949.230153 0.043956 -0.035165 -18.089011
16709 1435670949.240253 0.043956 -0.035165 -18.176923
16710 1435670949.250364 0.043956 -0.035165 -18.089011
16711 1435670949.260554 0.043956 -0.035165 -18.176923
16712 1435670949.271016 0.043956 -0.035165 -18.089011
16713 1435670949.281078 0.043956 -0.035165 -18.089011
16714 1435670949.291137 0.043956 -0.035165 -18.176923
16715 1435670949.301159 0.043956 -0.035165 -18.089011
16716 1435670949.311239 0.043956 -0.035165 -18.089011
16717 1435670949.321402 0.043956 -0.035165 -18.089011
16718 1435670949.331467 0.043956 -0.035165 -18.089011
16719 1435670949.341527 0.043956 -0.035165 -18.089011
16720 1435670949.351590 0.043956 -0.035165 -18.176923
16721 1435670949.361661 0.043956 -0.035165 -18.176923
16722 1435670949.371724 0.043956 -0.035165 -18.089011
16723 1435670949.381785 0.043956 -0.035165 -18.089011
16724 1435670949.391859 0.043956 -0.035165 -18.089011
16725 1435670949.401922 0.043956 -0.035165 -18.089011
16726 1435670949.411985 0.043956 -0.035165 -18.089011
16727 1435670949.422049 0.043956 -0.035165 -18.089011
16728 1435670949.432121 0.043956 -0.035165 -18.089011
16729 1435670949.442392 0.043956 -0.035165 -18.089011
16730 1435670949.452453 0.043956 -0.035165 -18.089011
16731 1435670949.462882 0.043956 -0.035165 -18.089011
16732 1435670949.472942 0.043956 -0.035165 -18.089011
16733 1435670949.483004 0.043956 -0.035165 -18.089011
16734 1435670949.493065 0.043956 -0.035165 -18.176923
16735 1435670949.503157 0.043956 -0.035165 -18.089011
16736 1435670949.513218 0.043956 -0.035165 -18.089011
16737 1435670949.523297 0.043956 -0.035165 -18.089011
16738 1435670949.533361 0.043956 -0.035165 -18.089011
16739 1435670949.543449 0.043956 -0.035165 -18.176923
16740 1435670949.553511 0.043956 -0.035165 -18.176923
16741 1435670949.563574 0.043956 -0.035165 -18.089011
16742 1435670949.573637 0.043956 -0.035165 -18.176923
16743 1435670949.583702 0.043956 -0.035165 -18.089011
16744 1435670949.593764 0.043956 -0.035165 -18.089011
16745 1435670949.603827 0.043956 -0.035165 -18.176923
16746 1435670949.613889 0.043956 -0.035165 -18.089011
16747 1435670949.623956 0.043956 -0.035165 -18.176923
16748 1435670949.634025 0.043956 -0.035165 -18.089011
16749 1435670949.644088 0.043956 -0.035165 -18.176923
16750 1435670949.654155 0.043956 -0.035165 -18.089011
16751 1435670949.664206 0.043956 -0.035165 -18.089011
16752 1435670949.674261 0.043956 -0.035165 -18.089011
16753 1435670949.684336 0.043956 -0.035165 -18.089011
16754 1435670949.694408 0.043956 -0.035165 -18.089011
16755 1435670949.704466 0.043956 -0.035165 -18.089011
16756 1435670949.714527 0.043956 -0.035165 -18.089011
16757 1435670949.724591 0.043956 -0.035165 -18.089011
16758 1435670949.734735 0.043956 -0.035165 -18.089011
16759 1435670949.744819 0.043956 -0.035165 -18.089011
16760 1435670949.754907 0.043956 -0.035165 -18.089011
16761 1435670949.764969 0.043956 -0.035165 -18.089011
16762 1435670949.775029 0.043956 -0.035165 -18.176923
16763 1435670949.785092 0.043956 -0.035165 -18.089011
16764 1435670949.795152 0.043956 -0.035165 -18.089011
16765 1435670949.805212 0.043956 -0.035165 -18.089011
16766 1435670949.815276 0.043956 -0.035165 -18.176923
16767 1435670949.825356 0.043956 -0.035165 -18.089011
16768 1435670949.835389 0.043956 -0.035165 -18.089011
16769 1435670949.845554 0.043956 -0.035165 -18.089011
16770 1435670949.855638 0.043956 -0.035165 -18.089011
16771 1435670949.865674 0.043956 -0.035165 -18.089011
16772 1435670949.875735 0.043956 -0.035165 -18.089011
16773 1435670949.885799 0.043956 -0.035165 -18.089011
16774 1435670949.895868 0.043956 -0.035165 -18.089011
16775 1435670949.905965 0.043956 -0.035165 -18.089011
16776 1435670949.916038 0.131868 -0.035165 -18.089011
16777 1435670949.926130 0.043956 -0.035165 -18.089011
16778 1435670949.936190 0.043956 -0.035165 -18.089011
16779 1435670949.946209 0.043956 -0.035165 -18.089011
16780 1435670949.956269 0.043956 -0.035165 -18.089011
16781 1435670949.966332 0.043956 -0.035165 -18.089011
16782 1435670949.976392 0.043956 -0.035165 -18.089011
16783 1435670949.986453 0.043956 -0.035165 -18.089011
16784 1435670949.996551 0.043956 -0.035165 -18.089011
16785 1435670950.006698 0.043956 -0.035165 -18.089011
16786 1435670950.016782 0.043956 -0.035165 -18.089011
16787 1435670950.027135 0.043956 -0.035165 -18.089011
16788 1435670950.037205 0.043956 -0.035165 -18.089011
16789 1435670950.047279 0.043956 -0.035165 -18.089011
16790 1435670950.057341 0.043956 -0.035165 -18.176923
16791 1435670950.067438 0.043956 -0.035165 -18.089011
16792 1435670950.077468 0.043956 -0.035165 -18.089011
16793 1435670950.087534 0.043956 -0.035165 -18.089011
16794 1435670950.097595 0.043956 -0.035165 -18.089011
16795 1435670950.107662 0.043956 -0.035165 -18.089011
16796 1435670950.117733 0.043956 -0.035165 -18.089011
16797 1435670950.127792 0.043956 -0.035165 -18.089011
16798 1435670950.137840 0.043956 -0.035165 -18.089011
16799 1435670950.147914 0.043956 -0.035165 -18.089011
16800 1435670950.157968 0.043956 -0.035165 -18.089011
16801 1435670950.168037 0.043956 -0.035165 -18.089011
16802 1435670950.178130 0.043956 -0.035165 -18.089011
16803 1435670950.188189 0.131868 -0.035165 -18.176923
16804 1435670950.198248 0.043956 -0.035165 -18.089011
16805 1435670950.208347 0.043956 -0.035165 -18.089011
16806 1435670950.218382 0.043956 -0.035165 -18.089011
16807 1435670950.228461 0.043956 -0.035165 -18.089011
16808 1435670950.238612 0.043956 -0.035165 -18.089011
16809 1435670950.248635 0.043956 -0.035165 -18.089011
16810 1435670950.258833 0.043956 -0.035165 -18.089011
16811 1435670950.269008 0.043956 -0.035165 -18.089011
16812 1435670950.279052 0.043956 -0.035165 -18.176923
16813 1435670950.289125 0.043956 -0.035165 -18.089011
16814 1435670950.299178 0.043956 -0.035165 -18.089011
16815 1435670950.309237 0.043956 -0.035165 -18.176923
16816 1435670950.319298 0.043956 -0.035165 -18.089011
16817 1435670950.329379 0.043956 -0.035165 -18.089011
16818 1435670950.339567 0.043956 -0.035165 -18.089011
16819 1435670950.349633 0.043956 -0.035165 -18.089011
16820 1435670950.359862 0.043956 -0.035165 -18.176923
16821 1435670950.369923 0.043956 -0.035165 -18.089011
16822 1435670950.380057 0.043956 -0.035165 -18.089011
16823 1435670950.390117 0.043956 -0.035165 -18.089011
16824 1435670950.400161 0.043956 -0.035165 -18.089011
16825 1435670950.410263 0.043956 -0.035165 -18.089011
16826 1435670950.420413 0.043956 -0.035165 -18.089011
16827 1435670950.430474 0.043956 -0.035165 -18.089011
16828 1435670950.440538 0.043956 -0.035165 -18.089011
16829 1435670950.450591 0.043956 -0.035165 -18.089011
16830 1435670950.460704 0.043956 -0.035165 -18.089011
16831 1435670950.470781 0.043956 -0.035165 -18.089011
16832 1435670950.480875 0.043956 -0.035165 -18.089011
16833 1435670950.490942 0.043956 -0.035165 -18.089011
16834 1435670950.501006 0.043956 -0.035165 -18.089011
16835 1435670950.511070 0.043956 -0.035165 -18.176923
16836 1435670950.521153 0.043956 -0.035165 -18.089011
16837 1435670950.531223 0.043956 -0.035165 -18.089011
16838 1435670950.541508 0.043956 -0.035165 -18.089011
16839 1435670950.551581 0.043956 -0.035165 -18.089011
16840 1435670950.561650 0.043956 -0.035165 -18.089011
16841 1435670950.571725 0.043956 -0.035165 -18.089011
16842 1435670950.581883 0.043956 -0.035165 -18.089011
16843 1435670950.591973 0.043956 -0.035165 -18.089011
16844 1435670950.602027 0.043956 -0.035165 -18.176923
16845 1435670950.612086 0.043956 -0.035165 -18.089011
16846 1435670950.622139 0.043956 -0.035165 -18.089011
16847 1435670950.632202 0.043956 -0.035165 -18.176923
16848 1435670950.642279 0.043956 -0.035165 -18.089011
16849 1435670950.652338 0.043956 -0.035165 -18.089011
16850 1435670950.662398 0.043956 -0.035165 -18.089011
16851 1435670950.672461 0.043956 -0.035165 -18.176923
16852 1435670950.682523 0.043956 -0.035165 -18.089011
16853 1435670950.692610 0.043956 -0.035165 -18.089011
16854 1435670950.702675 0.043956 -0.035165 -18.176923
16855 1435670950.712738 0.043956 -0.035165 -18.089011
16856 1435670950.722800 0.043956 -0.035165 -18.089011
16857 1435670950.732862 0.043956 -0.035165 -18.176923
16858 1435670950.742943 0.043956 0.052747 -18.089011
16859 1435670950.752999 0.043956 -0.035165 -18.089011
16860 1435670950.763064 0.043956 -0.035165 -18.089011
16861 1435670950.773112 0.043956 -0.035165 -18.089011
16862 1435670950.783188 0.043956 -0.035165 -18.089011
16863 1435670950.793258 0.043956 -0.035165 -18.089011
16864 1435670950.803317 0.043956 -0.035165 -18.089011
16865 1435670950.813377 0.043956 -0.035165 -18.089011
16866 1435670950.823446 0.043956 -0.035165 -18.089011
16867 1435670950.833512 0.043956 -0.035165 -18.089011
16868 1435670950.843576 0.043956 -0.035165 -18.089011
16869 1435670950.853663 0.043956 -0.035165 -18.089011
16870 1435670950.863731 0.043956 -0.035165 -18.089011
16871 1435670950.873798 0.043956 -0.035165 -18.089011
16872 1435670950.883857 0.043956 -0.035165 -18.089011
16873 1435670950.893888 0.043956 -0.035165 -18.089011
16874 1435670950.903956 0.043956 -0.035165 -18.089011
16875 1435670950.914037 0.043956 -0.035165 -18.089011
16876 1435670950.924093 0.043956 -0.035165 -18.176923
16877 1435670950.934128 0.043956 -0.035165 -18.089011
16878 1435670950.944204 0.043956 -0.035165 -18.089011
16879 1435670950.954248 0.043956 -0.035165 -18.089011
16880 1435670950.964341 0.043956 -0.035165 -18.089011
16881 1435670950.974396 0.043956 -0.035165 -18.176923
16882 1435670950.984454 0.043956 -0.035165 -18.089011
16883 1435670950.994504 0.043956 -0.035165 -18.089011
16884 1435670951.004645 0.043956 -0.035165 -18.089011
16885 1435670951.014660 0.043956 -0.035165 -18.089011
16886 1435670951.024723 0.043956 -0.035165 -18.176923
16887 1435670951.034781 0.043956 -0.035165 -18.089011
16888 1435670951.044807 0.043956 -0.035165 -18.089011
16889 1435670951.054829 0.043956 -0.035165 -18.089011
16890 1435670951.064883 0.043956 -0.035165 -18.089011
16891 1435670951.074945 0.043956 -0.035165 -18.089011
16892 1435670951.085001 0.043956 -0.035165 -18.089011
16893 1435670951.095060 0.043956 -0.035165 -18.089011
16894 1435670951.105148 0.043956 -0.035165 -18.089011
16895 1435670951.115278 0.043956 -0.035165 -18.089011
16896 1435670951.125337 0.043956 -0.035165 -18.089011
16897 1435670951.135402 0.043956 -0.035165 -18.089011
16898 1435670951.145461 0.043956 -0.035165 -18.089011
16899 1435670951.155524 0.043956 -0.035165 -18.089011
16900 1435670951.165561 0.043956 -0.035165 -18.089011
16901 1435670951.175609 0.043956 -0.035165 -18.089011
16902 1435670951.185684 0.043956 -0.035165 -18.089011
16903 1435670951.195750 0.043956 -0.035165 -18.089011
16904 1435670951.205816 0.043956 -0.035165 -18.089011
16905 1435670951.215880 0.043956 -0.035165 -18.089011
16906 1435670951.225946 0.043956 -0.035165 -18.089011
16907 1435670951.236007 0.043956 -0.035165 -18.089011
16908 1435670951.246064 0.043956 -0.035165 -18.089011
16909 1435670951.256124 0.043956 -0.035165 -18.089011
16910 1435670951.266182 0.043956 -0.035165 -18.089011
16911 1435670951.276250 0.043956 -0.035165 -18.089011
16912 1435670951.286310 0.043956 -0.035165 -18.176923
16913 1435670951.296373 0.043956 -0.035165 -18.089011
16914 1435670951.306401 0.043956 -0.035165 -18.089011
16915 1435670951.316460 0.043956 -0.035165 -18.176923
16916 1435670951.326519 0.043956 -0.035165 -18.176923
16917 1435670951.336578 0.043956 -0.035165 -18.176923
16918 1435670951.346638 0.043956 -0.035165 -18.176923
16919 1435670951.356710 0.043956 -0.035165 -18.089011
16920 1435670951.366790 0.043956 -0.035165 -18.176923
16921 1435670951.376808 0.043956 -0.035165 -18.089011
16922 1435670951.386872 0.043956 -0.035165 -18.176923
16923 1435670951.396932 0.043956 -0.035165 -18.089011
16924 1435670951.406998 0.043956 -0.035165 -18.176923
16925 1435670951.417062 0.043956 -0.035165 -18.176923
16926 1435670951.427120 0.043956 -0.035165 -18.089011
16927 1435670951.437147 0.043956 -0.035165 -18.176923
16928 1435670951.447214 0.043956 -0.035165 -18.176923
16929 1435670951.457285 0.043956 -0.035165 -18.089011
16930 1435670951.467373 0.043956 -0.035165 -18.176923
16931 1435670951.477379 0.043956 -0.035165 -18.089011
16932 1435670951.487400 0.043956 -0.035165 -18.176923
16933 1435670951.497471 0.043956 -0.035165 -18.089011
16934 1435670951.507554 0.043956 -0.035165 -18.089011
16935 1435670951.517610 0.043956 -0.035165 -18.176923
16936 1435670951.527678 0.043956 -0.035165 -18.089011
16937 1435670951.537729 0.043956 -0.035165 -18.176923
16938 1435670951.547796 0.043956 -0.035165 -18.089011
16939 1435670951.557860 0.043956 -0.035165 -18.089011
16940 1435670951.567945 0.043956 -0.035165 -18.089011
16941 1435670951.578016 0.043956 -0.035165 -18.176923
16942 1435670951.588084 0.043956 -0.035165 -18.176923
16943 1435670951.598151 0.043956 -0.035165 -18.176923
16944 1435670951.608215 0.043956 -0.035165 -18.176923
16945 1435670951.618273 0.043956 -0.035165 -18.176923
16946 1435670951.628330 0.043956 -0.035165 -18.176923
16947 1435670951.638376 0.043956 -0.035165 -18.089011
16948 1435670951.648437 0.043956 -0.035165 -18.176923
16949 1435670951.658495 0.043956 -0.035165 -18.176923
16950 1435670951.668554 0.043956 -0.035165 -18.089011
16951 1435670951.678612 0.043956 -0.035165 -18.176923
16952 1435670951.688675 0.043956 -0.035165 -18.089011
16953 1435670951.698735 0.043956 -0.035165 -18.176923
16954 1435670951.708794 0.043956 -0.035165 -18.176923
16955 1435670951.718855 0.043956 -0.035165 -18.089011
16956 1435670951.728915 0.043956 -0.035165 -18.176923
16957 1435670951.738973 0.043956 -0.035165 -18.089011
16958 1435670951.749031 0.043956 -0.035165 -18.089011
16959 1435670951.759090 0.043956 -0.035165 -18.176923
16960 1435670951.769152 0.043956 -0.035165 -18.089011
16961 1435670951.779214 0.043956 -0.035165 -18.089011
16962 1435670951.789280 0.043956 -0.035165 -18.089011
16963 1435670951.799357 0.043956 -0.035165 -18.089011
16964 1435670951.809429 0.043956 -0.035165 -18.176923
16965 1435670951.819487 0.043956 -0.035165 -18.089011
16966 1435670951.829555 0.043956 -0.035165 -18.089011
16967 1435670951.839616 0.043956 -0.035165 -18.089011
16968 1435670951.849694 0.043956 -0.035165 -18.089011
16969 1435670951.859761 0.043956 -0.035165 -18.089011
16970 1435670951.869822 0.043956 -0.035165 -18.089011
16971 1435670951.879856 0.043956 -0.035165 -18.089011
16972 1435670951.889915 0.043956 -0.035165 -18.089011
16973 1435670951.899979 0.043956 -0.035165 -18.089011
16974 1435670951.910052 0.043956 -0.035165 -18.089011
16975 1435670951.920113 0.043956 -0.035165 -18.089011
16976 1435670951.930193 0.043956 -0.035165 -18.089011
16977 1435670951.940275 0.043956 -0.035165 -18.089011
16978 1435670951.950341 0.043956 -0.035165 -18.089011
16979 1435670951.960405 0.043956 -0.035165 -18.089011
16980 1435670951.970446 0.043956 -0.035165 -18.089011
16981 1435670951.980505 0.043956 -0.035165 -18.089011
16982 1435670951.990597 0.043956 -0.035165 -18.089011
16983 1435670952.000652 0.043956 -0.035165 -18.089011
16984 1435670952.010713 0.043956 -0.035165 -18.089011
16985 1435670952.020775 0.043956 -0.035165 -18.089011
16986 1435670952.030834 0.043956 -0.035165 -18.089011
16987 1435670952.040893 0.043956 -0.035165 -18.176923
16988 1435670952.050951 0.043956 -0.035165 -18.176923
16989 1435670952.061010 0.043956 -0.035165 -18.089011
16990 1435670952.071128 0.043956 -0.035165 -18.089011
16991 1435670952.081186 0.043956 -0.035165 -18.089011
16992 1435670952.091248 0.043956 -0.035165 -18.089011
16993 1435670952.101310 0.043956 -0.035165 -18.089011
16994 1435670952.111370 0.043956 -0.035165 -18.089011
16995 1435670952.121429 0.043956 -0.035165 -18.089011
16996 1435670952.131513 0.043956 -0.035165 -18.176923
16997 1435670952.141574 0.043956 -0.035165 -18.089011
16998 1435670952.151635 0.043956 -0.035165 -18.089011
16999 1435670952.161694 0.043956 -0.035165 -18.089011
17000 1435670952.171784 0.043956 -0.035165 -18.089011
17001 1435670952.181805 0.043956 -0.035165 -18.089011
17002 1435670952.191880 0.043956 -0.035165 -18.089011
17003 1435670952.201944 0.043956 -0.035165 -18.089011
17004 1435670952.212007 0.043956 -0.035165 -18.089011
17005 1435670952.222078 0.043956 -0.035165 -18.089011
17006 1435670952.232141 0.043956 -0.035165 -18.089011
17007 1435670952.242201 0.043956 -0.035165 -18.089011
17008 1435670952.252263 0.043956 -0.035165 -18.089011
17009 1435670952.262322 0.043956 -0.035165 -18.089011
17010 1435670952.272364 0.043956 -0.035165 -18.089011
17011 1435670952.282467 0.043956 -0.035165 -18.089011
17012 1435670952.292486 0.043956 -0.035165 -18.089011
17013 1435670952.302544 0.043956 -0.035165 -18.089011
17014 1435670952.312604 0.043956 -0.035165 -18.089011
17015 1435670952.322686 0.043956 -0.035165 -18.089011
17016 1435670952.332752 0.043956 -0.035165 -18.089011
17017 1435670952.342812 0.043956 -0.035165 -18.089011
17018 1435670952.352871 0.043956 -0.035165 -18.176923
17019 1435670952.362931 0.043956 -0.035165 -18.089011
17020 1435670952.372990 0.043956 -0.035165 -18.089011
