20279 725.834000 0.720377 -0.056195 0.098888 0.25351 0.241377 0.044367
20280 725.837000 0.720324 -0.056203 0.099031 0.253588 0.241399 0.044571
20281 725.841000 0.720359 -0.056239 0.098912 0.253547 0.241385 0.044573
20282 725.844000 0.72039 -0.056225 0.098946 0.25354 0.24138 0.044363
20283 725.848000 0.720407 -0.056205 0.098842 0.253543 0.241406 0.044352
20284 725.851000 0.720358 -0.056212 0.099015 0.253614 0.241421 0.044559
20285 725.854000 0.720369 -0.056209 0.099075 0.253611 0.241409 0.044592
20286 725.857000 0.720377 -0.056198 0.099163 0.25363 0.241401 0.044368
20287 725.860000 0.72037 -0.056233 0.099192 0.253635 0.241408 0.044577
20288 725.863000 0.720422 -0.056229 0.098875 0.253555 0.241426 0.04437
20289 725.865000 0.720389 -0.056207 0.099158 0.25365 0.241421 0.044353
20290 725.868000 0.720476 -0.056233 0.09885 0.253571 0.241437 0.04457
20291 725.870000 0.720492 -0.056261 0.098818 0.253574 0.241446 0.044552
20292 725.873000 0.720468 -0.056235 0.098892 0.253586 0.241438 0.044345
20293 725.876000 0.72046 -0.05624 0.099018 0.25364 0.241461 0.044558
20294 725.880000 0.720543 -0.056245 0.098839 0.253582 0.241462 0.044552
20295 725.882000 0.720551 -0.056252 0.098814 0.253591 0.241469 0.044558
20296 725.885000 0.720483 -0.05623 0.098994 0.253671 0.241477 0.044326
20297 725.888000 0.720488 -0.056221 0.099056 0.253661 0.241463 0.044383
20298 725.892000 0.720517 -0.056224 0.099011 0.253669 0.241481 0.044353
20299 725.895000 0.720512 -0.056228 0.099127 0.253691 0.241472 0.044562
20300 725.899000 0.720541 -0.056265 0.09903 0.253681 0.241499 0.044544
20301 725.903000 0.720528 -0.056264 0.099179 0.253698 0.241483 0.044549
20302 725.905000 0.720556 -0.056264 0.09908 0.253678 0.241499 0.04454
20303 725.908000 0.72063 -0.05625 0.098818 0.253618 0.241509 0.044332
20304 725.912000 0.720583 -0.056248 0.099044 0.25369 0.241516 0.04432
20305 725.915000 0.720602 -0.056268 0.099053 0.253685 0.241524 0.044533
20306 725.917000 0.720609 -0.056274 0.099006 0.253691 0.241536 0.044542
20307 725.921000 0.720683 -0.056281 0.098814 0.253646 0.241537 0.044531
20308 725.924000 0.720637 -0.056264 0.098969 0.253716 0.241539 0.044558
20309 725.928000 0.720688 -0.056273 0.09885 0.253664 0.241525 0.044537
20310 725.932000 0.720665 -0.056279 0.09904 0.253712 0.241545 0.044535
20311 725.937000 0.720656 -0.056241 0.099093 0.253745 0.241549 0.044316
20312 725.940000 0.720748 -0.056311 0.098806 0.253679 0.241566 0.044522
20313 725.945000 0.720709 -0.056271 0.098962 0.253744 0.241578 0.044306
20314 725.950000 0.720783 -0.056288 0.098884 0.25367 0.241565 0.04452
20315 725.954000 0.720802 -0.056315 0.098788 0.253682 0.241595 0.044519
20316 725.959000 0.720735 -0.056297 0.099127 0.253773 0.241578 0.044546
20317 725.964000 0.720848 -0.056279 0.098772 0.253694 0.241599 0.044315
20318 725.969000 0.720848 -0.056319 0.098783 0.253708 0.241613 0.044513
20319 725.974000 0.720875 -0.056292 0.098787 0.253712 0.241623 0.0443
20320 725.979000 0.720902 -0.05633 0.098785 0.253727 0.241635 0.044514
20321 725.983000 0.720858 -0.056318 0.098994 0.253779 0.241636 0.044497
20322 725.987000 0.720934 -0.056323 0.09878 0.253716 0.241646 0.044513
20323 725.993000 0.720898 -0.056292 0.098944 0.253795 0.241662 0.044337
20324 725.997000 0.720936 -0.056324 0.098811 0.253768 0.241649 0.044298
20325 726.002000 0.720928 -0.056313 0.098919 0.253822 0.241674 0.044499
20326 726.007000 0.720935 -0.0563 0.098946 0.25382 0.241686 0.044284
20327 726.012000 0.720957 -0.056339 0.098947 0.253824 0.241699 0.044488
20328 726.017000 0.720992 -0.056318 0.098945 0.253836 0.241703 0.044273
20329 726.022000 0.720995 -0.056339 0.098937 0.253836 0.241715 0.044492
20330 726.026000 0.721046 -0.056353 0.0988 0.253789 0.241706 0.044483
20331 726.031000 0.721059 -0.056341 0.09881 0.2538 0.241708 0.044498
20332 726.036000 0.721054 -0.056328 0.098916 0.253872 0.241736 0.044273
20333 726.041000 0.721098 -0.056369 0.098824 0.253804 0.241721 0.044489
20334 726.045000 0.721135 -0.056359 0.098719 0.253807 0.24175 0.044481
20335 726.050000 0.721151 -0.056347 0.09874 0.253816 0.241756 0.044265
20336 726.054000 0.721097 -0.056345 0.099027 0.253904 0.241753 0.044266
20337 726.060000 0.721153 -0.056367 0.098802 0.253832 0.241757 0.044265
20338 726.065000 0.721189 -0.056391 0.098803 0.253838 0.241765 0.044281
20339 726.069000 0.721155 -0.056342 0.09903 0.253912 0.241772 0.044262
20340 726.073000 0.72123 -0.05637 0.098807 0.25385 0.241779 0.04427
20341 726.078000 0.721205 -0.056372 0.09888 0.253916 0.241811 0.044468
20342 726.082000 0.721242 -0.056391 0.098757 0.253869 0.241801 0.044459
20343 726.087000 0.721286 -0.05637 0.098776 0.253867 0.241806 0.044246
20344 726.092000 0.721306 -0.056401 0.098729 0.253871 0.24183 0.044458
20345 726.097000 0.721309 -0.056403 0.098762 0.25388 0.241824 0.044549
20346 726.102000 0.721335 -0.056383 0.098767 0.253891 0.241828 0.044257
20347 726.106000 0.721361 -0.056379 0.098681 0.253893 0.241852 0.044241
20348 726.111000 0.721385 -0.056431 0.098706 0.253911 0.241862 0.044456
20349 726.116000 0.721331 -0.056385 0.098863 0.253979 0.241876 0.044242
20350 726.121000 0.721346 -0.056427 0.098924 0.253972 0.241875 0.044433
20351 726.125000 0.721375 -0.056415 0.09888 0.253981 0.241895 0.044432
20352 726.129000 0.721436 -0.056428 0.09877 0.253938 0.241881 0.044437
20353 726.133000 0.721461 -0.05639 0.098699 0.253923 0.241889 0.044271
20354 726.137000 0.721401 -0.056402 0.099005 0.254013 0.241885 0.044231
20355 726.141000 0.721424 -0.056397 0.098901 0.253998 0.241913 0.044227
20356 726.146000 0.721507 -0.056434 0.098791 0.253929 0.241903 0.044447
20357 726.151000 0.721469 -0.056435 0.098866 0.254016 0.241936 0.044223
20358 726.156000 0.721486 -0.056437 0.098861 0.254019 0.241948 0.044424
20359 726.160000 0.721553 -0.056431 0.098677 0.253961 0.241949 0.044421
20360 726.164000 0.721516 -0.05646 0.098893 0.254026 0.241956 0.044416
20361 726.169000 0.721523 -0.056437 0.098888 0.254045 0.241956 0.044443
20362 726.173000 0.721611 -0.056449 0.098672 0.253971 0.241961 0.04444
20363 726.177000 0.721561 -0.056469 0.098873 0.254045 0.241976 0.044416
20364 726.181000 0.721627 -0.056464 0.098705 0.253993 0.241971 0.044429
20365 726.187000 0.721596 -0.056451 0.098862 0.254068 0.241993 0.044408
20366 726.192000 0.721589 -0.056442 0.09893 0.254088 0.241991 0.044197
20367 726.196000 0.721686 -0.056455 0.098724 0.254003 0.241994 0.044197
20368 726.201000 0.721662 -0.056462 0.098808 0.254079 0.242031 0.044399
20369 726.206000 0.721677 -0.056488 0.098825 0.254097 0.242027 0.044407
20370 726.211000 0.721688 -0.056447 0.098861 0.254099 0.242027 0.044195
20371 726.215000 0.721757 -0.056462 0.098658 0.254029 0.242037 0.044194
20372 726.218000 0.721724 -0.056468 0.098805 0.254102 0.242057 0.044398
20373 726.221000 0.721715 -0.056466 0.098857 0.254109 0.242053 0.04419
20374 726.225000 0.721817 -0.056474 0.098648 0.254045 0.242055 0.044183
20375 726.229000 0.721769 -0.056461 0.098853 0.254108 0.242064 0.044185
20376 726.233000 0.721767 -0.056483 0.098787 0.254122 0.242083 0.044169
20377 726.238000 0.721832 -0.056466 0.098699 0.254064 0.242063 0.044224
20378 726.242000 0.721809 -0.056466 0.098924 0.254147 0.242072 0.044189
20379 726.246000 0.721818 -0.056483 0.098801 0.254146 0.242096 0.044187
20380 726.250000 0.721866 -0.056497 0.098665 0.254086 0.242083 0.044177
20381 726.255000 0.721894 -0.056501 0.098671 0.254092 0.2421 0.044383
20382 726.259000 0.721856 -0.056494 0.098915 0.25417 0.24211 0.044387
20383 726.263000 0.721887 -0.05653 0.098795 0.254168 0.242133 0.044368
20384 726.268000 0.721877 -0.056468 0.098892 0.254188 0.242121 0.044157
20385 726.272000 0.721908 -0.056509 0.0988 0.254177 0.242148 0.044467
20386 726.276000 0.721975 -0.056528 0.09867 0.254127 0.24213 0.044382
20387 726.280000 0.721998 -0.056539 0.098597 0.254137 0.242154 0.044374
20388 726.284000 0.721907 -0.056504 0.098899 0.254225 0.242145 0.044368
20389 726.289000 0.72194 -0.056517 0.098924 0.254214 0.242157 0.044157
20390 726.293000 0.721991 -0.056523 0.098806 0.2542 0.242185 0.044153
20391 726.297000 0.722044 -0.056524 0.098669 0.254148 0.24217 0.044164
20392 726.301000 0.722006 -0.056501 0.098909 0.254229 0.242175 0.044143
20393 726.305000 0.722037 -0.056535 0.098789 0.254212 0.242202 0.044148
20394 726.309000 0.722087 -0.056539 0.098647 0.254167 0.242188 0.044385
20395 726.313000 0.722036 -0.056532 0.098894 0.25425 0.242198 0.044371
20396 726.317000 0.722099 -0.056576 0.098773 0.254233 0.242221 0.044352
20397 726.321000 0.722057 -0.056555 0.098914 0.254256 0.242206 0.044361
20398 726.326000 0.722166 -0.056537 0.098558 0.254182 0.242236 0.044146
20399 726.329000 0.722173 -0.056556 0.098622 0.254193 0.24223 0.044358
20400 726.333000 0.722133 -0.056573 0.098799 0.254253 0.242252 0.044338
20401 726.338000 0.722145 -0.056533 0.09885 0.254283 0.242248 0.044124
20402 726.341000 0.722213 -0.05657 0.09856 0.254215 0.24226 0.044335
20403 726.345000 0.722145 -0.056545 0.098851 0.254296 0.242248 0.044143
20404 726.350000 0.722188 -0.056575 0.098798 0.25428 0.242274 0.044343
20405 726.353000 0.722271 -0.056563 0.098546 0.254222 0.242282 0.044136
20406 726.357000 0.722248 -0.056545 0.098777 0.254288 0.242285 0.044129
20407 726.361000 0.722307 -0.056582 0.09857 0.254226 0.242288 0.044121
20408 726.366000 0.722312 -0.056589 0.098552 0.254238 0.242306 0.044332
20409 726.370000 0.722275 -0.056579 0.098764 0.2543 0.242315 0.044331
20410 726.374000 0.722346 -0.056605 0.098597 0.254246 0.242309 0.04432
20411 726.379000 0.722314 -0.056583 0.0987 0.254322 0.242331 0.04435
20412 726.382000 0.722317 -0.056561 0.098757 0.254333 0.242322 0.04412
20413 726.386000 0.722362 -0.05659 0.098555 0.254268 0.24233 0.044128
20414 726.390000 0.722334 -0.056582 0.098758 0.254328 0.242343 0.044109
20415 726.394000 0.722367 -0.05659 0.098699 0.254343 0.242362 0.044115
20416 726.398000 0.722376 -0.056564 0.098684 0.254356 0.242366 0.044105
20417 726.402000 0.722455 -0.056615 0.098546 0.254293 0.242358 0.044101
20418 726.407000 0.722437 -0.056621 0.098603 0.254296 0.242359 0.044315
20419 726.411000 0.722474 -0.056616 0.098527 0.2543 0.242386 0.044304
20420 726.416000 0.722467 -0.056632 0.098552 0.254313 0.242386 0.044316
20421 726.420000 0.722445 -0.05663 0.098769 0.254382 0.242392 0.044307
20422 726.425000 0.722524 -0.056604 0.0985 0.254324 0.242404 0.044095
20423 726.428000 0.722517 -0.056615 0.098581 0.254333 0.242398 0.044307
20424 726.432000 0.722491 -0.056643 0.09877 0.254386 0.24242 0.044305
20425 726.434000 0.722513 -0.056634 0.098721 0.254385 0.24243 0.044304
20426 726.437000 0.722502 -0.056603 0.098818 0.254413 0.242418 0.044093
20427 726.440000 0.722494 -0.056632 0.098848 0.254417 0.242416 0.044301
20428 726.444000 0.722546 -0.056651 0.098701 0.254396 0.242445 0.044284
20429 726.447000 0.722613 -0.056649 0.098474 0.254348 0.242448 0.044383
20430 726.451000 0.722577 -0.056624 0.098722 0.254419 0.242445 0.044302
20431 726.455000 0.722639 -0.056649 0.09852 0.254354 0.242452 0.044301
20432 726.458000 0.722602 -0.056648 0.098675 0.254435 0.242468 0.044076
20433 726.462000 0.722596 -0.056619 0.098657 0.254444 0.242473 0.044071
20434 726.466000 0.722682 -0.056634 0.098511 0.25437 0.242469 0.044075
20435 726.472000 0.722642 -0.056647 0.098737 0.254444 0.242486 0.044074
20436 726.477000 0.722653 -0.056661 0.0987 0.254449 0.242504 0.044278
20437 726.482000 0.722667 -0.056654 0.09872 0.254451 0.242503 0.044366
20438 726.487000 0.722693 -0.056646 0.098718 0.254462 0.242507 0.044072
20439 726.492000 0.722717 -0.056671 0.098672 0.25447 0.24253 0.044277
20440 726.497000 0.72274 -0.056635 0.098693 0.254483 0.242525 0.044061
20441 726.502000 0.722761 -0.056685 0.098659 0.254477 0.242547 0.044273
20442 726.505000 0.722761 -0.056641 0.098755 0.2545 0.242535 0.044051
20443 726.509000 0.72277 -0.056658 0.09865 0.254496 0.242561 0.04405
20444 726.514000 0.722844 -0.056715 0.098546 0.254446 0.242549 0.044256
20445 726.518000 0.722762 -0.056668 0.09877 0.254523 0.242549 0.044075
20446 726.522000 0.722835 -0.056668 0.09864 0.254508 0.242577 0.044054
20447 726.527000 0.722838 -0.056699 0.098732 0.254541 0.242572 0.044251
20448 726.531000 0.722914 -0.05671 0.098538 0.254454 0.242571 0.044263
20449 726.535000 0.722929 -0.056699 0.098439 0.254472 0.242597 0.044251
20450 726.539000 0.722944 -0.056699 0.098419 0.25448 0.242605 0.044253
20451 726.543000 0.722892 -0.056702 0.098677 0.254543 0.24261 0.04424
20452 726.547000 0.722974 -0.056721 0.098481 0.254474 0.242618 0.044246
20453 726.551000 0.723005 -0.05671 0.098429 0.254487 0.242629 0.04424
20454 726.555000 0.722996 -0.056717 0.098425 0.25451 0.242623 0.04404
20455 726.559000 0.722959 -0.056687 0.098685 0.254567 0.242627 0.044036
20456 726.563000 0.723017 -0.056705 0.098488 0.254502 0.242639 0.044039
20457 726.568000 0.72303 -0.05673 0.098467 0.254508 0.242654 0.044243
20458 726.572000 0.723015 -0.056731 0.098672 0.254573 0.242658 0.044238
20459 726.575000 0.722989 -0.056689 0.09874 0.254595 0.242652 0.044023
20460 726.579000 0.723036 -0.056711 0.098621 0.254584 0.242681 0.044021
20461 726.584000 0.723064 -0.056753 0.098611 0.254589 0.242692 0.044219
20462 726.588000 0.723123 -0.056728 0.098434 0.254533 0.242683 0.044078
20463 726.592000 0.723092 -0.056709 0.098645 0.254608 0.242685 0.044025
20464 726.597000 0.7231 -0.056756 0.098636 0.25461 0.242701 0.04422
20465 726.601000 0.723149 -0.056759 0.098476 0.25456 0.2427 0.044232
20466 726.605000 0.72319 -0.056749 0.098388 0.254563 0.242723 0.044221
20467 726.609000 0.723164 -0.056741 0.098628 0.25463 0.242726 0.044217
20468 726.614000 0.723151 -0.056731 0.098639 0.254637 0.242731 0.044002
20469 726.618000 0.723234 -0.056755 0.098431 0.254566 0.242739 0.04401
20470 726.622000 0.723253 -0.056762 0.098375 0.254583 0.242752 0.044304
20471 726.626000 0.723205 -0.056778 0.098627 0.254655 0.242749 0.044229
20472 726.630000 0.723209 -0.056759 0.098574 0.254674 0.242764 0.044208
20473 726.634000 0.723271 -0.05678 0.098467 0.254609 0.242747 0.044218
20474 726.640000 0.72323 -0.056767 0.098707 0.254688 0.242767 0.044198
20475 726.643000 0.723311 -0.056762 0.098426 0.254616 0.242782 0.043995
20476 726.647000 0.723265 -0.056749 0.098713 0.254697 0.242779 0.043994
20477 726.652000 0.72335 -0.056808 0.098393 0.254627 0.242799 0.04419
20478 726.658000 0.723319 -0.056761 0.098601 0.254687 0.242809 0.044041
20479 726.663000 0.723409 -0.056796 0.098489 0.254627 0.242797 0.044211
20480 726.667000 0.723422 -0.056816 0.098375 0.254648 0.242827 0.044193
20481 726.672000 0.723324 -0.056776 0.098713 0.25473 0.242815 0.043989
20482 726.677000 0.723452 -0.0568 0.098356 0.254653 0.242846 0.044197
20483 726.681000 0.723411 -0.056814 0.098587 0.254722 0.242852 0.044179
20484 726.687000 0.723488 -0.056818 0.098377 0.254676 0.242861 0.044179
20485 726.691000 0.723497 -0.056804 0.098334 0.254684 0.242868 0.044173
20486 726.696000 0.723511 -0.056828 0.09838 0.254687 0.242867 0.044199
20487 726.700000 0.72348 -0.056805 0.0986 0.254746 0.242876 0.044182
20488 726.704000 0.723566 -0.056823 0.098392 0.254681 0.242885 0.044193
20489 726.710000 0.723474 -0.056812 0.098646 0.254794 0.242886 0.044169
20490 726.714000 0.723584 -0.05683 0.098441 0.254701 0.242889 0.044172
20491 726.718000 0.723521 -0.056805 0.098665 0.254782 0.242905 0.044163
20492 726.723000 0.723528 -0.056816 0.098658 0.254799 0.242916 0.043958
20493 726.726000 0.723543 -0.056836 0.098679 0.254791 0.242915 0.044173
20494 726.729000 0.723655 -0.056842 0.09836 0.254725 0.242924 0.044192
20495 726.732000 0.723597 -0.056805 0.098509 0.254798 0.242938 0.043961
20496 726.736000 0.723654 -0.056846 0.098391 0.25475 0.242927 0.043959
20497 726.741000 0.723674 -0.056848 0.098403 0.254747 0.242938 0.044163
20498 726.746000 0.723655 -0.056819 0.098515 0.254812 0.242967 0.043949
20499 726.750000 0.723616 -0.056854 0.098679 0.254842 0.242951 0.043944
20500 726.753000 0.723722 -0.056865 0.098359 0.25475 0.242969 0.044159
20501 726.757000 0.723744 -0.056852 0.098305 0.254763 0.242985 0.044148
20502 726.764000 0.723666 -0.056862 0.098641 0.254855 0.242984 0.044232
20503 726.770000 0.723733 -0.056862 0.098504 0.254853 0.243003 0.044148
20504 726.775000 0.723728 -0.056825 0.098622 0.254876 0.242994 0.043936
20505 726.781000 0.723812 -0.05686 0.098363 0.254795 0.24302 0.043934
20506 726.785000 0.723793 -0.056851 0.098636 0.254875 0.243018 0.043938
20507 726.789000 0.723806 -0.056858 0.09852 0.254868 0.243037 0.043922
20508 726.793000 0.723809 -0.056867 0.098492 0.254877 0.243048 0.043925
20509 726.798000 0.723873 -0.056888 0.098411 0.254813 0.243037 0.044134
20510 726.803000 0.723887 -0.056879 0.098389 0.254827 0.243043 0.04415
20511 726.807000 0.723923 -0.0569 0.098294 0.25484 0.243064 0.044128
20512 726.811000 0.723927 -0.056892 0.098592 0.254928 0.243059 0.044131
20513 726.816000 0.723899 -0.056868 0.098547 0.254899 0.24308 0.043918
20514 726.820000 0.72395 -0.056899 0.098376 0.254852 0.243079 0.043921
20515 726.824000 0.72394 -0.056888 0.09854 0.254908 0.243098 0.043911
20516 726.828000 0.72397 -0.056899 0.09836 0.254862 0.24309 0.043916
20517 726.832000 0.724013 -0.056911 0.098262 0.254862 0.243114 0.043894
20518 726.836000 0.723997 -0.056906 0.098501 0.254927 0.243113 0.044146
20519 726.841000 0.723997 -0.056896 0.098512 0.254938 0.24312 0.04391
20520 726.844000 0.724074 -0.056917 0.098265 0.254887 0.243131 0.044126
20521 726.848000 0.723994 -0.056921 0.098502 0.254959 0.243133 0.044104
20522 726.852000 0.724034 -0.056919 0.098455 0.254957 0.24315 0.04411
20523 726.856000 0.724076 -0.056914 0.098341 0.25491 0.24314 0.044105
20524 726.860000 0.724052 -0.056926 0.098597 0.254972 0.243145 0.044103
20525 726.864000 0.724125 -0.056943 0.098378 0.254907 0.243152 0.044098
20526 726.868000 0.724144 -0.056939 0.09827 0.254908 0.243174 0.044096
20527 726.873000 0.724153 -0.05693 0.098332 0.254928 0.243162 0.044115
20528 726.877000 0.724126 -0.056944 0.098516 0.254979 0.243182 0.04411
20529 726.880000 0.72413 -0.056906 0.098581 0.254998 0.243178 0.043887
20530 726.884000 0.724163 -0.056927 0.098457 0.254999 0.243203 0.043885
20531 726.887000 0.724217 -0.056942 0.09823 0.254946 0.243205 0.044097
20532 726.891000 0.724166 -0.056942 0.098479 0.255003 0.243208 0.044085
20533 726.894000 0.724173 -0.056909 0.098568 0.255017 0.243202 0.043876
20534 726.899000 0.724199 -0.056937 0.098504 0.255005 0.243228 0.044081
20535 726.901000 0.724202 -0.056979 0.098457 0.255013 0.24324 0.044086
20536 726.907000 0.724271 -0.056948 0.098314 0.254973 0.243214 0.043887
20537 726.911000 0.724224 -0.056923 0.098561 0.255053 0.243228 0.043882
20538 726.915000 0.72425 -0.056953 0.098446 0.255041 0.243258 0.043865
20539 726.919000 0.724355 -0.056962 0.098266 0.254972 0.243255 0.043871
20540 726.923000 0.724272 -0.056944 0.098545 0.255075 0.243256 0.043873
20541 726.927000 0.724319 -0.056939 0.098436 0.255048 0.243273 0.043859
20542 726.931000 0.724392 -0.056982 0.09826 0.254987 0.243276 0.043866
20543 726.935000 0.724316 -0.056942 0.098537 0.255078 0.243277 0.043852
20544 726.941000 0.724429 -0.056977 0.09831 0.255003 0.243278 0.044101
20545 726.945000 0.724446 -0.056997 0.098221 0.25502 0.243298 0.044071
20546 726.949000 0.724438 -0.056981 0.098199 0.25503 0.243308 0.044069
20547 726.953000 0.724415 -0.056971 0.09846 0.25509 0.243314 0.04406
20548 726.957000 0.724459 -0.057016 0.098313 0.255034 0.24331 0.044058
20549 726.961000 0.72449 -0.057008 0.09823 0.255044 0.243335 0.044056
20550 726.965000 0.724414 -0.056982 0.098529 0.255128 0.243325 0.044052
20551 726.968000 0.724503 -0.056984 0.098253 0.255044 0.243338 0.043849
20552 726.972000 0.724476 -0.05699 0.098469 0.255101 0.243347 0.043839
20553 726.976000 0.724519 -0.057008 0.098302 0.255059 0.243342 0.044082
20554 726.981000 0.724548 -0.056998 0.098296 0.255079 0.24335 0.043851
20555 726.985000 0.724593 -0.057024 0.098203 0.255066 0.243366 0.043845
20556 726.990000 0.724488 -0.057014 0.098542 0.255157 0.243368 0.044055
20557 726.995000 0.724619 -0.057006 0.098196 0.255078 0.243393 0.04384
20558 726.999000 0.724599 -0.057012 0.098427 0.255145 0.243395 0.043827
20559 727.003000 0.724657 -0.057019 0.098219 0.255084 0.243398 0.043827
20560 727.008000 0.724644 -0.057026 0.098201 0.255098 0.243416 0.044035
20561 727.013000 0.724676 -0.057051 0.098195 0.255102 0.243417 0.044046
20562 727.017000 0.724622 -0.057031 0.09841 0.255178 0.243429 0.044049
20563 727.022000 0.724618 -0.057002 0.098477 0.255213 0.243421 0.043828
20564 727.026000 0.724689 -0.057028 0.09837 0.255184 0.243445 0.043812
20565 727.031000 0.724693 -0.057051 0.098378 0.255189 0.243461 0.04403
20566 727.035000 0.724737 -0.057047 0.098245 0.255139 0.243449 0.044023
20567 727.040000 0.72473 -0.057055 0.098362 0.255213 0.243474 0.0438
20568 727.044000 0.724732 -0.057053 0.098355 0.255219 0.243477 0.044117
20569 727.047000 0.724729 -0.057019 0.098422 0.255219 0.243468 0.043834
20570 727.052000 0.72477 -0.057053 0.098396 0.255214 0.243491 0.044033
20571 727.057000 0.724795 -0.057054 0.098418 0.255225 0.243494 0.043809
20572 727.061000 0.724806 -0.057028 0.098355 0.25524 0.243505 0.043802
20573 727.066000 0.724805 -0.057056 0.098369 0.255237 0.243518 0.044017
20574 727.070000 0.724797 -0.057077 0.098512 0.255253 0.243507 0.044005
20575 727.075000 0.724845 -0.057045 0.098478 0.255255 0.243519 0.043794
20576 727.079000 0.724873 -0.057079 0.098352 0.25526 0.243537 0.044039
20577 727.084000 0.72487 -0.057052 0.098442 0.255286 0.243524 0.043796
20578 727.088000 0.72488 -0.057048 0.098344 0.255276 0.243553 0.043791
20579 727.092000 0.724884 -0.057059 0.098496 0.255285 0.24354 0.043793
20580 727.097000 0.72494 -0.057089 0.098463 0.255285 0.243554 0.043996
20581 727.102000 0.725003 -0.057078 0.098129 0.255227 0.243575 0.043781
20582 727.106000 0.724973 -0.057064 0.098367 0.255286 0.243578 0.04379
20583 727.111000 0.725005 -0.057101 0.098369 0.255288 0.243591 0.043981
20584 727.116000 0.725032 -0.057092 0.098371 0.255298 0.243591 0.044
20585 727.120000 0.725017 -0.0571 0.098311 0.255319 0.243607 0.043997
20586 727.124000 0.72507 -0.057124 0.098194 0.255267 0.243596 0.043986
20587 727.129000 0.725073 -0.057087 0.098212 0.25527 0.243608 0.043776
20588 727.134000 0.725096 -0.057109 0.098209 0.25527 0.243618 0.043984
20589 727.138000 0.725134 -0.057135 0.098121 0.255276 0.243637 0.04397
20590 727.143000 0.725137 -0.057107 0.098194 0.255288 0.24363 0.043764
20591 727.148000 0.725171 -0.057103 0.098159 0.255277 0.243648 0.043811
20592 727.152000 0.725122 -0.057102 0.098431 0.255364 0.243643 0.04378
20593 727.157000 0.725145 -0.057138 0.09837 0.255363 0.243665 0.043976
20594 727.161000 0.725174 -0.057109 0.098287 0.255367 0.243681 0.04397
20595 727.166000 0.725176 -0.057129 0.098305 0.255371 0.24369 0.043761
20596 727.171000 0.725191 -0.057133 0.098338 0.255379 0.243695 0.043967
20597 727.175000 0.725246 -0.057141 0.098181 0.255341 0.243692 0.04396
20598 727.179000 0.725255 -0.057178 0.098102 0.255337 0.243711 0.04396
20599 727.184000 0.725318 -0.057152 0.098124 0.255328 0.243707 0.043991
20600 727.188000 0.72532 -0.057141 0.098083 0.255346 0.24372 0.043965
20601 727.193000 0.725227 -0.057149 0.098454 0.255439 0.243712 0.043754
20602 727.197000 0.72529 -0.057139 0.098313 0.25541 0.243737 0.043742
20603 727.202000 0.725298 -0.057147 0.098329 0.255417 0.243747 0.043948
20604 727.208000 0.725386 -0.057173 0.098162 0.255371 0.243745 0.043946
20605 727.213000 0.725358 -0.057149 0.098276 0.255443 0.243771 0.043729
20606 727.217000 0.725362 -0.057165 0.098268 0.25545 0.243776 0.044037
20607 727.222000 0.725393 -0.05715 0.098341 0.255449 0.243769 0.043744
20608 727.227000 0.725404 -0.057178 0.09835 0.255447 0.243782 0.043943
20609 727.231000 0.725461 -0.057188 0.098181 0.25541 0.243784 0.043939
20610 727.235000 0.725497 -0.057198 0.098085 0.255397 0.243799 0.043935
20611 727.238000 0.725482 -0.057171 0.098158 0.255408 0.243791 0.043734
20612 727.242000 0.725429 -0.057146 0.098395 0.255487 0.243804 0.043718
20613 727.245000 0.725525 -0.05719 0.098096 0.255412 0.243822 0.043928
20614 727.249000 0.725495 -0.057212 0.098313 0.255478 0.243829 0.043929
20615 727.253000 0.72554 -0.057179 0.098145 0.255433 0.243815 0.043764
20616 727.258000 0.72552 -0.057185 0.098238 0.255498 0.243845 0.043929
20617 727.262000 0.725583 -0.057215 0.098073 0.255442 0.243846 0.043926
20618 727.266000 0.725544 -0.057202 0.098293 0.255506 0.243856 0.043923
20619 727.269000 0.725534 -0.05717 0.098372 0.255535 0.24385 0.04371
20620 727.274000 0.725571 -0.057228 0.098301 0.255506 0.243867 0.043918
20621 727.277000 0.725654 -0.057202 0.098041 0.255448 0.243877 0.043702
20622 727.281000 0.725588 -0.057192 0.098275 0.255525 0.243884 0.043698
20623 727.286000 0.725601 -0.057207 0.098276 0.255532 0.243894 0.043906
20624 727.289000 0.725691 -0.057238 0.098034 0.255485 0.243895 0.043934
20625 727.293000 0.725627 -0.057204 0.09827 0.255553 0.243894 0.043911
20626 727.296000 0.725652 -0.0572 0.09829 0.255539 0.2439 0.043702
20627 727.300000 0.725668 -0.057194 0.098218 0.255551 0.243921 0.043701
20628 727.304000 0.725738 -0.057226 0.098052 0.255496 0.24392 0.043691
20629 727.308000 0.725717 -0.057221 0.098274 0.255556 0.243925 0.043695
20630 727.311000 0.72576 -0.05724 0.098027 0.255513 0.243935 0.043901
20631 727.315000 0.725778 -0.05725 0.098004 0.255518 0.243942 0.043889
20632 727.319000 0.725724 -0.057231 0.098269 0.255581 0.243947 0.043894
20633 727.323000 0.725812 -0.05724 0.098078 0.255509 0.243946 0.043735
20634 727.327000 0.725749 -0.057223 0.098282 0.255586 0.243957 0.043696
20635 727.331000 0.725783 -0.057233 0.098212 0.255603 0.243969 0.043681
20636 727.335000 0.725827 -0.057229 0.098093 0.255549 0.243956 0.043686
20637 727.339000 0.725865 -0.057228 0.098021 0.255543 0.243979 0.043677
20638 727.343000 0.725827 -0.057248 0.098265 0.255611 0.243987 0.043671
20639 727.347000 0.725901 -0.057248 0.098108 0.25555 0.243981 0.04367
20640 727.350000 0.725862 -0.057247 0.098224 0.255621 0.244005 0.043879
20641 727.354000 0.725919 -0.057275 0.098044 0.255555 0.244006 0.043877
20642 727.358000 0.725875 -0.05725 0.098257 0.255619 0.244006 0.043684
20643 727.361000 0.725954 -0.057274 0.098003 0.25557 0.244018 0.043884
20644 727.366000 0.725965 -0.057255 0.098026 0.255588 0.244024 0.043667
20645 727.370000 0.725976 -0.057272 0.097987 0.255594 0.244031 0.043661
20646 727.375000 0.725992 -0.05728 0.098025 0.255591 0.244039 0.043872
20647 727.379000 0.72593 -0.057265 0.098317 0.255677 0.244041 0.043876
20648 727.383000 0.726036 -0.057312 0.098108 0.25559 0.244041 0.04386
20649 727.387000 0.726039 -0.057309 0.098009 0.255604 0.244065 0.043868
20650 727.391000 0.726012 -0.057258 0.098237 0.255662 0.244061 0.043702
20651 727.396000 0.726027 -0.057283 0.098197 0.255673 0.244084 0.04387
20652 727.400000 0.726066 -0.057306 0.098055 0.255634 0.244075 0.043871
20653 727.403000 0.726103 -0.057289 0.09808 0.255618 0.244072 0.043665
20654 727.407000 0.726137 -0.057289 0.097975 0.255632 0.244096 0.043646
20655 727.411000 0.726026 -0.057293 0.098274 0.255725 0.244093 0.043645
20656 727.415000 0.726093 -0.05729 0.098176 0.255704 0.244118 0.043639
20657 727.419000 0.726133 -0.05729 0.098055 0.25566 0.244109 0.043646
20658 727.424000 0.726153 -0.057341 0.098063 0.255669 0.244119 0.04384
20659 727.428000 0.726183 -0.0573 0.097982 0.255663 0.244126 0.043649
20660 727.431000 0.726146 -0.057306 0.098154 0.255731 0.24414 0.043852
20661 727.435000 0.726207 -0.057318 0.098048 0.25568 0.244129 0.043849
20662 727.440000 0.726184 -0.057318 0.098175 0.255743 0.24416 0.043631
20663 727.443000 0.726199 -0.057329 0.098225 0.255746 0.244158 0.043841
20664 727.447000 0.726258 -0.057329 0.098015 0.255679 0.244162 0.043834
20665 727.451000 0.726188 -0.057354 0.098282 0.255766 0.244164 0.043831
20666 727.456000 0.726223 -0.057302 0.098285 0.255766 0.244171 0.043621
20667 727.460000 0.726256 -0.05734 0.098168 0.255764 0.244194 0.043868
20668 727.464000 0.726328 -0.057336 0.097977 0.255717 0.244189 0.043844
20669 727.469000 0.726318 -0.057324 0.09802 0.255724 0.244187 0.043625
20670 727.473000 0.726271 -0.057309 0.098269 0.255797 0.244197 0.043624
20671 727.476000 0.726284 -0.057344 0.098296 0.255794 0.244202 0.043835
20672 727.480000 0.726315 -0.057362 0.098148 0.255787 0.244235 0.04382
20673 727.484000 0.726393 -0.057367 0.09796 0.255738 0.244231 0.043824
20674 727.488000 0.726408 -0.057356 0.09791 0.255745 0.244241 0.043817
20675 727.492000 0.726348 -0.05738 0.098167 0.255812 0.244246 0.04381
20676 727.496000 0.726425 -0.057353 0.098022 0.255754 0.244232 0.043624
20677 727.499000 0.726411 -0.057372 0.098143 0.255819 0.244259 0.043824
20678 727.502000 0.7264 -0.057341 0.098183 0.25583 0.244254 0.04361
20679 727.507000 0.726415 -0.057379 0.098171 0.255825 0.24427 0.043809
20680 727.511000 0.726477 -0.057383 0.098008 0.255773 0.244267 0.043819
20681 727.515000 0.726513 -0.057375 0.097918 0.255774 0.244288 0.043808
20682 727.519000 0.72645 -0.05737 0.09816 0.255853 0.244292 0.043805
20683 727.524000 0.7265 -0.057366 0.098165 0.25584 0.244296 0.043587
20684 727.527000 0.726538 -0.057392 0.097918 0.255797 0.244311 0.043807
20685 727.531000 0.726506 -0.057349 0.098161 0.255856 0.244304 0.043609
20686 727.535000 0.726532 -0.05738 0.098109 0.25587 0.244321 0.043593
20687 727.539000 0.726577 -0.057387 0.097947 0.25582 0.244317 0.043587
20688 727.543000 0.72654 -0.057374 0.098164 0.255877 0.244327 0.043589
20689 727.547000 0.726565 -0.057388 0.098102 0.25588 0.244345 0.043576
20690 727.551000 0.726637 -0.0574 0.097941 0.255824 0.244344 0.043582
20691 727.555000 0.72658 -0.057366 0.098224 0.255911 0.244342 0.043574
20692 727.559000 0.726632 -0.057374 0.098118 0.255892 0.244359 0.043573
20693 727.564000 0.726645 -0.057388 0.098155 0.255895 0.244359 0.04362
20694 727.568000 0.726643 -0.057392 0.098106 0.25591 0.244375 0.043591
20695 727.572000 0.726698 -0.057395 0.097936 0.255861 0.244377 0.043582
20696 727.577000 0.726645 -0.05742 0.098255 0.255937 0.24437 0.04378
20697 727.584000 0.726763 -0.057408 0.097881 0.255868 0.244405 0.043577
20698 727.588000 0.726726 -0.05742 0.098125 0.255931 0.244407 0.043557
20699 727.593000 0.726751 -0.057434 0.098133 0.255937 0.244417 0.043768
20700 727.596000 0.726798 -0.057435 0.09789 0.255892 0.244423 0.043859
20701 727.600000 0.726812 -0.057427 0.097872 0.255901 0.244424 0.043788
20702 727.604000 0.726759 -0.057428 0.098128 0.255965 0.24443 0.043769
20703 727.609000 0.726802 -0.057406 0.098106 0.255957 0.24445 0.043557
20704 727.615000 0.7269 -0.057453 0.097884 0.255907 0.244453 0.043549
20705 727.619000 0.726843 -0.057431 0.098119 0.255972 0.244458 0.043553
20706 727.624000 0.726831 -0.057438 0.098183 0.255997 0.244461 0.043755
20707 727.629000 0.726843 -0.057445 0.098198 0.25601 0.244471 0.043538
20708 727.633000 0.726887 -0.057468 0.098084 0.255991 0.244488 0.04379
20709 727.637000 0.726865 -0.057453 0.09822 0.256018 0.24447 0.043761
20710 727.641000 0.726916 -0.057461 0.098071 0.255999 0.244503 0.043763
20711 727.645000 0.726923 -0.057466 0.098027 0.256016 0.244516 0.043746
20712 727.648000 0.72693 -0.057437 0.09809 0.25602 0.24451 0.043538
20713 727.653000 0.726943 -0.057461 0.098062 0.256022 0.244531 0.043743
20714 727.657000 0.727002 -0.057508 0.09788 0.255972 0.244528 0.043745
20715 727.660000 0.727036 -0.057466 0.097931 0.25596 0.244514 0.04354
20716 727.665000 0.726996 -0.05745 0.098032 0.256036 0.244545 0.043582
20717 727.669000 0.727066 -0.057456 0.097867 0.255986 0.244542 0.043541
20718 727.673000 0.727042 -0.057479 0.098092 0.256046 0.244548 0.043541
20719 727.677000 0.727043 -0.057468 0.09803 0.256062 0.244563 0.043524
20720 727.682000 0.727045 -0.057456 0.098144 0.256082 0.244556 0.043731
20721 727.686000 0.727115 -0.057504 0.097952 0.256001 0.244562 0.043727
20722 727.690000 0.727165 -0.057513 0.097858 0.256 0.244588 0.043737
20723 727.694000 0.72716 -0.0575 0.097831 0.256027 0.244594 0.043722
20724 727.698000 0.727098 -0.057506 0.098154 0.256104 0.244583 0.043723
20725 727.702000 0.727147 -0.057473 0.098064 0.256076 0.244599 0.043557
20726 727.706000 0.727187 -0.057496 0.097892 0.256032 0.244605 0.043535
20727 727.710000 0.727195 -0.057478 0.098099 0.256086 0.24461 0.04352
20728 727.714000 0.727178 -0.057506 0.098032 0.256106 0.244626 0.043518
20729 727.718000 0.727222 -0.057498 0.097908 0.256055 0.244616 0.04351
20730 727.722000 0.727194 -0.057486 0.098161 0.256125 0.244625 0.043512
20731 727.726000 0.72721 -0.057511 0.098041 0.256118 0.244655 0.043495
20732 727.729000 0.72723 -0.057528 0.098074 0.256111 0.24465 0.043709
20733 727.733000 0.727274 -0.057532 0.097907 0.256078 0.244647 0.043716
20734 727.737000 0.727314 -0.057506 0.097817 0.256072 0.244659 0.043515
20735 727.740000 0.727297 -0.057538 0.097886 0.256088 0.244654 0.043714
20736 727.745000 0.72735 -0.057525 0.097845 0.256075 0.244674 0.043501
20737 727.749000 0.727342 -0.057508 0.098051 0.256138 0.244681 0.043507
20738 727.754000 0.727307 -0.057544 0.098039 0.256155 0.244693 0.0437
20739 727.758000 0.72734 -0.057538 0.097976 0.256163 0.24471 0.043692
20740 727.762000 0.727378 -0.057544 0.097865 0.256118 0.244699 0.043694
20741 727.766000 0.72736 -0.057562 0.098055 0.256168 0.244717 0.043683
20742 727.770000 0.727381 -0.05754 0.097993 0.256188 0.244723 0.043497
20743 727.774000 0.727383 -0.057516 0.097974 0.256196 0.244728 0.043483
20744 727.778000 0.727458 -0.05754 0.09783 0.256131 0.244727 0.043486
20745 727.782000 0.727432 -0.057539 0.098054 0.256188 0.244736 0.043478
20746 727.787000 0.727445 -0.057568 0.098051 0.256199 0.244754 0.043695
20747 727.790000 0.727509 -0.057554 0.097804 0.256147 0.244755 0.043481
20748 727.794000 0.727454 -0.057552 0.098101 0.256226 0.244748 0.043463
20749 727.799000 0.72745 -0.057568 0.098116 0.256233 0.244763 0.043674
20750 727.802000 0.727571 -0.05758 0.097826 0.256148 0.244773 0.04377
20751 727.807000 0.727596 -0.057592 0.09782 0.256158 0.244777 0.043475
20752 727.811000 0.727491 -0.057559 0.098097 0.256261 0.244774 0.043478
20753 727.815000 0.727552 -0.057558 0.097986 0.256232 0.244797 0.043466
20754 727.819000 0.727588 -0.05756 0.097858 0.256192 0.244793 0.043471
20755 727.823000 0.727565 -0.05756 0.098102 0.25626 0.2448 0.043458
20756 727.827000 0.727574 -0.057575 0.097988 0.256254 0.244827 0.043463
20757 727.832000 0.72761 -0.057587 0.097975 0.256259 0.244833 0.043658
20758 727.838000 0.727652 -0.057584 0.097845 0.256216 0.244818 0.043481
20759 727.842000 0.727614 -0.057557 0.098093 0.256293 0.244827 0.043456
20760 727.846000 0.72771 -0.057592 0.097877 0.256214 0.244833 0.043465
20761 727.850000 0.727724 -0.057598 0.097766 0.256224 0.244856 0.043447
20762 727.854000 0.727672 -0.05758 0.098064 0.256306 0.244852 0.043449
20763 727.858000 0.727696 -0.05758 0.097961 0.256291 0.244877 0.043441
20764 727.863000 0.727719 -0.057629 0.097965 0.256296 0.24489 0.043652
20765 727.866000 0.727767 -0.057591 0.098001 0.256292 0.244883 0.043434
20766 727.870000 0.727727 -0.057622 0.09794 0.256319 0.2449 0.043734
20767 727.874000 0.727745 -0.057599 0.097926 0.256328 0.244901 0.043654
20768 727.877000 0.727778 -0.057598 0.097994 0.25632 0.244893 0.04344
20769 727.881000 0.727855 -0.057617 0.097799 0.25625 0.244903 0.043445
20770 727.886000 0.727843 -0.057647 0.097782 0.256277 0.244919 0.043644
20771 727.890000 0.727797 -0.057646 0.097987 0.256335 0.244927 0.043644
20772 727.894000 0.727833 -0.057633 0.09792 0.256342 0.244943 0.043633
20773 727.898000 0.727876 -0.05764 0.097806 0.256299 0.244932 0.043642
20774 727.902000 0.727847 -0.057644 0.098057 0.256362 0.244935 0.043624
20775 727.906000 0.727921 -0.057647 0.097849 0.2563 0.244933 0.043449
20776 727.910000 0.727942 -0.057631 0.097737 0.256302 0.244955 0.043426
20777 727.915000 0.727931 -0.057637 0.097794 0.256321 0.244956 0.043633
20778 727.918000 0.727973 -0.057643 0.097826 0.256303 0.244955 0.043419
20779 727.922000 0.72801 -0.057654 0.097732 0.256311 0.244983 0.043425
20780 727.927000 0.727982 -0.057669 0.097747 0.256334 0.244989 0.043626
20781 727.931000 0.727951 -0.057671 0.097961 0.256392 0.244999 0.043613
20782 727.935000 0.727985 -0.057661 0.097902 0.256395 0.245014 0.043613
20783 727.939000 0.728024 -0.057639 0.097792 0.256355 0.244993 0.043425
20784 727.943000 0.728016 -0.05768 0.097982 0.256403 0.24501 0.043409
20785 727.947000 0.728026 -0.057648 0.097906 0.256422 0.245027 0.043407
20786 727.951000 0.728109 -0.057661 0.097739 0.256349 0.245024 0.043408
20787 727.956000 0.728062 -0.057694 0.097887 0.25643 0.24505 0.0436
20788 727.960000 0.728096 -0.057685 0.097787 0.256385 0.245036 0.043615
20789 727.962000 0.728127 -0.057693 0.097743 0.256375 0.245049 0.043605
20790 727.967000 0.728142 -0.057673 0.097755 0.25638 0.245053 0.043392
20791 727.971000 0.728161 -0.05771 0.09771 0.256383 0.245065 0.043695
20792 727.974000 0.72811 -0.057657 0.097896 0.256455 0.245069 0.043405
20793 727.978000 0.7281 -0.057671 0.098071 0.256472 0.245055 0.043399
20794 727.983000 0.728156 -0.057686 0.09804 0.25647 0.245073 0.043603
20795 727.987000 0.728169 -0.057719 0.097913 0.256465 0.245096 0.043601
20796 727.991000 0.728184 -0.057695 0.097872 0.256473 0.245106 0.043591
20797 727.995000 0.728245 -0.057706 0.097719 0.256415 0.245106 0.043599
20798 727.999000 0.728205 -0.057702 0.098003 0.256498 0.245104 0.043584
20799 728.004000 0.728237 -0.057714 0.097956 0.256482 0.245121 0.043675
20800 728.008000 0.728245 -0.057708 0.097881 0.256499 0.245128 0.043596
20801 728.012000 0.72828 -0.057723 0.097754 0.256452 0.245118 0.043586
20802 728.016000 0.728266 -0.057718 0.097939 0.256501 0.24514 0.043587
20803 728.020000 0.728323 -0.057714 0.097762 0.256451 0.24514 0.043582
20804 728.025000 0.72835 -0.057743 0.097759 0.256468 0.245148 0.043376
20805 728.029000 0.728306 -0.057708 0.09792 0.256514 0.245161 0.043363
20806 728.034000 0.728397 -0.057725 0.097639 0.256467 0.245179 0.04357
20807 728.037000 0.728393 -0.057706 0.097726 0.256476 0.245167 0.04336
20808 728.041000 0.728422 -0.057749 0.097661 0.256482 0.245183 0.043605
20809 728.045000 0.72837 -0.05773 0.097903 0.256557 0.245184 0.043573
20810 728.050000 0.728394 -0.057711 0.097877 0.256547 0.245202 0.043362
20811 728.054000 0.728417 -0.057731 0.097842 0.256559 0.245213 0.043356
20812 728.058000 0.728453 -0.057727 0.097735 0.256514 0.245202 0.043353
20813 728.062000 0.728439 -0.057721 0.097993 0.25658 0.245207 0.043353
20814 728.066000 0.728442 -0.057746 0.097877 0.256576 0.245232 0.043339
20815 728.070000 0.728471 -0.057738 0.097847 0.256576 0.24524 0.043344
20816 728.075000 0.728492 -0.057731 0.097911 0.256582 0.245235 0.043395
20817 728.079000 0.728552 -0.057774 0.097711 0.256516 0.245239 0.043363
20818 728.083000 0.728574 -0.057751 0.097653 0.256541 0.245252 0.043347
20819 728.087000 0.728517 -0.057751 0.097901 0.256603 0.245259 0.043352
20820 728.091000 0.728557 -0.057729 0.097843 0.256605 0.245275 0.043344
20821 728.096000 0.728557 -0.057769 0.097858 0.256609 0.245286 0.043541
20822 728.100000 0.728536 -0.057784 0.098004 0.256639 0.245275 0.043542
20823 728.104000 0.728585 -0.057766 0.097851 0.256613 0.245299 0.043537
20824 728.108000 0.728608 -0.057775 0.097818 0.256629 0.245303 0.043377
20825 728.112000 0.728671 -0.057767 0.097658 0.256574 0.245298 0.043338
20826 728.116000 0.728633 -0.057769 0.097881 0.256638 0.245308 0.043339
20827 728.120000 0.728657 -0.057796 0.097824 0.256652 0.245323 0.043332
20828 728.124000 0.728629 -0.05777 0.097979 0.25666 0.245304 0.043326
20829 728.128000 0.728682 -0.057777 0.097842 0.256646 0.245341 0.043332
20830 728.132000 0.728748 -0.057779 0.097699 0.256598 0.245329 0.043323
20831 728.136000 0.728702 -0.057799 0.097878 0.256652 0.245347 0.043326
20832 728.140000 0.728722 -0.057786 0.097801 0.256682 0.245364 0.04331
20833 728.144000 0.728771 -0.057808 0.097636 0.256619 0.245355 0.043561
20834 728.148000 0.728723 -0.057805 0.097916 0.256702 0.245353 0.043526
20835 728.152000 0.728765 -0.057813 0.097818 0.256688 0.245379 0.043531
20836 728.161000 0.728848 -0.05783 0.097639 0.256638 0.245384 0.043305
20837 728.165000 0.728798 -0.057805 0.097851 0.2567 0.245396 0.043305
20838 728.168000 0.728783 -0.057818 0.097924 0.256719 0.245391 0.043517
20839 728.170000 0.728826 -0.057821 0.097843 0.256706 0.245409 0.04351
20840 728.174000 0.728846 -0.057845 0.097783 0.256714 0.245424 0.043507
20841 728.178000 0.728921 -0.057826 0.097625 0.256669 0.245412 0.043316
20842 728.182000 0.728882 -0.057805 0.097844 0.25672 0.245414 0.043313
20843 728.186000 0.728933 -0.057824 0.097679 0.256669 0.245415 0.043306
20844 728.189000 0.72889 -0.057847 0.097797 0.256735 0.245445 0.043503
20845 728.193000 0.728956 -0.05786 0.097667 0.256686 0.245436 0.043513
20846 728.197000 0.728988 -0.057845 0.097588 0.256682 0.245453 0.0435
20847 728.201000 0.728994 -0.057874 0.097576 0.256706 0.245459 0.043498
20848 728.205000 0.729005 -0.05785 0.09758 0.256707 0.245464 0.043488
20849 728.209000 0.72895 -0.057834 0.097916 0.256782 0.245458 0.043498
20850 728.213000 0.729021 -0.057831 0.097727 0.256702 0.245454 0.043306
20851 728.215000 0.729048 -0.057854 0.097662 0.256698 0.245471 0.043292
20852 728.220000 0.728997 -0.05787 0.097793 0.256794 0.245496 0.043501
20853 728.224000 0.72902 -0.057842 0.097778 0.256791 0.245499 0.04349
20854 728.228000 0.729073 -0.057899 0.097632 0.256731 0.245502 0.043493
20855 728.232000 0.729074 -0.057863 0.097849 0.256777 0.245507 0.043482
20856 728.236000 0.729114 -0.05789 0.097686 0.256744 0.245509 0.043492
20857 728.240000 0.729069 -0.057862 0.097843 0.256791 0.245523 0.043478
20858 728.244000 0.729103 -0.057866 0.097769 0.256802 0.245535 0.043326
20859 728.248000 0.729078 -0.057843 0.097911 0.256824 0.245518 0.043281
20860 728.252000 0.729136 -0.057852 0.097769 0.256814 0.24555 0.043282
20861 728.256000 0.729233 -0.057889 0.097577 0.256756 0.245549 0.043267
20862 728.260000 0.729163 -0.057869 0.097792 0.256832 0.245555 0.04327
20863 728.264000 0.729209 -0.057873 0.097626 0.256768 0.24555 0.043264
20864 728.267000 0.729213 -0.057872 0.097743 0.256827 0.245578 0.043466
20865 728.271000 0.729259 -0.057917 0.097571 0.256777 0.245581 0.043472
20866 728.276000 0.729272 -0.057894 0.097572 0.256793 0.245588 0.043252
20867 728.281000 0.729234 -0.057866 0.097723 0.256866 0.245593 0.04327
20868 728.286000 0.729249 -0.0579 0.097786 0.256866 0.245595 0.043465
20869 728.291000 0.729329 -0.057885 0.097547 0.256813 0.24561 0.043251
20870 728.295000 0.729282 -0.05792 0.097808 0.256885 0.245615 0.04325
20871 728.299000 0.729285 -0.057893 0.097755 0.256884 0.245626 0.043243
20872 728.302000 0.729316 -0.057901 0.097803 0.256877 0.245625 0.043453
20873 728.307000 0.729327 -0.057888 0.097808 0.256881 0.245639 0.043238
20874 728.310000 0.729417 -0.057946 0.097555 0.256824 0.245648 0.043445
20875 728.314000 0.72935 -0.0579 0.097795 0.256892 0.24564 0.043267
20876 728.319000 0.729422 -0.057927 0.09753 0.256858 0.245654 0.043454
20877 728.322000 0.729401 -0.057946 0.097619 0.256862 0.245645 0.043236
20878 728.326000 0.729415 -0.057908 0.097801 0.256902 0.245664 0.043234
20879 728.330000 0.729438 -0.057926 0.097628 0.25686 0.245667 0.043238
20880 728.335000 0.729468 -0.057938 0.097611 0.256876 0.245679 0.043441
20881 728.338000 0.729445 -0.05794 0.09773 0.256931 0.245695 0.043223
20882 728.342000 0.729459 -0.057914 0.097696 0.256939 0.245705 0.04322
20883 728.347000 0.729468 -0.05792 0.09773 0.256943 0.245708 0.043279
20884 728.351000 0.72954 -0.057945 0.097553 0.256887 0.245706 0.043232
20885 728.355000 0.729517 -0.057936 0.097771 0.256957 0.245712 0.043236
20886 728.360000 0.7295 -0.057946 0.097759 0.256961 0.245728 0.043436
20887 728.363000 0.729601 -0.057962 0.097512 0.256894 0.245732 0.043225
20888 728.367000 0.729536 -0.057931 0.097747 0.256972 0.245741 0.043214
20889 728.371000 0.729634 -0.057953 0.097546 0.256901 0.245746 0.043221
20890 728.375000 0.729639 -0.057947 0.097491 0.256928 0.245758 0.043207
20891 728.379000 0.729637 -0.057974 0.097484 0.256936 0.24576 0.043512
20892 728.383000 0.729595 -0.05795 0.097747 0.256998 0.24576 0.043426
20893 728.388000 0.729635 -0.057942 0.097767 0.256993 0.24577 0.043212
20894 728.392000 0.729699 -0.057967 0.097601 0.256929 0.245763 0.043214
20895 728.395000 0.729649 -0.057987 0.097717 0.257012 0.245793 0.043411
20896 728.400000 0.72962 -0.057944 0.09781 0.257039 0.245783 0.0432
20897 728.404000 0.729681 -0.057997 0.097715 0.257016 0.245808 0.043203
20898 728.408000 0.72975 -0.05798 0.097535 0.256953 0.245808 0.043194
20899 728.412000 0.729698 -0.057982 0.097813 0.257047 0.245809 0.043504
20900 728.416000 0.729723 -0.057982 0.097702 0.25704 0.245822 0.043413
20901 728.420000 0.72976 -0.058004 0.097571 0.256992 0.245814 0.043416
20902 728.425000 0.729785 -0.057979 0.097579 0.256991 0.245825 0.043203
20903 728.429000 0.72976 -0.057961 0.097811 0.257062 0.245834 0.043192
20904 728.434000 0.72984 -0.058015 0.09748 0.257005 0.245857 0.043389
20905 728.438000 0.729853 -0.058009 0.097458 0.257012 0.245863 0.043391
20906 728.443000 0.729886 -0.057986 0.097508 0.257001 0.245865 0.04318
20907 728.448000 0.729888 -0.058001 0.097569 0.257021 0.245858 0.043199
20908 728.452000 0.729852 -0.058011 0.097753 0.257084 0.245879 0.043193
20909 728.457000 0.729823 -0.058037 0.097788 0.257111 0.24588 0.043385
20910 728.462000 0.729947 -0.058015 0.09747 0.257034 0.245903 0.043175
20911 728.466000 0.729908 -0.058006 0.097713 0.257096 0.245907 0.04318
20912 728.470000 0.729954 -0.058007 0.097551 0.25705 0.245904 0.043175
20913 728.475000 0.729937 -0.058036 0.09765 0.257119 0.245932 0.043368
20914 728.477000 0.729943 -0.058038 0.097643 0.257121 0.245934 0.043378
20915 728.481000 0.729902 -0.057998 0.097814 0.25714 0.245912 0.043186
20916 728.485000 0.729979 -0.058044 0.097681 0.257122 0.245944 0.043176
20917 728.489000 0.730043 -0.058033 0.097534 0.257065 0.24593 0.04317
20918 728.493000 0.730055 -0.058031 0.097457 0.257085 0.245953 0.04317
20919 728.497000 0.730001 -0.058013 0.097692 0.257146 0.245961 0.043157
20920 728.501000 0.730035 -0.058038 0.097643 0.257149 0.245976 0.043161
20921 728.505000 0.730086 -0.058034 0.097527 0.257097 0.245963 0.043152
20922 728.510000 0.730091 -0.058055 0.09754 0.257112 0.245975 0.043358
20923 728.514000 0.730029 -0.058037 0.097782 0.257182 0.24597 0.043166
20924 728.518000 0.730073 -0.05803 0.097656 0.257172 0.246001 0.043155
20925 728.522000 0.730079 -0.058038 0.097795 0.257184 0.245987 0.043155
20926 728.526000 0.730111 -0.058069 0.097647 0.257179 0.246022 0.043153
20927 728.530000 0.73022 -0.058071 0.097453 0.257118 0.246019 0.043148
20928 728.534000 0.730207 -0.058066 0.097406 0.257141 0.246026 0.043146
20929 728.539000 0.730215 -0.058101 0.097444 0.25714 0.246033 0.043348
20930 728.543000 0.730197 -0.058073 0.097667 0.257196 0.246041 0.043341
20931 728.547000 0.730247 -0.058064 0.097516 0.257143 0.246027 0.043164
20932 728.551000 0.730266 -0.058058 0.097425 0.257162 0.246049 0.043143
20933 728.555000 0.730278 -0.058081 0.097408 0.257169 0.246057 0.043139
20934 728.559000 0.730248 -0.058058 0.097665 0.257225 0.246061 0.043133
20935 728.564000 0.73027 -0.058069 0.097676 0.257222 0.246075 0.043333
20936 728.567000 0.730276 -0.05808 0.097758 0.257243 0.246068 0.043123
20937 728.572000 0.730338 -0.05811 0.097427 0.25718 0.246091 0.043338
20938 728.576000 0.730355 -0.0581 0.097401 0.257191 0.246099 0.043328
20939 728.581000 0.730367 -0.058117 0.097447 0.257196 0.246098 0.043355
20940 728.585000 0.730336 -0.058109 0.097674 0.257255 0.246105 0.043346
20941 728.589000 0.730389 -0.058121 0.097505 0.257219 0.246106 0.043333
20942 728.594000 0.730417 -0.058102 0.097495 0.257203 0.246107 0.043117
20943 728.598000 0.730438 -0.058104 0.097405 0.257211 0.246135 0.043114
20944 728.602000 0.730371 -0.058077 0.097704 0.257304 0.246131 0.043106
20945 728.606000 0.730426 -0.058133 0.09761 0.257288 0.246153 0.043102
20946 728.612000 0.730463 -0.058146 0.097485 0.257242 0.246141 0.043412
20947 728.616000 0.730413 -0.058105 0.097733 0.257317 0.246147 0.043324
20948 728.620000 0.730504 -0.058152 0.097513 0.257238 0.246153 0.043321
20949 728.626000 0.730492 -0.05813 0.097705 0.257325 0.24617 0.043323
20950 728.630000 0.730496 -0.058131 0.097588 0.257322 0.246192 0.043305
20951 728.634000 0.730549 -0.05816 0.097458 0.257265 0.246182 0.043308
20952 728.638000 0.730517 -0.058132 0.097702 0.25734 0.246192 0.043301
20953 728.643000 0.730511 -0.058121 0.097707 0.257352 0.246204 0.043091
20954 728.647000 0.730562 -0.058165 0.097589 0.257346 0.246219 0.043325
20955 728.651000 0.730611 -0.058163 0.097451 0.25729 0.246203 0.043306
20956 728.656000 0.730647 -0.058144 0.097461 0.257289 0.246214 0.043106
20957 728.659000 0.730605 -0.058143 0.097578 0.257358 0.246247 0.043296
20958 728.663000 0.730638 -0.058179 0.097447 0.257311 0.246235 0.043294
20959 728.667000 0.730691 -0.05816 0.097368 0.257311 0.246251 0.043288
20960 728.671000 0.73069 -0.05816 0.097353 0.25732 0.246259 0.043286
20961 728.675000 0.730655 -0.058169 0.097616 0.257379 0.246264 0.043278
20962 728.679000 0.730671 -0.058146 0.097576 0.257383 0.246274 0.043124
20963 728.683000 0.730636 -0.058151 0.09774 0.257408 0.246258 0.043098
20964 728.687000 0.730708 -0.058186 0.097595 0.257396 0.246286 0.043074
20965 728.691000 0.730724 -0.058163 0.097552 0.257405 0.246294 0.043083
20966 728.695000 0.730781 -0.058165 0.09739 0.25734 0.246293 0.043073
20967 728.699000 0.730719 -0.058165 0.09768 0.257429 0.246295 0.043078
20968 728.702000 0.730809 -0.058212 0.09739 0.25735 0.24631 0.043281
20969 728.707000 0.73081 -0.058196 0.097396 0.257367 0.246317 0.043072
20970 728.711000 0.730762 -0.058182 0.0976 0.257425 0.246327 0.043359
20971 728.715000 0.73083 -0.058212 0.097435 0.257375 0.246318 0.04329
20972 728.720000 0.730874 -0.05819 0.097428 0.257374 0.246325 0.043066
20973 728.724000 0.730843 -0.058171 0.097659 0.257455 0.246335 0.043061
20974 728.728000 0.730854 -0.058212 0.09754 0.257451 0.246358 0.043051
20975 728.732000 0.730867 -0.058181 0.097508 0.257458 0.246367 0.043049
20976 728.737000 0.730874 -0.058205 0.097576 0.257461 0.246369 0.043264
20977 728.740000 0.730886 -0.058167 0.097666 0.257474 0.246361 0.043045
20978 728.744000 0.730957 -0.058235 0.097452 0.257407 0.246368 0.043346
20979 728.749000 0.730906 -0.058193 0.097528 0.257482 0.246393 0.043055
20980 728.753000 0.730939 -0.058197 0.097511 0.25749 0.246401 0.043057
20981 728.757000 0.730995 -0.058208 0.097406 0.257437 0.246387 0.043047
20982 728.762000 0.730967 -0.058222 0.09753 0.257497 0.246419 0.04325
20983 728.769000 0.731048 -0.058238 0.097432 0.257433 0.246406 0.043038
20984 728.773000 0.730966 -0.058209 0.097662 0.257519 0.24642 0.043034
20985 728.778000 0.731089 -0.058211 0.09733 0.257448 0.246439 0.043079
20986 728.781000 0.731085 -0.05826 0.097396 0.25746 0.246428 0.043252
20987 728.785000 0.731109 -0.058261 0.097318 0.257475 0.246449 0.043243
20988 728.790000 0.731124 -0.058228 0.097392 0.257469 0.246439 0.043032
20989 728.794000 0.731151 -0.058231 0.097324 0.257472 0.246465 0.043034
20990 728.798000 0.731094 -0.058228 0.097631 0.257559 0.246461 0.043021
20991 728.802000 0.731122 -0.05825 0.097537 0.257553 0.246484 0.043028
20992 728.807000 0.731109 -0.058257 0.09757 0.257553 0.246488 0.043232
20993 728.811000 0.7312 -0.058255 0.097411 0.25749 0.246477 0.043068
20994 728.815000 0.731142 -0.058233 0.097645 0.257575 0.246487 0.043033
20995 728.819000 0.731227 -0.058254 0.097412 0.257506 0.246492 0.043029
20996 728.823000 0.731246 -0.058272 0.097302 0.257513 0.246514 0.043019
20997 728.827000 0.731197 -0.058238 0.097591 0.257598 0.24651 0.04301
20998 728.832000 0.731217 -0.058267 0.09761 0.2576 0.246523 0.043224
20999 728.836000 0.73124 -0.058289 0.097496 0.257588 0.246548 0.043207
21000 728.840000 0.731312 -0.058301 0.097319 0.257539 0.246548 0.043218
21001 728.844000 0.73132 -0.058257 0.097276 0.257547 0.246547 0.043049
21002 728.848000 0.731279 -0.058259 0.097531 0.257609 0.24655 0.043021
21003 728.852000 0.731294 -0.058269 0.097478 0.257618 0.246569 0.043004
21004 728.856000 0.731262 -0.058272 0.097645 0.257637 0.246556 0.043012
21005 728.861000 0.731386 -0.058299 0.097292 0.257566 0.246582 0.043211
21006 728.864000 0.731349 -0.058284 0.097466 0.257633 0.24659 0.043
21007 728.868000 0.731408 -0.058284 0.097305 0.257568 0.246589 0.04299
21008 728.873000 0.731404 -0.058295 0.097355 0.257589 0.246594 0.043195
21009 728.877000 0.73139 -0.058297 0.09761 0.257657 0.246592 0.043033
21010 728.881000 0.731401 -0.058287 0.097489 0.257654 0.246611 0.042994
21011 728.885000 0.731417 -0.058289 0.097458 0.257662 0.246623 0.04299
21012 728.889000 0.731481 -0.058329 0.097303 0.2576 0.246623 0.04299
21013 728.893000 0.731424 -0.058291 0.097589 0.257686 0.246624 0.042981
21014 728.897000 0.731479 -0.058311 0.097489 0.25767 0.246647 0.04299
21015 728.902000 0.731432 -0.058301 0.097581 0.257707 0.246638 0.043193
21016 728.906000 0.731497 -0.058339 0.097481 0.257677 0.246661 0.043178
21017 728.910000 0.731562 -0.058318 0.097311 0.257619 0.246657 0.043028
21018 728.914000 0.731524 -0.058291 0.097516 0.257689 0.246665 0.042985
21019 728.918000 0.73158 -0.058347 0.097351 0.257646 0.246659 0.042983
21020 728.922000 0.731503 -0.0583 0.097573 0.257728 0.24667 0.042973
21021 728.926000 0.731569 -0.058319 0.097456 0.257705 0.246696 0.042975
21022 728.930000 0.731625 -0.05834 0.097316 0.257657 0.246686 0.042962
21023 728.934000 0.731569 -0.058318 0.097564 0.257737 0.246694 0.042962
21024 728.938000 0.731615 -0.058328 0.09745 0.25773 0.246718 0.042954
21025 728.943000 0.731596 -0.058339 0.097549 0.257754 0.246703 0.043004
21026 728.947000 0.731645 -0.058334 0.097452 0.257737 0.246725 0.042967
21027 728.951000 0.731684 -0.058338 0.097326 0.257694 0.246718 0.042975
21028 728.955000 0.731673 -0.058339 0.097507 0.257746 0.246739 0.042962
21029 728.959000 0.731683 -0.058359 0.097436 0.257757 0.246752 0.042957
21030 728.963000 0.731749 -0.05835 0.097309 0.257694 0.246736 0.042951
21031 728.967000 0.731774 -0.058347 0.097239 0.257699 0.246761 0.042955
21032 728.971000 0.731721 -0.058363 0.097479 0.257769 0.24677 0.04294
21033 728.975000 0.731748 -0.058384 0.09743 0.257785 0.246782 0.043246
21034 728.979000 0.731801 -0.058372 0.097311 0.257725 0.246757 0.043168
21035 728.983000 0.731739 -0.058354 0.097563 0.257801 0.246772 0.043163
21036 728.987000 0.731809 -0.05838 0.09744 0.257783 0.2468 0.043151
21037 728.991000 0.731782 -0.058374 0.097579 0.257802 0.246786 0.043154
21038 728.996000 0.731873 -0.058369 0.097223 0.25774 0.24681 0.042938
21039 729.000000 0.731803 -0.058369 0.097516 0.257829 0.246806 0.042938
21040 729.004000 0.731852 -0.058371 0.097416 0.25781 0.246829 0.042929
21041 729.008000 0.731883 -0.058404 0.097292 0.257767 0.246821 0.043238
21042 729.012000 0.731856 -0.0584 0.097537 0.257844 0.246822 0.043146
21043 729.016000 0.731887 -0.058411 0.097424 0.257837 0.246846 0.043147
21044 729.020000 0.731905 -0.058393 0.097388 0.257841 0.246855 0.043136
21045 729.025000 0.731927 -0.0584 0.097419 0.257839 0.246863 0.04292
21046 729.029000 0.731965 -0.058399 0.097292 0.257794 0.246854 0.042925
21047 729.032000 0.732003 -0.058418 0.097317 0.257776 0.246854 0.043136
21048 729.036000 0.732017 -0.058419 0.097211 0.257796 0.24688 0.043123
21049 729.040000 0.731925 -0.058419 0.097507 0.257884 0.246874 0.043124
21050 729.044000 0.731994 -0.058394 0.097408 0.257864 0.24689 0.042931
21051 729.049000 0.732006 -0.058416 0.097444 0.257876 0.246897 0.043136
21052 729.053000 0.732063 -0.058448 0.097285 0.257834 0.246894 0.043121
21053 729.058000 0.732084 -0.058413 0.097278 0.257821 0.246898 0.042911
21054 729.065000 0.732126 -0.058466 0.097213 0.257824 0.246928 0.043117
21055 729.069000 0.732053 -0.058424 0.097486 0.257916 0.246927 0.043108
21056 729.071000 0.732119 -0.058435 0.097416 0.257898 0.24694 0.043104
21057 729.074000 0.732052 -0.058433 0.097502 0.257934 0.246931 0.043199
21058 729.076000 0.732095 -0.058438 0.097425 0.257908 0.246939 0.043142
21059 729.079000 0.732181 -0.058433 0.097177 0.257848 0.246945 0.042907
21060 729.084000 0.732183 -0.058457 0.097251 0.257867 0.246944 0.043119
21061 729.087000 0.732188 -0.058429 0.09728 0.25786 0.246947 0.042901
21062 729.091000 0.73225 -0.058436 0.097183 0.257858 0.24697 0.042902
21063 729.096000 0.732166 -0.058448 0.097347 0.257948 0.246986 0.043093
21064 729.101000 0.73221 -0.05842 0.097384 0.257932 0.24699 0.042884
21065 729.106000 0.732226 -0.058475 0.097388 0.257937 0.247004 0.043084
21066 729.109000 0.732281 -0.058463 0.097167 0.257893 0.247001 0.043121
21067 729.112000 0.732278 -0.058457 0.097255 0.25791 0.246988 0.042897
21068 729.116000 0.732298 -0.058456 0.097182 0.257907 0.247006 0.042895
21069 729.121000 0.732316 -0.058488 0.0972 0.257906 0.247019 0.04309
21070 729.127000 0.73229 -0.05847 0.097378 0.257969 0.24704 0.043094
21071 729.132000 0.732297 -0.058487 0.097369 0.257986 0.247046 0.042867
21072 729.136000 0.732319 -0.058465 0.097335 0.257993 0.247053 0.042865
21073 729.140000 0.732371 -0.058479 0.097229 0.257938 0.247038 0.043173
21074 729.144000 0.732408 -0.058479 0.097162 0.257941 0.247057 0.043091
21075 729.149000 0.732317 -0.058479 0.097519 0.258025 0.247051 0.042884
21076 729.155000 0.732394 -0.058473 0.097347 0.258016 0.247083 0.042865
21077 729.158000 0.732349 -0.058474 0.097452 0.258041 0.247073 0.043074
21078 729.162000 0.732419 -0.058509 0.097353 0.258019 0.247098 0.043071
21079 729.166000 0.732472 -0.058499 0.097221 0.257969 0.247088 0.043069
21080 729.170000 0.732502 -0.058509 0.097147 0.257971 0.247109 0.043066
21081 729.174000 0.732469 -0.058493 0.097392 0.258041 0.247102 0.0429
21082 729.178000 0.73251 -0.058512 0.097234 0.257983 0.247094 0.042871
21083 729.183000 0.732527 -0.05852 0.097223 0.257991 0.247114 0.043071
21084 729.187000 0.732474 -0.058519 0.097453 0.258068 0.247124 0.04307
21085 729.190000 0.732504 -0.058503 0.09748 0.258066 0.247122 0.042863
21086 729.194000 0.732526 -0.058512 0.097334 0.258066 0.247154 0.042849
21087 729.199000 0.732552 -0.058548 0.097312 0.258067 0.247162 0.043043
21088 729.203000 0.732568 -0.058527 0.097284 0.25808 0.247171 0.043055
21089 729.207000 0.732607 -0.058513 0.097135 0.258027 0.247164 0.042888
21090 729.212000 0.732629 -0.058557 0.097192 0.258033 0.247158 0.043052
21091 729.216000 0.732656 -0.058551 0.097121 0.258046 0.24718 0.043049
21092 729.220000 0.73267 -0.058534 0.097104 0.258047 0.247187 0.043043
21093 729.224000 0.732608 -0.058517 0.097432 0.258129 0.247184 0.043043
21094 729.229000 0.732712 -0.058544 0.097141 0.258049 0.247206 0.04283
21095 729.233000 0.732683 -0.05854 0.097387 0.258108 0.247208 0.04284
21096 729.237000 0.732683 -0.058532 0.097326 0.258122 0.247222 0.042822
21097 729.242000 0.732729 -0.058561 0.097204 0.258144 0.247205 0.042842
21098 729.246000 0.732755 -0.058546 0.097236 0.258067 0.247211 0.042838
21099 729.250000 0.732791 -0.058535 0.097129 0.258071 0.247239 0.042832
21100 729.255000 0.732798 -0.058591 0.09714 0.258088 0.247245 0.043037
21101 729.259000 0.732812 -0.058567 0.097091 0.258093 0.247256 0.043028
21102 729.263000 0.732773 -0.058567 0.097345 0.258156 0.247262 0.043034
21103 729.267000 0.7328 -0.05858 0.097293 0.25816 0.247278 0.043016
21104 729.272000 0.732887 -0.058588 0.097209 0.258093 0.24726 0.043114
21105 729.276000 0.732881 -0.058583 0.097105 0.258112 0.247279 0.04304
21106 729.280000 0.732817 -0.058587 0.097329 0.25818 0.247286 0.04302
21107 729.285000 0.732851 -0.058554 0.09733 0.258182 0.247298 0.04281
21108 729.289000 0.732933 -0.058569 0.097116 0.258117 0.247305 0.042814
21109 729.293000 0.732894 -0.058603 0.097321 0.258193 0.247312 0.042807
21110 729.297000 0.732904 -0.058577 0.097253 0.258203 0.247327 0.042799
21111 729.301000 0.732958 -0.058575 0.097139 0.258148 0.247313 0.042809
21112 729.305000 0.732985 -0.058592 0.097071 0.258151 0.247336 0.043096
21113 729.310000 0.732899 -0.058578 0.097428 0.258237 0.247322 0.042809
21114 729.314000 0.732959 -0.058587 0.097292 0.258227 0.24735 0.042806
21115 729.318000 0.732979 -0.05857 0.09725 0.258232 0.247359 0.042796
21116 729.322000 0.733032 -0.058598 0.097145 0.258178 0.247345 0.042801
21117 729.327000 0.733018 -0.058607 0.097265 0.258241 0.247379 0.042995
21118 729.331000 0.733052 -0.058621 0.097157 0.258206 0.247369 0.043003
21119 729.335000 0.732992 -0.05862 0.097406 0.258267 0.24737 0.042986
21120 729.340000 0.73303 -0.058612 0.097403 0.258265 0.247375 0.043023
21121 729.344000 0.733069 -0.058617 0.09728 0.258256 0.247402 0.043007
21122 729.348000 0.73314 -0.058644 0.097088 0.258203 0.247405 0.042994
21123 729.352000 0.733104 -0.058636 0.097301 0.258274 0.24741 0.042994
21124 729.357000 0.733171 -0.058609 0.097034 0.258222 0.247422 0.042776
21125 729.360000 0.733165 -0.058649 0.097116 0.258228 0.247414 0.042984
21126 729.364000 0.733201 -0.058641 0.097046 0.258229 0.247438 0.042979
21127 729.369000 0.733212 -0.058628 0.097084 0.258232 0.247441 0.042778
21128 729.373000 0.733228 -0.058664 0.097045 0.258252 0.247446 0.042997
21129 729.377000 0.73317 -0.058641 0.097363 0.258332 0.247435 0.042989
21130 729.381000 0.733193 -0.058638 0.097266 0.258311 0.247462 0.042976
21131 729.385000 0.733268 -0.05866 0.097092 0.25825 0.247467 0.042985
21132 729.389000 0.733207 -0.058641 0.097364 0.258337 0.247466 0.042968
21133 729.393000 0.733239 -0.058665 0.097258 0.258338 0.247491 0.042973
21134 729.398000 0.733268 -0.058634 0.097291 0.25833 0.247486 0.042764
21135 729.402000 0.733333 -0.058659 0.097079 0.258263 0.247495 0.042753
21136 729.406000 0.733274 -0.058651 0.097344 0.258358 0.247492 0.042989
21137 729.411000 0.733377 -0.058658 0.09703 0.258302 0.247511 0.042761
21138 729.416000 0.733287 -0.058671 0.097369 0.258377 0.247504 0.042959
21139 729.420000 0.733341 -0.058668 0.097231 0.258355 0.247535 0.042966
21140 729.425000 0.733358 -0.058645 0.097257 0.258369 0.247537 0.042748
21141 729.429000 0.733445 -0.058684 0.09705 0.258304 0.247543 0.04274
21142 729.433000 0.733446 -0.058673 0.096998 0.258324 0.247552 0.042736
21143 729.438000 0.73343 -0.058655 0.097084 0.25834 0.247538 0.042762
21144 729.442000 0.733394 -0.058675 0.097345 0.258414 0.24755 0.042754
21145 729.446000 0.733438 -0.058677 0.097229 0.258388 0.247572 0.042744
21146 729.450000 0.733489 -0.058686 0.09705 0.258349 0.247576 0.042749
21147 729.455000 0.733471 -0.058706 0.097191 0.258411 0.247594 0.042941
21148 729.460000 0.733477 -0.05867 0.09732 0.258435 0.247583 0.042726
21149 729.466000 0.733537 -0.058687 0.097113 0.258364 0.247592 0.042737
21150 729.470000 0.733573 -0.058719 0.097025 0.258372 0.247608 0.042958
21151 729.474000 0.733586 -0.058714 0.097002 0.25838 0.247614 0.042947
21152 729.477000 0.73357 -0.058686 0.097093 0.25839 0.247606 0.042742
21153 729.482000 0.733594 -0.058729 0.097101 0.258388 0.24762 0.042933
21154 729.486000 0.73358 -0.058711 0.097336 0.258458 0.247628 0.042929
21155 729.490000 0.733602 -0.058713 0.09721 0.258448 0.247649 0.04292
21156 729.494000 0.733673 -0.058748 0.097022 0.258387 0.24765 0.042919
21157 729.498000 0.733627 -0.058722 0.09723 0.258455 0.247662 0.042917
21158 729.502000 0.733688 -0.058716 0.097068 0.258404 0.247651 0.04277
21159 729.505000 0.733635 -0.058716 0.097181 0.258478 0.247677 0.04293
21160 729.508000 0.733722 -0.05873 0.096962 0.25843 0.247672 0.042711
21161 729.511000 0.733656 -0.058731 0.097148 0.258501 0.247685 0.042914
21162 729.515000 0.733729 -0.058743 0.097007 0.258431 0.247683 0.042925
21163 729.519000 0.733653 -0.058728 0.097298 0.258513 0.247683 0.042912
21164 729.523000 0.733709 -0.05876 0.0972 0.258502 0.247712 0.042911
21165 729.527000 0.733752 -0.058736 0.09717 0.25851 0.247718 0.04291
21166 729.532000 0.733743 -0.058733 0.097198 0.258509 0.247718 0.042995
21167 729.536000 0.73379 -0.058761 0.097069 0.25846 0.247704 0.04292
21168 729.540000 0.733831 -0.058769 0.096992 0.25846 0.247729 0.04292
21169 729.544000 0.733778 -0.058745 0.097225 0.258527 0.247735 0.042905
21170 729.548000 0.733861 -0.058791 0.097017 0.258467 0.247741 0.042909
21171 729.552000 0.73387 -0.058769 0.096956 0.258477 0.247753 0.042897
21172 729.556000 0.733803 -0.058753 0.097268 0.258565 0.247748 0.042903
21173 729.560000 0.733851 -0.058789 0.097172 0.258545 0.247772 0.042883
21174 729.564000 0.733887 -0.058786 0.09705 0.258498 0.24776 0.0429
21175 729.568000 0.733866 -0.058751 0.097232 0.258555 0.247768 0.042701
21176 729.571000 0.733949 -0.058776 0.096969 0.258493 0.247777 0.042901
21177 729.575000 0.733873 -0.058777 0.097264 0.258587 0.247777 0.042897
21178 729.579000 0.733958 -0.05879 0.097055 0.258507 0.247781 0.04289
21179 729.583000 0.734007 -0.058785 0.096957 0.258505 0.247806 0.042898
21180 729.587000 0.733947 -0.058801 0.097184 0.258589 0.247813 0.042871
21181 729.592000 0.733952 -0.058777 0.09719 0.258588 0.247818 0.042668
21182 729.595000 0.734025 -0.058789 0.096938 0.258528 0.247827 0.042876
21183 729.599000 0.733982 -0.05877 0.097186 0.258598 0.247829 0.042724
21184 729.605000 0.734044 -0.058796 0.097021 0.258548 0.24782 0.042689
21185 729.609000 0.73407 -0.058785 0.096944 0.258563 0.247843 0.04267
21186 729.614000 0.73406 -0.058817 0.097013 0.25857 0.247841 0.042869
21187 729.618000 0.734025 -0.058802 0.09727 0.258641 0.247852 0.042876
21188 729.622000 0.734077 -0.05881 0.097153 0.258618 0.247875 0.042865
21189 729.626000 0.734132 -0.058827 0.097022 0.258579 0.247867 0.042868
21190 729.630000 0.734153 -0.058826 0.096935 0.258577 0.247883 0.042856
21191 729.634000 0.734127 -0.05879 0.097178 0.258637 0.247879 0.042672
21192 729.637000 0.734095 -0.0588 0.097256 0.25867 0.247881 0.04288
21193 729.642000 0.734133 -0.058809 0.097255 0.258664 0.247888 0.042654
21194 729.646000 0.73418 -0.058804 0.097131 0.258659 0.24791 0.042651
21195 729.650000 0.734232 -0.058812 0.096945 0.258593 0.24791 0.042652
21196 729.654000 0.73424 -0.058839 0.096903 0.258611 0.247926 0.042647
21197 729.657000 0.7342 -0.058829 0.097087 0.258682 0.247938 0.042845
21198 729.661000 0.734259 -0.058842 0.096943 0.258621 0.247935 0.042847
21199 729.665000 0.73429 -0.058812 0.096916 0.258631 0.247937 0.04266
21200 729.669000 0.734286 -0.05884 0.096915 0.258647 0.24794 0.042641
21201 729.673000 0.734253 -0.058824 0.09718 0.258695 0.247943 0.042651
21202 729.676000 0.734231 -0.058829 0.097261 0.258718 0.247947 0.042846
21203 729.680000 0.734283 -0.05888 0.097146 0.258693 0.247971 0.042837
21204 729.684000 0.734338 -0.058872 0.097006 0.258654 0.247963 0.042837
21205 729.688000 0.734268 -0.058833 0.09724 0.258732 0.247967 0.04284
21206 729.692000 0.734324 -0.058851 0.097118 0.258711 0.247994 0.042841
21207 729.697000 0.734336 -0.058875 0.097113 0.258723 0.248 0.042867
21208 729.701000 0.734393 -0.058863 0.09697 0.258672 0.247986 0.042847
21209 729.705000 0.734418 -0.058871 0.096895 0.258691 0.248008 0.042843
21210 729.708000 0.734377 -0.058867 0.097078 0.258751 0.248016 0.042626
21211 729.712000 0.734354 -0.058844 0.097244 0.258758 0.248001 0.042622
21212 729.717000 0.734407 -0.058858 0.09722 0.258757 0.24802 0.042826
21213 729.721000 0.734435 -0.058901 0.097098 0.258749 0.248045 0.042824
21214 729.725000 0.734443 -0.05888 0.097061 0.258774 0.248051 0.042815
21215 729.729000 0.734473 -0.058856 0.09696 0.258725 0.248028 0.042633
21216 729.733000 0.734452 -0.058871 0.097214 0.258789 0.248037 0.042611
21217 729.737000 0.734501 -0.05887 0.097101 0.258769 0.248063 0.042613
21218 729.741000 0.734555 -0.058877 0.096917 0.258725 0.248067 0.04261
21219 729.745000 0.73456 -0.058867 0.09687 0.258734 0.248075 0.042607
21220 729.750000 0.734551 -0.0589 0.09695 0.258748 0.248074 0.042808
21221 729.753000 0.734533 -0.058876 0.097093 0.258798 0.248095 0.042599
21222 729.757000 0.734583 -0.058898 0.096922 0.258741 0.248096 0.042609
21223 729.762000 0.734627 -0.058909 0.096915 0.258749 0.248094 0.042623
21224 729.766000 0.734652 -0.058886 0.096861 0.258754 0.248104 0.042606
21225 729.770000 0.734571 -0.05889 0.097216 0.258836 0.248101 0.042606
21226 729.774000 0.734689 -0.058922 0.096909 0.258754 0.248122 0.042592
21227 729.779000 0.734694 -0.058925 0.09694 0.258778 0.248124 0.042799
21228 729.783000 0.734641 -0.058925 0.097117 0.258836 0.248139 0.042792
21229 729.787000 0.734665 -0.058942 0.097041 0.25884 0.248157 0.042794
21230 729.791000 0.734703 -0.058908 0.096925 0.258798 0.248139 0.042631
21231 729.795000 0.734681 -0.0589 0.097179 0.258871 0.248144 0.042602
21232 729.799000 0.734705 -0.0589 0.097062 0.258858 0.248169 0.042591
21233 729.803000 0.734757 -0.058951 0.096885 0.258816 0.24817 0.042591
21234 729.807000 0.734706 -0.058912 0.09709 0.258873 0.24818 0.042579
21235 729.811000 0.734731 -0.058915 0.097032 0.258883 0.248199 0.042584
21236 729.815000 0.734831 -0.058944 0.096867 0.258816 0.248194 0.042571
21237 729.819000 0.734836 -0.058934 0.096832 0.258825 0.248202 0.042579
21238 729.823000 0.734844 -0.058946 0.096828 0.258849 0.248207 0.042865
21239 729.827000 0.734807 -0.058958 0.097096 0.2589 0.248201 0.042787
21240 729.831000 0.73484 -0.058966 0.096947 0.258845 0.248203 0.042782
21241 729.835000 0.734889 -0.05896 0.096863 0.258845 0.248229 0.042785
21242 729.839000 0.734913 -0.058953 0.096837 0.25886 0.248238 0.042774
21243 729.843000 0.734804 -0.058963 0.097159 0.258954 0.248227 0.042766
21244 729.847000 0.734871 -0.058959 0.097063 0.258923 0.248252 0.042761
21245 729.851000 0.734946 -0.058958 0.096934 0.258859 0.248239 0.042766
21246 729.855000 0.734963 -0.05898 0.096854 0.258869 0.248266 0.042757
21247 729.860000 0.734963 -0.058982 0.096926 0.258895 0.248252 0.042786
21248 729.864000 0.734984 -0.058976 0.096846 0.258892 0.24827 0.042766
21249 729.868000 0.734948 -0.058992 0.097086 0.258946 0.248275 0.042768
21250 729.872000 0.734996 -0.058981 0.09692 0.258898 0.248278 0.042761
21251 729.876000 0.73497 -0.058971 0.097156 0.25897 0.248287 0.042767
21252 729.880000 0.734984 -0.059007 0.097027 0.258972 0.248312 0.042742
21253 729.883000 0.735056 -0.05898 0.096806 0.258914 0.248309 0.042538
21254 729.888000 0.735069 -0.058969 0.096844 0.258914 0.248309 0.042589
21255 729.892000 0.735012 -0.058949 0.097133 0.259004 0.248307 0.042559
21256 729.896000 0.735059 -0.05898 0.097027 0.258988 0.248332 0.042544
21257 729.900000 0.735118 -0.058994 0.096898 0.258947 0.248322 0.042546
21258 729.903000 0.735116 -0.059005 0.096919 0.258937 0.248324 0.042749
21259 729.907000 0.735161 -0.059025 0.096811 0.258928 0.248349 0.042739
21260 729.911000 0.735086 -0.059006 0.097044 0.259006 0.248358 0.042743
21261 729.915000 0.735126 -0.059006 0.096987 0.259014 0.248375 0.042733
21262 729.919000 0.73519 -0.059018 0.096824 0.258961 0.24837 0.042732
21263 729.923000 0.735133 -0.058981 0.097111 0.259044 0.248355 0.04254
21264 729.927000 0.735179 -0.058984 0.097007 0.25902 0.248379 0.042532
21265 729.931000 0.735218 -0.059 0.096829 0.258976 0.248387 0.042532
21266 729.935000 0.735216 -0.059006 0.097041 0.259027 0.248392 0.042524
21267 729.939000 0.735243 -0.059023 0.096878 0.258995 0.248393 0.042532
21268 729.943000 0.735272 -0.059011 0.096786 0.25899 0.248409 0.042515
21269 729.947000 0.735285 -0.059036 0.096766 0.259001 0.248419 0.042514
21270 729.950000 0.735284 -0.059028 0.096853 0.259006 0.24841 0.042718
21271 729.956000 0.735258 -0.058998 0.097107 0.259085 0.248414 0.042522
21272 729.960000 0.73527 -0.059044 0.097006 0.259081 0.248438 0.042513
21273 729.963000 0.735354 -0.05905 0.096783 0.259016 0.248438 0.042728
21274 729.967000 0.735275 -0.059023 0.097096 0.259105 0.248436 0.042714
21275 729.972000 0.735376 -0.059021 0.096801 0.259026 0.248459 0.042506
21276 729.978000 0.735357 -0.059039 0.097043 0.259092 0.248464 0.042501
21277 729.983000 0.735412 -0.05905 0.096784 0.259045 0.248476 0.042704
21278 729.987000 0.735378 -0.059045 0.097041 0.259106 0.248472 0.042522
21279 729.992000 0.735399 -0.059068 0.097002 0.259107 0.248496 0.042712
21280 729.997000 0.735444 -0.059041 0.097017 0.259115 0.248498 0.0425
21281 730.000000 0.735472 -0.059097 0.096769 0.259073 0.248506 0.042696
21282 730.005000 0.735505 -0.059057 0.09679 0.25906 0.248508 0.042492
21283 730.010000 0.735411 -0.059062 0.097112 0.259151 0.248512 0.042694
21284 730.015000 0.735541 -0.059104 0.096761 0.259076 0.248536 0.042792
21285 730.020000 0.735564 -0.059068 0.096776 0.259092 0.248528 0.042504
21286 730.023000 0.735538 -0.059088 0.096828 0.259095 0.248525 0.042707
21287 730.028000 0.735578 -0.059082 0.096827 0.259095 0.248535 0.042497
21288 730.032000 0.735601 -0.059075 0.09674 0.259106 0.248563 0.042482
21289 730.036000 0.735587 -0.059063 0.096981 0.259165 0.248563 0.042483
21290 730.041000 0.735638 -0.059105 0.096725 0.259119 0.248573 0.042678
21291 730.045000 0.735587 -0.059075 0.096979 0.259181 0.24858 0.042672
21292 730.050000 0.735603 -0.059087 0.096998 0.259184 0.248584 0.04271
21293 730.054000 0.735656 -0.05912 0.096831 0.259136 0.24858 0.042686
21294 730.059000 0.735624 -0.059092 0.096931 0.259219 0.248611 0.042469
21295 730.064000 0.735705 -0.059095 0.096716 0.259158 0.248613 0.042674
21296 730.068000 0.735668 -0.059118 0.096984 0.259213 0.248615 0.042666
21297 730.072000 0.735679 -0.059114 0.096942 0.25922 0.248635 0.042673
21298 730.077000 0.735709 -0.059096 0.096963 0.259225 0.248637 0.042461
21299 730.082000 0.735713 -0.059109 0.096958 0.259227 0.248644 0.042509
21300 730.087000 0.735788 -0.059123 0.09672 0.259185 0.24865 0.042672
21301 730.092000 0.735806 -0.059137 0.096765 0.259187 0.248655 0.042451
21302 730.097000 0.73582 -0.059145 0.096816 0.259205 0.248655 0.042661
21303 730.102000 0.735856 -0.059115 0.096772 0.259183 0.24867 0.042451
21304 730.106000 0.735864 -0.059146 0.096716 0.259198 0.248686 0.042439
21305 730.111000 0.735773 -0.05914 0.097066 0.259287 0.248682 0.042646
21306 730.116000 0.735904 -0.059147 0.096719 0.25922 0.2487 0.042663
21307 730.120000 0.735903 -0.059164 0.096693 0.259235 0.248704 0.042657
21308 730.125000 0.735814 -0.059123 0.097061 0.25931 0.248696 0.042444
21309 730.130000 0.735949 -0.059146 0.096713 0.25923 0.248729 0.042646
21310 730.135000 0.735938 -0.059151 0.096783 0.25926 0.248722 0.042432
21311 730.140000 0.735968 -0.059158 0.096788 0.259245 0.248726 0.042633
21312 730.144000 0.735896 -0.059148 0.097027 0.259326 0.248739 0.042638
21313 730.149000 0.736016 -0.059171 0.096699 0.259257 0.248756 0.042646
21314 730.158000 0.735983 -0.059145 0.096957 0.259328 0.248763 0.042434
21315 730.162000 0.735995 -0.059145 0.09688 0.259341 0.248786 0.042424
21316 730.165000 0.736015 -0.059174 0.096927 0.259336 0.248785 0.042627
21317 730.169000 0.736016 -0.059174 0.096874 0.259353 0.248803 0.042628
21318 730.171000 0.736067 -0.059177 0.096761 0.259299 0.248786 0.042626
21319 730.176000 0.736042 -0.059173 0.096877 0.259372 0.24881 0.042407
21320 730.180000 0.736054 -0.059176 0.096869 0.259371 0.248809 0.042652
21321 730.186000 0.736144 -0.059216 0.0967 0.259311 0.248816 0.04263
21322 730.189000 0.736128 -0.059178 0.096777 0.259322 0.248808 0.042416
21323 730.193000 0.736089 -0.059182 0.097026 0.259397 0.248818 0.042414
21324 730.197000 0.736124 -0.059169 0.096901 0.259383 0.248839 0.042404
21325 730.203000 0.736152 -0.059179 0.096862 0.259395 0.248853 0.0424
21326 730.208000 0.736178 -0.059189 0.096927 0.259395 0.248852 0.042603
21327 730.213000 0.736202 -0.059234 0.096909 0.259397 0.248866 0.042639
21328 730.218000 0.736165 -0.059178 0.09699 0.259435 0.248851 0.042414
21329 730.222000 0.736209 -0.059192 0.096885 0.259421 0.248882 0.042399
21330 730.227000 0.736209 -0.059211 0.096979 0.259446 0.248877 0.042597
21331 730.232000 0.736309 -0.059214 0.096683 0.259378 0.248898 0.042399
21332 730.237000 0.73629 -0.059219 0.096752 0.259387 0.248889 0.042603
21333 730.242000 0.736316 -0.059235 0.096762 0.259381 0.248899 0.042688
21334 730.247000 0.736331 -0.059219 0.09676 0.259389 0.248904 0.042399
21335 730.252000 0.736382 -0.059264 0.096743 0.2594 0.248916 0.042593
21336 730.257000 0.736344 -0.059215 0.096835 0.259464 0.248942 0.042381
21337 730.261000 0.736395 -0.059219 0.096718 0.259411 0.248929 0.042383
21338 730.266000 0.736375 -0.059251 0.096836 0.259475 0.248963 0.042575
21339 730.271000 0.73645 -0.059238 0.096754 0.259405 0.248943 0.042376
21340 730.275000 0.736464 -0.059262 0.096655 0.259425 0.248969 0.042677
21341 730.279000 0.736472 -0.059263 0.096622 0.259437 0.24897 0.042586
21342 730.283000 0.736431 -0.059256 0.096883 0.2595 0.248976 0.042587
21343 730.287000 0.736459 -0.059246 0.096833 0.259504 0.248994 0.042576
21344 730.291000 0.736416 -0.05928 0.096998 0.259523 0.24898 0.042576
21345 730.295000 0.736466 -0.059274 0.096854 0.259518 0.24901 0.042567
21346 730.299000 0.736495 -0.05926 0.096813 0.259518 0.249015 0.042567
21347 730.304000 0.736514 -0.059268 0.096876 0.259518 0.249012 0.04235
21348 730.308000 0.736557 -0.059279 0.096725 0.259473 0.249008 0.042602
21349 730.312000 0.736607 -0.059283 0.096638 0.259476 0.249029 0.042576
21350 730.317000 0.736592 -0.059249 0.096707 0.259489 0.249016 0.042362
21351 730.321000 0.736624 -0.059275 0.096637 0.259484 0.249042 0.042359
21352 730.324000 0.736585 -0.059282 0.096815 0.259553 0.249057 0.042566
21353 730.328000 0.736646 -0.059287 0.096659 0.259493 0.249056 0.042556
21354 730.333000 0.736666 -0.059292 0.096714 0.259511 0.249052 0.042345
21355 730.336000 0.736664 -0.0593 0.096733 0.259501 0.249053 0.042547
21356 730.340000 0.736698 -0.059276 0.096634 0.259501 0.24907 0.042372
21357 730.345000 0.736696 -0.059312 0.096687 0.259521 0.249069 0.042555
21358 730.349000 0.736649 -0.059298 0.09687 0.259582 0.249092 0.042559
21359 730.354000 0.736744 -0.05929 0.096599 0.259538 0.249101 0.042346
21360 730.357000 0.736734 -0.059332 0.096676 0.25954 0.249091 0.042548
21361 730.362000 0.736773 -0.059304 0.096644 0.259526 0.249111 0.042342
21362 730.366000 0.736794 -0.059285 0.096588 0.259542 0.249126 0.04233
21363 730.370000 0.736753 -0.059339 0.096841 0.259615 0.249125 0.042563
21364 730.375000 0.736816 -0.059299 0.096591 0.259566 0.249128 0.042336
21365 730.378000 0.736825 -0.05932 0.096677 0.25956 0.24912 0.042544
21366 730.382000 0.736842 -0.059313 0.096603 0.259566 0.249148 0.042537
21367 730.386000 0.736779 -0.059323 0.096913 0.259653 0.249144 0.042528
21368 730.390000 0.736833 -0.059329 0.096816 0.259635 0.249167 0.042525
21369 730.395000 0.736884 -0.059316 0.096598 0.25959 0.249167 0.042322
21370 730.399000 0.736851 -0.05934 0.096853 0.259646 0.249171 0.042613
21371 730.405000 0.736929 -0.059343 0.096612 0.259588 0.249184 0.042534
21372 730.409000 0.736916 -0.059324 0.096835 0.259656 0.24919 0.042528
21373 730.413000 0.736945 -0.059357 0.096671 0.259604 0.24918 0.042518
21374 730.418000 0.736913 -0.059321 0.096767 0.259671 0.249215 0.042309
21375 730.423000 0.736947 -0.059366 0.096778 0.259674 0.249224 0.042507
21376 730.427000 0.736981 -0.059365 0.096652 0.259632 0.249214 0.042518
21377 730.432000 0.736948 -0.059346 0.096763 0.259704 0.249233 0.042535
21378 730.437000 0.737027 -0.05936 0.096678 0.259632 0.249217 0.042307
21379 730.440000 0.736999 -0.059366 0.096784 0.259697 0.249251 0.042512
21380 730.444000 0.737057 -0.059376 0.096644 0.259648 0.24924 0.042519
21381 730.449000 0.737036 -0.059348 0.096755 0.259723 0.249266 0.042304
21382 730.454000 0.73703 -0.059366 0.0968 0.259724 0.249265 0.042495
21383 730.458000 0.737117 -0.059369 0.096598 0.259652 0.249275 0.042498
21384 730.463000 0.737111 -0.059412 0.096639 0.259676 0.249275 0.042592
21385 730.467000 0.7371 -0.059373 0.09688 0.259748 0.249272 0.042509
21386 730.472000 0.737162 -0.059363 0.096554 0.259687 0.249294 0.042291
21387 730.477000 0.737131 -0.059391 0.096725 0.259758 0.249312 0.042484
21388 730.481000 0.737195 -0.059397 0.096581 0.259696 0.249311 0.042489
21389 730.486000 0.737155 -0.059367 0.096746 0.259765 0.249327 0.042281
21390 730.491000 0.737175 -0.059409 0.096772 0.25977 0.249332 0.042474
21391 730.495000 0.737191 -0.05938 0.096753 0.259774 0.249337 0.042327
21392 730.500000 0.737194 -0.059379 0.096873 0.259802 0.249327 0.042491
21393 730.505000 0.737219 -0.059395 0.096833 0.259783 0.249349 0.04228
21394 730.510000 0.7373 -0.059414 0.09655 0.259738 0.249362 0.042478
21395 730.515000 0.737307 -0.059385 0.096627 0.259744 0.249353 0.042269
21396 730.520000 0.737347 -0.059435 0.096589 0.259729 0.249378 0.04248
21397 730.525000 0.737346 -0.059417 0.096624 0.25975 0.249377 0.042269
21398 730.529000 0.73728 -0.059426 0.096854 0.259845 0.249381 0.042491
21399 730.534000 0.737387 -0.05941 0.09653 0.259765 0.249396 0.042265
21400 730.539000 0.737297 -0.059416 0.096872 0.25985 0.249396 0.042477
21401 730.544000 0.73743 -0.059431 0.096525 0.259771 0.249422 0.042261
21402 730.549000 0.737429 -0.059445 0.096537 0.259797 0.249432 0.042461
21403 730.553000 0.737392 -0.059424 0.096754 0.259849 0.249434 0.04245
21404 730.556000 0.737467 -0.059439 0.096509 0.25979 0.249441 0.042242
21405 730.560000 0.737428 -0.059443 0.09675 0.259854 0.249439 0.042481
21406 730.566000 0.737476 -0.059445 0.096588 0.259818 0.249442 0.04247
21407 730.570000 0.737533 -0.059465 0.096511 0.259816 0.249459 0.042449
21408 730.575000 0.737476 -0.059422 0.096693 0.259887 0.249474 0.042238
21409 730.580000 0.737504 -0.059448 0.096766 0.259884 0.249476 0.042453
21410 730.585000 0.737536 -0.05945 0.096783 0.259882 0.249486 0.042243
21411 730.589000 0.73753 -0.059441 0.096718 0.259896 0.249499 0.042229
21412 730.594000 0.737594 -0.059428 0.096505 0.259849 0.249496 0.042248
21413 730.599000 0.737611 -0.059479 0.096552 0.25985 0.249504 0.042451
21414 730.604000 0.737609 -0.059455 0.096605 0.259863 0.249504 0.042248
21415 730.608000 0.737645 -0.059485 0.096523 0.259867 0.249524 0.04222
21416 730.612000 0.737658 -0.059467 0.096502 0.259871 0.249531 0.042231
21417 730.615000 0.737642 -0.059481 0.096588 0.259881 0.249526 0.042438
21418 730.619000 0.73769 -0.059482 0.096514 0.259873 0.249548 0.042427
21419 730.623000 0.737663 -0.059473 0.096762 0.259933 0.249542 0.042276
21420 730.628000 0.737673 -0.059497 0.09672 0.259949 0.249561 0.042433
21421 730.632000 0.737688 -0.059471 0.096671 0.25996 0.249569 0.042428
21422 730.636000 0.737752 -0.059506 0.096511 0.259893 0.249568 0.042422
21423 730.640000 0.737685 -0.059472 0.096794 0.259982 0.24957 0.042417
21424 730.645000 0.7377 -0.059464 0.096813 0.259984 0.249577 0.042218
21425 730.649000 0.737763 -0.059497 0.096693 0.259975 0.249598 0.042204
21426 730.653000 0.737807 -0.059514 0.096509 0.259911 0.249597 0.042513
21427 730.657000 0.737749 -0.059478 0.09678 0.260002 0.249593 0.042425
21428 730.661000 0.73777 -0.059517 0.096675 0.259996 0.249621 0.042416
21429 730.665000 0.737775 -0.059512 0.096817 0.260008 0.249607 0.042412
21430 730.668000 0.737881 -0.059504 0.096501 0.25993 0.249625 0.042208
21431 730.672000 0.737879 -0.059499 0.096449 0.259952 0.249634 0.042206
21432 730.676000 0.737808 -0.059492 0.096758 0.260035 0.249628 0.042191
21433 730.680000 0.737857 -0.059509 0.096672 0.260014 0.249652 0.042197
21434 730.684000 0.737863 -0.059513 0.09665 0.260025 0.249662 0.042489
