3953 91.735000 0.127724 -0.002877 -0.001424 0.133241 -0.136536 -0.000738
3954 91.742000 0.127742 -0.003074 -0.001428 0.133144 -0.136761 -0.000042
3955 91.747000 0.127729 -0.00287 -0.001442 0.133132 -0.136758 -0.000698
3956 91.752000 0.127724 -0.003025 -0.001427 0.133131 -0.136741 -0.00003
3957 91.759000 0.127743 -0.002814 -0.001456 0.133103 -0.13672 -0.000987
3958 91.767000 0.127667 -0.002989 -0.001439 0.133116 -0.136724 -0.0009
3959 91.774000 0.127701 -0.002985 -0.001431 0.133084 -0.136696 0.000092
3960 91.781000 0.127693 -0.002802 -0.001439 0.133145 -0.136448 -0.000862
3961 91.788000 0.127637 -0.002904 -0.001427 0.133196 -0.136325 -0.000078
3962 91.796000 0.12767 -0.002955 -0.00143 0.133113 -0.136434 -0.000166
3963 91.803000 0.127625 -0.002802 -0.001428 0.13317 -0.136294 -0.000655
3964 91.810000 0.127583 -0.002901 -0.001424 0.133146 -0.13642 -0.000114
3965 91.816000 0.127636 -0.002973 -0.001415 0.133085 -0.136406 -0.000074
3966 91.823000 0.127608 -0.0029 -0.001432 0.133133 -0.136267 -0.000562
3967 91.831000 0.127594 -0.00286 -0.001435 0.133088 -0.136369 -0.000952
3968 91.837000 0.127562 -0.002737 -0.001411 0.133097 -0.136382 -0.000954
3969 91.846000 0.127607 -0.002969 -0.001433 0.132976 -0.136581 0.000064
3970 91.852000 0.127555 -0.002983 -0.001445 0.133067 -0.13635 0.000053
3971 91.889000 0.127534 -0.002807 -0.001431 0.132922 -0.136531 -0.000758
3972 91.897000 0.127474 -0.00279 -0.001429 0.133008 -0.136277 -0.000732
3973 91.905000 0.127446 -0.002838 -0.001412 0.133026 -0.136142 -0.000547
3974 91.912000 0.12744 -0.003015 -0.001443 0.132987 -0.13626 -0.000021
3975 91.918000 0.127515 -0.003072 -0.001425 0.132935 -0.136237 0.000039
3976 91.925000 0.127449 -0.002822 -0.001411 0.132995 -0.136105 -0.000729
3977 91.932000 0.12744 -0.002985 -0.001429 0.132947 -0.136232 0.000073
3978 91.938000 0.127461 -0.003003 -0.001437 0.13291 -0.136204 0.000092
3979 91.946000 0.127466 -0.002956 -0.001427 0.132838 -0.136419 -0.000124
3980 91.953000 0.127422 -0.002819 -0.001432 0.132892 -0.136187 -0.000801
3981 91.960000 0.127392 -0.002927 -0.001437 0.132937 -0.136049 -0.000257
3982 91.968000 0.127419 -0.002961 -0.001437 0.132869 -0.136155 -0.000088
3983 91.974000 0.12741 -0.002925 -0.001417 0.132798 -0.136396 -0.000077
3984 91.983000 0.12739 -0.002784 -0.001454 0.132845 -0.136134 -0.000968
3985 91.993000 0.127385 -0.002721 -0.001433 0.132774 -0.136354 -0.000976
3986 92.003000 0.127384 -0.002776 -0.001433 0.132742 -0.136344 -0.00092
3987 92.013000 0.12739 -0.002768 -0.001439 0.132725 -0.136321 -0.000892
3988 92.022000 0.127304 -0.002956 -0.001438 0.132842 -0.13596 -0.000301
3989 92.032000 0.127318 -0.002975 -0.001445 0.132824 -0.135935 -0.000258
3990 92.042000 0.127287 -0.002918 -0.00142 0.132814 -0.135926 -0.000231
3991 92.051000 0.127286 -0.002792 -0.001436 0.132691 -0.136273 -0.000727
3992 92.058000 0.127314 -0.002943 -0.001435 0.13266 -0.136244 -0.000021
3993 92.065000 0.127294 -0.002805 -0.001437 0.132716 -0.136011 -0.00094
3994 92.073000 0.12729 -0.002732 -0.001447 0.132635 -0.136232 -0.000958
3995 92.080000 0.127282 -0.002977 -0.001424 0.132695 -0.135981 0.000057
3996 92.088000 0.127247 -0.00302 -0.0014 0.132627 -0.136207 0.000129
3997 92.095000 0.127232 -0.00287 -0.001444 0.132679 -0.135961 -0.000814
3998 92.102000 0.127201 -0.002965 -0.001443 0.132728 -0.135822 -0.000286
3999 92.110000 0.127215 -0.002995 -0.001413 0.13266 -0.135939 -0.000108
4000 92.117000 0.127164 -0.00289 -0.001422 0.132706 -0.135806 -0.000594
4006 92.161000 0.127105 -0.00276 -0.001411 0.132609 -0.135871 -0.000872
4007 92.169000 0.127099 -0.002812 -0.001435 0.132628 -0.135719 -0.000684
4008 92.178000 0.127111 -0.003004 -0.00141 0.132512 -0.13607 -0.000146
4009 92.188000 0.127097 -0.003014 -0.001421 0.132488 -0.136054 -0.000104
4010 92.197000 0.127105 -0.002861 -0.001448 0.132526 -0.135793 -0.000735
4011 92.207000 0.127077 -0.002888 -0.001443 0.13251 -0.135787 -0.0007
4012 92.224000 0.127057 -0.002916 -0.001411 0.132499 -0.135757 -0.00002
4013 92.234000 0.127053 -0.002954 -0.001427 0.132465 -0.135743 0.000049
4014 92.243000 0.127016 -0.002749 -0.001424 0.132483 -0.135734 -0.000859
4015 92.253000 0.126997 -0.002768 -0.001413 0.132464 -0.135729 -0.000834
4016 92.262000 0.127024 -0.002982 -0.001429 0.132358 -0.135927 -0.000073
4017 92.272000 0.127032 -0.003003 -0.001417 0.132335 -0.135918 -0.000031
4018 92.281000 0.126942 -0.002899 -0.001426 0.132463 -0.135545 -0.000553
4019 92.290000 0.126984 -0.002998 -0.001448 0.132332 -0.135888 -0.000044
4020 92.301000 0.126939 -0.002815 -0.001417 0.132422 -0.135517 -0.000765
4021 92.310000 0.126933 -0.002966 -0.001428 0.132309 -0.135858 0.000038
4022 92.320000 0.126909 -0.002964 -0.001414 0.13229 -0.135853 0.000067
4023 92.329000 0.126944 -0.002805 -0.001447 0.132319 -0.135592 -0.000842
4024 92.339000 0.126919 -0.002824 -0.001427 0.132316 -0.135577 -0.000786
4025 92.348000 0.126852 -0.002916 -0.001427 0.13233 -0.135578 -0.00009
4026 92.355000 0.126882 -0.002822 -0.001433 0.132234 -0.135795 -0.000723
4027 92.363000 0.126849 -0.002854 -0.00142 0.132305 -0.135554 -0.000702
4028 92.370000 0.126887 -0.003054 -0.00143 0.132199 -0.135776 -0.000023
4029 92.378000 0.126818 -0.002966 -0.001441 0.132289 -0.135523 0.000027
4030 92.385000 0.126832 -0.002807 -0.001421 0.132201 -0.135749 -0.000883
4031 92.393000 0.126782 -0.002784 -0.001415 0.132266 -0.135506 -0.000859
4032 92.400000 0.126819 -0.002953 -0.001426 0.132171 -0.135719 0.00008
4033 92.408000 0.126754 -0.002924 -0.001421 0.132257 -0.13548 -0.000165
4034 92.416000 0.126766 -0.002904 -0.001436 0.132252 -0.13534 -0.000274
4035 92.423000 0.126748 -0.002796 -0.001435 0.132221 -0.135454 -0.000759
4036 92.431000 0.126743 -0.002828 -0.001426 0.132239 -0.135312 -0.000574
4037 92.438000 0.126718 -0.002976 -0.001437 0.132198 -0.135439 -0.000041
4038 92.446000 0.126795 -0.003032 -0.00143 0.132147 -0.135411 -0.00002
4039 92.453000 0.126733 -0.002806 -0.001416 0.132208 -0.135274 -0.00076
4040 92.460000 0.12672 -0.002985 -0.001437 0.132155 -0.135404 0.000054
4041 92.467000 0.12673 -0.002786 -0.001429 0.132065 -0.135621 -0.000856
4042 92.474000 0.12676 -0.002985 -0.001445 0.132038 -0.135591 0.000132
4043 92.481000 0.126699 -0.002816 -0.001428 0.132105 -0.135358 -0.000825
4044 92.489000 0.126727 -0.002762 -0.001453 0.132012 -0.135576 -0.000843
4045 92.496000 0.126686 -0.00297 -0.001434 0.13208 -0.135327 -0.000101
4046 92.503000 0.126642 -0.002825 -0.001425 0.132126 -0.135202 -0.000589
4047 92.511000 0.126665 -0.002815 -0.001441 0.132056 -0.135309 -0.000712
4048 92.518000 0.126629 -0.002945 -0.001438 0.132107 -0.135172 -0.000187
4049 92.527000 0.126615 -0.00271 -0.001406 0.132066 -0.135301 -0.00093
4050 92.536000 0.126662 -0.002973 -0.001427 0.131945 -0.1355 0.000091
4051 92.546000 0.126657 -0.002995 -0.001406 0.131938 -0.135485 0.00013
4052 92.555000 0.126566 -0.002873 -0.00142 0.132054 -0.135119 -0.000657
4053 92.564000 0.126596 -0.002997 -0.001426 0.131928 -0.135459 -0.000122
4054 92.573000 0.1266 -0.002801 -0.001424 0.131958 -0.135216 -0.000758
4055 92.582000 0.126528 -0.002943 -0.00144 0.131986 -0.135207 -0.00007
4056 92.590000 0.12653 -0.002907 -0.001434 0.132009 -0.135059 -0.000198
4057 92.597000 0.126484 -0.002759 -0.001413 0.13201 -0.135063 -0.000859
4058 92.604000 0.126506 -0.002915 -0.001436 0.131951 -0.135174 -0.00002
4059 92.611000 0.126548 -0.002802 -0.001428 0.131849 -0.135396 -0.000889
4060 92.618000 0.126557 -0.003022 -0.001411 0.131818 -0.135382 0.000119
4061 92.625000 0.126536 -0.002851 -0.001428 0.131882 -0.13513 -0.000831
4062 92.632000 0.126503 -0.003032 -0.001431 0.131932 -0.134995 -0.000037
4063 92.639000 0.126469 -0.002803 -0.001407 0.131898 -0.135121 -0.00081
4064 92.646000 0.126503 -0.003001 -0.001431 0.131791 -0.13534 -0.00011
4065 92.654000 0.126463 -0.002959 -0.00145 0.131869 -0.135091 -0.000082
4066 92.661000 0.126475 -0.002773 -0.001424 0.13178 -0.135317 -0.000738
4067 92.668000 0.126473 -0.002916 -0.00141 0.131749 -0.135298 -0.000027
4068 92.676000 0.126461 -0.002924 -0.001422 0.131752 -0.135289 -0.000048
4069 92.683000 0.126427 -0.002714 -0.001419 0.131758 -0.135284 -0.000928
4070 92.691000 0.126403 -0.002748 -0.001417 0.131809 -0.135044 -0.000888
4071 92.699000 0.126403 -0.002842 -0.001427 0.131829 -0.13489 -0.000693
4072 92.706000 0.12638 -0.003005 -0.001419 0.131805 -0.135015 0.000109
4073 92.714000 0.126347 -0.002992 -0.001421 0.131818 -0.134873 -0.000281
4074 92.722000 0.12641 -0.003011 -0.001422 0.131738 -0.134976 -0.000099
4075 92.729000 0.126341 -0.002843 -0.001424 0.131801 -0.134842 -0.000596
4076 92.737000 0.126383 -0.002872 -0.001436 0.13171 -0.134959 -0.000716
4077 92.744000 0.126343 -0.002916 -0.001441 0.131762 -0.134821 -0.000193
4078 92.752000 0.12636 -0.002971 -0.001413 0.131702 -0.13493 -0.00003
4079 92.759000 0.126311 -0.002783 -0.001412 0.13174 -0.134804 -0.000769
4080 92.766000 0.12629 -0.002907 -0.001449 0.131707 -0.13492 0.000031
4081 92.773000 0.126312 -0.002761 -0.001435 0.131618 -0.135139 -0.000868
4082 92.780000 0.126318 -0.00295 -0.001411 0.131582 -0.135127 0.000128
4083 92.788000 0.126281 -0.002984 -0.00143 0.131592 -0.135117 -0.000162
4084 92.795000 0.126299 -0.002843 -0.001453 0.131564 -0.135096 -0.000829
4085 92.802000 0.126264 -0.003022 -0.001424 0.131626 -0.134858 -0.000085
4086 92.809000 0.126221 -0.002903 -0.001421 0.13168 -0.13472 -0.000576
4087 92.817000 0.126264 -0.002829 -0.001447 0.131599 -0.134827 -0.000714
4088 92.824000 0.126207 -0.002974 -0.001428 0.131652 -0.134703 -0.00019
4089 92.831000 0.126192 -0.002778 -0.00143 0.131611 -0.134821 -0.000938
4090 92.839000 0.126194 -0.002786 -0.001421 0.131631 -0.13467 -0.000755
4091 92.846000 0.12616 -0.002936 -0.00143 0.1316 -0.134799 0.000045
4092 92.854000 0.12617 -0.002909 -0.001434 0.131602 -0.134656 -0.000087
4093 92.861000 0.126152 -0.002764 -0.001429 0.131571 -0.13477 -0.000838
4094 92.869000 0.126141 -0.002815 -0.001402 0.13159 -0.134632 -0.000653
4095 92.877000 0.1262 -0.002882 -0.001425 0.131505 -0.134742 -0.000756
4096 92.884000 0.126162 -0.003036 -0.001435 0.131553 -0.134604 -0.000201
4097 92.892000 0.126151 -0.003004 -0.001416 0.131493 -0.134716 -0.000043
4098 92.899000 0.12611 -0.002853 -0.001428 0.131538 -0.134581 -0.000804
4099 92.906000 0.126123 -0.002958 -0.001439 0.131526 -0.134569 -0.00016
4100 92.913000 0.126103 -0.002817 -0.001411 0.131497 -0.134689 -0.000902
4101 92.920000 0.126124 -0.002942 -0.001416 0.131387 -0.134916 0.000043
4102 92.927000 0.126127 -0.002737 -0.001438 0.131368 -0.134892 -0.000906
4103 92.935000 0.126108 -0.002746 -0.001429 0.131375 -0.134888 -0.000842
4104 92.943000 0.126057 -0.002809 -0.001407 0.131439 -0.134651 -0.000813
4105 92.951000 0.126043 -0.002824 -0.001433 0.131462 -0.134496 -0.000623
4106 92.958000 0.126041 -0.002944 -0.00143 0.131431 -0.134618 -0.000076
4107 92.966000 0.126003 -0.003012 -0.001427 0.131443 -0.134483 -0.000183
4108 92.974000 0.126069 -0.003018 -0.00143 0.131361 -0.134586 -0.000026
4109 92.981000 0.126067 -0.003002 -0.00141 0.131292 -0.134804 0.000046
4110 92.989000 0.126039 -0.002843 -0.001432 0.131338 -0.134567 -0.000894
4111 92.996000 0.12601 -0.003034 -0.001438 0.131387 -0.134431 -0.000086
4112 93.004000 0.126006 -0.002996 -0.00143 0.131332 -0.134533 0.000083
4113 93.012000 0.125997 -0.002959 -0.001417 0.131241 -0.134763 0.000129
4114 93.019000 0.125987 -0.002791 -0.001442 0.131302 -0.134513 -0.000824
4115 93.027000 0.125981 -0.002758 -0.001442 0.131234 -0.134732 -0.000836
4116 93.035000 0.125949 -0.00278 -0.001418 0.13122 -0.134742 -0.000755
4117 93.042000 0.125964 -0.002952 -0.001431 0.131199 -0.134709 -0.000031
4118 93.049000 0.125956 -0.002798 -0.001445 0.131258 -0.134465 -0.00071
4119 93.057000 0.125906 -0.002779 -0.00142 0.131197 -0.13471 -0.000942
4120 93.064000 0.125931 -0.00299 -0.00141 0.13117 -0.134678 0.000067
4121 93.071000 0.125903 -0.002858 -0.001431 0.131235 -0.134429 -0.000866
4122 93.078000 0.125857 -0.002978 -0.001407 0.131279 -0.134309 -0.000067
4123 93.085000 0.125855 -0.00282 -0.001427 0.131235 -0.134424 -0.000828
4124 93.093000 0.12584 -0.002842 -0.001424 0.13126 -0.134273 -0.000664
4125 93.100000 0.125823 -0.002934 -0.001416 0.131221 -0.134404 -0.000118
4126 93.107000 0.125875 -0.002813 -0.001434 0.131107 -0.134628 -0.000758
4127 93.115000 0.125814 -0.002789 -0.001418 0.131196 -0.134374 -0.000735
4128 93.123000 0.125791 -0.002838 -0.001422 0.131212 -0.134237 -0.000553
4129 93.130000 0.125787 -0.002944 -0.001422 0.131173 -0.134357 -0.000032
4130 93.138000 0.125779 -0.002982 -0.001438 0.131192 -0.134209 -0.000131
4131 93.146000 0.12583 -0.003076 -0.001402 0.131111 -0.134326 0.000072
4132 93.153000 0.125784 -0.002826 -0.001423 0.131155 -0.134189 -0.000701
4133 93.161000 0.125793 -0.002832 -0.001428 0.131099 -0.13429 -0.00083
4134 93.168000 0.125758 -0.002977 -0.001422 0.13114 -0.134167 -0.0003
4135 93.176000 0.125762 -0.003012 -0.001423 0.13107 -0.134274 -0.000118
4136 93.184000 0.125786 -0.00292 -0.00143 0.130985 -0.134487 -0.000069
4137 93.191000 0.125733 -0.002803 -0.001422 0.131058 -0.134251 -0.000743
4138 93.198000 0.125699 -0.002923 -0.001415 0.131098 -0.13412 -0.000204
4139 93.206000 0.125742 -0.002896 -0.001415 0.130971 -0.134453 -0.000029
4140 93.213000 0.125716 -0.002753 -0.00143 0.131023 -0.134214 -0.000933
4141 93.221000 0.125714 -0.002745 -0.001427 0.130935 -0.134442 -0.000937
4142 93.228000 0.125693 -0.003041 -0.001425 0.130998 -0.13419 0.000079
4143 93.235000 0.125642 -0.002885 -0.001414 0.131061 -0.134055 -0.000672
4144 93.242000 0.125637 -0.002958 -0.00143 0.131004 -0.134185 -0.00015
4145 93.250000 0.12564 -0.00297 -0.001438 0.13102 -0.134035 -0.000268
4146 93.258000 0.125686 -0.003056 -0.001414 0.130952 -0.134143 -0.000076
4147 93.265000 0.12563 -0.002846 -0.001422 0.130988 -0.134017 -0.000584
4148 93.273000 0.125658 -0.002837 -0.001427 0.130924 -0.134119 -0.000712
4149 93.281000 0.125644 -0.002737 -0.001435 0.130856 -0.13434 -0.001018
4150 93.288000 0.125633 -0.002973 -0.001417 0.130893 -0.134106 -0.00002
4151 93.296000 0.12563 -0.002942 -0.001428 0.130821 -0.134315 0.000073
4152 93.304000 0.125576 -0.002968 -0.001414 0.130844 -0.134312 0.000058
4153 93.311000 0.125599 -0.002748 -0.001425 0.1308 -0.134304 -0.000887
4154 93.319000 0.125561 -0.002829 -0.001423 0.130809 -0.134295 -0.000822
4155 93.327000 0.125541 -0.002801 -0.001408 0.130884 -0.134048 -0.000789
4156 93.334000 0.125568 -0.003006 -0.001422 0.130773 -0.134274 -0.000089
4157 93.342000 0.125527 -0.002991 -0.001435 0.130851 -0.134025 -0.000059
4158 93.350000 0.125486 -0.002988 -0.001423 0.130891 -0.133878 -0.000184
4159 93.357000 0.125455 -0.002823 -0.001413 0.130888 -0.133878 -0.000852
4160 93.364000 0.125478 -0.002927 -0.001434 0.130827 -0.13399 -0.000022
4161 93.372000 0.12546 -0.002933 -0.00143 0.130857 -0.133841 -0.000126
4162 93.378000 0.125528 -0.002919 -0.001415 0.130691 -0.134197 0.000086
4163 93.385000 0.125491 -0.002777 -0.001439 0.130757 -0.133949 -0.000849
4164 93.393000 0.12551 -0.002732 -0.001427 0.130676 -0.134169 -0.000881
4165 93.399000 0.125422 -0.002787 -0.001413 0.130774 -0.133942 -0.000811
4166 93.407000 0.125425 -0.002865 -0.00143 0.130784 -0.133794 -0.000613
4167 93.414000 0.125411 -0.002972 -0.001426 0.130756 -0.133911 -0.000079
4168 93.421000 0.125414 -0.002858 -0.001411 0.130665 -0.134139 -0.000715
4169 93.428000 0.125435 -0.002996 -0.001406 0.13063 -0.134115 0.000022
4170 93.436000 0.125437 -0.003001 -0.001431 0.130626 -0.134107 -0.000032
4171 93.444000 0.12538 -0.002958 -0.001423 0.130705 -0.133871 0.000025
4172 93.451000 0.125406 -0.002747 -0.001417 0.130601 -0.134095 -0.000896
4173 93.459000 0.125369 -0.00278 -0.001421 0.130678 -0.133842 -0.000867
4174 93.467000 0.125335 -0.002791 -0.001414 0.130705 -0.1337 -0.000691
4175 93.474000 0.12534 -0.002929 -0.001416 0.130657 -0.133827 -0.000157
4176 93.482000 0.125323 -0.002929 -0.00143 0.13068 -0.133674 -0.000261
4177 93.489000 0.125315 -0.002832 -0.001397 0.130645 -0.133801 -0.000748
4178 93.497000 0.12529 -0.002906 -0.001422 0.130656 -0.133658 -0.00056
4179 93.504000 0.125278 -0.002991 -0.001424 0.130628 -0.133772 -0.00004
4180 93.512000 0.12533 -0.002967 -0.001404 0.130584 -0.133754 -0.000028
4181 93.520000 0.125342 -0.002993 -0.001416 0.130482 -0.133977 0.000068
4182 93.528000 0.125284 -0.003008 -0.001429 0.130501 -0.133964 0.000052
4183 93.535000 0.125296 -0.002747 -0.001421 0.130482 -0.13395 -0.000903
4184 93.543000 0.125256 -0.002771 -0.00142 0.130476 -0.133952 -0.000835
4185 93.551000 0.125231 -0.002774 -0.001429 0.130545 -0.133701 -0.000817
4186 93.558000 0.125233 -0.002966 -0.001419 0.130463 -0.133921 -0.000119
4187 93.566000 0.125201 -0.002916 -0.001432 0.130524 -0.133684 -0.000088
4188 93.575000 0.125253 -0.002769 -0.001443 0.130412 -0.133886 -0.000764
4189 93.585000 0.12522 -0.002822 -0.001432 0.130399 -0.13388 -0.000991
4190 93.594000 0.125192 -0.002996 -0.001435 0.130508 -0.133504 -0.000123
4191 93.604000 0.125152 -0.002978 -0.001426 0.130508 -0.133488 -0.000086
4192 93.613000 0.125192 -0.002832 -0.00143 0.130362 -0.133845 -0.000839
4193 93.623000 0.125163 -0.002817 -0.001436 0.130358 -0.13382 -0.000833
4194 93.632000 0.125168 -0.002933 -0.001407 0.130391 -0.133572 -0.000131
4195 93.640000 0.125183 -0.002947 -0.001418 0.130308 -0.133786 -0.000059
4196 93.647000 0.125167 -0.002787 -0.001445 0.13037 -0.13354 -0.000746
4197 93.654000 0.125081 -0.002906 -0.00141 0.130426 -0.133419 -0.000208
4198 93.661000 0.125049 -0.002755 -0.001414 0.130439 -0.133406 -0.000868
4199 93.668000 0.125068 -0.00292 -0.001438 0.130381 -0.133519 -0.000022
4200 93.675000 0.125082 -0.002801 -0.001412 0.130285 -0.13375 -0.000895
4201 93.682000 0.125121 -0.003001 -0.001403 0.130247 -0.133727 0.000109
4202 93.689000 0.125101 -0.002844 -0.001436 0.13031 -0.133475 -0.000837
4203 93.696000 0.125053 -0.003035 -0.001415 0.130368 -0.133348 -0.000038
4204 93.703000 0.125036 -0.002807 -0.001417 0.130314 -0.133473 -0.000809
4205 93.712000 0.125071 -0.002963 -0.001422 0.130209 -0.133671 -0.000067
4206 93.722000 0.125044 -0.002926 -0.001403 0.130196 -0.133663 -0.000043
4207 93.730000 0.125033 -0.002928 -0.001416 0.130195 -0.133656 -0.000064
4208 93.738000 0.124987 -0.002944 -0.001428 0.130273 -0.13341 -0.000042
4209 93.746000 0.124958 -0.002935 -0.001421 0.130289 -0.133275 -0.000142
4210 93.753000 0.124967 -0.002785 -0.001404 0.130247 -0.133393 -0.00089
4211 93.761000 0.124936 -0.002869 -0.001427 0.130275 -0.133241 -0.000698
4212 93.768000 0.124924 -0.002974 -0.001424 0.130233 -0.133373 0.000097
4213 93.775000 0.124955 -0.002824 -0.001421 0.130136 -0.133592 -0.00083
4214 93.783000 0.124907 -0.002851 -0.001426 0.130213 -0.133341 -0.000788
4215 93.791000 0.124915 -0.002844 -0.001406 0.130221 -0.133204 -0.000608
4216 93.800000 0.124914 -0.002965 -0.001423 0.1301 -0.133547 -0.000076
4217 93.808000 0.124892 -0.002901 -0.001442 0.130172 -0.133303 -0.000062
4218 93.817000 0.124892 -0.002719 -0.001416 0.130075 -0.133533 -0.00096
4219 93.826000 0.124914 -0.002929 -0.001414 0.130109 -0.133266 0.000027
4220 93.835000 0.124824 -0.00278 -0.001403 0.130142 -0.133267 -0.000861
4221 93.844000 0.124886 -0.003012 -0.001412 0.130015 -0.133474 0.000149
4222 93.851000 0.124863 -0.002856 -0.001426 0.130083 -0.133224 -0.000816
4223 93.859000 0.124848 -0.00284 -0.001415 0.130004 -0.133455 -0.000822
4224 93.866000 0.124831 -0.003024 -0.001422 0.130055 -0.133208 -0.000082
4225 93.874000 0.12487 -0.002991 -0.001413 0.12997 -0.13342 -0.000028
4226 93.881000 0.124816 -0.002834 -0.001426 0.130036 -0.133185 -0.000706
4227 93.888000 0.124761 -0.002952 -0.001417 0.130087 -0.133054 -0.000194
4228 93.896000 0.124807 -0.002937 -0.001432 0.130008 -0.133157 -0.000025
4229 93.904000 0.124816 -0.002914 -0.0014 0.129928 -0.133382 0.000063
4230 93.911000 0.124775 -0.002774 -0.001413 0.129987 -0.133142 -0.00087
4231 93.919000 0.124807 -0.002732 -0.001434 0.1299 -0.133359 -0.000897
4232 93.927000 0.124763 -0.002792 -0.001418 0.129907 -0.133363 -0.000835
4233 93.934000 0.124793 -0.003023 -0.001413 0.129871 -0.13334 -0.000075
4234 93.942000 0.124735 -0.002992 -0.001422 0.129891 -0.133327 -0.000092
4235 93.949000 0.124743 -0.002817 -0.001433 0.129871 -0.133313 -0.00078
4236 93.957000 0.124699 -0.002858 -0.00142 0.12987 -0.133314 -0.000706
4237 93.964000 0.124723 -0.002958 -0.001424 0.129823 -0.133385 -0.000148
4238 93.972000 0.124669 -0.00294 -0.001415 0.12994 -0.133055 -0.000021
4239 93.979000 0.12468 -0.002765 -0.001414 0.129831 -0.133282 -0.000901
4240 93.986000 0.124693 -0.002954 -0.001427 0.12981 -0.133249 0.000089
4241 93.994000 0.124658 -0.002933 -0.00141 0.129824 -0.133248 0.000065
4242 94.000000 0.124636 -0.002948 -0.00142 0.129909 -0.132886 -0.000055
4243 94.008000 0.124651 -0.002958 -0.001416 0.129845 -0.132987 -0.000135
4244 94.016000 0.124648 -0.002983 -0.001421 0.129776 -0.133202 -0.000061
4245 94.023000 0.124622 -0.002853 -0.001411 0.129823 -0.132973 -0.00073
4246 94.030000 0.124588 -0.00298 -0.001429 0.129873 -0.132833 -0.000194
4247 94.038000 0.124654 -0.003052 -0.001432 0.129794 -0.132938 -0.000026
4248 94.045000 0.124574 -0.002818 -0.001403 0.129847 -0.132814 -0.000787
4249 94.053000 0.124589 -0.002826 -0.001421 0.129785 -0.132915 -0.000902
4250 94.060000 0.124564 -0.002956 -0.001433 0.129826 -0.132782 -0.000104
4251 94.069000 0.124554 -0.002753 -0.001406 0.129699 -0.133147 -0.00086
4252 94.078000 0.12456 -0.002934 -0.001425 0.129743 -0.132877 -0.000173
4253 94.087000 0.124512 -0.00277 -0.001397 0.129767 -0.132879 -0.000807
4254 94.097000 0.124505 -0.002776 -0.001408 0.129742 -0.132865 -0.000762
4255 94.106000 0.124526 -0.002961 -0.001415 0.129636 -0.133066 -0.000027
4256 94.115000 0.124463 -0.002848 -0.001406 0.129752 -0.132705 -0.000802
4257 94.125000 0.124485 -0.002841 -0.001425 0.129686 -0.132804 -0.000912
4258 94.134000 0.124449 -0.002991 -0.00141 0.129699 -0.132808 0.000058
4259 94.143000 0.124503 -0.002771 -0.001424 0.129574 -0.133017 -0.000893
4260 94.152000 0.124412 -0.002953 -0.001435 0.129702 -0.132641 -0.000055
4261 94.161000 0.124449 -0.002808 -0.001409 0.129561 -0.133005 -0.0008
4262 94.170000 0.124434 -0.002943 -0.001411 0.12961 -0.132738 -0.000099
4263 94.179000 0.124376 -0.002794 -0.001413 0.129635 -0.132736 -0.000729
4264 94.186000 0.124419 -0.002986 -0.001416 0.129523 -0.132962 -0.000039
4265 94.193000 0.124437 -0.002744 -0.001425 0.129502 -0.132939 -0.001006
4266 94.201000 0.124383 -0.002811 -0.001423 0.129523 -0.132934 -0.000912
4267 94.208000 0.124415 -0.003007 -0.001408 0.129474 -0.132921 0.000093
4268 94.215000 0.124396 -0.002848 -0.001438 0.129538 -0.132668 -0.000853
4269 94.222000 0.124368 -0.003029 -0.00143 0.129588 -0.132536 -0.000054
4270 94.229000 0.124327 -0.002788 -0.001408 0.129547 -0.132666 -0.000826
4271 94.236000 0.124342 -0.002933 -0.001428 0.129455 -0.132879 -0.000156
4272 94.243000 0.124347 -0.002771 -0.00144 0.129437 -0.132857 -0.000832
4273 94.250000 0.124318 -0.002957 -0.00141 0.129495 -0.13262 -0.000086
4274 94.258000 0.124322 -0.002951 -0.001409 0.129412 -0.132837 -0.000033
4275 94.265000 0.124306 -0.002796 -0.00142 0.129477 -0.13259 -0.000712
4276 94.273000 0.124268 -0.002732 -0.001406 0.129415 -0.132833 -0.000951
4277 94.280000 0.124301 -0.002952 -0.001407 0.129377 -0.132806 0.000064
4278 94.287000 0.124277 -0.002825 -0.00142 0.129446 -0.132556 -0.000872
4279 94.295000 0.124264 -0.002813 -0.001409 0.129369 -0.132786 -0.000885
4280 94.301000 0.124234 -0.002834 -0.001411 0.129441 -0.132555 -0.000826
4281 94.311000 0.124209 -0.002837 -0.001423 0.129438 -0.132529 -0.000803
4282 94.320000 0.124263 -0.002929 -0.001407 0.129313 -0.132745 -0.000067
4283 94.328000 0.124233 -0.002971 -0.001419 0.129317 -0.13274 -0.000078
4284 94.338000 0.124219 -0.002964 -0.001418 0.129317 -0.132718 -0.000052
4285 94.347000 0.12419 -0.002782 -0.001411 0.12935 -0.132474 -0.000947
4286 94.355000 0.12422 -0.002733 -0.001425 0.129267 -0.132689 -0.000962
4287 94.363000 0.124176 -0.002786 -0.001402 0.129278 -0.132692 -0.000877
4288 94.370000 0.124208 -0.003043 -0.001409 0.129235 -0.132673 0.000132
4289 94.377000 0.124174 -0.002801 -0.001416 0.129306 -0.132421 -0.00083
4290 94.385000 0.124159 -0.002808 -0.001419 0.12924 -0.132642 -0.000863
4291 94.393000 0.124117 -0.002855 -0.001427 0.12923 -0.132646 -0.000773
4292 94.400000 0.124139 -0.002997 -0.001423 0.129206 -0.132614 -0.000047
4293 94.407000 0.124117 -0.002806 -0.001429 0.129278 -0.132368 -0.000736
4294 94.415000 0.124107 -0.002772 -0.00142 0.129185 -0.132603 -0.000765
4295 94.422000 0.12412 -0.002892 -0.001422 0.129179 -0.132582 -0.000024
4296 94.430000 0.124067 -0.002946 -0.001413 0.129193 -0.132577 -0.000022
4297 94.437000 0.124088 -0.002739 -0.001424 0.129148 -0.132572 -0.000938
4298 94.445000 0.124049 -0.002767 -0.001418 0.129159 -0.132563 -0.00086
4299 94.452000 0.124084 -0.002966 -0.001411 0.129129 -0.132537 0.000137
4300 94.459000 0.124041 -0.002845 -0.001425 0.129188 -0.132302 -0.000817
4301 94.466000 0.124019 -0.002992 -0.001414 0.129234 -0.132166 -0.000257
4302 94.473000 0.124009 -0.002857 -0.001419 0.129195 -0.132283 -0.000756
4303 94.481000 0.123963 -0.002911 -0.001404 0.129225 -0.132144 -0.000568
4304 94.487000 0.124042 -0.002798 -0.001421 0.129072 -0.132491 -0.000761
4305 94.496000 0.123954 -0.002954 -0.001429 0.129201 -0.132114 -0.000193
4306 94.506000 0.123932 -0.002945 -0.001421 0.129182 -0.132109 -0.000146
4307 94.515000 0.123986 -0.002782 -0.001425 0.129045 -0.132457 -0.000885
4308 94.525000 0.123959 -0.002785 -0.001403 0.129039 -0.132446 -0.000848
4309 94.534000 0.123945 -0.002935 -0.001403 0.129078 -0.132186 -0.000164
4310 94.543000 0.123883 -0.002855 -0.001409 0.129107 -0.132176 -0.000785
4311 94.553000 0.123866 -0.002856 -0.001403 0.129087 -0.13217 -0.000742
4312 94.563000 0.123875 -0.00281 -0.001424 0.129066 -0.132147 -0.00072
4313 94.572000 0.1239 -0.002959 -0.001413 0.128938 -0.132459 -0.000148
4314 94.582000 0.123866 -0.002953 -0.001413 0.128962 -0.132348 -0.000022
4315 94.591000 0.123888 -0.002796 -0.001424 0.129004 -0.132089 -0.000884
4316 94.598000 0.123837 -0.00291 -0.001418 0.129037 -0.131971 -0.000089
4317 94.605000 0.123815 -0.002768 -0.001418 0.129003 -0.132086 -0.000838
4318 94.613000 0.123831 -0.002808 -0.001408 0.129023 -0.131936 -0.00067
4319 94.620000 0.123785 -0.002925 -0.001419 0.128984 -0.132069 -0.000119
4320 94.626000 0.123842 -0.00301 -0.001413 0.128936 -0.132046 -0.000078
4321 94.634000 0.123824 -0.003004 -0.001415 0.128868 -0.132256 -0.000024
4322 94.641000 0.123786 -0.002895 -0.001413 0.128934 -0.132021 -0.000692
4323 94.648000 0.123755 -0.002983 -0.001413 0.128976 -0.131888 -0.000175
4324 94.656000 0.123791 -0.003004 -0.001426 0.128901 -0.131992 0.000022
4325 94.663000 0.123722 -0.002818 -0.001404 0.128963 -0.131863 -0.000739
4326 94.671000 0.123766 -0.002779 -0.001431 0.128875 -0.131975 -0.000867
4327 94.679000 0.123789 -0.002727 -0.00142 0.128796 -0.132194 -0.0009
4328 94.686000 0.123738 -0.002919 -0.001405 0.12886 -0.131955 -0.000174
4329 94.694000 0.123768 -0.002913 -0.001408 0.128766 -0.132173 -0.000101
4330 94.702000 0.123737 -0.002974 -0.001418 0.128776 -0.132165 -0.000097
4331 94.709000 0.123741 -0.002762 -0.001418 0.128752 -0.132155 -0.00079
4332 94.718000 0.123663 -0.002969 -0.001413 0.128873 -0.131783 -0.000187
4333 94.728000 0.123721 -0.002966 -0.001418 0.128797 -0.131885 -0.000029
4334 94.738000 0.123703 -0.003057 -0.001414 0.128771 -0.131876 0.000049
4335 94.747000 0.12363 -0.002777 -0.001421 0.128799 -0.131865 -0.000866
4336 94.757000 0.123601 -0.002766 -0.001396 0.128788 -0.131858 -0.000839
4337 94.766000 0.123656 -0.002937 -0.001409 0.128671 -0.132059 -0.000111
4338 94.776000 0.12364 -0.002943 -0.00141 0.128665 -0.132041 -0.000064
4339 94.786000 0.123626 -0.002953 -0.001406 0.12864 -0.132032 -0.000028
4340 94.795000 0.12358 -0.002827 -0.001406 0.128758 -0.13166 -0.000555
4341 94.805000 0.12356 -0.002865 -0.001401 0.12874 -0.131652 -0.000771
4342 94.814000 0.123591 -0.003008 -0.001422 0.128613 -0.131995 0.000038
4343 94.823000 0.123548 -0.00285 -0.001424 0.128671 -0.13174 -0.00085
4344 94.833000 0.123552 -0.002798 -0.001431 0.128641 -0.131727 -0.000831
4345 94.843000 0.12355 -0.002791 -0.001433 0.128629 -0.131708 -0.000817
4346 94.852000 0.123476 -0.002927 -0.001417 0.128649 -0.131713 -0.000111
4347 94.862000 0.123471 -0.002928 -0.001424 0.128639 -0.13169 -0.000076
4348 94.872000 0.123447 -0.002935 -0.001412 0.128622 -0.131684 -0.000044
4349 94.881000 0.123492 -0.002718 -0.001408 0.128519 -0.131902 -0.000954
4350 94.891000 0.123479 -0.002816 -0.001405 0.128512 -0.131883 -0.000889
4351 94.901000 0.123452 -0.002818 -0.001424 0.12849 -0.13187 -0.000851
4352 94.911000 0.123428 -0.002845 -0.001417 0.128486 -0.131848 -0.000821
4353 94.920000 0.123448 -0.002987 -0.001406 0.128509 -0.1316 -0.000127
4354 94.930000 0.123439 -0.002974 -0.001408 0.128501 -0.131576 -0.000092
4355 94.939000 0.123362 -0.002792 -0.001406 0.128525 -0.13158 -0.000732
4356 94.949000 0.123357 -0.002786 -0.001419 0.128503 -0.131563 -0.000709
4357 94.958000 0.12341 -0.00295 -0.00141 0.128395 -0.131765 0.000039
4358 94.968000 0.123382 -0.002965 -0.001402 0.128376 -0.131759 0.000087
4359 94.977000 0.12334 -0.002861 -0.001405 0.128495 -0.131382 -0.000696
4360 94.987000 0.123298 -0.002853 -0.001393 0.128488 -0.131373 -0.000668
4361 94.997000 0.123289 -0.002897 -0.001425 0.128473 -0.13135 -0.000639
4362 95.005000 0.123321 -0.002816 -0.001424 0.128408 -0.131459 -0.000764
4363 95.015000 0.123305 -0.002801 -0.001419 0.128377 -0.131454 -0.000736
4364 95.025000 0.123294 -0.002799 -0.00142 0.128371 -0.131431 -0.000713
4365 95.034000 0.123236 -0.002904 -0.001412 0.128416 -0.131306 -0.00017
4366 95.044000 0.123233 -0.002933 -0.001416 0.128401 -0.131283 -0.000114
4367 95.053000 0.123258 -0.002759 -0.001397 0.128276 -0.13164 -0.000859
4368 95.062000 0.123243 -0.003005 -0.001403 0.128312 -0.131382 0.000106
4369 95.070000 0.123282 -0.003035 -0.0014 0.128227 -0.131596 -0.000086
4370 95.079000 0.123182 -0.002852 -0.00141 0.128347 -0.131235 -0.000612
4371 95.088000 0.123196 -0.003016 -0.001418 0.128225 -0.131577 -0.000069
4372 95.098000 0.123176 -0.002971 -0.001403 0.128225 -0.13156 -0.000054
4373 95.107000 0.123198 -0.002802 -0.001411 0.128244 -0.131313 -0.000949
4374 95.117000 0.123193 -0.002801 -0.001433 0.128229 -0.13129 -0.000907
4375 95.126000 0.123112 -0.002917 -0.001416 0.128251 -0.1313 0.000052
4376 95.134000 0.123129 -0.002918 -0.001411 0.128266 -0.13115 -0.000071
4377 95.141000 0.123102 -0.002767 -0.001418 0.128229 -0.131267 -0.000829
4378 95.150000 0.123131 -0.002993 -0.001402 0.128116 -0.131481 -0.000082
4379 95.159000 0.123081 -0.002874 -0.001407 0.128239 -0.131105 -0.000601
4380 95.168000 0.123116 -0.003049 -0.001393 0.12811 -0.13146 -0.000053
4381 95.178000 0.123101 -0.00298 -0.001407 0.128087 -0.131445 -0.000043
4382 95.187000 0.123099 -0.002707 -0.001437 0.128061 -0.131421 -0.000995
4383 95.196000 0.123025 -0.00293 -0.001413 0.128179 -0.131059 -0.00012
4384 95.204000 0.12305 -0.002975 -0.001422 0.12811 -0.131161 0.000063
4385 95.212000 0.123062 -0.002925 -0.001399 0.128036 -0.131379 0.000121
4386 95.220000 0.123038 -0.002934 -0.001397 0.128025 -0.131386 -0.000162
4387 95.227000 0.123045 -0.002773 -0.001427 0.128002 -0.131363 -0.000833
4388 95.235000 0.123026 -0.002852 -0.001418 0.128014 -0.131357 -0.000745
4389 95.242000 0.123044 -0.003046 -0.00139 0.127974 -0.131345 -0.000021
4390 95.250000 0.122993 -0.003001 -0.001422 0.127988 -0.131331 -0.000039
4391 95.258000 0.122944 -0.002973 -0.001422 0.128076 -0.131087 -0.000033
4392 95.265000 0.122954 -0.002782 -0.001407 0.127969 -0.13132 -0.00092
4393 95.273000 0.12293 -0.002757 -0.001414 0.128037 -0.131069 -0.000894
4394 95.280000 0.122952 -0.002959 -0.001428 0.127949 -0.131283 0.000052
4395 95.288000 0.122898 -0.002913 -0.001417 0.128017 -0.131054 0.000076
4396 95.295000 0.122922 -0.00278 -0.001423 0.127924 -0.131269 -0.000837
4397 95.302000 0.122944 -0.002943 -0.001407 0.127897 -0.131242 -0.000091
4398 95.309000 0.122923 -0.002829 -0.001396 0.127955 -0.131011 -0.000763
4399 95.316000 0.122899 -0.003025 -0.001417 0.127996 -0.130876 -0.000202
4400 95.324000 0.1229 -0.003001 -0.001411 0.127937 -0.130977 -0.000044
4401 95.331000 0.122846 -0.002853 -0.001403 0.127989 -0.13085 -0.000802
4402 95.338000 0.122824 -0.002991 -0.001406 0.127984 -0.130844 -0.000156
4403 95.346000 0.122855 -0.003059 -0.001401 0.127911 -0.130947 0.000046
4404 95.353000 0.122832 -0.00286 -0.001395 0.12795 -0.130822 -0.000706
4405 95.361000 0.122865 -0.002821 -0.001414 0.127875 -0.130929 -0.000841
4406 95.368000 0.122825 -0.00291 -0.001421 0.127927 -0.130794 -0.000064
4407 95.376000 0.122836 -0.002966 -0.001383 0.127863 -0.130908 -0.000137
4408 95.384000 0.122831 -0.002942 -0.001391 0.12778 -0.131125 -0.000066
4409 95.391000 0.12283 -0.002834 -0.001423 0.127834 -0.130879 -0.00074
4410 95.399000 0.122795 -0.002833 -0.001408 0.127772 -0.131105 -0.000758
4411 95.406000 0.122785 -0.002997 -0.001397 0.127818 -0.130861 -0.000029
4412 95.414000 0.122804 -0.002982 -0.00142 0.127734 -0.131074 0.000036
4413 95.421000 0.122754 -0.002842 -0.001413 0.127811 -0.130834 -0.000894
4414 95.429000 0.12279 -0.00276 -0.001413 0.127708 -0.131063 -0.000924
4415 95.437000 0.122743 -0.002812 -0.001419 0.127724 -0.131052 -0.00085
4416 95.444000 0.122768 -0.002961 -0.001402 0.127693 -0.131035 0.000132
4417 95.451000 0.122737 -0.002781 -0.001408 0.127747 -0.130797 -0.000826
4418 95.458000 0.122679 -0.002898 -0.001413 0.127805 -0.130661 -0.000279
4419 95.465000 0.122654 -0.002786 -0.001411 0.127777 -0.130782 -0.000765
4420 95.473000 0.122652 -0.00282 -0.001406 0.12777 -0.130653 -0.000581
4421 95.480000 0.122629 -0.002947 -0.001412 0.127743 -0.130772 -0.000049
4422 95.487000 0.122629 -0.002778 -0.001424 0.127736 -0.130761 -0.000957
4423 95.494000 0.122648 -0.002981 -0.001407 0.127622 -0.130998 0.000022
4424 95.502000 0.12261 -0.00297 -0.001429 0.127695 -0.130756 0.000049
4425 95.508000 0.122661 -0.003026 -0.001414 0.127646 -0.130739 0.00008
4426 95.516000 0.12263 -0.00301 -0.001405 0.12757 -0.130972 0.00014
4427 95.523000 0.122605 -0.002879 -0.001419 0.127634 -0.130732 -0.000814
4428 95.530000 0.122574 -0.002948 -0.001421 0.127677 -0.130604 -0.00027
4429 95.538000 0.122574 -0.002974 -0.001392 0.127611 -0.130731 -0.000097
4430 95.545000 0.122547 -0.002826 -0.001416 0.127649 -0.130604 -0.00059
4431 95.553000 0.122569 -0.002812 -0.001437 0.127583 -0.130719 -0.000714
4432 95.561000 0.12257 -0.002745 -0.00141 0.1275 -0.130962 -0.001008
4433 95.567000 0.122526 -0.002787 -0.001395 0.127585 -0.130737 -0.000931
4434 95.575000 0.1225 -0.002869 -0.001419 0.127615 -0.130595 -0.00073
4435 95.583000 0.122527 -0.002802 -0.001417 0.127541 -0.130723 -0.000857
4436 95.590000 0.122484 -0.002976 -0.001411 0.127589 -0.130604 -0.000064
4437 95.597000 0.12247 -0.00283 -0.001421 0.127554 -0.130729 -0.00082
4438 95.604000 0.122485 -0.002998 -0.0014 0.127473 -0.130958 -0.000141
4439 95.611000 0.122498 -0.002837 -0.001415 0.127436 -0.13096 -0.000815
4440 95.618000 0.122488 -0.002974 -0.001404 0.127495 -0.13072 -0.000084
4441 95.625000 0.122475 -0.002838 -0.001423 0.127538 -0.130597 -0.000585
4442 95.633000 0.122463 -0.002799 -0.001417 0.127472 -0.13073 -0.000716
4443 95.639000 0.122415 -0.002707 -0.0014 0.127508 -0.130738 -0.00097
4444 95.647000 0.122434 -0.00277 -0.001412 0.127512 -0.130604 -0.000773
4445 95.655000 0.122454 -0.002799 -0.001411 0.127441 -0.130737 -0.000878
4446 95.662000 0.122424 -0.003024 -0.00141 0.127494 -0.130614 -0.000064
4447 95.670000 0.122429 -0.003005 -0.001421 0.127431 -0.130729 0.000107
4448 95.678000 0.122427 -0.00298 -0.001394 0.127352 -0.130973 -0.0001
4449 95.685000 0.122427 -0.002916 -0.001422 0.127407 -0.130741 -0.00076
4450 95.693000 0.122435 -0.002897 -0.001432 0.127326 -0.130977 -0.000777
4451 95.700000 0.122368 -0.003077 -0.001397 0.1274 -0.130752 -0.000041
4452 95.708000 0.122416 -0.002945 -0.001396 0.127314 -0.130978 0.000021
4453 95.715000 0.122375 -0.002784 -0.001415 0.127386 -0.130744 -0.00095
4454 95.723000 0.12239 -0.002729 -0.001405 0.127299 -0.130993 -0.000967
4455 95.731000 0.122366 -0.002787 -0.001409 0.127305 -0.131 -0.000885
4456 95.738000 0.122383 -0.002921 -0.001401 0.127284 -0.130983 0.0001
4457 95.746000 0.122343 -0.002994 -0.001407 0.127287 -0.131006 0.000096
4458 95.753000 0.122365 -0.002812 -0.001418 0.127266 -0.130995 -0.000868
4459 95.760000 0.122357 -0.003051 -0.001413 0.127324 -0.130758 -0.000107
4460 95.767000 0.122292 -0.002839 -0.001405 0.127383 -0.130642 -0.000612
4461 95.774000 0.122283 -0.002971 -0.001412 0.127345 -0.130777 -0.000071
4462 95.781000 0.122296 -0.002803 -0.001413 0.127256 -0.131006 -0.000722
4463 95.788000 0.122308 -0.002922 -0.001401 0.127221 -0.131095 -0.000162
4464 95.796000 0.122257 -0.002885 -0.001419 0.127316 -0.130783 -0.000032
4465 95.803000 0.122273 -0.002744 -0.001422 0.127226 -0.131011 -0.000912
4466 95.810000 0.122273 -0.002943 -0.001402 0.127219 -0.130994 0.000084
4467 95.818000 0.122243 -0.002938 -0.001398 0.127209 -0.131017 0.000068
4468 95.825000 0.122258 -0.002752 -0.001429 0.127188 -0.131004 -0.000874
4469 95.833000 0.122232 -0.002778 -0.001415 0.127201 -0.131011 -0.0008
4470 95.840000 0.122242 -0.00298 -0.001394 0.127166 -0.131008 -0.000056
4471 95.847000 0.122215 -0.002879 -0.001427 0.127232 -0.130771 -0.000725
4472 95.854000 0.122167 -0.002991 -0.001412 0.127289 -0.130646 -0.00019
4473 95.861000 0.12215 -0.002875 -0.001404 0.127249 -0.130787 -0.00069
4474 95.868000 0.122188 -0.003001 -0.001401 0.127151 -0.131013 -0.000024
4475 95.875000 0.122208 -0.002787 -0.001422 0.12713 -0.131002 -0.000953
4476 95.882000 0.122193 -0.002987 -0.001401 0.127182 -0.130774 0.00005
4477 95.890000 0.122186 -0.002945 -0.001402 0.127101 -0.131005 0.000106
4478 95.897000 0.122179 -0.002802 -0.001416 0.127164 -0.130767 -0.000841
4479 95.905000 0.12216 -0.002753 -0.001411 0.127091 -0.131007 -0.000879
4480 95.914000 0.122122 -0.002905 -0.00142 0.127194 -0.130651 -0.000265
4481 95.923000 0.12211 -0.002839 -0.001416 0.127082 -0.13101 -0.000741
4482 95.932000 0.122112 -0.002998 -0.001401 0.127115 -0.130774 -0.000044
4483 95.940000 0.12213 -0.002938 -0.001413 0.127013 -0.1311 -0.000151
4484 95.948000 0.122041 -0.003002 -0.001424 0.127144 -0.130774 0.00002
4485 95.956000 0.12203 -0.003037 -0.001407 0.127145 -0.130653 -0.000099
4486 95.963000 0.122053 -0.002893 -0.001394 0.127101 -0.130778 -0.000846
4487 95.971000 0.12203 -0.002814 -0.001402 0.127137 -0.130635 -0.000687
4488 95.979000 0.12204 -0.002807 -0.001406 0.127057 -0.130768 -0.000831
4489 95.987000 0.122064 -0.002758 -0.001415 0.126972 -0.130995 -0.000845
4490 95.996000 0.121987 -0.00293 -0.001394 0.127102 -0.130639 -0.000234
4491 96.006000 0.121984 -0.002944 -0.001416 0.127074 -0.130638 -0.000195
4492 96.015000 0.12202 -0.002821 -0.001412 0.126944 -0.131 -0.000958
4493 96.024000 0.122015 -0.003011 -0.001407 0.126979 -0.130761 0.000022
4494 96.033000 0.12194 -0.002825 -0.001415 0.127012 -0.130761 -0.000884
4495 96.043000 0.121926 -0.002784 -0.001393 0.127 -0.130763 -0.000857
4496 96.051000 0.121944 -0.002852 -0.001407 0.127002 -0.130629 -0.000678
4497 96.060000 0.121949 -0.002927 -0.001423 0.126882 -0.130982 -0.000165
4498 96.070000 0.121922 -0.002927 -0.001395 0.126868 -0.130991 -0.00012
4499 96.078000 0.121905 -0.002898 -0.001419 0.126936 -0.130754 -0.000088
4500 96.086000 0.121898 -0.002937 -0.001418 0.126962 -0.130616 -0.000196
4501 96.093000 0.121859 -0.002736 -0.001388 0.126962 -0.13063 -0.000869
4502 96.099000 0.121903 -0.002782 -0.001417 0.126818 -0.130974 -0.000977
4503 96.107000 0.121882 -0.002774 -0.001408 0.126815 -0.130979 -0.000896
4504 96.114000 0.121887 -0.002987 -0.001384 0.12679 -0.130972 0.000106
4505 96.123000 0.121823 -0.002883 -0.001417 0.12691 -0.130607 -0.000672
4506 96.133000 0.121804 -0.002885 -0.001403 0.126908 -0.130604 -0.000654
4507 96.142000 0.121833 -0.002977 -0.001408 0.126762 -0.130971 -0.000109
4508 96.152000 0.121823 -0.002961 -0.001414 0.126752 -0.130962 -0.00008
4509 96.161000 0.121824 -0.002798 -0.001402 0.126786 -0.130731 -0.000716
4510 96.171000 0.121824 -0.002775 -0.001425 0.126768 -0.130721 -0.00095
4511 96.179000 0.121822 -0.00276 -0.00141 0.126701 -0.130955 -0.000958
4512 96.187000 0.121757 -0.002835 -0.001398 0.126704 -0.130969 -0.000868
4513 96.194000 0.12179 -0.002983 -0.001394 0.126677 -0.130947 0.000121
4514 96.202000 0.121751 -0.002994 -0.001396 0.12669 -0.130956 0.000093
4515 96.209000 0.121755 -0.002826 -0.001413 0.126655 -0.130954 -0.000861
4516 96.216000 0.121737 -0.003013 -0.00141 0.126714 -0.130712 -0.000116
4517 96.224000 0.121734 -0.00302 -0.0014 0.126646 -0.13094 -0.000045
4518 96.231000 0.121718 -0.002819 -0.00141 0.126688 -0.130717 -0.000734
4519 96.237000 0.121708 -0.002783 -0.001405 0.126627 -0.130957 -0.000725
4520 96.244000 0.121719 -0.002912 -0.001415 0.126585 -0.131039 -0.000165
4521 96.252000 0.121645 -0.002885 -0.001402 0.126698 -0.130728 -0.000031
4522 96.260000 0.121666 -0.002903 -0.001404 0.126706 -0.13059 -0.000125
4523 96.270000 0.121661 -0.003014 -0.0014 0.126701 -0.130585 -0.000065
4524 96.278000 0.121656 -0.003004 -0.001392 0.126626 -0.130711 0.000109
4525 96.288000 0.121642 -0.003014 -0.001401 0.126619 -0.130701 -0.000128
4526 96.297000 0.121603 -0.00291 -0.00138 0.126629 -0.130724 -0.000746
4527 96.307000 0.121603 -0.00292 -0.001402 0.126608 -0.13072 -0.00071
4528 96.316000 0.121616 -0.003037 -0.001402 0.126516 -0.130932 0.000026
4529 96.324000 0.12159 -0.002956 -0.001389 0.126508 -0.130951 -0.000044
4530 96.331000 0.121602 -0.002742 -0.001414 0.12649 -0.130937 -0.000975
4531 96.339000 0.121577 -0.002746 -0.001409 0.126498 -0.130944 -0.000898
4532 96.346000 0.121575 -0.002953 -0.001385 0.126467 -0.13094 0.000096
4533 96.354000 0.121559 -0.002936 -0.001402 0.126471 -0.130943 0.000072
4534 96.361000 0.121579 -0.002797 -0.001438 0.126448 -0.130931 -0.000874
4535 96.368000 0.121533 -0.003007 -0.001402 0.126506 -0.130707 -0.000119
4536 96.375000 0.121493 -0.002897 -0.001403 0.126564 -0.130577 -0.000604
4537 96.382000 0.121492 -0.002966 -0.001417 0.126522 -0.130706 -0.000072
4538 96.389000 0.121507 -0.002835 -0.001402 0.126429 -0.130947 -0.000719
4539 96.396000 0.121552 -0.002959 -0.001411 0.126365 -0.131036 -0.000151
4540 96.403000 0.12154 -0.002772 -0.001415 0.126388 -0.130932 -0.000986
4541 96.410000 0.12151 -0.00293 -0.001397 0.126452 -0.130697 0.000023
4542 96.417000 0.121448 -0.002789 -0.001403 0.126495 -0.13058 -0.000729
4543 96.425000 0.121497 -0.002766 -0.001419 0.126423 -0.130695 -0.000855
4544 96.432000 0.121427 -0.002913 -0.001398 0.126491 -0.130575 -0.000064
4545 96.440000 0.121473 -0.002938 -0.001405 0.126397 -0.130702 -0.000138
4546 96.447000 0.121413 -0.002823 -0.001399 0.126461 -0.130572 -0.000618
4547 96.455000 0.121453 -0.002869 -0.001407 0.126397 -0.130692 -0.000727
4548 96.465000 0.121423 -0.002864 -0.001411 0.126379 -0.130694 -0.000698
4549 96.473000 0.121426 -0.002816 -0.001417 0.126302 -0.130924 -0.000994
4550 96.481000 0.121409 -0.002787 -0.001398 0.126297 -0.130942 -0.000918
4551 96.489000 0.121354 -0.002815 -0.001393 0.126378 -0.130702 -0.000881
4552 96.497000 0.121341 -0.002814 -0.001402 0.126402 -0.130563 -0.00071
4553 96.505000 0.121367 -0.002776 -0.001401 0.126324 -0.130696 -0.00084
4554 96.513000 0.121398 -0.002743 -0.001408 0.126236 -0.130927 -0.000882
4555 96.519000 0.121319 -0.002778 -0.001398 0.12634 -0.130696 -0.000804
4556 96.525000 0.121346 -0.002798 -0.001413 0.126302 -0.130691 -0.000769
4557 96.534000 0.121295 -0.002942 -0.001409 0.126315 -0.130704 -0.000068
4558 96.543000 0.121365 -0.002829 -0.001423 0.126196 -0.130922 -0.000755
4559 96.552000 0.121331 -0.00297 -0.001398 0.126255 -0.130696 -0.000028
4560 96.563000 0.121289 -0.002833 -0.001408 0.126199 -0.130928 -0.00089
4561 96.570000 0.121308 -0.002979 -0.001389 0.126179 -0.130914 0.000105
4562 96.580000 0.121287 -0.002985 -0.00139 0.126155 -0.130918 0.000128
4563 96.589000 0.121255 -0.002838 -0.001413 0.126265 -0.130557 -0.000675
4564 96.599000 0.121231 -0.002842 -0.001391 0.126251 -0.130567 -0.000625
4565 96.608000 0.121239 -0.002937 -0.001403 0.126132 -0.130922 -0.000089
4566 96.617000 0.121224 -0.002809 -0.001393 0.126184 -0.130683 -0.000709
4567 96.625000 0.121254 -0.002862 -0.001406 0.126084 -0.130925 -0.00099
4568 96.633000 0.121228 -0.002888 -0.001412 0.126087 -0.13093 -0.000902
4569 96.641000 0.121171 -0.00289 -0.001378 0.126171 -0.1307 -0.000868
4570 96.650000 0.121193 -0.003055 -0.00139 0.126058 -0.130919 0.000126
4571 96.660000 0.121191 -0.003049 -0.001388 0.126053 -0.130912 0.000148
4572 96.669000 0.121144 -0.002946 -0.001391 0.126152 -0.130569 -0.000635
4573 96.677000 0.121159 -0.002813 -0.001403 0.126097 -0.130678 -0.000776
4574 96.686000 0.121115 -0.002892 -0.001392 0.126119 -0.130694 -0.000094
4575 96.694000 0.121117 -0.002931 -0.00141 0.126122 -0.130563 -0.000207
4576 96.703000 0.121087 -0.002703 -0.001411 0.126097 -0.130687 -0.000977
4577 96.712000 0.121122 -0.002938 -0.001378 0.125979 -0.130916 0.000053
4578 96.720000 0.1211 -0.002981 -0.001411 0.125979 -0.130921 0.000044
4579 96.729000 0.121099 -0.002854 -0.001431 0.12603 -0.13067 -0.000839
4580 96.738000 0.121056 -0.002969 -0.001412 0.126036 -0.130693 -0.000155
4581 96.746000 0.121031 -0.002985 -0.001417 0.126066 -0.13055 -0.000269
4582 96.755000 0.121049 -0.002841 -0.001397 0.125948 -0.130916 -0.000752
4583 96.764000 0.121069 -0.002944 -0.001393 0.125972 -0.130674 -0.000068
4584 96.774000 0.121057 -0.002932 -0.001403 0.125968 -0.130663 -0.000049
4585 96.782000 0.121055 -0.002958 -0.001382 0.125891 -0.130903 0.000037
4586 96.789000 0.121036 -0.002768 -0.001414 0.125957 -0.130661 -0.000906
4587 96.796000 0.120973 -0.002921 -0.001408 0.126027 -0.130532 -0.000105
4588 96.803000 0.120939 -0.002823 -0.001383 0.126 -0.130669 -0.00084
4589 96.810000 0.120969 -0.003018 -0.001396 0.125908 -0.130893 0.000102
4590 96.817000 0.12099 -0.002839 -0.001417 0.125895 -0.130876 -0.000856
4591 96.825000 0.120975 -0.002888 -0.001403 0.125895 -0.130894 -0.000768
4592 96.832000 0.120961 -0.003047 -0.001401 0.12588 -0.130877 -0.000036
4593 96.840000 0.12093 -0.003066 -0.001409 0.1259 -0.130879 -0.000052
4594 96.847000 0.120962 -0.002898 -0.001389 0.125882 -0.130879 -0.000736
4595 96.854000 0.120965 -0.002897 -0.001388 0.125875 -0.130875 -0.000022
4596 96.861000 0.120922 -0.002763 -0.001406 0.12595 -0.130634 -0.000927
4597 96.868000 0.120864 -0.002933 -0.001407 0.126023 -0.130509 -0.000126
4598 96.875000 0.120854 -0.002759 -0.001381 0.125978 -0.130651 -0.000876
4599 96.883000 0.120846 -0.002806 -0.001396 0.126011 -0.13051 -0.000691
4600 96.890000 0.120852 -0.00292 -0.001415 0.12598 -0.130641 -0.000162
4601 96.898000 0.12083 -0.002959 -0.001398 0.126004 -0.130519 -0.00027
4602 96.905000 0.120817 -0.002853 -0.001408 0.125978 -0.130645 -0.000758
4603 96.913000 0.120847 -0.002841 -0.001404 0.126003 -0.130507 -0.000587
4604 96.921000 0.120838 -0.002858 -0.001403 0.125947 -0.130637 -0.000708
4605 96.928000 0.120787 -0.00302 -0.001413 0.126009 -0.130514 -0.000183
4606 96.936000 0.120825 -0.003048 -0.001413 0.125948 -0.130634 0.000022
4607 96.944000 0.120827 -0.002936 -0.001379 0.125874 -0.130876 0.000066
4608 96.951000 0.120802 -0.002783 -0.001421 0.125948 -0.130637 -0.000873
4609 96.959000 0.12083 -0.002729 -0.001427 0.125875 -0.130872 -0.000901
4610 96.967000 0.12079 -0.00276 -0.001385 0.125887 -0.130894 -0.000845
4611 96.974000 0.120801 -0.002918 -0.001399 0.125875 -0.130875 -0.000103
4612 96.982000 0.120803 -0.003027 -0.001402 0.125892 -0.130883 -0.00009
4613 96.989000 0.120791 -0.002784 -0.001401 0.125875 -0.130887 -0.000787
4614 96.997000 0.120749 -0.002838 -0.001407 0.125901 -0.130891 -0.000712
4615 97.004000 0.120784 -0.00296 -0.001399 0.125858 -0.13098 -0.000148
4616 97.010000 0.120694 -0.002939 -0.001393 0.126023 -0.130534 -0.000166
4617 97.018000 0.120759 -0.003055 -0.001392 0.125947 -0.130654 0.000047
4618 97.024000 0.120715 -0.002997 -0.001416 0.125905 -0.130888 0.000049
4619 97.031000 0.120669 -0.002917 -0.001401 0.125899 -0.130887 -0.000905
4620 97.039000 0.120687 -0.002769 -0.001401 0.125905 -0.130904 -0.000836
4621 97.046000 0.120719 -0.002933 -0.001397 0.125888 -0.130885 -0.000112
4622 97.054000 0.120668 -0.002967 -0.001399 0.125916 -0.130898 -0.000118
4623 97.061000 0.120694 -0.002773 -0.001407 0.12589 -0.130898 -0.000796
4624 97.069000 0.120657 -0.002844 -0.001403 0.125913 -0.130904 -0.000713
4625 97.076000 0.120668 -0.002993 -0.001383 0.125907 -0.130891 0.000025
4626 97.084000 0.120667 -0.003011 -0.001407 0.1259 -0.130909 -0.000024
4627 97.091000 0.120684 -0.002839 -0.001408 0.12589 -0.130901 -0.000944
4628 97.099000 0.120644 -0.002883 -0.001393 0.125914 -0.130914 -0.00086
4629 97.106000 0.120625 -0.003057 -0.001375 0.125898 -0.130908 0.00013
4630 97.114000 0.120603 -0.003058 -0.00141 0.125916 -0.130911 0.000105
4631 97.121000 0.12063 -0.00277 -0.001409 0.12591 -0.1309 -0.000873
4632 97.129000 0.120582 -0.002791 -0.001394 0.125916 -0.130922 -0.000791
4633 97.137000 0.12056 -0.002782 -0.001406 0.125998 -0.130684 -0.000764
4634 97.144000 0.120571 -0.002956 -0.001409 0.125929 -0.130909 -0.000081
4635 97.152000 0.120532 -0.002909 -0.001409 0.126 -0.130692 -0.000058
4636 97.159000 0.120514 -0.00276 -0.001389 0.126018 -0.130686 -0.000957
4637 97.166000 0.120557 -0.002982 -0.001408 0.125923 -0.130913 -0.00002
4638 97.173000 0.120554 -0.002814 -0.001404 0.125908 -0.130915 -0.000927
4639 97.180000 0.120547 -0.003 -0.001401 0.125971 -0.130676 0.000074
4640 97.188000 0.120556 -0.002979 -0.001403 0.1259 -0.130905 0.000128
4641 97.195000 0.120535 -0.002901 -0.00139 0.125968 -0.130685 -0.000816
4642 97.203000 0.120553 -0.002821 -0.00142 0.12589 -0.130915 -0.00083
4643 97.211000 0.120521 -0.002819 -0.001413 0.125912 -0.13092 -0.000762
4644 97.218000 0.120529 -0.002919 -0.001389 0.125894 -0.130915 -0.000041
4645 97.225000 0.120488 -0.002801 -0.001399 0.125973 -0.130681 -0.000717
4646 97.233000 0.120516 -0.002736 -0.001406 0.1259 -0.13091 -0.001017
4647 97.240000 0.120462 -0.002947 -0.001381 0.125976 -0.130683 -0.000021
4648 97.248000 0.120508 -0.00303 -0.001397 0.12589 -0.130914 0.000094
4649 97.255000 0.120474 -0.002798 -0.001404 0.125971 -0.130674 -0.000861
4650 97.263000 0.120456 -0.002796 -0.00141 0.125905 -0.130916 -0.000881
4651 97.271000 0.120418 -0.002841 -0.001407 0.125922 -0.130921 -0.000824
4652 97.278000 0.120436 -0.002988 -0.001391 0.125909 -0.130901 -0.000089
4653 97.286000 0.120384 -0.003053 -0.00138 0.125926 -0.130921 -0.000089
4654 97.294000 0.120381 -0.002976 -0.001404 0.125995 -0.13069 -0.000065
4655 97.301000 0.12041 -0.002779 -0.001397 0.125913 -0.130916 -0.000727
4656 97.308000 0.120401 -0.002882 -0.00139 0.12588 -0.131011 -0.000169
4657 97.315000 0.120383 -0.00272 -0.001402 0.125903 -0.130913 -0.000992
4658 97.322000 0.120374 -0.002953 -0.001398 0.125969 -0.13067 0.00003
4659 97.329000 0.12034 -0.002822 -0.001386 0.126035 -0.130547 -0.000718
4660 97.337000 0.120337 -0.00285 -0.001403 0.125974 -0.130673 -0.000832
4661 97.343000 0.120358 -0.002845 -0.001401 0.125908 -0.130917 -0.00082
4662 97.350000 0.12035 -0.003032 -0.001396 0.1259 -0.130899 -0.000094
4663 97.358000 0.120298 -0.003067 -0.00139 0.125912 -0.130918 -0.000095
4664 97.365000 0.120355 -0.0029 -0.001418 0.125884 -0.130908 -0.000777
4665 97.373000 0.120331 -0.002916 -0.001411 0.125901 -0.130914 -0.000706
4666 97.380000 0.120294 -0.003055 -0.001384 0.125896 -0.130907 0.000028
4667 97.387000 0.120291 -0.002826 -0.001409 0.125959 -0.13067 -0.000948
4668 97.396000 0.120247 -0.002928 -0.001407 0.126 -0.130674 0.00002
4669 97.403000 0.12027 -0.00278 -0.001383 0.125904 -0.130919 -0.000898
4670 97.410000 0.120297 -0.002911 -0.001396 0.125883 -0.130899 0.000086
4671 97.417000 0.120257 -0.002774 -0.00142 0.125961 -0.130661 -0.000852
4672 97.424000 0.120185 -0.002926 -0.001387 0.126033 -0.130547 -0.000321
4673 97.430000 0.120277 -0.003013 -0.001384 0.125882 -0.1309 -0.000088
4674 97.437000 0.120248 -0.002814 -0.001413 0.125955 -0.130661 -0.000776
4675 97.444000 0.120198 -0.00297 -0.00139 0.126027 -0.130539 -0.000223
4676 97.451000 0.120164 -0.002803 -0.001383 0.125989 -0.130678 -0.000728
4677 97.459000 0.120187 -0.002881 -0.001412 0.126012 -0.130534 -0.000551
4678 97.466000 0.120132 -0.00302 -0.001405 0.126008 -0.130665 -0.000026
4679 97.473000 0.120182 -0.002813 -0.001383 0.125894 -0.130913 -0.000909
4680 97.481000 0.120149 -0.00279 -0.001386 0.125985 -0.130667 -0.000887
4681 97.489000 0.120124 -0.002787 -0.001393 0.126029 -0.130528 -0.000711
4682 97.496000 0.120123 -0.002944 -0.001402 0.12598 -0.130674 0.000089
4683 97.504000 0.120107 -0.002924 -0.001403 0.126016 -0.130533 -0.000291
4684 97.511000 0.120125 -0.002811 -0.001406 0.125979 -0.130663 -0.000778
4685 97.519000 0.120072 -0.002895 -0.001395 0.126016 -0.130537 -0.000581
4686 97.526000 0.120072 -0.002969 -0.001399 0.12599 -0.130663 -0.00005
4687 97.534000 0.12008 -0.002967 -0.001403 0.126018 -0.130528 -0.000178
4688 97.542000 0.120117 -0.003065 -0.001386 0.125943 -0.130658 0.000023
4689 97.549000 0.120068 -0.002819 -0.00139 0.126007 -0.130528 -0.00075
4690 97.557000 0.120087 -0.002831 -0.001411 0.125959 -0.130642 -0.000866
4691 97.564000 0.120044 -0.002958 -0.0014 0.126003 -0.130534 -0.000074
4692 97.572000 0.120061 -0.002963 -0.001411 0.125948 -0.130646 0.000095
4693 97.580000 0.120068 -0.00294 -0.001405 0.125883 -0.130873 -0.000112
4694 97.587000 0.120032 -0.002802 -0.001403 0.125948 -0.130652 -0.000779
4695 97.595000 0.120035 -0.002776 -0.001405 0.125883 -0.130881 -0.000794
4696 97.602000 0.120021 -0.002971 -0.001402 0.125947 -0.130643 -0.000052
4697 97.609000 0.119967 -0.002873 -0.001387 0.126009 -0.130529 -0.000543
4698 97.616000 0.119943 -0.003017 -0.001397 0.125987 -0.13066 -0.000022
4699 97.622000 0.119983 -0.003063 -0.001399 0.125951 -0.130646 0.000033
4700 97.630000 0.11998 -0.003054 -0.001379 0.125884 -0.130884 0.000102
4701 97.637000 0.119987 -0.00291 -0.001386 0.12594 -0.130654 -0.000836
4702 97.644000 0.119919 -0.003045 -0.00141 0.126011 -0.130526 -0.000049
4703 97.651000 0.119929 -0.00283 -0.001371 0.125983 -0.130661 -0.000825
4704 97.659000 0.119928 -0.002856 -0.001391 0.125998 -0.130529 -0.000642
4705 97.666000 0.119918 -0.002897 -0.001397 0.125977 -0.130658 -0.000115
4706 97.674000 0.119908 -0.002931 -0.00139 0.126014 -0.130524 -0.000224
4707 97.681000 0.119896 -0.002777 -0.001393 0.125968 -0.130665 -0.000729
4708 97.689000 0.119897 -0.002821 -0.001401 0.126001 -0.130522 -0.000812
4709 97.696000 0.119894 -0.002973 -0.001401 0.126013 -0.130524 -0.000156
4710 97.704000 0.119892 -0.002987 -0.001391 0.125943 -0.130651 0.000039
4711 97.711000 0.119851 -0.002844 -0.001392 0.126012 -0.13052 -0.000715
4712 97.719000 0.119893 -0.002881 -0.001397 0.125951 -0.130644 -0.000831
4713 97.727000 0.119896 -0.002866 -0.001405 0.125864 -0.130892 -0.000853
4714 97.735000 0.119872 -0.002911 -0.001407 0.125881 -0.130895 -0.000782
4715 97.742000 0.119849 -0.003034 -0.001381 0.125891 -0.130875 -0.000051
4716 97.748000 0.119812 -0.00293 -0.001397 0.125971 -0.130666 -0.000084
4717 97.757000 0.119838 -0.002772 -0.001401 0.125881 -0.130881 -0.000772
4718 97.766000 0.119796 -0.002943 -0.001386 0.126013 -0.130526 -0.000193
4719 97.776000 0.119788 -0.002945 -0.001405 0.125998 -0.13053 -0.000142
4720 97.785000 0.119791 -0.002755 -0.001396 0.125893 -0.130891 -0.000885
4721 97.795000 0.119789 -0.002779 -0.001391 0.125885 -0.130899 -0.000847
4722 97.804000 0.119779 -0.002979 -0.001403 0.125945 -0.130646 -0.000158
4723 97.814000 0.119778 -0.003005 -0.001393 0.125944 -0.130649 -0.000113
4724 97.823000 0.119699 -0.002852 -0.001388 0.125983 -0.130658 -0.000747
4725 97.833000 0.119715 -0.002793 -0.00141 0.125976 -0.130652 -0.000728
4726 97.843000 0.119668 -0.002741 -0.001391 0.12602 -0.130535 -0.000872
4727 97.853000 0.11968 -0.002775 -0.001392 0.126009 -0.130519 -0.000769
4728 97.862000 0.119686 -0.00296 -0.001374 0.125894 -0.130892 0.000051
4729 97.872000 0.119682 -0.002972 -0.001385 0.125894 -0.130886 0.000089
4730 97.882000 0.119653 -0.002999 -0.001382 0.125907 -0.130884 -0.000151
4731 97.891000 0.119668 -0.002862 -0.001408 0.125944 -0.130645 -0.000765
4732 97.901000 0.119645 -0.002891 -0.001404 0.125954 -0.130638 -0.000726
4733 97.910000 0.119581 -0.003021 -0.001388 0.125982 -0.130661 -0.000039
4734 97.919000 0.119655 -0.002789 -0.001419 0.125868 -0.130878 -0.000998
4735 97.929000 0.119631 -0.00274 -0.001395 0.125879 -0.130881 -0.000962
4736 97.939000 0.119625 -0.002737 -0.001405 0.125872 -0.130879 -0.000925
4737 97.948000 0.119572 -0.002931 -0.001406 0.126006 -0.130518 -0.000073
4738 97.958000 0.119545 -0.002932 -0.001396 0.126001 -0.130526 -0.000302
4739 97.968000 0.119531 -0.002977 -0.001407 0.126008 -0.130518 -0.000253
4740 97.978000 0.119521 -0.002971 -0.001397 0.126 -0.130528 -0.000217
4741 97.986000 0.119581 -0.003056 -0.001392 0.125935 -0.130642 -0.00004
4742 97.996000 0.119547 -0.002976 -0.001391 0.125892 -0.13087 -0.00002
4743 98.005000 0.119503 -0.002839 -0.001379 0.125994 -0.130526 -0.000757
4744 98.015000 0.119502 -0.002793 -0.001399 0.125995 -0.130516 -0.00073
4745 98.024000 0.119482 -0.002971 -0.001388 0.125889 -0.130889 0.000072
4746 98.033000 0.119511 -0.002816 -0.001395 0.125938 -0.130641 -0.000832
4747 98.042000 0.119438 -0.002905 -0.001393 0.125986 -0.13065 -0.000129
4748 98.049000 0.11945 -0.002839 -0.001384 0.125889 -0.130892 -0.000747
4749 98.057000 0.119443 -0.002808 -0.001385 0.125968 -0.130651 -0.000728
4750 98.065000 0.119416 -0.002876 -0.001389 0.126015 -0.130512 -0.000546
4751 98.072000 0.119387 -0.003023 -0.001404 0.125975 -0.130656 -0.000027
4752 98.080000 0.119384 -0.003039 -0.001392 0.126007 -0.13052 -0.000123
4753 98.088000 0.119406 -0.003073 -0.001375 0.125955 -0.13064 0.000064
4754 98.095000 0.119391 -0.002929 -0.001369 0.125991 -0.130527 -0.000683
4755 98.103000 0.119413 -0.002797 -0.00141 0.12594 -0.130636 -0.000836
4756 98.111000 0.119403 -0.002756 -0.001395 0.125885 -0.130872 -0.000879
4757 98.118000 0.119385 -0.002954 -0.001383 0.125935 -0.130646 -0.000126
4758 98.126000 0.119391 -0.002948 -0.001391 0.125871 -0.130869 -0.000062
4759 98.133000 0.119371 -0.002797 -0.001398 0.125951 -0.130635 -0.000739
4760 98.140000 0.11934 -0.002964 -0.001399 0.12599 -0.130525 -0.000188
4761 98.147000 0.119317 -0.002805 -0.001386 0.126015 -0.130522 -0.00086
4762 98.154000 0.119291 -0.002995 -0.001406 0.125977 -0.130649 -0.00002
4763 98.162000 0.119279 -0.003034 -0.001395 0.126001 -0.130526 -0.000101
4764 98.169000 0.119307 -0.00289 -0.001389 0.125958 -0.130655 -0.000849
4765 98.177000 0.119301 -0.002929 -0.001393 0.125989 -0.130517 -0.000668
4766 98.184000 0.119245 -0.003027 -0.001388 0.125975 -0.130659 -0.000145
4767 98.191000 0.119308 -0.002845 -0.00138 0.125875 -0.13089 -0.000791
4768 98.199000 0.119271 -0.002824 -0.001383 0.125968 -0.130647 -0.00077
4769 98.207000 0.119237 -0.002822 -0.001376 0.126001 -0.130521 -0.000593
4770 98.214000 0.11925 -0.002941 -0.001402 0.125962 -0.130653 -0.000058
4771 98.222000 0.119229 -0.002936 -0.001403 0.126 -0.130513 -0.000196
4772 98.229000 0.119224 -0.002785 -0.001372 0.125967 -0.130655 -0.000935
4773 98.236000 0.119267 -0.003037 -0.001398 0.125871 -0.130885 0.00004
4774 98.243000 0.119275 -0.002753 -0.001402 0.125864 -0.130871 -0.000923
4775 98.250000 0.119243 -0.003008 -0.001376 0.125941 -0.130638 0.000084
4776 98.257000 0.119182 -0.002818 -0.001382 0.125995 -0.130519 -0.000679
4777 98.265000 0.119232 -0.002856 -0.001398 0.125935 -0.130633 -0.000809
4778 98.272000 0.119148 -0.003014 -0.001386 0.126013 -0.130513 -0.00025
4779 98.279000 0.119163 -0.002843 -0.001369 0.125958 -0.130656 -0.000747
4780 98.287000 0.119167 -0.002857 -0.001384 0.125993 -0.130511 -0.000577
4781 98.295000 0.119172 -0.002796 -0.001395 0.125947 -0.130631 -0.000714
4782 98.302000 0.11918 -0.002929 -0.001385 0.125928 -0.130643 -0.000037
4783 98.310000 0.119177 -0.002934 -0.001387 0.125863 -0.130865 0.000055
4784 98.317000 0.119165 -0.002802 -0.0014 0.12594 -0.130628 -0.000875
4785 98.325000 0.119142 -0.002814 -0.001405 0.125865 -0.130873 -0.000885
4786 98.333000 0.119127 -0.002787 -0.001404 0.125875 -0.130877 -0.000823
4787 98.340000 0.119139 -0.002975 -0.001384 0.125872 -0.130858 -0.0001
4788 98.348000 0.119084 -0.003053 -0.001389 0.125879 -0.130879 -0.000096
4789 98.356000 0.119043 -0.003041 -0.001395 0.125972 -0.130643 -0.000063
4790 98.363000 0.1191 -0.002918 -0.001388 0.125879 -0.130877 -0.000702
4791 98.371000 0.119052 -0.002855 -0.001378 0.125951 -0.130653 -0.000692
4792 98.379000 0.119057 -0.002838 -0.001393 0.125986 -0.130507 -0.00079
4793 98.386000 0.119039 -0.002899 -0.001397 0.12597 -0.130639 -0.000021
4794 98.393000 0.119044 -0.002754 -0.001393 0.12587 -0.130884 -0.000894
4795 98.400000 0.119058 -0.002953 -0.001396 0.125861 -0.130862 0.000097
4796 98.408000 0.119044 -0.002934 -0.001408 0.125875 -0.130868 0.000072
4797 98.415000 0.119029 -0.002802 -0.001399 0.12586 -0.130872 -0.00087
4798 98.422000 0.119009 -0.003005 -0.001382 0.125934 -0.130631 -0.000121
4799 98.430000 0.119013 -0.003035 -0.001387 0.125863 -0.130859 -0.000047
4800 98.437000 0.119008 -0.002929 -0.001381 0.125925 -0.130639 -0.000716
4801 98.444000 0.11894 -0.003037 -0.00139 0.125991 -0.130514 -0.000182
4802 98.452000 0.118969 -0.00307 -0.001386 0.125933 -0.13063 -0.000034
4803 98.459000 0.118945 -0.002921 -0.001362 0.125986 -0.130517 -0.000759
4804 98.466000 0.118919 -0.002985 -0.001389 0.12596 -0.130647 0.000037
4805 98.473000 0.118971 -0.00279 -0.001391 0.125872 -0.130874 -0.000882
4806 98.481000 0.118897 -0.002751 -0.00136 0.12597 -0.130644 -0.000865
4807 98.488000 0.118949 -0.002963 -0.001391 0.125865 -0.130877 0.000084
4808 98.495000 0.118967 -0.002739 -0.001398 0.125855 -0.130862 -0.000876
4809 98.503000 0.118924 -0.002805 -0.001378 0.125878 -0.130877 -0.000781
4810 98.511000 0.11886 -0.002851 -0.001395 0.125962 -0.130643 -0.000742
4811 98.518000 0.118897 -0.002987 -0.001386 0.125879 -0.130866 -0.000059
4812 98.526000 0.118845 -0.002962 -0.001383 0.125972 -0.130641 -0.000041
4813 98.534000 0.118875 -0.003031 -0.001401 0.125976 -0.130511 -0.000146
4814 98.541000 0.118856 -0.002839 -0.00138 0.125956 -0.130637 -0.000901
4815 98.548000 0.11884 -0.003048 -0.00138 0.12589 -0.130867 0.000058
4816 98.555000 0.118869 -0.002782 -0.001387 0.125853 -0.13087 -0.000894
4817 98.562000 0.118843 -0.002983 -0.001394 0.12593 -0.130625 0.000091
4818 98.569000 0.118818 -0.002808 -0.001396 0.125988 -0.130499 -0.000678
4819 98.576000 0.1188 -0.002939 -0.001379 0.125954 -0.130645 -0.000122
4820 98.583000 0.118836 -0.002776 -0.001399 0.125862 -0.130872 -0.000765
4821 98.591000 0.118795 -0.002819 -0.001399 0.12595 -0.130633 -0.00073
4822 98.598000 0.118817 -0.003043 -0.001376 0.125865 -0.130874 -0.000034
4823 98.605000 0.118831 -0.002765 -0.001396 0.125849 -0.130862 -0.001005
4824 98.612000 0.118815 -0.003014 -0.001396 0.125919 -0.130622 0.000024
4825 98.620000 0.118805 -0.003004 -0.001365 0.125853 -0.130862 0.00009
4826 98.627000 0.118786 -0.002845 -0.00139 0.12592 -0.130626 -0.000855
4827 98.635000 0.118772 -0.00282 -0.001407 0.125864 -0.130852 -0.00088
4828 98.643000 0.118738 -0.002784 -0.001387 0.125872 -0.13087 -0.000834
4829 98.651000 0.118717 -0.00277 -0.001381 0.125949 -0.130635 -0.000805
4830 98.658000 0.118732 -0.002928 -0.001403 0.125867 -0.130859 -0.000117
4831 98.665000 0.118724 -0.002771 -0.001392 0.125862 -0.130858 -0.000792
4832 98.673000 0.118705 -0.002785 -0.00139 0.125865 -0.130869 -0.000719
4833 98.681000 0.118667 -0.00273 -0.001384 0.125999 -0.130502 -0.000868
4834 98.688000 0.118663 -0.002952 -0.001375 0.125959 -0.130637 0.00002
4835 98.695000 0.118679 -0.00278 -0.001382 0.125863 -0.130871 -0.00089
4836 98.702000 0.118702 -0.002987 -0.00139 0.125849 -0.130849 0.000106
4837 98.710000 0.118638 -0.003055 -0.00137 0.125882 -0.130863 0.000097
4838 98.717000 0.118689 -0.002873 -0.001386 0.125841 -0.130865 -0.000848
4839 98.726000 0.118601 -0.003042 -0.001398 0.125986 -0.130498 -0.000251
4840 98.734000 0.11865 -0.002964 -0.001371 0.12592 -0.130624 -0.00009
4841 98.741000 0.118591 -0.002828 -0.001375 0.125979 -0.130502 -0.000585
4842 98.749000 0.11864 -0.002795 -0.00139 0.125918 -0.130618 -0.000719
4843 98.756000 0.118568 -0.002915 -0.001378 0.125991 -0.1305 -0.0002
4844 98.764000 0.118621 -0.00294 -0.001389 0.125908 -0.130625 -0.000021
4845 98.772000 0.118631 -0.002976 -0.001379 0.125846 -0.130851 0.000082
4846 98.780000 0.118562 -0.003011 -0.001386 0.125874 -0.130862 0.000067
4847 98.787000 0.118581 -0.002819 -0.001398 0.125855 -0.130856 -0.00088
4848 98.794000 0.118557 -0.003013 -0.001385 0.125927 -0.130615 -0.000157
4849 98.802000 0.118555 -0.003034 -0.001378 0.125859 -0.130851 -0.000082
4850 98.810000 0.118522 -0.003058 -0.001379 0.125865 -0.130866 -0.00009
4851 98.817000 0.118578 -0.002891 -0.001403 0.125839 -0.130856 -0.000773
4852 98.825000 0.118505 -0.002818 -0.001376 0.125878 -0.130864 -0.000717
4853 98.832000 0.118534 -0.002906 -0.001367 0.125828 -0.130957 -0.000161
4854 98.840000 0.118463 -0.002914 -0.001401 0.125958 -0.130628 -0.00003
4855 98.847000 0.118493 -0.002742 -0.001381 0.125876 -0.130862 -0.000912
4856 98.853000 0.118453 -0.002797 -0.001372 0.125977 -0.130503 -0.000725
4857 98.861000 0.118504 -0.002771 -0.001391 0.125915 -0.130618 -0.000848
4858 98.867000 0.118462 -0.002829 -0.001394 0.125872 -0.130859 -0.000825
4859 98.875000 0.118426 -0.002804 -0.001383 0.125945 -0.130636 -0.000806
4860 98.882000 0.118458 -0.002996 -0.001397 0.125861 -0.130858 -0.000109
4861 98.889000 0.118489 -0.002878 -0.001396 0.125843 -0.130852 -0.000784
4862 98.897000 0.118445 -0.002918 -0.001379 0.125856 -0.130872 -0.000703
4863 98.903833 0.118436 -0.003056 -0.001377 0.125847 -0.130853 0.00003
4864 98.911000 0.118443 -0.002915 -0.001385 0.125914 -0.130617 -0.000931
4865 98.919000 0.118425 -0.002758 -0.001382 0.125851 -0.130857 -0.000965
4866 98.926000 0.118425 -0.002976 -0.001382 0.125907 -0.130622 0.000042
4867 98.934000 0.118419 -0.002941 -0.001383 0.125847 -0.130846 0.000099
4868 98.942000 0.118361 -0.002966 -0.00137 0.125873 -0.130862 0.000078
4869 98.949000 0.118397 -0.002755 -0.001406 0.125843 -0.130853 -0.000881
4870 98.956000 0.118395 -0.002988 -0.001392 0.12591 -0.130615 -0.000118
4871 98.963000 0.118341 -0.002877 -0.001386 0.125977 -0.130494 -0.000605
4872 98.971000 0.118341 -0.002883 -0.001392 0.125922 -0.130617 -0.000723
4873 98.980000 0.118291 -0.003009 -0.001399 0.125955 -0.130624 -0.000042
4874 98.989000 0.118357 -0.002865 -0.001379 0.125838 -0.130861 -0.000981
4875 98.998000 0.11827 -0.003037 -0.001393 0.125979 -0.130497 -0.000118
4876 99.007000 0.118302 -0.002796 -0.001385 0.125869 -0.130859 -0.00087
4877 99.014000 0.118305 -0.002962 -0.001373 0.125845 -0.130853 0.00011
4878 99.021000 0.118292 -0.00277 -0.001385 0.125918 -0.130614 -0.000842
4879 99.029000 0.118307 -0.002756 -0.001414 0.125846 -0.130845 -0.000871
4880 99.036000 0.11827 -0.002955 -0.001379 0.125912 -0.13062 -0.000114
4881 99.044000 0.118278 -0.002953 -0.001386 0.125846 -0.130844 -0.000049
4882 99.051000 0.118252 -0.002869 -0.001394 0.125925 -0.130608 -0.000718
4883 99.059000 0.118287 -0.002862 -0.001393 0.125836 -0.130855 -0.000741
4884 99.067000 0.118222 -0.002834 -0.001373 0.125951 -0.130622 -0.000941
4885 99.074000 0.118229 -0.003047 -0.001396 0.125866 -0.130847 0.000028
4886 99.082000 0.118183 -0.003045 -0.00138 0.125951 -0.130627 0.000065
4887 99.089000 0.118256 -0.002894 -0.001387 0.125849 -0.130857 -0.000836
4888 99.097000 0.118221 -0.002895 -0.001375 0.125938 -0.130616 -0.000814
4889 99.104000 0.118248 -0.002945 -0.00137 0.125852 -0.13085 -0.000164
4890 99.112000 0.118221 -0.002942 -0.001389 0.125938 -0.130614 -0.00012
4891 99.120000 0.118206 -0.002928 -0.001391 0.125973 -0.130474 -0.000238
4892 99.127000 0.118211 -0.002813 -0.001363 0.125938 -0.130616 -0.000734
4893 99.135000 0.118205 -0.002824 -0.001378 0.125972 -0.130473 -0.00056
4894 99.142000 0.118221 -0.002971 -0.001397 0.125937 -0.130604 -0.000033
4895 99.150000 0.118188 -0.002985 -0.001384 0.125972 -0.130479 -0.000132
4896 99.157000 0.11819 -0.002839 -0.001375 0.125946 -0.130604 -0.00088
4897 99.165000 0.11821 -0.002817 -0.001391 0.125967 -0.130465 -0.000707
4898 99.172000 0.118194 -0.002969 -0.001388 0.125941 -0.130607 0.000088
4899 99.179000 0.118222 -0.002837 -0.001382 0.125854 -0.130837 -0.000828
4900 99.186000 0.118255 -0.002968 -0.001392 0.125838 -0.130814 -0.000095
4901 99.193000 0.118234 -0.002802 -0.001384 0.125916 -0.130586 -0.000774
4902 99.200000 0.118216 -0.002938 -0.001374 0.125959 -0.130472 -0.000226
4903 99.208000 0.118242 -0.002956 -0.001383 0.125904 -0.130585 -0.000058
4904 99.215000 0.118221 -0.00282 -0.001383 0.125966 -0.130463 -0.000813
4905 99.223000 0.11825 -0.002715 -0.001386 0.125835 -0.130828 -0.000986
4906 99.230000 0.118259 -0.002995 -0.001376 0.1259 -0.130587 0.000043
4907 99.238000 0.118244 -0.002999 -0.001365 0.125849 -0.130816 0.000111
4908 99.245000 0.118226 -0.00287 -0.001392 0.125907 -0.130591 -0.000823
4909 99.252000 0.11819 -0.003014 -0.001383 0.125972 -0.130466 -0.000039
4910 99.259000 0.11823 -0.002907 -0.001391 0.125928 -0.130599 -0.000787
4911 99.267000 0.118215 -0.00296 -0.001373 0.125954 -0.130477 -0.000591
4912 99.275000 0.118254 -0.002874 -0.001375 0.125901 -0.130594 -0.000722
4913 99.282000 0.118217 -0.00293 -0.001393 0.125967 -0.130468 -0.000203
4914 99.289000 0.118183 -0.002805 -0.001365 0.125943 -0.13061 -0.000705
4915 99.296000 0.118233 -0.002962 -0.001383 0.125853 -0.130836 -0.000032
4916 99.304000 0.11819 -0.002943 -0.001396 0.125946 -0.130602 0.000022
4917 99.311000 0.118224 -0.002761 -0.001366 0.125858 -0.130847 -0.000884
4918 99.318000 0.118277 -0.00298 -0.001378 0.125829 -0.130833 0.000117
4919 99.325000 0.118261 -0.002835 -0.001387 0.12591 -0.130594 -0.00083
4920 99.332000 0.118224 -0.003016 -0.001366 0.125972 -0.130481 -0.000292
4921 99.340000 0.118228 -0.003024 -0.001371 0.125916 -0.130601 -0.000116
4922 99.347000 0.118229 -0.002937 -0.001388 0.125964 -0.130478 -0.000596
4923 99.354000 0.118181 -0.003031 -0.001381 0.125957 -0.130616 -0.000062
4924 99.362000 0.118189 -0.003037 -0.001376 0.125975 -0.130489 -0.000181
4925 99.369000 0.118208 -0.0028 -0.00138 0.125943 -0.130615 -0.000963
4926 99.377000 0.118221 -0.002783 -0.001372 0.125976 -0.130484 -0.000788
4927 99.385000 0.118258 -0.002795 -0.001376 0.125912 -0.13061 -0.000905
4928 99.392000 0.118231 -0.002898 -0.001392 0.125971 -0.130487 -0.000111
4929 99.400000 0.11826 -0.002968 -0.001378 0.125918 -0.13061 0.000079
4930 99.407000 0.118223 -0.002797 -0.001368 0.125972 -0.130493 -0.000692
4931 99.415000 0.118248 -0.002839 -0.001388 0.125925 -0.130606 -0.000793
4932 99.422000 0.118226 -0.002979 -0.001372 0.125986 -0.130489 -0.000237
4933 99.430000 0.118234 -0.003017 -0.001371 0.125923 -0.130615 -0.000065
4934 99.437000 0.118232 -0.002938 -0.001383 0.125973 -0.130491 -0.000549
4935 99.444000 0.11819 -0.00303 -0.001383 0.12597 -0.130622 -0.000028
4936 99.451000 0.118251 -0.00289 -0.001367 0.125858 -0.130871 -0.000923
4937 99.458000 0.118254 -0.003038 -0.001378 0.125853 -0.130849 0.000076
4938 99.465000 0.11825 -0.002794 -0.001389 0.125925 -0.130611 -0.00088
4939 99.473000 0.118252 -0.002752 -0.001385 0.125854 -0.130858 -0.000903
4940 99.480000 0.118248 -0.002961 -0.001368 0.125926 -0.130618 0.000091
4941 99.487000 0.118235 -0.002839 -0.001385 0.12598 -0.130492 -0.000674
4942 99.495000 0.118242 -0.002799 -0.001376 0.125929 -0.130622 -0.000784
4943 99.502000 0.11823 -0.002964 -0.001376 0.12598 -0.1305 -0.000226
4944 99.510000 0.118243 -0.003015 -0.001375 0.125933 -0.130614 -0.000057
4945 99.518000 0.118248 -0.003041 -0.00137 0.125858 -0.130857 0.000027
4946 99.525000 0.11827 -0.002909 -0.001392 0.125915 -0.130624 -0.000926
4947 99.533000 0.11829 -0.00287 -0.001397 0.125847 -0.130857 -0.000941
4948 99.540000 0.118226 -0.003075 -0.001354 0.125934 -0.130628 0.000064
4949 99.548000 0.118256 -0.003051 -0.001375 0.125856 -0.130856 0.000125
4950 99.556000 0.118267 -0.003006 -0.001384 0.125866 -0.130862 0.000094
4951 99.563000 0.118278 -0.002747 -0.001373 0.125855 -0.130861 -0.000881
4952 99.571000 0.118262 -0.002803 -0.001377 0.125867 -0.130869 -0.000795
4953 99.579000 0.118213 -0.002778 -0.00137 0.125964 -0.130628 -0.000769
4954 99.586000 0.118254 -0.002964 -0.001364 0.125872 -0.130868 -0.000073
4955 99.594000 0.118211 -0.002936 -0.001389 0.12596 -0.130633 -0.000046
4956 99.601000 0.118209 -0.002756 -0.001372 0.125974 -0.130626 -0.000959
4957 99.608000 0.118256 -0.002995 -0.001364 0.125876 -0.130865 0.000021
4958 99.615000 0.118286 -0.002799 -0.001387 0.125852 -0.130858 -0.000929
4959 99.622000 0.118286 -0.003063 -0.001384 0.125917 -0.130618 0.000085
4960 99.629000 0.118233 -0.00288 -0.001367 0.125993 -0.130494 -0.000676
4961 99.636000 0.118191 -0.003018 -0.00138 0.12596 -0.130637 -0.000146
4962 99.644000 0.118237 -0.002978 -0.001386 0.125979 -0.130496 -0.000262
4963 99.651000 0.118229 -0.002785 -0.00137 0.125962 -0.130625 -0.000769
4964 99.659000 0.11823 -0.002855 -0.001374 0.125975 -0.130501 -0.000582
4965 99.666000 0.118231 -0.002907 -0.001393 0.125951 -0.130628 -0.000059
4966 99.674000 0.118232 -0.002949 -0.00138 0.125991 -0.130491 -0.000185
4967 99.681000 0.118223 -0.002764 -0.001371 0.125946 -0.130634 -0.000928
4968 99.689000 0.118218 -0.002843 -0.001385 0.125985 -0.13049 -0.000731
4969 99.696000 0.118207 -0.003015 -0.001394 0.125964 -0.130623 0.000071
4970 99.703000 0.118255 -0.00289 -0.001379 0.125857 -0.130871 -0.000824
4971 99.710000 0.118253 -0.003057 -0.001372 0.125854 -0.130849 0.000158
4972 99.717000 0.118267 -0.002929 -0.001378 0.12592 -0.130614 -0.00079
4973 99.725000 0.118277 -0.002896 -0.001375 0.125843 -0.130861 -0.000803
4974 99.732000 0.118235 -0.003069 -0.001372 0.125923 -0.130619 -0.000066
4975 99.738000 0.118264 -0.003001 -0.001379 0.125863 -0.130855 -0.000064
4976 99.745000 0.118276 -0.002754 -0.00137 0.125858 -0.130849 -0.000771
4977 99.752000 0.118269 -0.002869 -0.00137 0.125856 -0.13085 -0.000033
4978 99.761000 0.118216 -0.002772 -0.001369 0.125987 -0.130487 -0.000777
4979 99.768000 0.118217 -0.002934 -0.001367 0.125961 -0.130626 0.000039
4980 99.776000 0.118211 -0.002942 -0.001384 0.12598 -0.130495 -0.00008
4981 99.783000 0.118211 -0.002802 -0.001371 0.125959 -0.130619 -0.000838
4982 99.791000 0.118196 -0.002879 -0.001361 0.125996 -0.13049 -0.00066
4983 99.799000 0.118267 -0.002825 -0.00139 0.125912 -0.130614 -0.00078
4984 99.806000 0.118236 -0.002976 -0.001382 0.125979 -0.130487 -0.000227
4985 99.814000 0.118261 -0.003019 -0.001362 0.125925 -0.13061 -0.000051
4986 99.822000 0.118257 -0.002979 -0.001378 0.12585 -0.130842 0.000021
4987 99.829000 0.118256 -0.002785 -0.001401 0.12592 -0.130603 -0.000953
4988 99.837000 0.118251 -0.002742 -0.001386 0.125862 -0.130842 -0.000965
4989 99.844000 0.118242 -0.002964 -0.001361 0.125919 -0.130612 0.000046
4990 99.852000 0.118257 -0.002957 -0.001369 0.125855 -0.130836 0.000107
4991 99.860000 0.118232 -0.002943 -0.001359 0.125875 -0.130851 0.000086
4992 99.867000 0.11825 -0.002812 -0.001379 0.12585 -0.130847 -0.000858
4993 99.875000 0.118262 -0.002869 -0.001378 0.125859 -0.130852 -0.00077
4994 99.882000 0.118246 -0.00304 -0.001359 0.125864 -0.130837 -0.000035
4995 99.890000 0.118221 -0.003068 -0.001371 0.125864 -0.130855 -0.000047
4996 99.897000 0.118284 -0.0029 -0.001388 0.125839 -0.130846 -0.000735
4997 99.906000 0.11819 -0.003047 -0.001375 0.125989 -0.13049 -0.000157
4998 99.913000 0.118217 -0.002892 -0.00135 0.125942 -0.130629 -0.000899
4999 99.921000 0.118213 -0.002811 -0.00137 0.125983 -0.130481 -0.000736
5000 99.928000 0.118224 -0.00294 -0.001385 0.125954 -0.130619 0.00006
5001 99.936000 0.118207 -0.00293 -0.001381 0.125977 -0.130492 -0.000073
5002 99.943000 0.118226 -0.002794 -0.001367 0.125947 -0.130619 -0.000838
5003 99.951000 0.118208 -0.002811 -0.001368 0.125992 -0.130482 -0.000644
5004 99.959000 0.118233 -0.002848 -0.001378 0.125922 -0.130614 -0.00075
5005 99.966000 0.118205 -0.00298 -0.00139 0.125984 -0.130486 -0.000208
5006 99.974000 0.118266 -0.003001 -0.001368 0.125926 -0.130607 -0.000041
5007 99.981000 0.118207 -0.002815 -0.001364 0.125978 -0.130491 -0.000801
5008 99.989000 0.118267 -0.002834 -0.001378 0.125918 -0.130606 -0.000913
5009 99.996000 0.118198 -0.003023 -0.001388 0.125993 -0.130485 -0.000102
5010 100.004000 0.118238 -0.003016 -0.001353 0.125918 -0.130616 0.000081
5011 100.011000 0.11823 -0.002832 -0.001364 0.125977 -0.130485 -0.000686
5012 100.019000 0.118247 -0.002786 -0.001383 0.125932 -0.130603 -0.000831
5013 100.027000 0.118252 -0.002769 -0.001385 0.125848 -0.130849 -0.000837
5014 100.035000 0.118243 -0.002783 -0.001382 0.125865 -0.130852 -0.000755
5015 100.042000 0.118256 -0.002954 -0.00137 0.125864 -0.130835 -0.000029
5016 100.049000 0.118233 -0.002879 -0.001382 0.125922 -0.130615 -0.000692
5017 100.056000 0.118199 -0.003007 -0.001379 0.125987 -0.130488 -0.000167
5018 100.063000 0.118223 -0.00288 -0.001366 0.125947 -0.130621 -0.000904
5019 100.070000 0.118219 -0.00307 -0.001365 0.125869 -0.13086 0.000055
5020 100.077000 0.11828 -0.002872 -0.001374 0.125842 -0.130853 -0.000889
5021 100.084000 0.118237 -0.003079 -0.001376 0.125924 -0.13061 0.000104
5022 100.092000 0.118244 -0.003034 -0.00136 0.125855 -0.130849 -0.000104
5023 100.099000 0.118249 -0.002845 -0.001385 0.125915 -0.130617 -0.000791
5024 100.106000 0.118207 -0.002948 -0.001385 0.125987 -0.130487 -0.000255
5025 100.114000 0.118244 -0.002935 -0.001368 0.125924 -0.130616 -0.000089
5026 100.122000 0.118282 -0.002911 -0.001359 0.125844 -0.130848 -0.000033
5027 100.130000 0.118265 -0.00296 -0.001382 0.125863 -0.130852 -0.000046
5028 100.138000 0.118204 -0.002909 -0.00137 0.125987 -0.130498 -0.000163
5029 100.145000 0.118207 -0.002795 -0.001365 0.125957 -0.130624 -0.000904
5030 100.153000 0.118207 -0.002859 -0.001371 0.12599 -0.130487 -0.00071
5031 100.160000 0.118194 -0.002989 -0.001381 0.125964 -0.130626 0.000084
5032 100.168000 0.118235 -0.002987 -0.001389 0.125974 -0.130494 -0.000046
5033 100.175000 0.11823 -0.002877 -0.001364 0.12595 -0.130622 -0.0008
5034 100.182000 0.118223 -0.003055 -0.00137 0.125879 -0.130855 -0.0001
5035 100.189000 0.118253 -0.002802 -0.001376 0.125853 -0.130852 -0.000792
5036 100.198000 0.118237 -0.002945 -0.001391 0.125976 -0.130488 -0.000201
5037 100.207000 0.118233 -0.002758 -0.001357 0.125871 -0.130864 -0.000965
5038 100.216000 0.11825 -0.002965 -0.001373 0.12592 -0.130614 0.000021
5039 100.225000 0.118237 -0.002751 -0.001369 0.125952 -0.13062 -0.00089
5040 100.235000 0.118225 -0.002825 -0.001368 0.125944 -0.13063 -0.000843
5041 100.244000 0.118257 -0.003046 -0.001374 0.125856 -0.130843 0.000156
5042 100.254000 0.118245 -0.00305 -0.001354 0.125854 -0.130852 -0.00007
5043 100.264000 0.118256 -0.003051 -0.001373 0.125854 -0.130845 -0.000036
5044 100.272000 0.118229 -0.003062 -0.001375 0.125882 -0.130852 -0.000054
5045 100.279000 0.118274 -0.002828 -0.001361 0.125844 -0.13086 -0.000749
5046 100.287000 0.118263 -0.002791 -0.001375 0.125864 -0.13086 -0.000964
5047 100.295000 0.11821 -0.002746 -0.00137 0.125968 -0.130619 -0.000938
5048 100.302000 0.118256 -0.002962 -0.00137 0.12586 -0.130864 0.00003
5049 100.310000 0.11821 -0.002926 -0.001384 0.125958 -0.130625 0.000056
5050 100.318000 0.118203 -0.002937 -0.00138 0.126 -0.13049 -0.000074
5051 100.325000 0.118194 -0.00284 -0.00136 0.125961 -0.130632 -0.000825
5052 100.333000 0.118217 -0.002833 -0.001369 0.125985 -0.130491 -0.000638
5053 100.342000 0.118231 -0.003004 -0.001362 0.125886 -0.130851 -0.000088
5054 100.352000 0.118243 -0.002989 -0.001368 0.125869 -0.130857 -0.000061
5055 100.361000 0.118268 -0.002893 -0.001374 0.125921 -0.130612 -0.00095
5056 100.368000 0.118204 -0.002988 -0.001372 0.125985 -0.130499 -0.00014
5057 100.375000 0.118225 -0.002795 -0.001355 0.125949 -0.130628 -0.0009
5058 100.382000 0.118263 -0.002929 -0.001368 0.125866 -0.130853 0.000043
5059 100.389000 0.11826 -0.002739 -0.001365 0.125862 -0.130851 -0.000899
5060 100.397000 0.118258 -0.002753 -0.001369 0.125861 -0.130864 -0.000834
5061 100.404000 0.118273 -0.002921 -0.001373 0.12585 -0.130843 -0.000106
5062 100.411000 0.118237 -0.002851 -0.001374 0.125939 -0.130612 -0.00076
5063 100.419000 0.118282 -0.00279 -0.001379 0.125846 -0.130852 -0.000785
5064 100.426000 0.118276 -0.003015 -0.00138 0.125916 -0.130612 -0.000042
5065 100.433000 0.118217 -0.002845 -0.001378 0.125993 -0.130485 -0.000546
5066 100.441000 0.118266 -0.002847 -0.001381 0.125914 -0.130617 -0.000926
5067 100.449000 0.11826 -0.002821 -0.001385 0.125861 -0.130843 -0.000939
5068 100.457000 0.118244 -0.00277 -0.001374 0.125876 -0.130854 -0.000874
5069 100.464000 0.118255 -0.00296 -0.001365 0.125851 -0.130848 0.000111
5070 100.472000 0.118249 -0.002936 -0.001389 0.125865 -0.130851 0.00008
5071 100.480000 0.118223 -0.002892 -0.001371 0.125961 -0.130621 -0.000152
5072 100.489000 0.118254 -0.002775 -0.001377 0.125854 -0.130849 -0.000814
5073 100.498000 0.118232 -0.002969 -0.001371 0.12598 -0.130488 -0.000204
5074 100.507000 0.118254 -0.002873 -0.001363 0.125861 -0.130864 -0.000697
5075 100.516000 0.118254 -0.002997 -0.001358 0.125865 -0.130844 0.000026
5076 100.525000 0.11823 -0.002911 -0.001363 0.125986 -0.130488 -0.000736
5077 100.535000 0.118225 -0.00293 -0.001349 0.125974 -0.130497 -0.000691
5078 100.544000 0.118228 -0.003058 -0.00136 0.125876 -0.130853 0.000099
5079 100.551000 0.118262 -0.002762 -0.001378 0.125856 -0.13085 -0.000869
5080 100.559000 0.118232 -0.00279 -0.00137 0.12587 -0.13086 -0.000804
5081 100.569000 0.118234 -0.002788 -0.001375 0.125873 -0.130854 -0.000767
5082 100.578000 0.118264 -0.002974 -0.00137 0.125912 -0.130619 -0.00006
5083 100.586000 0.118269 -0.00295 -0.00137 0.125851 -0.130843 0.000021
5084 100.596000 0.118254 -0.002993 -0.001369 0.125862 -0.130843 0.000039
5085 100.605000 0.118214 -0.002844 -0.001374 0.125982 -0.13049 -0.000739
5086 100.613000 0.118269 -0.002881 -0.001372 0.12592 -0.130612 -0.000854
5087 100.621000 0.118275 -0.002863 -0.001363 0.125848 -0.130858 -0.000874
5088 100.628000 0.118232 -0.003051 -0.001356 0.125926 -0.130618 -0.000148
5089 100.636000 0.118253 -0.003028 -0.001355 0.12586 -0.130843 -0.000082
5090 100.644000 0.118235 -0.002945 -0.001351 0.125872 -0.13086 -0.000111
5091 100.651000 0.118256 -0.002775 -0.001374 0.125856 -0.130851 -0.000794
5092 100.659000 0.118246 -0.002776 -0.001372 0.125869 -0.130857 -0.000727
5093 100.667000 0.118203 -0.002735 -0.001353 0.126 -0.130503 -0.000872
5094 100.675000 0.118267 -0.002787 -0.001374 0.12592 -0.130615 -0.000922
5095 100.682000 0.118247 -0.003011 -0.001384 0.125976 -0.130492 -0.0001
5096 100.689000 0.118219 -0.00278 -0.001343 0.125956 -0.130629 -0.000862
5097 100.696000 0.118264 -0.003016 -0.001377 0.12586 -0.130858 0.000094
5098 100.703000 0.118288 -0.002845 -0.001379 0.125849 -0.130849 -0.000855
5099 100.711000 0.118252 -0.002909 -0.001356 0.125871 -0.130863 -0.000776
5100 100.718000 0.11825 -0.003056 -0.001358 0.125852 -0.130852 -0.000042
5101 100.725000 0.11827 -0.002942 -0.001378 0.125915 -0.130617 -0.000715
5102 100.733000 0.118259 -0.002807 -0.001385 0.125863 -0.130847 -0.000757
5103 100.741000 0.11824 -0.002773 -0.001362 0.125866 -0.130864 -0.00096
5104 100.748000 0.118261 -0.002955 -0.001367 0.125855 -0.130845 0.000031
5105 100.756000 0.118241 -0.002932 -0.001364 0.125881 -0.130854 0.000022
5106 100.765000 0.118246 -0.002782 -0.001371 0.125925 -0.130616 -0.000866
5107 100.772000 0.118236 -0.002968 -0.00138 0.125978 -0.130493 -0.000064
5108 100.780000 0.118233 -0.002992 -0.001351 0.125938 -0.130615 -0.000156
5109 100.787000 0.118227 -0.00293 -0.001357 0.125976 -0.130499 -0.000634
5110 100.795000 0.118271 -0.002928 -0.001379 0.125916 -0.130617 -0.000748
5111 100.802000 0.118194 -0.003033 -0.00136 0.126001 -0.130494 -0.000207
5112 100.809000 0.118221 -0.002916 -0.001344 0.125947 -0.130637 -0.000704
5113 100.816000 0.118232 -0.002949 -0.001359 0.125873 -0.130857 -0.000035
5114 100.824000 0.118209 -0.002984 -0.001381 0.125965 -0.130624 -0.000025
5115 100.831000 0.118255 -0.002791 -0.001355 0.125863 -0.13087 -0.000915
5116 100.838000 0.118289 -0.002909 -0.001364 0.125845 -0.13085 0.000066
5117 100.845000 0.118256 -0.002764 -0.00139 0.125923 -0.130613 -0.000873
5118 100.851000 0.118254 -0.002779 -0.001362 0.125868 -0.130867 -0.000853
5119 100.859000 0.118212 -0.002772 -0.00137 0.125954 -0.130628 -0.000838
5120 100.866000 0.118264 -0.002979 -0.001362 0.125868 -0.130856 -0.000127
5121 100.873000 0.118282 -0.00282 -0.00138 0.125852 -0.130855 -0.000806
5122 100.881000 0.118235 -0.002866 -0.001375 0.125876 -0.130861 -0.000726
5123 100.888000 0.118274 -0.002978 -0.00137 0.125855 -0.130842 0.000021
5124 100.895000 0.118249 -0.00283 -0.001381 0.125934 -0.130612 -0.000956
5125 100.903000 0.118257 -0.002806 -0.001378 0.125857 -0.130853 -0.000962
5126 100.911000 0.118269 -0.002773 -0.001385 0.125863 -0.130856 -0.000892
5127 100.918000 0.118267 -0.002927 -0.001365 0.125859 -0.130846 0.000093
5128 100.926000 0.118258 -0.002933 -0.001358 0.125863 -0.13086 0.000074
5129 100.933000 0.118275 -0.002746 -0.001396 0.12585 -0.130846 -0.000885
5130 100.941000 0.118253 -0.002775 -0.001355 0.125873 -0.13086 -0.000795
5131 100.948000 0.118267 -0.002931 -0.001364 0.125847 -0.13085 -0.000058
5132 100.956000 0.118275 -0.003044 -0.001373 0.12586 -0.130855 -0.000052
5133 100.964000 0.118201 -0.002973 -0.00136 0.125969 -0.130624 -0.000034
5134 100.972000 0.118216 -0.002984 -0.001383 0.12598 -0.130495 -0.000167
5135 100.980000 0.118282 -0.003064 -0.001365 0.125918 -0.130611 0.000039
5136 100.989000 0.118204 -0.002792 -0.001348 0.125957 -0.130628 -0.000873
5137 100.999000 0.118229 -0.002775 -0.001355 0.12595 -0.130623 -0.000849
5138 101.007000 0.118248 -0.002819 -0.001382 0.125977 -0.130484 -0.000677
5139 101.016000 0.118238 -0.002929 -0.001356 0.125866 -0.130858 -0.000147
5140 101.026000 0.118246 -0.002932 -0.001364 0.125871 -0.13085 -0.000105
5141 101.035000 0.118244 -0.002811 -0.001376 0.125924 -0.130615 -0.000722
5142 101.044000 0.118235 -0.003019 -0.001367 0.125948 -0.130626 -0.000027
5143 101.053000 0.118301 -0.002834 -0.001393 0.125844 -0.130846 -0.000966
5144 101.062000 0.118193 -0.003041 -0.001368 0.125983 -0.130499 -0.000097
5145 101.071000 0.118261 -0.002891 -0.00136 0.125862 -0.130861 -0.00084
5146 101.080000 0.118228 -0.003079 -0.00135 0.125929 -0.13062 0.000115
5147 101.090000 0.118267 -0.003002 -0.001353 0.125917 -0.130617 -0.000128
5148 101.099000 0.118222 -0.002783 -0.00136 0.125958 -0.130622 -0.000776
5149 101.108000 0.118261 -0.002939 -0.001344 0.125853 -0.130851 -0.000039
5150 101.117000 0.118236 -0.002807 -0.001373 0.125977 -0.13049 -0.00057
5151 101.126000 0.118224 -0.002967 -0.001347 0.125882 -0.130858 -0.000037
5152 101.135000 0.118252 -0.002816 -0.001385 0.125924 -0.130614 -0.000901
5153 101.145000 0.118257 -0.002851 -0.001395 0.125931 -0.130607 -0.000858
5154 101.153000 0.11828 -0.002836 -0.001365 0.125846 -0.130859 -0.00088
5155 101.160000 0.118236 -0.003038 -0.001358 0.125928 -0.130616 -0.00015
5156 101.167000 0.118235 -0.002942 -0.001374 0.125975 -0.130492 -0.000635
5157 101.174000 0.118188 -0.003037 -0.001363 0.12596 -0.130635 -0.000091
5158 101.181000 0.118247 -0.002832 -0.001375 0.125862 -0.130865 -0.000739
5159 101.188000 0.118264 -0.002961 -0.001365 0.125859 -0.130842 -0.00003
5160 101.195000 0.118241 -0.0028 -0.001351 0.125934 -0.130618 -0.000711
5161 101.203000 0.118232 -0.002732 -0.001366 0.125876 -0.130865 -0.000955
5162 101.210000 0.118273 -0.002934 -0.001365 0.125855 -0.130845 0.000055
5163 101.218000 0.11823 -0.002974 -0.001363 0.125878 -0.13086 0.000051
5164 101.226000 0.118228 -0.002979 -0.001369 0.125953 -0.130631 0.000089
5165 101.233000 0.118252 -0.002787 -0.001381 0.125868 -0.130859 -0.000823
5166 101.241000 0.118226 -0.002857 -0.00136 0.125954 -0.130629 -0.000796
5167 101.249000 0.118231 -0.002943 -0.001356 0.125977 -0.130498 -0.000598
5168 101.257000 0.118273 -0.002937 -0.00138 0.125918 -0.130616 -0.000716
5169 101.266000 0.118186 -0.003045 -0.001353 0.125965 -0.130635 -0.000034
5170 101.276000 0.118229 -0.002936 -0.001369 0.125954 -0.130627 -0.000044
5171 101.285000 0.118257 -0.002747 -0.001368 0.12587 -0.130849 -0.000969
5172 101.295000 0.118258 -0.002742 -0.001374 0.125858 -0.130854 -0.000932
5173 101.304000 0.118237 -0.002946 -0.001381 0.125982 -0.130492 -0.000077
5174 101.313000 0.118238 -0.002764 -0.001354 0.125869 -0.130869 -0.00084
5175 101.323000 0.118266 -0.002861 -0.001367 0.125866 -0.130862 -0.000781
5176 101.332000 0.118232 -0.003057 -0.001358 0.125934 -0.13062 -0.00007
5177 101.339000 0.118227 -0.00295 -0.001348 0.125977 -0.130503 -0.000558
5178 101.349000 0.118239 -0.002949 -0.00137 0.125978 -0.130495 -0.000533
5179 101.358000 0.118223 -0.003064 -0.001352 0.125874 -0.130868 -0.00002
5180 101.367000 0.118256 -0.002818 -0.001376 0.125921 -0.13062 -0.000889
5181 101.376000 0.11821 -0.002927 -0.001369 0.125974 -0.130623 0.000056
5182 101.386000 0.118209 -0.002928 -0.001373 0.125958 -0.130632 0.000082
5183 101.396000 0.118214 -0.002919 -0.001377 0.125962 -0.130625 -0.00015
5184 101.404000 0.1182 -0.002939 -0.001363 0.12599 -0.130503 -0.000254
5185 101.413000 0.118247 -0.002826 -0.001371 0.125875 -0.130862 -0.000738
5186 101.421000 0.118219 -0.002849 -0.001379 0.125961 -0.130625 -0.000708
5187 101.429000 0.118229 -0.002821 -0.001352 0.12598 -0.1305 -0.000809
5188 101.437000 0.118254 -0.002827 -0.001371 0.125931 -0.130613 -0.000918
5189 101.447000 0.118261 -0.002892 -0.001352 0.12593 -0.13062 -0.000862
5190 101.457000 0.118246 -0.002822 -0.00138 0.125925 -0.130618 -0.000838
5191 101.467000 0.118258 -0.002794 -0.001387 0.125929 -0.130612 -0.000835
5192 101.476000 0.118226 -0.002941 -0.001366 0.125948 -0.130635 -0.00012
5193 101.486000 0.118233 -0.002944 -0.001377 0.125953 -0.130626 -0.000079
5194 101.495000 0.118262 -0.002766 -0.001365 0.125858 -0.130856 -0.000763
5195 101.504000 0.118206 -0.002995 -0.001366 0.125992 -0.130495 -0.000176
5196 101.514000 0.118218 -0.002971 -0.001374 0.125997 -0.13049 -0.000132
5197 101.523000 0.118236 -0.002846 -0.001376 0.125872 -0.130863 -0.000866
5198 101.533000 0.118265 -0.002872 -0.001364 0.125866 -0.130861 -0.000833
5199 101.542000 0.118243 -0.003001 -0.001349 0.125922 -0.130623 -0.000146
5200 101.552000 0.118255 -0.002961 -0.001365 0.125925 -0.130612 -0.00012
5201 101.561000 0.118225 -0.002774 -0.001343 0.125961 -0.130626 -0.000762
5202 101.571000 0.118229 -0.002778 -0.001361 0.125946 -0.13063 -0.000728
5203 101.579000 0.118238 -0.002822 -0.001371 0.12598 -0.130488 -0.000809
5204 101.587000 0.118252 -0.002782 -0.001372 0.125862 -0.130855 -0.000973
5205 101.594000 0.118251 -0.002994 -0.001352 0.125925 -0.130616 0.000044
5206 101.601000 0.118221 -0.00285 -0.001371 0.125987 -0.130486 -0.000709
5207 101.609000 0.11826 -0.002892 -0.001353 0.125926 -0.130619 -0.000824
5208 101.616000 0.118198 -0.003046 -0.001368 0.125985 -0.1305 -0.000035
5209 101.623000 0.11823 -0.002913 -0.001352 0.125951 -0.130627 -0.000788
5210 101.631000 0.118223 -0.002957 -0.001335 0.125988 -0.130497 -0.000594
5211 101.638000 0.118226 -0.002934 -0.001365 0.125947 -0.130633 -0.000081
5212 101.645000 0.118247 -0.002788 -0.001361 0.12587 -0.130859 -0.000728
5213 101.652000 0.11826 -0.002948 -0.001357 0.125869 -0.13084 -0.000022
5214 101.660000 0.118243 -0.00294 -0.001363 0.125865 -0.130863 -0.000041
5215 101.667000 0.118265 -0.002745 -0.001393 0.125855 -0.130849 -0.000963
5216 101.674000 0.118266 -0.002968 -0.001373 0.125925 -0.130611 0.00005
5217 101.681000 0.118211 -0.002842 -0.001362 0.125984 -0.130497 -0.000699
5218 101.688000 0.118195 -0.003014 -0.001366 0.125965 -0.130628 0.000098
5219 101.696000 0.118201 -0.003023 -0.001369 0.125989 -0.130494 -0.000293
5220 101.703000 0.11822 -0.002911 -0.00134 0.125951 -0.130637 -0.000775
5221 101.710000 0.118227 -0.003062 -0.001351 0.125876 -0.13086 -0.000087
5222 101.718000 0.1182 -0.003039 -0.001378 0.125963 -0.130626 -0.000059
5223 101.725000 0.118256 -0.002919 -0.001354 0.125863 -0.130873 -0.000698
5224 101.732000 0.11829 -0.002936 -0.001359 0.125844 -0.130853 0.000021
5225 101.740000 0.118266 -0.002964 -0.001357 0.12587 -0.130858 -0.00003
5226 101.747000 0.118282 -0.002725 -0.001367 0.125853 -0.130857 -0.000964
5227 101.755000 0.118264 -0.002778 -0.001372 0.125862 -0.130868 -0.000884
5228 101.763000 0.118217 -0.002753 -0.001364 0.125959 -0.130625 -0.00086
5229 101.770000 0.118259 -0.002967 -0.001357 0.12587 -0.130864 -0.000168
5230 101.778000 0.1182 -0.002974 -0.001365 0.125965 -0.130631 -0.000131
5231 101.786000 0.118241 -0.002976 -0.001366 0.125985 -0.130493 -0.000238
5232 101.793000 0.118225 -0.002881 -0.001347 0.125958 -0.130633 -0.00073
5233 101.800000 0.118226 -0.003057 -0.00135 0.125876 -0.130863 -0.000046
5234 101.807000 0.118288 -0.002893 -0.001364 0.125851 -0.130855 -0.000732
5235 101.814000 0.118238 -0.003074 -0.001358 0.125937 -0.130618 0.000021
5236 101.821000 0.118212 -0.002839 -0.00135 0.12598 -0.130505 -0.000749
5237 101.829000 0.118276 -0.002777 -0.001377 0.12592 -0.130617 -0.000882
5238 101.836000 0.118217 -0.002908 -0.001362 0.125998 -0.130495 -0.000094
5239 101.844000 0.118267 -0.002936 -0.001351 0.125919 -0.130625 0.000086
5240 101.851000 0.118221 -0.002815 -0.001367 0.125985 -0.130496 -0.000672
5241 101.858000 0.118217 -0.002936 -0.001384 0.125964 -0.130625 -0.000124
5242 101.866000 0.118231 -0.002971 -0.001356 0.125981 -0.130504 -0.000223
5243 101.874000 0.118274 -0.003018 -0.001354 0.125922 -0.130618 -0.000049
5244 101.882000 0.118262 -0.002996 -0.001353 0.125871 -0.130843 0.000022
5245 101.890000 0.118225 -0.003058 -0.001349 0.125876 -0.130865 -0.000022
5246 101.897000 0.118292 -0.002866 -0.001382 0.125845 -0.130856 -0.000939
5247 101.904000 0.118252 -0.003068 -0.001371 0.12593 -0.130616 0.000063
5248 101.911000 0.118224 -0.002861 -0.001334 0.12598 -0.130506 -0.000692
5249 101.919000 0.118276 -0.002817 -0.001376 0.125919 -0.130618 -0.000833
5250 101.927000 0.118286 -0.002751 -0.001389 0.125857 -0.130847 -0.00088
5251 101.934000 0.118267 -0.002967 -0.001352 0.125917 -0.130626 -0.000121
5252 101.942000 0.118273 -0.002941 -0.001357 0.125855 -0.130849 -0.000054
5253 101.949000 0.11827 -0.002827 -0.001365 0.125925 -0.130615 -0.000732
5254 101.956000 0.118239 -0.003017 -0.001361 0.125978 -0.130504 -0.000174
5255 101.963000 0.118214 -0.002762 -0.001352 0.126 -0.130503 -0.000862
5256 101.971000 0.118255 -0.002813 -0.001368 0.125934 -0.130611 -0.00092
5257 101.978000 0.118193 -0.00302 -0.00135 0.125998 -0.130501 -0.000101
5258 101.986000 0.118239 -0.00307 -0.00136 0.125926 -0.130621 0.000087
5259 101.996000 0.11825 -0.003074 -0.001358 0.12593 -0.130617 0.000116
5260 102.005000 0.118209 -0.002835 -0.001347 0.125951 -0.130638 -0.000796
5261 102.015000 0.118218 -0.002793 -0.001362 0.125957 -0.130627 -0.000767
5262 102.024000 0.118262 -0.002945 -0.001336 0.125861 -0.130853 -0.000033
5263 102.034000 0.11827 -0.002944 -0.001346 0.125859 -0.130848 0.000021
5264 102.044000 0.118271 -0.002953 -0.001357 0.125864 -0.130847 0.000041
5265 102.053000 0.118232 -0.002857 -0.00135 0.125981 -0.130498 -0.000732
5266 102.062000 0.118272 -0.003004 -0.00137 0.125867 -0.130855 0.000069
5267 102.072000 0.118224 -0.003051 -0.001347 0.125878 -0.130865 0.000102
5268 102.082000 0.118231 -0.003055 -0.001352 0.12588 -0.130857 -0.00013
5269 102.091000 0.118265 -0.002931 -0.00136 0.125926 -0.130622 -0.000746
5270 102.101000 0.118255 -0.002821 -0.001369 0.125925 -0.130619 -0.000733
5271 102.111000 0.118268 -0.002798 -0.00138 0.125928 -0.130613 -0.000715
5272 102.121000 0.118265 -0.002708 -0.001361 0.125858 -0.130859 -0.000995
5273 102.130000 0.11824 -0.002903 -0.001373 0.125981 -0.130496 -0.000124
5274 102.139000 0.118227 -0.002813 -0.001348 0.125881 -0.130868 -0.000849
5275 102.148000 0.118254 -0.003005 -0.001351 0.125928 -0.130617 0.00011
5276 102.159000 0.118266 -0.002868 -0.001365 0.125876 -0.13086 -0.000787
5277 102.168000 0.118237 -0.003066 -0.001355 0.125925 -0.130623 -0.000073
5278 102.177000 0.118232 -0.002921 -0.001348 0.125954 -0.130629 -0.000707
5279 102.186000 0.118249 -0.003045 -0.001345 0.125859 -0.130856 0.00003
5280 102.195000 0.118238 -0.002839 -0.001359 0.12598 -0.130495 -0.000788
5281 102.202000 0.118231 -0.002904 -0.001371 0.125954 -0.130628 -0.000021
5282 102.210000 0.118226 -0.002945 -0.001347 0.125982 -0.130504 -0.000107
5283 102.219000 0.118249 -0.002756 -0.001363 0.125872 -0.130863 -0.000857
5284 102.228000 0.118249 -0.002947 -0.001343 0.12594 -0.130616 -0.000161
5285 102.237000 0.118231 -0.002842 -0.001357 0.125949 -0.130634 -0.00079
5286 102.246000 0.118261 -0.003037 -0.001358 0.125861 -0.130847 -0.000042
5287 102.256000 0.118247 -0.003051 -0.00133 0.12586 -0.130858 0.000021
5288 102.264000 0.118233 -0.003064 -0.001358 0.125876 -0.130861 -0.000033
5289 102.272000 0.118206 -0.003035 -0.001359 0.12597 -0.130629 -0.000022
5290 102.279000 0.118255 -0.00289 -0.00134 0.125865 -0.130877 -0.000895
5291 102.285000 0.118206 -0.002833 -0.00134 0.125991 -0.130501 -0.000733
5292 102.292000 0.118216 -0.00293 -0.001367 0.125964 -0.130628 0.000057
5293 102.298000 0.118247 -0.002934 -0.001338 0.125937 -0.130622 0.000067
5294 102.305000 0.118204 -0.002801 -0.001349 0.125991 -0.130501 -0.000684
5295 102.312000 0.118216 -0.002916 -0.001371 0.125962 -0.130628 -0.00015
5296 102.319000 0.118266 -0.002803 -0.001361 0.125878 -0.130862 -0.000781
5297 102.326000 0.118291 -0.003022 -0.001336 0.12585 -0.130859 -0.000034
5298 102.333000 0.118275 -0.002821 -0.001374 0.125921 -0.13062 -0.000725
5299 102.340000 0.118242 -0.002974 -0.001376 0.125983 -0.130494 -0.000182
5300 102.347000 0.118211 -0.002788 -0.001351 0.125957 -0.130635 -0.000952
5301 102.354000 0.118248 -0.002993 -0.001353 0.125874 -0.130861 0.000021
5302 102.361000 0.118291 -0.002846 -0.001363 0.125854 -0.130854 -0.000923
5303 102.371000 0.118263 -0.002784 -0.001352 0.125855 -0.130863 -0.000891
5304 102.380000 0.11822 -0.002941 -0.001364 0.125988 -0.130496 -0.000055
5305 102.389000 0.118264 -0.002766 -0.00136 0.125877 -0.130861 -0.000809
5306 102.396000 0.118269 -0.002922 -0.001352 0.125851 -0.130855 -0.000073
5307 102.404000 0.118269 -0.002934 -0.001363 0.125866 -0.130858 -0.000082
5308 102.411000 0.118272 -0.002762 -0.001366 0.125866 -0.13085 -0.000764
5309 102.419000 0.118263 -0.002827 -0.001366 0.125862 -0.13087 -0.000948
5310 102.426000 0.118302 -0.003047 -0.001348 0.12585 -0.13085 0.000056
5311 102.434000 0.118251 -0.002995 -0.001367 0.125883 -0.130853 0.00004
5312 102.442000 0.118212 -0.002976 -0.001369 0.125957 -0.130634 0.000066
5313 102.449000 0.118266 -0.002874 -0.001355 0.125866 -0.130866 -0.00083
5314 102.456000 0.118271 -0.003038 -0.001366 0.12586 -0.130846 0.000153
5315 102.464000 0.118241 -0.002944 -0.00134 0.125872 -0.130864 -0.000148
5316 102.472000 0.118234 -0.002903 -0.001367 0.125952 -0.130629 -0.000115
5317 102.479000 0.118263 -0.00278 -0.001379 0.125869 -0.130858 -0.000751
5318 102.485000 0.118225 -0.002851 -0.001333 0.125984 -0.130501 -0.000573
5319 102.490000 0.118234 -0.002945 -0.001359 0.125977 -0.130501 -0.000189
