23840 1435671681.169181 0.043956 -0.035165 19.976923
23841 1435671681.179242 0.043956 0.052747 19.976923
23842 1435671681.189298 0.043956 -0.035165 19.976923
23843 1435671681.199357 0.043956 -0.035165 19.976923
23844 1435671681.209482 0.043956 -0.035165 19.976923
23845 1435671681.219542 0.043956 -0.035165 19.976923
23846 1435671681.229668 0.043956 -0.035165 19.976923
23847 1435671681.239731 0.043956 -0.035165 19.976923
23848 1435671681.249802 0.043956 -0.035165 19.976923
23849 1435671681.259866 0.043956 -0.035165 19.976923
23850 1435671681.269926 0.043956 -0.035165 19.976923
23851 1435671681.279987 0.043956 -0.035165 19.976923
23852 1435671681.290047 0.043956 -0.035165 19.976923
23853 1435671681.300106 0.043956 -0.035165 19.976923
23854 1435671681.310171 0.043956 -0.035165 19.976923
23855 1435671681.320230 0.043956 -0.035165 19.976923
23856 1435671681.330289 0.043956 -0.035165 19.976923
23857 1435671681.340349 0.043956 -0.035165 19.976923
23858 1435671681.350409 0.043956 -0.035165 19.976923
23859 1435671681.360467 0.043956 -0.035165 19.976923
23860 1435671681.370549 0.043956 -0.035165 19.976923
23861 1435671681.380609 0.043956 -0.035165 19.976923
23862 1435671681.390677 0.043956 -0.035165 19.976923
23863 1435671681.400758 0.043956 -0.035165 19.976923
23864 1435671681.410829 0.043956 -0.035165 19.976923
23865 1435671681.420916 0.043956 -0.035165 19.976923
23866 1435671681.430979 0.043956 -0.035165 19.976923
23867 1435671681.441043 0.043956 -0.035165 19.976923
23868 1435671681.451118 0.043956 -0.035165 19.976923
23869 1435671681.461195 0.043956 -0.035165 19.976923
23870 1435671681.471309 0.043956 -0.035165 19.976923
23871 1435671681.481405 0.043956 -0.035165 19.976923
23872 1435671681.491461 0.043956 -0.035165 19.976923
23873 1435671681.501521 0.043956 -0.035165 19.976923
23874 1435671681.511574 0.043956 -0.035165 19.976923
23875 1435671681.521636 0.043956 -0.035165 19.976923
23876 1435671681.531697 0.043956 -0.035165 19.976923
23877 1435671681.541760 0.043956 -0.035165 19.976923
23878 1435671681.551822 0.043956 -0.035165 19.976923
23879 1435671681.561883 0.043956 -0.035165 19.976923
23880 1435671681.571971 0.043956 -0.035165 19.976923
23881 1435671681.582042 0.043956 -0.035165 19.976923
23882 1435671681.592120 0.043956 -0.035165 19.976923
23883 1435671681.602210 0.043956 -0.035165 19.976923
23884 1435671681.612290 0.043956 -0.035165 19.976923
23885 1435671681.622339 0.043956 -0.035165 19.976923
23886 1435671681.632409 0.043956 -0.035165 19.976923
23887 1435671681.642475 0.043956 -0.035165 19.976923
23888 1435671681.652553 0.043956 -0.035165 19.976923
23889 1435671681.662624 0.043956 -0.035165 19.976923
23890 1435671681.672688 0.043956 -0.035165 19.976923
23891 1435671681.682750 0.043956 -0.035165 19.976923
23892 1435671681.692820 0.043956 -0.035165 19.976923
23893 1435671681.702897 0.043956 -0.035165 19.976923
23894 1435671681.712956 0.043956 -0.035165 19.976923
23895 1435671681.723008 0.043956 -0.035165 19.976923
23896 1435671681.733087 0.043956 -0.035165 19.976923
23897 1435671681.743146 0.043956 -0.035165 19.976923
23898 1435671681.753213 0.043956 -0.035165 19.976923
23899 1435671681.763274 0.043956 -0.035165 19.976923
23900 1435671681.773300 0.043956 -0.035165 19.976923
23901 1435671681.783352 0.043956 -0.035165 19.976923
23902 1435671681.793424 0.043956 -0.035165 19.976923
23903 1435671681.803479 0.043956 -0.035165 19.976923
23904 1435671681.813534 0.043956 -0.035165 19.976923
23905 1435671681.823595 0.043956 -0.035165 19.976923
23906 1435671681.833655 0.043956 -0.035165 19.976923
23907 1435671681.843679 0.043956 -0.035165 19.976923
23908 1435671681.853741 0.043956 -0.035165 19.976923
23909 1435671681.863801 0.043956 -0.035165 19.976923
23910 1435671681.873862 0.043956 -0.035165 19.976923
23911 1435671681.883925 0.043956 -0.035165 19.976923
23912 1435671681.893983 0.043956 -0.035165 19.976923
23913 1435671681.904046 0.043956 -0.035165 19.976923
23914 1435671681.914105 0.043956 -0.035165 19.976923
23915 1435671681.924167 0.043956 -0.035165 19.976923
23916 1435671681.934228 0.043956 -0.035165 19.976923
23917 1435671681.944295 0.043956 -0.035165 19.976923
23918 1435671681.954357 0.043956 -0.035165 19.976923
23919 1435671681.964422 0.043956 -0.035165 19.976923
23920 1435671681.974484 0.043956 -0.035165 19.976923
23921 1435671681.984553 0.043956 -0.035165 19.976923
23922 1435671681.994672 0.043956 -0.035165 19.976923
23923 1435671682.004722 0.043956 -0.035165 19.976923
23924 1435671682.014829 0.043956 -0.035165 19.976923
23925 1435671682.024891 0.043956 -0.035165 19.976923
23926 1435671682.034964 0.043956 -0.035165 19.976923
23927 1435671682.045025 0.043956 -0.035165 19.976923
23928 1435671682.055095 0.043956 -0.035165 19.976923
23929 1435671682.065185 0.043956 -0.035165 19.976923
23930 1435671682.075251 0.043956 -0.035165 19.976923
23931 1435671682.085312 0.043956 -0.035165 19.976923
23932 1435671682.095374 0.043956 -0.035165 19.976923
23933 1435671682.105436 0.043956 -0.035165 19.976923
23934 1435671682.115555 0.043956 -0.035165 19.976923
23935 1435671682.125616 0.043956 -0.035165 19.976923
23936 1435671682.135743 0.043956 -0.035165 19.976923
23937 1435671682.145781 0.043956 -0.035165 19.976923
23938 1435671682.155954 0.043956 -0.035165 19.976923
23939 1435671682.166016 0.043956 -0.035165 19.976923
23940 1435671682.176144 0.043956 -0.035165 19.976923
23941 1435671682.186416 0.043956 -0.035165 19.976923
23942 1435671682.196487 0.043956 -0.035165 19.976923
23943 1435671682.206853 0.043956 -0.035165 19.976923
23944 1435671682.216998 0.043956 -0.035165 19.976923
23945 1435671682.227308 0.043956 -0.035165 19.976923
23946 1435671682.237368 0.043956 -0.035165 19.976923
23947 1435671682.247429 0.043956 -0.035165 19.976923
23948 1435671682.257492 0.043956 -0.035165 19.976923
23949 1435671682.267577 0.043956 -0.035165 19.976923
23950 1435671682.277642 0.043956 -0.035165 19.976923
23951 1435671682.287706 0.043956 -0.035165 19.976923
23952 1435671682.297783 0.043956 -0.035165 19.976923
23953 1435671682.307850 0.043956 -0.035165 19.976923
23954 1435671682.317899 0.043956 -0.035165 19.976923
23955 1435671682.327977 0.043956 -0.035165 19.976923
23956 1435671682.338038 0.043956 -0.035165 19.976923
23957 1435671682.348094 0.043956 -0.035165 19.976923
23958 1435671682.358152 0.043956 -0.035165 19.976923
23959 1435671682.368218 0.043956 -0.035165 19.976923
23960 1435671682.378278 0.043956 -0.035165 19.976923
23961 1435671682.388343 0.043956 -0.035165 19.976923
23962 1435671682.398404 0.043956 -0.035165 19.976923
23963 1435671682.408464 0.043956 -0.035165 19.976923
23964 1435671682.418528 0.043956 -0.035165 19.976923
23965 1435671682.428616 0.043956 -0.035165 19.976923
23966 1435671682.438675 0.043956 -0.035165 19.976923
23967 1435671682.448734 0.043956 -0.035165 19.976923
23968 1435671682.458794 0.043956 -0.035165 19.976923
23969 1435671682.468852 0.043956 -0.035165 19.976923
23970 1435671682.478896 0.043956 -0.035165 19.976923
23971 1435671682.488939 0.043956 -0.035165 19.976923
23972 1435671682.499007 0.043956 -0.035165 19.976923
23973 1435671682.509105 0.043956 -0.035165 19.976923
23974 1435671682.519148 0.043956 -0.035165 19.976923
23975 1435671682.529252 0.043956 -0.035165 19.976923
23976 1435671682.539298 0.043956 -0.035165 19.976923
23977 1435671682.549395 0.043956 -0.035165 19.976923
23978 1435671682.559448 0.043956 -0.035165 19.976923
23979 1435671682.569531 0.043956 -0.035165 19.976923
23980 1435671682.579594 0.043956 -0.035165 19.976923
23981 1435671682.589634 0.043956 -0.035165 19.976923
23982 1435671682.599698 0.043956 -0.035165 19.976923
23983 1435671682.609759 0.043956 -0.035165 19.976923
23984 1435671682.619851 0.043956 -0.035165 19.976923
23985 1435671682.629898 0.043956 -0.035165 19.976923
23986 1435671682.639959 0.043956 -0.035165 19.976923
23987 1435671682.650042 0.043956 -0.035165 19.976923
23988 1435671682.660103 0.043956 -0.035165 19.976923
23989 1435671682.670210 0.043956 -0.035165 19.976923
23990 1435671682.680270 0.043956 -0.035165 19.976923
23991 1435671682.690312 0.043956 -0.035165 19.976923
23992 1435671682.700393 0.043956 -0.035165 19.976923
23993 1435671682.710466 0.043956 -0.035165 19.976923
23994 1435671682.720528 0.043956 -0.035165 19.976923
23995 1435671682.730580 0.043956 -0.035165 19.976923
23996 1435671682.740653 0.043956 -0.035165 19.976923
23997 1435671682.750716 0.043956 -0.035165 19.976923
23998 1435671682.760846 0.043956 -0.035165 19.976923
23999 1435671682.771006 0.043956 -0.035165 19.976923
24000 1435671682.781049 0.043956 -0.035165 19.976923
24001 1435671682.791118 0.043956 -0.035165 19.976923
24002 1435671682.801202 0.043956 -0.035165 19.976923
24003 1435671682.811268 0.043956 -0.035165 19.976923
24004 1435671682.821335 0.043956 -0.035165 19.976923
24005 1435671682.831404 0.043956 -0.035165 19.976923
24006 1435671682.841479 0.043956 -0.035165 19.976923
24007 1435671682.851537 0.043956 -0.035165 19.976923
24008 1435671682.861623 0.043956 -0.035165 19.976923
24009 1435671682.871692 0.043956 -0.035165 19.976923
24010 1435671682.881772 0.043956 -0.035165 19.976923
24011 1435671682.891859 0.043956 -0.035165 19.976923
24012 1435671682.901901 0.043956 -0.035165 19.976923
24013 1435671682.911958 0.043956 -0.035165 19.976923
24014 1435671682.922326 0.043956 -0.035165 19.976923
24015 1435671682.932381 0.043956 -0.035165 19.976923
24016 1435671682.942529 0.043956 -0.035165 19.976923
24017 1435671682.952582 0.043956 -0.035165 19.976923
24018 1435671682.962640 0.043956 -0.035165 19.976923
24019 1435671682.972700 0.043956 -0.035165 19.976923
24020 1435671682.982768 0.043956 -0.035165 19.976923
24021 1435671682.992858 0.043956 -0.035165 19.976923
24022 1435671683.002917 0.043956 -0.035165 19.976923
24023 1435671683.012980 0.043956 -0.035165 19.976923
24024 1435671683.023039 0.043956 -0.035165 19.976923
24025 1435671683.033140 0.043956 -0.035165 19.976923
24026 1435671683.043185 0.043956 -0.035165 19.976923
24027 1435671683.053245 0.043956 -0.035165 19.976923
24028 1435671683.063310 0.043956 -0.035165 19.976923
24029 1435671683.073375 0.043956 -0.035165 19.976923
24030 1435671683.083452 0.043956 -0.035165 19.976923
24031 1435671683.093501 0.043956 -0.035165 19.976923
24032 1435671683.103529 0.043956 -0.035165 19.976923
24033 1435671683.113598 0.043956 -0.035165 19.976923
24034 1435671683.123656 0.043956 -0.035165 19.976923
24035 1435671683.133729 0.043956 -0.035165 19.976923
24036 1435671683.143793 0.043956 -0.035165 19.976923
24037 1435671683.153827 0.043956 -0.035165 19.976923
24038 1435671683.163890 0.043956 -0.035165 19.976923
24039 1435671683.173949 0.043956 -0.035165 19.976923
24040 1435671683.184010 0.043956 -0.035165 19.976923
24041 1435671683.194070 0.043956 -0.035165 19.976923
24042 1435671683.204130 0.043956 -0.035165 19.976923
24043 1435671683.214191 0.043956 -0.035165 19.976923
24044 1435671683.224253 0.043956 -0.035165 19.976923
24045 1435671683.234321 0.043956 -0.035165 19.976923
24046 1435671683.244370 0.043956 -0.035165 19.976923
24047 1435671683.254431 0.043956 -0.035165 19.976923
24048 1435671683.264492 0.043956 -0.035165 19.976923
24049 1435671683.274553 0.043956 -0.035165 19.976923
24050 1435671683.284585 0.043956 -0.035165 19.976923
24051 1435671683.294627 0.043956 -0.035165 19.976923
24052 1435671683.304690 0.043956 -0.035165 19.976923
24053 1435671683.314753 0.043956 -0.035165 19.976923
24054 1435671683.324779 0.043956 -0.035165 19.976923
24055 1435671683.334825 0.043956 -0.035165 19.976923
24056 1435671683.344891 0.043956 -0.035165 19.976923
24057 1435671683.354958 0.043956 -0.035165 19.976923
24058 1435671683.365058 0.043956 -0.035165 19.976923
24059 1435671683.375143 0.043956 -0.035165 19.976923
24060 1435671683.385204 0.043956 -0.035165 19.976923
24061 1435671683.395262 0.043956 -0.035165 19.976923
24062 1435671683.405358 0.043956 -0.035165 19.976923
24063 1435671683.415422 0.043956 -0.035165 19.976923
24064 1435671683.425496 0.043956 -0.035165 19.976923
24065 1435671683.435552 0.043956 -0.035165 19.976923
24066 1435671683.445617 0.043956 -0.035165 19.976923
24067 1435671683.455677 0.043956 -0.035165 19.976923
24068 1435671683.465714 0.043956 -0.035165 19.976923
24069 1435671683.475828 0.043956 -0.035165 19.976923
24070 1435671683.485907 0.043956 -0.035165 19.976923
24071 1435671683.496010 0.043956 -0.035165 19.976923
24072 1435671683.506071 0.043956 -0.035165 19.976923
24073 1435671683.516147 0.043956 -0.035165 19.976923
24074 1435671683.526182 0.043956 -0.035165 19.976923
24075 1435671683.536244 0.043956 0.052747 19.976923
24076 1435671683.546351 0.043956 -0.035165 19.976923
24077 1435671683.556427 0.043956 -0.035165 19.976923
24078 1435671683.566536 0.043956 -0.035165 19.976923
24079 1435671683.576589 0.043956 -0.035165 19.976923
24080 1435671683.586843 0.043956 -0.035165 19.976923
24081 1435671683.596893 0.043956 -0.035165 19.976923
24082 1435671683.606978 0.043956 -0.035165 19.976923
24083 1435671683.617032 0.043956 -0.035165 19.976923
24084 1435671683.627093 0.043956 -0.035165 19.976923
24085 1435671683.637156 0.043956 -0.035165 19.976923
24086 1435671683.647310 0.043956 -0.035165 19.976923
24087 1435671683.657368 0.043956 -0.035165 19.976923
24088 1435671683.667443 0.043956 -0.035165 19.976923
24089 1435671683.677514 0.043956 -0.035165 19.976923
24090 1435671683.687574 0.043956 -0.035165 19.976923
24091 1435671683.697635 0.043956 -0.035165 19.976923
24092 1435671683.707693 0.043956 -0.035165 19.976923
24093 1435671683.717751 0.043956 -0.035165 19.976923
24094 1435671683.727815 0.043956 -0.035165 19.976923
24095 1435671683.737854 0.043956 -0.035165 19.976923
24096 1435671683.747916 0.043956 -0.035165 19.976923
24097 1435671683.757991 0.043956 -0.035165 19.976923
24098 1435671683.768065 0.043956 -0.035165 19.976923
24099 1435671683.778126 0.043956 -0.035165 19.976923
24100 1435671683.788189 0.043956 -0.035165 19.976923
24101 1435671683.798249 0.043956 -0.035165 19.976923
24102 1435671683.808311 0.043956 -0.035165 19.976923
24103 1435671683.818380 0.043956 -0.035165 19.976923
24104 1435671683.828459 0.043956 -0.035165 19.976923
24105 1435671683.838520 0.043956 -0.035165 19.976923
24106 1435671683.848595 0.043956 -0.035165 19.976923
24107 1435671683.858622 0.043956 -0.035165 19.976923
24108 1435671683.868714 0.043956 -0.035165 19.976923
24109 1435671683.878760 0.043956 -0.035165 19.976923
24110 1435671683.888820 0.043956 -0.035165 19.976923
24111 1435671683.898879 0.043956 -0.035165 19.976923
24112 1435671683.908941 0.043956 -0.035165 19.976923
24113 1435671683.919001 0.043956 -0.035165 19.976923
24114 1435671683.929059 0.043956 -0.035165 19.976923
24115 1435671683.939083 0.043956 -0.035165 19.976923
24116 1435671683.949143 0.043956 -0.035165 19.976923
24117 1435671683.959183 0.043956 -0.035165 19.976923
24118 1435671683.969288 0.043956 -0.035165 19.976923
24119 1435671683.979339 0.043956 -0.035165 19.976923
24120 1435671683.989591 0.043956 -0.035165 19.976923
24121 1435671683.999647 0.043956 -0.035165 19.976923
24122 1435671684.009704 0.043956 -0.035165 19.976923
24123 1435671684.019765 0.043956 -0.035165 19.976923
24124 1435671684.029829 0.043956 -0.035165 19.976923
24125 1435671684.039865 0.043956 -0.035165 19.976923
24126 1435671684.050083 0.043956 -0.035165 19.976923
24127 1435671684.060110 0.043956 -0.035165 19.976923
24128 1435671684.070193 0.043956 -0.035165 19.976923
24129 1435671684.080237 0.043956 -0.035165 19.976923
24130 1435671684.090417 0.043956 -0.035165 19.976923
24131 1435671684.100466 0.043956 -0.035165 19.976923
24132 1435671684.110553 0.043956 -0.035165 19.976923
24133 1435671684.120622 0.043956 -0.035165 19.976923
24134 1435671684.130689 0.043956 -0.035165 19.976923
24135 1435671684.140749 0.043956 -0.035165 19.976923
24136 1435671684.150839 0.043956 -0.035165 19.976923
24137 1435671684.160961 0.043956 -0.035165 19.976923
24138 1435671684.171066 0.043956 -0.035165 19.976923
24139 1435671684.181112 0.043956 -0.035165 19.976923
24140 1435671684.191183 0.043956 -0.035165 19.976923
24141 1435671684.201257 0.043956 -0.035165 19.976923
24142 1435671684.211348 0.043956 -0.035165 19.976923
24143 1435671684.221434 0.043956 -0.035165 19.976923
24144 1435671684.231492 0.043956 -0.035165 19.976923
24145 1435671684.241590 0.043956 -0.035165 19.976923
24146 1435671684.251614 0.043956 -0.035165 19.976923
24147 1435671684.261756 0.043956 -0.035165 19.976923
24148 1435671684.271849 0.043956 -0.035165 19.976923
24149 1435671684.281937 0.043956 -0.035165 19.976923
24150 1435671684.292007 0.043956 -0.035165 19.976923
24151 1435671684.302061 0.043956 -0.035165 19.976923
24152 1435671684.312167 0.043956 -0.035165 19.976923
24153 1435671684.322233 0.043956 -0.035165 19.976923
24154 1435671684.332294 0.043956 -0.035165 19.976923
24155 1435671684.342380 0.043956 -0.035165 19.976923
24156 1435671684.352437 0.043956 -0.035165 19.976923
24157 1435671684.362483 0.043956 -0.035165 19.976923
24158 1435671684.372602 0.043956 -0.035165 19.976923
24159 1435671684.382666 0.043956 -0.035165 19.976923
24160 1435671684.392725 0.043956 -0.035165 19.976923
24161 1435671684.402788 0.043956 -0.035165 19.976923
24162 1435671684.412849 0.043956 -0.035165 19.976923
24163 1435671684.422899 0.043956 -0.035165 19.976923
24164 1435671684.432966 0.043956 -0.035165 19.976923
24165 1435671684.443034 0.043956 -0.035165 19.976923
24166 1435671684.453095 0.043956 -0.035165 19.976923
24167 1435671684.463123 0.043956 -0.035165 19.976923
24168 1435671684.473185 0.043956 -0.035165 19.976923
24169 1435671684.483249 0.043956 -0.035165 19.976923
24170 1435671684.493364 0.043956 -0.035165 19.976923
24171 1435671684.503455 0.043956 -0.035165 19.976923
24172 1435671684.513526 0.043956 -0.035165 19.976923
24173 1435671684.523590 0.043956 -0.035165 19.976923
24174 1435671684.533658 0.043956 -0.035165 19.976923
24175 1435671684.543683 0.043956 -0.035165 19.976923
24176 1435671684.553748 0.043956 -0.035165 19.976923
24177 1435671684.563810 0.043956 -0.035165 19.976923
24178 1435671684.573870 0.043956 -0.035165 19.976923
24179 1435671684.583930 0.043956 -0.035165 19.976923
24180 1435671684.593992 0.043956 -0.035165 19.976923
24181 1435671684.604053 0.043956 -0.035165 19.976923
24182 1435671684.614130 0.043956 -0.035165 19.976923
24183 1435671684.624197 0.043956 -0.035165 19.976923
24184 1435671684.634257 0.043956 -0.035165 19.976923
24185 1435671684.644343 0.043956 -0.035165 19.976923
24186 1435671684.654450 0.043956 -0.035165 19.976923
24187 1435671684.664567 0.043956 -0.035165 19.976923
24188 1435671684.674642 0.043956 -0.035165 19.976923
24189 1435671684.684702 0.043956 -0.035165 19.976923
24190 1435671684.694788 0.043956 -0.035165 19.976923
24191 1435671684.704853 0.043956 -0.035165 19.976923
24192 1435671684.714920 0.043956 -0.035165 19.976923
24193 1435671684.724996 0.043956 -0.035165 19.976923
24194 1435671684.735153 0.043956 -0.035165 19.976923
24195 1435671684.745231 0.043956 -0.035165 19.976923
24196 1435671684.755277 0.043956 -0.035165 19.976923
24197 1435671684.765333 0.043956 -0.035165 19.976923
24198 1435671684.775391 0.043956 -0.035165 19.976923
24199 1435671684.785452 0.043956 -0.035165 19.976923
24200 1435671684.795514 0.043956 -0.035165 19.976923
24201 1435671684.805573 0.043956 -0.035165 19.976923
24202 1435671684.815647 0.043956 -0.035165 19.976923
24203 1435671684.825752 0.043956 -0.035165 19.976923
24204 1435671684.835855 0.043956 -0.035165 19.976923
24205 1435671684.845901 0.043956 -0.035165 19.976923
24206 1435671684.855983 0.043956 -0.035165 19.976923
24207 1435671684.866052 0.043956 -0.035165 19.976923
24208 1435671684.876174 0.043956 -0.035165 19.976923
24209 1435671684.886241 0.043956 -0.035165 19.976923
24210 1435671684.896331 0.043956 -0.035165 19.976923
24211 1435671684.906441 0.043956 -0.035165 19.976923
24212 1435671684.916470 0.043956 -0.035165 19.976923
24213 1435671684.926532 0.043956 -0.035165 19.976923
24214 1435671684.936593 0.043956 -0.035165 19.976923
24215 1435671684.946656 0.043956 -0.035165 19.976923
24216 1435671684.956723 0.043956 -0.035165 19.976923
24217 1435671684.966785 0.043956 -0.035165 19.976923
24218 1435671684.976808 0.043956 -0.035165 19.976923
24219 1435671684.986879 0.043956 -0.035165 19.976923
24220 1435671684.996941 0.043956 -0.035165 19.976923
24221 1435671685.007000 0.043956 -0.035165 19.976923
24222 1435671685.017063 0.043956 -0.035165 19.976923
24223 1435671685.027122 0.043956 -0.035165 19.976923
24224 1435671685.037182 0.043956 -0.035165 19.976923
24225 1435671685.047238 0.043956 -0.035165 19.976923
24226 1435671685.057284 0.043956 -0.035165 19.976923
24227 1435671685.067351 0.043956 -0.035165 19.976923
24228 1435671685.077416 0.043956 -0.035165 19.976923
24229 1435671685.087488 0.043956 -0.035165 19.976923
24230 1435671685.097547 0.043956 -0.035165 19.976923
24231 1435671685.107608 0.043956 -0.035165 19.976923
24232 1435671685.117669 0.043956 -0.035165 19.976923
24233 1435671685.127720 0.043956 -0.035165 19.976923
24234 1435671685.137764 0.043956 -0.035165 19.976923
24235 1435671685.147824 0.043956 -0.035165 19.976923
24236 1435671685.157912 0.043956 -0.035165 19.976923
24237 1435671685.168092 0.043956 -0.035165 19.976923
24238 1435671685.178152 0.043956 -0.035165 19.976923
24239 1435671685.188233 0.043956 -0.035165 19.976923
24240 1435671685.198348 0.043956 -0.035165 19.976923
24241 1435671685.208404 0.043956 -0.035165 19.976923
24242 1435671685.218457 0.043956 -0.035165 19.976923
24243 1435671685.228518 0.043956 -0.035165 19.976923
24244 1435671685.238578 0.043956 -0.035165 19.976923
24245 1435671685.248639 0.043956 -0.035165 19.976923
24246 1435671685.258687 0.043956 -0.035165 19.976923
24247 1435671685.268747 0.043956 -0.035165 19.976923
24248 1435671685.278806 0.043956 -0.035165 19.976923
24249 1435671685.288869 0.043956 -0.035165 19.976923
24250 1435671685.298961 0.043956 -0.035165 19.976923
24251 1435671685.308996 0.043956 -0.035165 19.976923
24252 1435671685.319056 0.043956 -0.035165 19.976923
24253 1435671685.329131 0.043956 -0.035165 19.976923
24254 1435671685.339191 0.043956 -0.035165 19.976923
24255 1435671685.349262 0.043956 -0.035165 19.976923
24256 1435671685.359323 0.043956 -0.035165 19.976923
24257 1435671685.369385 0.043956 -0.035165 19.976923
24258 1435671685.379454 0.043956 -0.035165 19.976923
24259 1435671685.389516 0.043956 -0.035165 19.976923
24260 1435671685.399590 0.043956 -0.035165 19.976923
24261 1435671685.409662 0.043956 -0.035165 19.976923
24262 1435671685.419700 0.043956 -0.035165 19.976923
24263 1435671685.429777 0.043956 -0.035165 19.976923
24264 1435671685.439902 0.043956 -0.035165 19.976923
24265 1435671685.449929 0.043956 -0.035165 19.976923
24266 1435671685.460023 0.043956 -0.035165 19.976923
24267 1435671685.470150 0.043956 -0.035165 19.976923
24268 1435671685.480217 0.043956 -0.035165 19.976923
24269 1435671685.490264 0.043956 -0.035165 19.976923
24270 1435671685.500372 0.043956 -0.035165 19.976923
24271 1435671685.510503 0.043956 -0.035165 19.976923
24272 1435671685.520586 0.043956 -0.035165 19.976923
24273 1435671685.530654 0.043956 -0.035165 19.976923
24274 1435671685.540718 0.043956 -0.035165 19.976923
24275 1435671685.550776 0.043956 -0.035165 19.976923
24276 1435671685.560836 0.043956 -0.035165 19.976923
24277 1435671685.570894 0.043956 -0.035165 19.976923
24278 1435671685.580954 0.043956 -0.035165 19.976923
24279 1435671685.591016 0.043956 -0.035165 19.976923
24280 1435671685.601077 0.043956 -0.035165 19.976923
24281 1435671685.611136 0.043956 -0.035165 19.976923
24282 1435671685.621343 0.043956 -0.035165 19.976923
24283 1435671685.631434 0.043956 -0.035165 19.976923
24284 1435671685.641789 0.043956 -0.035165 19.976923
24285 1435671685.651849 0.043956 -0.035165 19.976923
24286 1435671685.662291 0.043956 -0.035165 19.976923
24287 1435671685.672380 0.043956 -0.035165 19.976923
24288 1435671685.682456 0.043956 -0.035165 19.976923
24289 1435671685.692530 0.043956 -0.035165 19.976923
24290 1435671685.702611 0.043956 -0.035165 19.976923
24291 1435671685.712768 0.043956 -0.035165 19.976923
24292 1435671685.722827 0.043956 -0.035165 19.976923
24293 1435671685.733139 0.043956 -0.035165 19.976923
24294 1435671685.743213 0.043956 -0.035165 19.976923
24295 1435671685.753463 0.043956 -0.035165 19.976923
24296 1435671685.763524 0.043956 -0.035165 19.976923
24297 1435671685.773583 0.043956 -0.035165 19.976923
24298 1435671685.783642 0.043956 -0.035165 19.976923
24299 1435671685.793742 0.043956 -0.035165 19.976923
24300 1435671685.803811 0.043956 -0.035165 19.976923
24301 1435671685.813888 0.043956 -0.035165 19.976923
24302 1435671685.824023 0.043956 -0.035165 19.976923
24303 1435671685.834118 0.043956 -0.035165 19.976923
24304 1435671685.844182 0.043956 -0.035165 19.976923
24305 1435671685.854232 0.043956 -0.035165 19.976923
24306 1435671685.864315 0.043956 -0.035165 19.976923
24307 1435671685.874385 0.043956 -0.035165 19.976923
24308 1435671685.884447 0.043956 -0.035165 19.976923
24309 1435671685.894512 0.043956 -0.035165 19.976923
24310 1435671685.904574 0.043956 -0.035165 19.976923
24311 1435671685.914685 0.043956 -0.035165 19.976923
24312 1435671685.924780 0.043956 -0.035165 19.976923
24313 1435671685.934828 0.043956 -0.035165 19.976923
24314 1435671685.944887 0.043956 -0.035165 19.976923
24315 1435671685.954945 0.043956 -0.035165 19.976923
24316 1435671685.965005 0.043956 -0.035165 19.976923
24317 1435671685.975064 0.043956 -0.035165 19.976923
24318 1435671685.985147 0.043956 -0.035165 19.976923
24319 1435671685.995221 0.043956 -0.035165 19.976923
24320 1435671686.005281 0.043956 -0.035165 19.976923
24321 1435671686.015342 0.043956 -0.035165 19.976923
24322 1435671686.025406 0.043956 0.052747 19.976923
24323 1435671686.035466 0.043956 -0.035165 19.976923
24324 1435671686.045542 0.043956 -0.035165 19.976923
24325 1435671686.055610 0.043956 -0.035165 19.976923
24326 1435671686.065744 0.043956 -0.035165 19.976923
24327 1435671686.075870 0.043956 -0.035165 19.976923
24328 1435671686.085987 0.043956 -0.035165 19.976923
24329 1435671686.096076 0.043956 -0.035165 19.976923
24330 1435671686.106131 0.043956 -0.035165 19.976923
24331 1435671686.116201 0.043956 -0.035165 19.976923
24332 1435671686.126264 0.043956 -0.035165 19.976923
24333 1435671686.136336 0.043956 -0.035165 19.976923
24334 1435671686.146394 0.043956 -0.035165 19.976923
24335 1435671686.156456 0.043956 -0.035165 19.976923
24336 1435671686.166518 0.043956 -0.035165 19.976923
24337 1435671686.176568 0.043956 -0.035165 19.976923
24338 1435671686.186640 0.043956 -0.035165 19.976923
24339 1435671686.196709 0.043956 -0.035165 19.976923
24340 1435671686.206804 0.043956 -0.035165 19.976923
24341 1435671686.216882 0.043956 -0.035165 19.976923
24342 1435671686.226922 0.043956 -0.035165 19.976923
24343 1435671686.237001 0.043956 -0.035165 19.976923
24344 1435671686.247119 0.043956 -0.035165 19.976923
24345 1435671686.257153 0.043956 -0.035165 19.976923
24346 1435671686.267281 0.043956 -0.035165 19.976923
24347 1435671686.277695 0.043956 -0.035165 19.976923
24348 1435671686.287773 0.043956 -0.035165 19.976923
24349 1435671686.298046 0.043956 -0.035165 19.976923
24350 1435671686.308107 0.043956 -0.035165 19.976923
24351 1435671686.318170 0.043956 -0.035165 19.976923
24352 1435671686.328243 0.043956 -0.035165 19.976923
24353 1435671686.338303 0.043956 -0.035165 19.976923
24354 1435671686.348362 0.043956 -0.035165 19.976923
24355 1435671686.358451 0.043956 -0.035165 19.976923
24356 1435671686.368490 0.043956 -0.035165 19.976923
24357 1435671686.378688 0.043956 -0.035165 19.976923
24358 1435671686.388748 0.043956 -0.035165 19.976923
24359 1435671686.398808 0.043956 -0.035165 19.976923
24360 1435671686.408866 0.043956 -0.035165 19.976923
24361 1435671686.418886 0.043956 -0.035165 19.976923
24362 1435671686.428945 0.043956 -0.035165 19.976923
24363 1435671686.439004 0.043956 -0.035165 19.976923
24364 1435671686.449216 0.043956 -0.035165 19.976923
24365 1435671686.459276 0.043956 -0.035165 19.976923
24366 1435671686.469300 0.043956 -0.035165 19.976923
24367 1435671686.479361 0.043956 -0.035165 19.976923
24368 1435671686.489422 0.043956 -0.035165 19.976923
24369 1435671686.499510 0.043956 -0.035165 19.976923
24370 1435671686.509619 0.043956 -0.035165 19.976923
24371 1435671686.519690 0.043956 -0.035165 19.976923
24372 1435671686.529773 0.043956 -0.035165 19.976923
24373 1435671686.539907 0.043956 -0.035165 19.976923
24374 1435671686.549971 0.043956 -0.035165 19.976923
24375 1435671686.560037 0.043956 -0.035165 19.976923
24376 1435671686.570080 0.043956 -0.035165 19.976923
24377 1435671686.580191 0.043956 -0.035165 19.976923
24378 1435671686.590246 0.043956 -0.035165 19.976923
24379 1435671686.600320 0.043956 -0.035165 19.976923
24380 1435671686.610388 0.043956 -0.035165 19.976923
24381 1435671686.620451 0.043956 -0.035165 19.976923
24382 1435671686.630514 0.043956 -0.035165 19.976923
24383 1435671686.640576 0.043956 -0.035165 19.976923
24384 1435671686.650636 0.043956 -0.035165 19.976923
24385 1435671686.660698 0.043956 -0.035165 19.976923
24386 1435671686.670747 0.043956 -0.035165 19.976923
24387 1435671686.680807 0.043956 -0.035165 19.976923
24388 1435671686.691058 0.043956 -0.035165 19.976923
24389 1435671686.700975 0.043956 -0.035165 19.976923
24390 1435671686.711037 0.043956 -0.035165 19.976923
24391 1435671686.721193 0.043956 -0.035165 19.976923
24392 1435671686.731236 0.043956 -0.035165 19.976923
24393 1435671686.741489 0.043956 -0.035165 19.976923
24394 1435671686.751549 0.043956 -0.035165 19.976923
24395 1435671686.761618 0.043956 -0.035165 19.976923
24396 1435671686.771673 0.043956 -0.035165 19.976923
24397 1435671686.781718 0.043956 -0.035165 19.976923
24398 1435671686.791782 0.043956 -0.035165 19.976923
24399 1435671686.801878 0.043956 -0.035165 19.976923
24400 1435671686.811922 0.043956 -0.035165 19.976923
24401 1435671686.821987 0.043956 -0.035165 19.976923
24402 1435671686.832059 0.043956 -0.035165 19.976923
24403 1435671686.842107 0.043956 -0.035165 19.976923
24404 1435671686.852168 0.043956 -0.035165 19.976923
24405 1435671686.862500 0.043956 -0.035165 19.976923
24406 1435671686.872545 0.043956 -0.035165 19.976923
24407 1435671686.882605 0.043956 -0.035165 19.976923
24408 1435671686.892665 0.043956 -0.035165 19.976923
24409 1435671686.902738 0.043956 -0.035165 19.976923
24410 1435671686.912813 0.043956 -0.035165 19.976923
24411 1435671686.922900 0.043956 -0.035165 19.976923
24412 1435671686.933008 0.043956 -0.035165 19.976923
24413 1435671686.943065 0.043956 -0.035165 19.976923
24414 1435671686.953111 0.043956 -0.035165 19.976923
24415 1435671686.963230 0.043956 -0.035165 19.976923
24416 1435671686.973269 0.043956 -0.035165 19.976923
24417 1435671686.983359 0.043956 -0.035165 19.976923
24418 1435671686.993490 0.043956 -0.035165 19.976923
24419 1435671687.003523 0.043956 -0.035165 19.976923
24420 1435671687.013585 0.043956 -0.035165 19.976923
24421 1435671687.023631 0.043956 -0.035165 19.976923
24422 1435671687.033707 0.043956 -0.035165 19.976923
24423 1435671687.043776 0.043956 -0.035165 19.976923
24424 1435671687.053831 0.043956 -0.035165 19.976923
24425 1435671687.063912 0.043956 -0.035165 19.976923
24426 1435671687.073981 0.043956 -0.035165 19.976923
24427 1435671687.084045 0.043956 -0.035165 19.976923
24428 1435671687.094103 0.043956 -0.035165 19.976923
24429 1435671687.104162 0.043956 -0.035165 19.976923
24430 1435671687.114230 0.043956 -0.035165 19.976923
24431 1435671687.124294 0.043956 -0.035165 19.976923
24432 1435671687.134366 0.043956 -0.035165 19.976923
24433 1435671687.144432 0.043956 -0.035165 19.976923
24434 1435671687.154514 0.043956 -0.035165 19.976923
24435 1435671687.164611 0.043956 -0.035165 19.976923
24436 1435671687.174700 0.043956 -0.035165 19.976923
24437 1435671687.184743 0.043956 -0.035165 19.976923
24438 1435671687.194803 0.043956 -0.035165 19.976923
24439 1435671687.204863 0.043956 -0.035165 19.976923
24440 1435671687.214923 0.043956 -0.035165 19.976923
24441 1435671687.224996 0.043956 -0.035165 19.976923
24442 1435671687.235054 0.043956 -0.035165 19.976923
24443 1435671687.245115 0.043956 -0.035165 19.976923
24444 1435671687.255177 0.043956 -0.035165 19.976923
24445 1435671687.265238 0.043956 -0.035165 19.976923
24446 1435671687.275298 0.043956 -0.035165 19.976923
24447 1435671687.285356 0.043956 -0.035165 19.976923
24448 1435671687.295370 0.043956 -0.035165 19.976923
24449 1435671687.305443 0.043956 -0.035165 19.976923
24450 1435671687.315525 0.043956 -0.035165 19.976923
24451 1435671687.325585 0.043956 -0.035165 19.976923
24452 1435671687.335624 0.043956 -0.035165 19.976923
24453 1435671687.345670 0.043956 -0.035165 19.976923
24454 1435671687.355717 0.043956 -0.035165 19.976923
24455 1435671687.365784 0.043956 -0.035165 19.976923
24456 1435671687.375859 0.043956 -0.035165 19.976923
24457 1435671687.385907 0.043956 -0.035165 19.976923
24458 1435671687.395961 0.043956 -0.035165 19.976923
24459 1435671687.406075 0.043956 -0.035165 19.976923
24460 1435671687.416140 0.043956 -0.035165 19.976923
24461 1435671687.426196 0.043956 -0.035165 19.976923
24462 1435671687.436257 0.043956 -0.035165 19.976923
24463 1435671687.446402 0.043956 -0.035165 19.976923
24464 1435671687.456454 0.043956 -0.035165 19.976923
24465 1435671687.466514 0.043956 -0.035165 19.976923
24466 1435671687.476571 0.043956 -0.035165 19.976923
24467 1435671687.486621 0.043956 -0.035165 19.976923
24468 1435671687.496708 0.043956 -0.035165 19.976923
24469 1435671687.506753 0.043956 -0.035165 19.976923
24470 1435671687.516814 0.043956 -0.035165 19.976923
24471 1435671687.526892 0.043956 -0.035165 19.976923
24472 1435671687.536953 0.043956 -0.035165 19.976923
24473 1435671687.547015 0.043956 -0.035165 19.976923
24474 1435671687.557083 0.043956 -0.035165 19.976923
24475 1435671687.567187 0.043956 -0.035165 19.976923
24476 1435671687.577312 0.043956 -0.035165 19.976923
24477 1435671687.587452 0.043956 -0.035165 19.976923
24478 1435671687.597549 0.043956 -0.035165 19.976923
24479 1435671687.607625 0.043956 -0.035165 19.976923
24480 1435671687.617740 0.043956 -0.035165 19.976923
24481 1435671687.627798 0.043956 -0.035165 19.976923
24482 1435671687.637868 0.043956 -0.035165 19.976923
24483 1435671687.647948 0.043956 -0.035165 19.976923
24484 1435671687.658004 0.043956 -0.035165 19.976923
24485 1435671687.668066 0.043956 -0.035165 19.976923
24486 1435671687.678127 0.043956 -0.035165 19.976923
24487 1435671687.688164 0.043956 -0.035165 19.976923
24488 1435671687.698225 0.043956 -0.035165 19.976923
24489 1435671687.708288 0.043956 -0.035165 19.976923
24490 1435671687.718332 0.043956 -0.035165 19.976923
24491 1435671687.728393 0.043956 -0.035165 19.976923
24492 1435671687.738455 0.043956 -0.035165 19.976923
24493 1435671687.748481 0.043956 -0.035165 19.976923
24494 1435671687.758545 0.043956 -0.035165 19.976923
24495 1435671687.768603 0.043956 -0.035165 19.976923
24496 1435671687.778664 0.043956 -0.035165 19.976923
24497 1435671687.788737 0.043956 -0.035165 19.976923
24498 1435671687.798798 0.043956 -0.035165 19.976923
24499 1435671687.808853 0.043956 -0.035165 19.976923
24500 1435671687.818921 0.043956 -0.035165 19.976923
24501 1435671687.828985 0.043956 -0.035165 19.976923
24502 1435671687.839056 0.043956 -0.035165 19.976923
24503 1435671687.849119 0.043956 -0.035165 19.976923
24504 1435671687.859222 0.043956 -0.035165 19.976923
24505 1435671687.869289 0.043956 -0.035165 19.976923
24506 1435671687.879350 0.043956 -0.035165 19.976923
24507 1435671687.889411 0.043956 -0.035165 19.976923
24508 1435671687.899506 0.043956 -0.035165 19.976923
24509 1435671687.909565 0.043956 -0.035165 19.976923
24510 1435671687.919625 0.043956 -0.035165 19.976923
24511 1435671687.929687 0.043956 -0.035165 19.976923
24512 1435671687.939750 0.043956 -0.035165 19.976923
24513 1435671687.949809 0.043956 -0.035165 19.976923
24514 1435671687.959873 0.043956 -0.035165 19.976923
24515 1435671687.969932 0.043956 -0.035165 19.976923
24516 1435671687.979994 0.043956 -0.035165 19.976923
24517 1435671687.990095 0.043956 -0.035165 19.976923
24518 1435671688.000157 0.043956 -0.035165 19.976923
24519 1435671688.010217 0.043956 -0.035165 19.976923
24520 1435671688.020280 0.043956 -0.035165 19.976923
24521 1435671688.030341 0.043956 -0.035165 19.976923
24522 1435671688.040400 0.043956 -0.035165 19.976923
24523 1435671688.050462 0.043956 -0.035165 19.976923
24524 1435671688.060529 0.043956 -0.035165 19.976923
24525 1435671688.070560 0.043956 -0.035165 19.976923
24526 1435671688.080653 0.043956 -0.035165 19.976923
24527 1435671688.090708 0.043956 -0.035165 19.976923
24528 1435671688.100785 0.043956 -0.035165 19.976923
24529 1435671688.110829 0.043956 -0.035165 19.976923
24530 1435671688.120893 0.043956 -0.035165 19.976923
24531 1435671688.130952 0.043956 -0.035165 19.976923
24532 1435671688.141014 0.043956 -0.035165 19.976923
24533 1435671688.151076 0.043956 -0.035165 19.976923
24534 1435671688.161137 0.043956 0.052747 19.976923
24535 1435671688.171197 0.043956 -0.035165 19.976923
24536 1435671688.181282 0.043956 -0.035165 19.976923
24537 1435671688.191343 0.043956 -0.035165 19.976923
24538 1435671688.201393 0.043956 -0.035165 19.976923
24539 1435671688.211456 0.043956 -0.035165 19.976923
24540 1435671688.221505 0.043956 -0.035165 19.976923
24541 1435671688.231565 0.043956 -0.035165 19.976923
24542 1435671688.241626 0.043956 -0.035165 19.976923
24543 1435671688.251687 0.043956 -0.035165 19.976923
24544 1435671688.261748 0.043956 -0.035165 19.976923
24545 1435671688.271777 0.043956 -0.035165 19.976923
24546 1435671688.281839 0.043956 -0.035165 19.976923
24547 1435671688.291902 0.043956 -0.035165 19.976923
24548 1435671688.301963 0.043956 -0.035165 19.976923
24549 1435671688.312024 0.043956 -0.035165 19.976923
24550 1435671688.322096 0.043956 -0.035165 19.976923
24551 1435671688.332169 0.043956 -0.035165 19.976923
24552 1435671688.342221 0.043956 -0.035165 19.976923
24553 1435671688.352282 0.043956 -0.035165 19.976923
24554 1435671688.362342 0.043956 -0.035165 19.976923
24555 1435671688.372403 0.043956 -0.035165 19.976923
24556 1435671688.382476 0.043956 -0.035165 19.976923
24557 1435671688.392551 0.043956 -0.035165 19.976923
24558 1435671688.402639 0.043956 -0.035165 19.976923
24559 1435671688.412702 0.043956 -0.035165 19.976923
24560 1435671688.422761 0.043956 -0.035165 19.976923
24561 1435671688.432848 0.043956 -0.035165 19.976923
24562 1435671688.442907 0.043956 -0.035165 19.976923
24563 1435671688.452972 0.043956 -0.035165 19.976923
24564 1435671688.463028 0.043956 -0.035165 19.976923
24565 1435671688.473089 0.043956 -0.035165 19.976923
24566 1435671688.483145 0.043956 -0.035165 19.976923
24567 1435671688.493212 0.043956 -0.035165 19.976923
24568 1435671688.503275 0.043956 -0.035165 19.976923
24569 1435671688.513337 0.043956 -0.035165 19.976923
24570 1435671688.523410 0.043956 -0.035165 19.976923
24571 1435671688.533468 0.043956 -0.035165 19.976923
24572 1435671688.543530 0.043956 -0.035165 19.976923
24573 1435671688.553595 0.043956 -0.035165 19.976923
24574 1435671688.563661 0.043956 -0.035165 19.976923
24575 1435671688.573728 0.043956 -0.035165 19.976923
24576 1435671688.583766 0.043956 -0.035165 19.976923
24577 1435671688.593830 0.043956 -0.035165 19.976923
24578 1435671688.603893 0.043956 -0.035165 19.976923
24579 1435671688.613952 0.043956 -0.035165 19.976923
24580 1435671688.624014 0.043956 -0.035165 19.976923
24581 1435671688.634073 0.043956 -0.035165 19.976923
24582 1435671688.644121 0.043956 -0.035165 19.976923
24583 1435671688.654186 0.043956 -0.035165 19.976923
24584 1435671688.664247 0.043956 -0.035165 19.976923
24585 1435671688.674291 0.043956 -0.035165 19.976923
24586 1435671688.684358 0.043956 -0.035165 19.976923
24587 1435671688.694450 0.043956 -0.035165 19.976923
24588 1435671688.704538 0.043956 -0.035165 19.976923
24589 1435671688.714600 0.043956 -0.035165 19.976923
24590 1435671688.724674 0.043956 -0.035165 19.976923
24591 1435671688.734726 0.043956 -0.035165 19.976923
24592 1435671688.744838 0.043956 -0.035165 19.976923
24593 1435671688.754924 0.043956 -0.035165 19.976923
24594 1435671688.764992 0.043956 -0.035165 19.976923
24595 1435671688.775052 0.043956 -0.035165 19.976923
24596 1435671688.785137 0.043956 -0.035165 19.976923
24597 1435671688.795216 0.043956 -0.035165 19.976923
24598 1435671688.805247 0.043956 -0.035165 19.976923
24599 1435671688.815312 0.043956 -0.035165 19.976923
24600 1435671688.825365 0.043956 -0.035165 19.976923
24601 1435671688.835429 0.043956 -0.035165 19.976923
24602 1435671688.845562 0.043956 -0.035165 19.976923
24603 1435671688.855927 0.043956 -0.035165 19.976923
24604 1435671688.865990 0.043956 -0.035165 19.976923
24605 1435671688.876524 0.043956 -0.035165 19.976923
24606 1435671688.886871 0.043956 -0.035165 19.976923
24607 1435671688.896930 0.043956 -0.035165 19.976923
24608 1435671688.906988 0.043956 -0.035165 19.976923
24609 1435671688.917030 0.043956 -0.035165 19.976923
24610 1435671688.927091 0.043956 -0.035165 19.976923
24611 1435671688.937173 0.043956 -0.035165 19.976923
24612 1435671688.947245 0.043956 -0.035165 19.889011
24613 1435671688.957307 0.043956 -0.035165 19.889011
24614 1435671688.967404 0.043956 -0.035165 19.889011
24615 1435671688.977471 0.043956 -0.035165 19.889011
24616 1435671688.987548 0.043956 -0.035165 19.889011
24617 1435671688.997648 0.043956 -0.035165 19.889011
24618 1435671689.007748 0.043956 -0.035165 19.801099
24619 1435671689.017809 0.043956 -0.035165 19.713187
24620 1435671689.027861 0.043956 -0.035165 19.625275
24621 1435671689.037925 0.043956 -0.035165 19.625275
24622 1435671689.047975 0.043956 -0.035165 19.537363
24623 1435671689.058004 0.043956 -0.035165 19.449451
24624 1435671689.068063 0.043956 -0.035165 19.361538
24625 1435671689.078125 0.043956 -0.035165 19.273626
24626 1435671689.088185 0.043956 -0.035165 19.185714
24627 1435671689.098251 0.043956 -0.035165 19.097802
24628 1435671689.108311 0.043956 -0.035165 19.00989
24629 1435671689.118383 0.043956 -0.035165 18.921978
24630 1435671689.128444 0.043956 -0.035165 18.834066
24631 1435671689.138536 0.043956 -0.035165 18.746154
24632 1435671689.148599 0.043956 -0.035165 18.658242
24633 1435671689.158650 0.043956 -0.035165 18.482418
24634 1435671689.168750 0.043956 -0.035165 18.394505
24635 1435671689.178798 0.043956 -0.035165 18.130769
24636 1435671689.188887 0.043956 -0.035165 18.042857
24637 1435671689.198948 0.043956 -0.035165 17.779121
24638 1435671689.209010 0.043956 -0.035165 17.691209
24639 1435671689.219069 0.043956 -0.035165 17.427473
24640 1435671689.229158 0.043956 -0.035165 17.33956
24641 1435671689.239219 0.043956 -0.035165 17.075824
24642 1435671689.249279 0.043956 -0.035165 16.987912
24643 1435671689.259340 0.043956 0.052747 16.812088
24644 1435671689.269405 0.043956 0.052747 16.636264
24645 1435671689.279465 0.043956 0.052747 16.372527
24646 1435671689.289570 0.043956 0.052747 16.196703
24647 1435671689.299631 0.043956 0.052747 15.932967
24648 1435671689.309690 0.043956 0.052747 15.669231
24649 1435671689.319753 0.131868 0.052747 15.405495
24650 1435671689.329818 0.043956 0.052747 15.22967
24651 1435671689.339882 0.043956 0.052747 14.965934
24652 1435671689.349923 0.043956 0.052747 14.79011
24653 1435671689.359989 0.043956 0.052747 14.438462
24654 1435671689.370009 0.043956 0.052747 14.262637
24655 1435671689.380080 0.131868 0.052747 13.823077
24656 1435671689.390202 0.043956 -0.035165 13.647253
24657 1435671689.400264 0.043956 -0.035165 13.295604
24658 1435671689.410329 0.043956 0.052747 13.11978
24659 1435671689.420405 0.043956 0.052747 12.768132
24660 1435671689.430478 0.043956 0.052747 12.504396
24661 1435671689.440507 0.043956 0.052747 12.064835
24662 1435671689.450589 0.043956 0.052747 11.801099
24663 1435671689.460729 0.043956 0.052747 11.449451
24664 1435671689.470778 0.131868 0.052747 11.00989
24665 1435671689.480838 0.131868 0.052747 10.746154
24666 1435671689.490918 0.131868 0.052747 10.306593
24667 1435671689.500997 0.131868 0.052747 10.042857
24668 1435671689.511070 0.043956 0.052747 9.603297
24669 1435671689.521140 0.043956 0.052747 9.33956
24670 1435671689.531212 0.043956 0.052747 9.075824
24671 1435671689.541276 0.131868 0.052747 8.636264
24672 1435671689.551338 0.131868 0.052747 8.196703
24673 1435671689.561410 0.131868 0.052747 7.845055
24674 1435671689.571472 0.043956 0.052747 7.493407
24675 1435671689.581536 0.131868 0.052747 7.141758
24676 1435671689.591596 0.131868 0.052747 6.702198
24677 1435671689.601641 0.131868 0.052747 6.350549
24678 1435671689.611706 0.131868 0.052747 5.823077
24679 1435671689.621804 0.131868 0.052747 5.559341
24680 1435671689.631856 0.131868 0.140659 5.031868
24681 1435671689.641923 0.131868 0.052747 4.68022
24682 1435671689.651983 0.131868 0.052747 4.240659
24683 1435671689.662010 0.043956 0.052747 3.801099
24684 1435671689.672236 0.131868 0.052747 3.361538
24685 1435671689.672236 0.131868 0.052747 3.361538
24686 1435671689.692338 0.131868 0.052747 2.57033
24687 1435671689.702398 0.131868 0.140659 2.218681
24688 1435671689.712435 0.131868 0.052747 1.691209
24689 1435671689.722521 0.131868 0.052747 1.251648
24690 1435671689.732582 0.131868 0.052747 0.9
24691 1435671689.742628 0.131868 0.140659 0.548352
24692 1435671689.752688 0.131868 0.140659 0.020879
24693 1435671689.762740 0.131868 0.052747 -0.330769
24694 1435671689.772793 0.131868 0.052747 -0.77033
24695 1435671689.782843 0.131868 0.052747 -1.20989
24696 1435671689.792906 0.131868 0.052747 -1.561538
24697 1435671689.802969 0.131868 0.140659 -1.913187
24698 1435671689.813047 0.131868 0.052747 -2.440659
24699 1435671689.823141 0.131868 0.052747 -2.88022
24700 1435671689.833206 0.131868 0.052747 -3.143956
24701 1435671689.843296 0.131868 0.140659 -3.671429
24702 1435671689.853394 0.131868 0.140659 -4.023077
24703 1435671689.863557 0.043956 0.052747 -4.462637
24704 1435671689.873618 0.131868 0.140659 -4.814286
24705 1435671689.883676 0.131868 0.140659 -5.253846
24706 1435671689.893742 0.131868 0.140659 -5.605495
24707 1435671689.903818 0.131868 0.052747 -6.045055
24708 1435671689.913880 0.131868 0.052747 -6.396703
24709 1435671689.923940 0.131868 0.140659 -6.836264
24710 1435671689.934002 0.131868 0.140659 -7.1
24711 1435671689.944060 0.043956 0.052747 -7.627473
24712 1435671689.954138 0.043956 0.052747 -7.891209
24713 1435671689.964196 0.043956 0.052747 -8.330769
24714 1435671689.974262 0.043956 0.140659 -8.682418
24715 1435671689.984301 0.043956 0.052747 -9.034066
24716 1435671689.994371 0.043956 0.052747 -9.385714
24717 1435671690.004427 0.043956 0.052747 -9.825275
24718 1435671690.014501 0.043956 0.052747 -10.089011
24719 1435671690.024568 0.043956 0.052747 -10.528571
24720 1435671690.034730 0.043956 0.052747 -10.792308
24721 1435671690.044799 0.043956 0.052747 -11.231868
24722 1435671690.054989 0.043956 0.052747 -11.583516
24723 1435671690.065048 0.043956 0.052747 -11.847253
24724 1435671690.075435 0.043956 0.052747 -12.110989
24725 1435671690.085497 -0.043956 0.052747 -12.462637
24726 1435671690.095576 -0.043956 0.052747 -12.814286
24727 1435671690.105641 -0.043956 0.052747 -13.078022
24728 1435671690.115699 -0.043956 0.052747 -13.42967
24729 1435671690.125758 -0.043956 0.052747 -13.693407
24730 1435671690.135778 -0.043956 -0.035165 -14.132967
24731 1435671690.145861 -0.043956 -0.035165 -14.308791
24732 1435671690.145861 -0.043956 -0.035165 -14.308791
24733 1435671690.156936 -0.043956 -0.035165 -14.66044
24734 1435671690.167005 -0.043956 -0.035165 -14.924176
24735 1435671690.177105 -0.043956 -0.035165 -15.187912
24736 1435671690.187170 -0.043956 -0.035165 -15.53956
24737 1435671690.197268 -0.043956 -0.035165 -15.715385
24738 1435671690.207340 -0.043956 -0.035165 -15.979121
24739 1435671690.217401 -0.043956 -0.035165 -16.154945
24740 1435671690.227464 -0.043956 -0.035165 -16.506593
24741 1435671690.237569 -0.043956 -0.035165 -16.682418
24742 1435671690.247636 -0.043956 -0.035165 -16.946154
24743 1435671690.257716 -0.043956 -0.035165 -17.121978
24744 1435671690.267780 -0.043956 -0.035165 -17.385714
24745 1435671690.277839 -0.043956 -0.035165 -17.473626
24746 1435671690.287888 -0.043956 -0.035165 -17.737363
24747 1435671690.297965 -0.043956 -0.035165 -17.913187
24748 1435671690.308050 -0.043956 -0.035165 -18.089011
24749 1435671690.318136 -0.043956 -0.035165 -18.176923
24750 1435671690.328191 -0.043956 -0.035165 -18.352747
24751 1435671690.338257 -0.043956 -0.035165 -18.528571
24752 1435671690.348339 -0.043956 -0.035165 -18.616484
24753 1435671690.358505 -0.043956 -0.035165 -18.704396
24754 1435671690.368582 -0.043956 -0.035165 -18.792308
24755 1435671690.378642 -0.043956 -0.123077 -18.968132
24756 1435671690.388718 -0.043956 -0.123077 -19.056044
24757 1435671690.398747 -0.043956 -0.123077 -19.056044
24758 1435671690.408825 -0.043956 -0.123077 -18.968132
24759 1435671690.418884 -0.043956 -0.210989 -18.792308
24760 1435671690.428968 -0.043956 -0.123077 -18.616484
24761 1435671690.439035 -0.043956 -0.123077 -18.352747
24762 1435671690.449084 0.043956 -0.210989 -18.089011
24763 1435671690.459150 0.043956 -0.210989 -17.737363
24764 1435671690.469213 -0.043956 -0.210989 -17.561538
24765 1435671690.479287 -0.043956 -0.298901 -17.297802
24766 1435671690.489349 -0.043956 -0.298901 -17.20989
24767 1435671690.499408 -0.043956 -0.298901 -17.20989
24768 1435671690.509488 -0.043956 -0.298901 -17.297802
24769 1435671690.519588 -0.043956 -0.298901 -17.473626
24770 1435671690.529650 -0.043956 -0.210989 -17.561538
24771 1435671690.539718 -0.043956 -0.210989 -17.913187
24772 1435671690.549733 -0.043956 -0.210989 -18.089011
24773 1435671690.559795 -0.043956 -0.210989 -18.528571
24774 1435671690.569855 -0.043956 -0.210989 -18.704396
24775 1435671690.579931 -0.043956 -0.123077 -19.143956
24776 1435671690.589987 -0.043956 -0.123077 -19.31978
24777 1435671690.600052 -0.043956 -0.123077 -19.759341
24778 1435671690.610126 -0.043956 -0.035165 -20.023077
24779 1435671690.620191 -0.043956 0.052747 -20.374725
24780 1435671690.630204 -0.043956 0.140659 -20.638462
24781 1435671690.640264 -0.043956 0.140659 -20.99011
24782 1435671690.650338 -0.043956 0.140659 -21.165934
24783 1435671690.660396 -0.131868 0.052747 -21.341758
24784 1435671690.670459 -0.043956 0.052747 -21.42967
24785 1435671690.680514 -0.131868 0.052747 -21.517582
24786 1435671690.690590 -0.131868 0.052747 -21.517582
24787 1435671690.700654 -0.043956 0.052747 -21.517582
24788 1435671690.710710 -0.043956 0.052747 -21.517582
24789 1435671690.720782 -0.043956 -0.035165 -21.42967
24790 1435671690.730846 -0.043956 0.052747 -21.42967
24791 1435671690.740901 -0.043956 0.052747 -21.341758
24792 1435671690.750964 -0.043956 0.052747 -21.253846
24793 1435671690.761026 -0.043956 0.052747 -21.253846
24794 1435671690.771086 -0.043956 0.052747 -21.253846
24795 1435671690.781133 -0.043956 -0.035165 -21.165934
24796 1435671690.791194 -0.043956 -0.035165 -21.165934
24797 1435671690.801255 -0.043956 -0.035165 -21.165934
24798 1435671690.811294 -0.043956 -0.035165 -21.253846
24799 1435671690.821354 -0.043956 0.052747 -21.253846
24800 1435671690.831421 -0.043956 -0.035165 -21.253846
24801 1435671690.841489 -0.043956 -0.035165 -21.253846
24802 1435671690.851544 -0.043956 -0.035165 -21.165934
24803 1435671690.861605 -0.043956 -0.035165 -21.165934
24804 1435671690.871721 -0.043956 -0.035165 -21.165934
24805 1435671690.881782 -0.043956 -0.035165 -21.078022
24806 1435671690.891848 -0.043956 -0.035165 -21.078022
24807 1435671690.901923 -0.131868 -0.035165 -21.078022
24808 1435671690.911979 -0.131868 -0.035165 -20.99011
24809 1435671690.922042 -0.131868 -0.035165 -20.902198
24810 1435671690.932114 -0.131868 -0.035165 -20.814286
24811 1435671690.942185 -0.131868 -0.035165 -20.814286
24812 1435671690.952248 -0.131868 -0.123077 -20.814286
24813 1435671690.962264 -0.131868 -0.123077 -20.726374
24814 1435671690.972325 -0.131868 -0.123077 -20.726374
24815 1435671690.982393 -0.131868 -0.123077 -20.638462
24816 1435671690.992466 -0.131868 -0.123077 -20.550549
24817 1435671691.002504 -0.131868 -0.123077 -20.550549
24818 1435671691.012561 -0.131868 -0.123077 -20.550549
24819 1435671691.022633 -0.131868 -0.123077 -20.374725
24820 1435671691.032691 -0.131868 -0.123077 -20.286813
24821 1435671691.042771 -0.043956 -0.123077 -20.198901
24822 1435671691.052825 -0.131868 -0.123077 -20.110989
24823 1435671691.062907 -0.043956 -0.123077 -19.935165
24824 1435671691.072992 -0.043956 -0.210989 -19.847253
24825 1435671691.083081 -0.043956 -0.210989 -19.671429
24826 1435671691.093145 -0.043956 -0.210989 -19.495604
24827 1435671691.103236 -0.043956 -0.210989 -19.31978
24828 1435671691.113396 -0.043956 -0.210989 -19.143956
24829 1435671691.123477 0.043956 -0.298901 -18.968132
24830 1435671691.133525 0.043956 -0.298901 -18.792308
24831 1435671691.143598 0.043956 -0.298901 -18.704396
24832 1435671691.153658 0.043956 -0.298901 -18.616484
24833 1435671691.163724 0.043956 -0.298901 -18.528571
24834 1435671691.173832 0.043956 -0.210989 -18.528571
24835 1435671691.183888 0.043956 -0.210989 -18.528571
24836 1435671691.193948 0.043956 -0.210989 -18.528571
24837 1435671691.204051 0.043956 -0.123077 -18.616484
24838 1435671691.214162 0.043956 -0.123077 -18.616484
24839 1435671691.224304 0.131868 -0.123077 -18.704396
24840 1435671691.234365 0.043956 -0.123077 -18.704396
24841 1435671691.244503 0.131868 -0.035165 -18.792308
24842 1435671691.254560 0.131868 -0.035165 -18.88022
24843 1435671691.264619 0.131868 -0.035165 -18.88022
24844 1435671691.274697 0.131868 -0.035165 -18.968132
24845 1435671691.284739 0.131868 -0.035165 -19.056044
24846 1435671691.294806 0.043956 -0.035165 -19.056044
24847 1435671691.304866 0.043956 -0.035165 -19.056044
24848 1435671691.314941 0.131868 0.052747 -19.143956
24849 1435671691.324989 0.131868 0.052747 -19.143956
24850 1435671691.335048 0.131868 0.052747 -19.231868
24851 1435671691.345108 0.043956 0.052747 -19.231868
24852 1435671691.355167 0.043956 0.052747 -19.231868
24853 1435671691.365226 0.043956 0.052747 -19.231868
24854 1435671691.375286 0.043956 0.052747 -19.143956
24855 1435671691.385344 0.043956 0.052747 -19.143956
24856 1435671691.395402 0.043956 0.052747 -19.143956
24857 1435671691.405464 0.043956 0.052747 -19.056044
24858 1435671691.415527 0.043956 0.052747 -19.056044
24859 1435671691.425587 0.043956 0.052747 -19.056044
24860 1435671691.435647 0.043956 -0.035165 -18.968132
24861 1435671691.445709 0.043956 -0.035165 -18.968132
24862 1435671691.455774 0.043956 -0.035165 -18.968132
24863 1435671691.465834 0.043956 -0.035165 -18.88022
24864 1435671691.475858 0.043956 -0.035165 -18.88022
24865 1435671691.485919 0.043956 -0.035165 -18.792308
24866 1435671691.495982 0.043956 -0.035165 -18.792308
24867 1435671691.506040 0.043956 -0.035165 -18.792308
24868 1435671691.516061 0.043956 -0.035165 -18.704396
24869 1435671691.526121 0.043956 -0.035165 -18.704396
24870 1435671691.536196 0.043956 -0.035165 -18.616484
24871 1435671691.546256 0.043956 -0.035165 -18.616484
24872 1435671691.556318 0.043956 -0.123077 -18.616484
24873 1435671691.566375 0.043956 -0.123077 -18.528571
24874 1435671691.576434 0.043956 -0.123077 -18.440659
24875 1435671691.586527 0.043956 -0.123077 -18.440659
24876 1435671691.596586 0.043956 -0.123077 -18.440659
24877 1435671691.606646 0.043956 -0.123077 -18.352747
24878 1435671691.616712 0.043956 -0.123077 -18.352747
24879 1435671691.626782 0.043956 -0.123077 -18.352747
24880 1435671691.636841 0.043956 -0.123077 -18.352747
24881 1435671691.646898 0.043956 -0.123077 -18.352747
24882 1435671691.656958 0.043956 -0.123077 -18.352747
24883 1435671691.667019 0.043956 -0.123077 -18.352747
24884 1435671691.677079 0.043956 -0.035165 -18.352747
24885 1435671691.687204 0.043956 -0.123077 -18.440659
24886 1435671691.697304 0.043956 -0.123077 -18.440659
24887 1435671691.707362 0.043956 -0.035165 -18.440659
24888 1435671691.717430 0.043956 -0.035165 -18.440659
24889 1435671691.727474 0.043956 -0.035165 -18.440659
24890 1435671691.737609 0.043956 -0.035165 -18.440659
24891 1435671691.747678 0.043956 -0.035165 -18.440659
24892 1435671691.757767 0.043956 -0.123077 -18.440659
24893 1435671691.767894 0.043956 -0.123077 -18.440659
24894 1435671691.778072 0.043956 -0.035165 -18.440659
24895 1435671691.788184 0.043956 -0.123077 -18.440659
24896 1435671691.798262 0.043956 -0.035165 -18.440659
24897 1435671691.808341 0.043956 -0.035165 -18.440659
24898 1435671691.818408 0.043956 -0.123077 -18.440659
24899 1435671691.828455 0.043956 -0.035165 -18.440659
24900 1435671691.838572 0.043956 -0.035165 -18.440659
24901 1435671691.848641 0.043956 -0.123077 -18.440659
24902 1435671691.858749 0.043956 -0.123077 -18.352747
24903 1435671691.868804 0.043956 -0.123077 -18.352747
24904 1435671691.878863 0.043956 -0.123077 -18.352747
24905 1435671691.888923 0.043956 -0.123077 -18.352747
24906 1435671691.898991 0.043956 -0.123077 -18.352747
24907 1435671691.919119 0.043956 -0.035165 -18.352747
24908 1435671691.929171 0.043956 -0.035165 -18.352747
24909 1435671691.939229 0.043956 -0.123077 -18.352747
24910 1435671691.949290 0.043956 -0.123077 -18.352747
24911 1435671691.959350 0.043956 -0.123077 -18.352747
24912 1435671691.969423 0.043956 -0.035165 -18.264835
24913 1435671691.979494 0.043956 -0.035165 -18.264835
24914 1435671691.989563 0.043956 -0.035165 -18.264835
24915 1435671691.999623 0.043956 -0.035165 -18.264835
24916 1435671692.009702 0.043956 -0.035165 -18.264835
24917 1435671692.019766 0.043956 -0.035165 -18.264835
24918 1435671692.029838 0.043956 -0.035165 -18.264835
24919 1435671692.039865 0.043956 -0.035165 -18.264835
24920 1435671692.049934 0.043956 -0.035165 -18.264835
24921 1435671692.060004 0.043956 -0.035165 -18.264835
24922 1435671692.060004 0.043956 -0.035165 -18.264835
24923 1435671692.070090 0.043956 -0.035165 -18.264835
24924 1435671692.086842 0.043956 -0.035165 -18.352747
24925 1435671692.090193 0.131868 -0.035165 -18.352747
24926 1435671692.100272 0.043956 -0.035165 -18.264835
24927 1435671692.110343 0.043956 -0.035165 -18.352747
24928 1435671692.120410 0.043956 -0.035165 -18.264835
24929 1435671692.130491 0.043956 -0.035165 -18.352747
24930 1435671692.140554 0.043956 -0.035165 -18.352747
24931 1435671692.150608 0.043956 -0.035165 -18.352747
24932 1435671692.160673 0.043956 -0.035165 -18.264835
24933 1435671692.170740 0.043956 -0.035165 -18.264835
24934 1435671692.181003 0.043956 -0.035165 -18.264835
24935 1435671692.191144 0.043956 -0.035165 -18.264835
24936 1435671692.201193 0.043956 -0.035165 -18.264835
24937 1435671692.211577 0.131868 -0.035165 -18.264835
24938 1435671692.221736 0.043956 -0.035165 -18.176923
24939 1435671692.232597 0.043956 0.052747 -18.264835
24940 1435671692.242590 0.043956 -0.035165 -18.176923
24941 1435671692.252651 0.043956 -0.035165 -18.176923
24942 1435671692.262713 0.043956 -0.035165 -18.264835
24943 1435671692.272775 0.131868 0.052747 -18.176923
24944 1435671692.282834 0.131868 -0.035165 -18.176923
24945 1435671692.292877 0.043956 -0.035165 -18.176923
24946 1435671692.302937 0.131868 -0.035165 -18.176923
24947 1435671692.313067 0.131868 -0.035165 -18.176923
24948 1435671692.323129 0.131868 -0.035165 -18.176923
24949 1435671692.333191 0.131868 -0.035165 -18.176923
24950 1435671692.343253 0.131868 -0.035165 -18.176923
24951 1435671692.353315 0.131868 -0.035165 -18.176923
24952 1435671692.363379 0.131868 -0.035165 -18.176923
24953 1435671692.373402 0.043956 -0.035165 -18.176923
24954 1435671692.383485 0.043956 -0.035165 -18.176923
24955 1435671692.394018 0.043956 -0.035165 -18.176923
24956 1435671692.404082 0.043956 -0.035165 -18.176923
24957 1435671692.414153 0.131868 -0.035165 -18.176923
24958 1435671692.424251 0.131868 -0.035165 -18.176923
24959 1435671692.434314 0.043956 -0.035165 -18.176923
24960 1435671692.444388 0.043956 -0.035165 -18.176923
24961 1435671692.454576 0.043956 -0.035165 -18.176923
24962 1435671692.464719 0.043956 -0.035165 -18.089011
24963 1435671692.474902 0.043956 -0.035165 -18.176923
24964 1435671692.485506 0.043956 -0.035165 -18.176923
24965 1435671692.495531 0.043956 -0.035165 -18.176923
24966 1435671692.506235 0.043956 -0.035165 -18.176923
24967 1435671692.516298 0.043956 -0.035165 -18.089011
24968 1435671692.526360 0.043956 -0.035165 -18.176923
24969 1435671692.536423 0.043956 -0.035165 -18.176923
24970 1435671692.546482 0.043956 -0.035165 -18.176923
24971 1435671692.556548 0.043956 -0.035165 -18.089011
24972 1435671692.566611 0.043956 -0.035165 -18.089011
24973 1435671692.576668 0.043956 -0.035165 -18.176923
24974 1435671692.586728 0.043956 -0.035165 -18.176923
24975 1435671692.596781 0.043956 -0.035165 -18.089011
24976 1435671692.606858 0.043956 -0.035165 -18.176923
24977 1435671692.616868 0.043956 -0.035165 -18.176923
24978 1435671692.626931 0.043956 -0.035165 -18.089011
24979 1435671692.636991 0.043956 -0.035165 -18.089011
24980 1435671692.647056 0.043956 -0.035165 -18.089011
24981 1435671692.657149 0.043956 -0.035165 -18.089011
24982 1435671692.667160 0.043956 -0.035165 -18.089011
24983 1435671692.677240 0.043956 -0.035165 -18.176923
24984 1435671692.687281 0.043956 -0.035165 -18.089011
24985 1435671692.697541 0.043956 -0.035165 -18.089011
24986 1435671692.707404 0.043956 -0.035165 -18.176923
24987 1435671692.717469 0.043956 -0.035165 -18.089011
24988 1435671692.727532 0.043956 -0.035165 -18.089011
24989 1435671692.737594 0.043956 -0.035165 -18.089011
24990 1435671692.747654 0.043956 -0.035165 -18.089011
24991 1435671692.757711 0.043956 -0.035165 -18.089011
24992 1435671692.767801 0.043956 -0.035165 -18.176923
24993 1435671692.777868 0.043956 -0.035165 -18.089011
24994 1435671692.788067 0.043956 -0.035165 -18.176923
24995 1435671692.798153 0.043956 -0.035165 -18.089011
24996 1435671692.808203 0.043956 -0.035165 -18.176923
24997 1435671692.818274 0.043956 -0.035165 -18.089011
24998 1435671692.828355 0.043956 -0.035165 -18.089011
24999 1435671692.838431 0.043956 -0.035165 -18.089011
25000 1435671692.848585 0.043956 -0.035165 -18.089011
25001 1435671692.858633 0.043956 -0.035165 -18.089011
25002 1435671692.868710 0.043956 -0.035165 -18.089011
25003 1435671692.878772 0.043956 -0.035165 -18.176923
25004 1435671692.888833 0.043956 -0.035165 -18.089011
25005 1435671692.898894 0.043956 -0.035165 -18.176923
25006 1435671692.908977 0.043956 -0.035165 -18.176923
25007 1435671692.919048 0.043956 -0.035165 -18.089011
25008 1435671692.929382 0.043956 -0.035165 -18.089011
25009 1435671692.939408 0.043956 -0.035165 -18.176923
25010 1435671692.949474 0.043956 -0.035165 -18.176923
25011 1435671692.959562 0.043956 -0.035165 -18.089011
25012 1435671692.969622 0.043956 -0.035165 -18.176923
25013 1435671692.979683 0.043956 -0.035165 -18.089011
25014 1435671692.989732 0.043956 -0.035165 -18.089011
25015 1435671692.999798 0.043956 -0.035165 -18.089011
25016 1435671693.009887 0.043956 -0.035165 -18.089011
25017 1435671693.020062 0.043956 -0.035165 -18.089011
25018 1435671693.030149 0.043956 -0.035165 -18.176923
25019 1435671693.040231 0.043956 -0.035165 -18.089011
25020 1435671693.050364 0.043956 -0.035165 -18.089011
25021 1435671693.060426 0.043956 -0.035165 -18.089011
25022 1435671693.070489 0.043956 -0.035165 -18.089011
25023 1435671693.080555 0.043956 -0.035165 -18.089011
25024 1435671693.090585 0.043956 -0.035165 -18.089011
25025 1435671693.100648 0.043956 -0.035165 -18.089011
25026 1435671693.110768 0.043956 -0.035165 -18.089011
25027 1435671693.120830 0.043956 -0.035165 -18.089011
25028 1435671693.130901 0.043956 -0.035165 -18.089011
25029 1435671693.140963 0.043956 -0.035165 -18.176923
25030 1435671693.151023 0.043956 -0.035165 -18.089011
25031 1435671693.161084 0.043956 -0.035165 -18.176923
25032 1435671693.171146 0.043956 -0.035165 -18.089011
25033 1435671693.181206 0.043956 -0.035165 -18.089011
25034 1435671693.191267 0.043956 -0.035165 -18.089011
25035 1435671693.201395 0.043956 -0.035165 -18.089011
25036 1435671693.211457 0.043956 -0.035165 -18.089011
25037 1435671693.221516 0.043956 -0.035165 -18.176923
25038 1435671693.231560 0.043956 -0.035165 -18.089011
25039 1435671693.241624 0.043956 -0.035165 -18.089011
25040 1435671693.251692 0.043956 -0.035165 -18.176923
25041 1435671693.261773 0.043956 -0.035165 -18.089011
25042 1435671693.271855 0.043956 -0.035165 -18.089011
25043 1435671693.281897 0.043956 -0.035165 -18.089011
25044 1435671693.291957 0.043956 -0.035165 -18.176923
25045 1435671693.302016 0.043956 -0.035165 -18.176923
25046 1435671693.312082 0.043956 -0.035165 -18.089011
25047 1435671693.322142 0.043956 -0.035165 -18.089011
25048 1435671693.332211 0.043956 -0.035165 -18.089011
25049 1435671693.342272 0.043956 -0.035165 -18.089011
25050 1435671693.352332 0.043956 -0.035165 -18.089011
25051 1435671693.362350 0.043956 -0.035165 -18.176923
25052 1435671693.372411 0.043956 -0.035165 -18.089011
25053 1435671693.382471 0.043956 -0.035165 -18.089011
25054 1435671693.392538 0.043956 -0.035165 -18.176923
25055 1435671693.402637 0.043956 -0.035165 -18.089011
25056 1435671693.412720 0.043956 -0.035165 -18.089011
25057 1435671693.422855 0.043956 -0.035165 -18.089011
25058 1435671693.432897 0.043956 -0.035165 -18.089011
25059 1435671693.442962 0.043956 -0.035165 -18.089011
25060 1435671693.452993 0.043956 -0.035165 -18.089011
25061 1435671693.463051 0.043956 -0.035165 -18.089011
25062 1435671693.473181 0.043956 -0.035165 -18.089011
25063 1435671693.483233 0.043956 -0.035165 -18.089011
25064 1435671693.493304 0.043956 -0.035165 -18.089011
25065 1435671693.503374 0.043956 -0.035165 -18.089011
25066 1435671693.513433 0.043956 -0.035165 -18.089011
25067 1435671693.523503 0.043956 -0.035165 -18.089011
25068 1435671693.533561 0.043956 -0.035165 -18.089011
25069 1435671693.543628 0.043956 -0.035165 -18.089011
25070 1435671693.553686 0.043956 -0.035165 -18.089011
25071 1435671693.563784 0.043956 -0.035165 -18.089011
25072 1435671693.573847 0.043956 -0.035165 -18.089011
25073 1435671693.583929 0.043956 -0.035165 -18.089011
25074 1435671693.593986 0.043956 -0.035165 -18.089011
25075 1435671693.604046 0.043956 -0.035165 -18.089011
25076 1435671693.614112 0.043956 -0.035165 -18.089011
25077 1435671693.624249 0.043956 -0.035165 -18.089011
25078 1435671693.634315 0.043956 -0.035165 -18.089011
25079 1435671693.644388 0.043956 -0.035165 -18.176923
25080 1435671693.654442 0.043956 -0.035165 -18.089011
25081 1435671693.664500 0.043956 -0.035165 -18.089011
25082 1435671693.674597 0.043956 -0.035165 -18.089011
25083 1435671693.684757 0.043956 -0.035165 -18.089011
25084 1435671693.694820 0.043956 -0.035165 -18.089011
25085 1435671693.704879 0.043956 -0.035165 -18.089011
25086 1435671693.714962 0.043956 -0.035165 -18.089011
25087 1435671693.725058 0.043956 -0.035165 -18.089011
25088 1435671693.735148 0.043956 -0.035165 -18.089011
25089 1435671693.745242 0.043956 -0.035165 -18.089011
25090 1435671693.755342 0.043956 -0.035165 -18.089011
25091 1435671693.765380 0.043956 -0.035165 -18.089011
25092 1435671693.775427 0.043956 -0.035165 -18.089011
25093 1435671693.785521 0.043956 -0.035165 -18.089011
25094 1435671693.795671 0.043956 -0.035165 -18.089011
25095 1435671693.805733 0.043956 -0.035165 -18.089011
25096 1435671693.815796 0.043956 -0.035165 -18.089011
25097 1435671693.825860 0.043956 -0.035165 -18.089011
25098 1435671693.835934 0.043956 -0.035165 -18.089011
25099 1435671693.845994 0.043956 -0.035165 -18.089011
25100 1435671693.856101 0.043956 -0.035165 -18.089011
25101 1435671693.866155 0.043956 -0.035165 -18.089011
25102 1435671693.876223 0.043956 -0.035165 -18.089011
25103 1435671693.886287 0.043956 -0.035165 -18.089011
25104 1435671693.896359 0.043956 -0.035165 -18.089011
25105 1435671693.906426 0.043956 -0.035165 -18.089011
25106 1435671693.916499 0.043956 -0.035165 -18.089011
25107 1435671693.926563 0.043956 -0.035165 -18.089011
25108 1435671693.936643 0.043956 -0.035165 -18.089011
25109 1435671693.946710 0.043956 -0.035165 -18.089011
25110 1435671693.956807 0.043956 -0.035165 -18.089011
25111 1435671693.966869 0.043956 -0.035165 -18.089011
25112 1435671693.976925 0.043956 -0.035165 -18.089011
25113 1435671693.986986 0.043956 -0.035165 -18.089011
25114 1435671693.997046 0.043956 -0.035165 -18.089011
25115 1435671694.007093 0.043956 -0.035165 -18.089011
25116 1435671694.017152 0.043956 -0.035165 -18.089011
25117 1435671694.027242 0.043956 -0.035165 -18.089011
25118 1435671694.037303 0.043956 -0.035165 -18.089011
25119 1435671694.047364 0.043956 -0.035165 -18.089011
25120 1435671694.057426 0.043956 -0.035165 -18.089011
25121 1435671694.067497 0.043956 -0.035165 -18.089011
25122 1435671694.077559 0.043956 -0.035165 -18.089011
25123 1435671694.087623 0.043956 -0.035165 -18.089011
25124 1435671694.097705 0.043956 -0.035165 -18.089011
25125 1435671694.107770 0.043956 -0.035165 -18.089011
25126 1435671694.117834 0.043956 -0.035165 -18.089011
25127 1435671694.127878 0.043956 -0.035165 -18.089011
25128 1435671694.138013 0.043956 -0.035165 -18.089011
25129 1435671694.148077 0.043956 -0.035165 -18.089011
25130 1435671694.158140 0.043956 -0.035165 -18.089011
25131 1435671694.168205 0.043956 -0.035165 -18.089011
25132 1435671694.178248 0.043956 -0.035165 -18.089011
25133 1435671694.188297 0.043956 -0.035165 -18.089011
25134 1435671694.198358 0.043956 -0.035165 -18.089011
25135 1435671694.208419 0.043956 -0.035165 -18.089011
25136 1435671694.218477 0.043956 -0.035165 -18.089011
25137 1435671694.228535 0.043956 -0.035165 -18.089011
25138 1435671694.238580 0.043956 -0.035165 -18.089011
25139 1435671694.248621 0.043956 -0.035165 -18.089011
25140 1435671694.258720 0.043956 -0.035165 -18.089011
25141 1435671694.268781 0.043956 -0.035165 -18.089011
25142 1435671694.278828 0.043956 -0.035165 -18.089011
25143 1435671694.288934 0.043956 -0.035165 -18.089011
25144 1435671694.298994 0.043956 -0.035165 -18.089011
25145 1435671694.309046 0.043956 -0.035165 -18.089011
25146 1435671694.319108 0.043956 -0.035165 -18.089011
25147 1435671694.329170 0.043956 -0.035165 -18.089011
25148 1435671694.339234 0.043956 -0.035165 -18.089011
25149 1435671694.349268 0.043956 -0.035165 -18.089011
25150 1435671694.359343 0.043956 -0.035165 -18.089011
25151 1435671694.369468 0.043956 -0.035165 -18.089011
25152 1435671694.379531 0.043956 -0.035165 -18.089011
25153 1435671694.389592 0.043956 -0.035165 -18.089011
25154 1435671694.399670 0.043956 -0.035165 -18.089011
25155 1435671694.409732 0.043956 -0.035165 -18.089011
25156 1435671694.419851 0.043956 -0.035165 -18.089011
25157 1435671694.429931 0.043956 -0.035165 -18.089011
25158 1435671694.440003 0.043956 -0.035165 -18.089011
25159 1435671694.450092 0.043956 -0.035165 -18.089011
25160 1435671694.460178 0.043956 -0.035165 -18.089011
25161 1435671694.470284 0.043956 -0.035165 -18.089011
25162 1435671694.480333 0.043956 -0.035165 -18.089011
25163 1435671694.490400 0.043956 -0.035165 -18.089011
25164 1435671694.500467 0.043956 -0.035165 -18.089011
25165 1435671694.510590 0.043956 -0.035165 -18.089011
25166 1435671694.520639 0.043956 -0.035165 -18.089011
25167 1435671694.530707 0.043956 -0.035165 -18.089011
25168 1435671694.540765 0.043956 -0.035165 -18.089011
25169 1435671694.550869 0.043956 -0.035165 -18.089011
25170 1435671694.561304 0.043956 -0.035165 -18.089011
25171 1435671694.571902 0.043956 -0.035165 -18.089011
25172 1435671694.581964 0.043956 -0.035165 -18.089011
25173 1435671694.592300 0.043956 -0.035165 -18.089011
25174 1435671694.602543 0.043956 -0.035165 -18.089011
25175 1435671694.612606 0.043956 -0.035165 -18.089011
25176 1435671694.622787 0.043956 -0.035165 -18.089011
25177 1435671694.632847 0.043956 -0.035165 -18.089011
25178 1435671694.642912 0.043956 -0.035165 -18.089011
25179 1435671694.652973 0.043956 -0.035165 -18.089011
25180 1435671694.663252 0.043956 -0.035165 -18.089011
25181 1435671694.673313 0.043956 -0.035165 -18.089011
25182 1435671694.683374 0.043956 -0.035165 -18.089011
25183 1435671694.693433 0.043956 -0.035165 -18.089011
25184 1435671694.703495 0.043956 -0.035165 -18.089011
25185 1435671694.713557 0.043956 -0.035165 -18.089011
25186 1435671694.723620 0.043956 -0.035165 -18.089011
25187 1435671694.733687 0.043956 -0.035165 -18.089011
25188 1435671694.743804 0.043956 -0.035165 -18.089011
25189 1435671694.753873 0.043956 -0.035165 -18.089011
25190 1435671694.763957 0.043956 -0.035165 -18.089011
25191 1435671694.774015 0.043956 -0.035165 -18.089011
25192 1435671694.784097 0.043956 -0.035165 -18.089011
25193 1435671694.794139 0.043956 -0.035165 -18.089011
25194 1435671694.804200 0.043956 -0.035165 -18.089011
25195 1435671694.814260 0.043956 -0.035165 -18.089011
25196 1435671694.824322 0.043956 -0.035165 -18.089011
25197 1435671694.834380 0.043956 -0.035165 -18.089011
25198 1435671694.844441 0.043956 -0.123077 -18.089011
25199 1435671694.854499 0.043956 -0.035165 -18.089011
25200 1435671694.864561 0.043956 -0.035165 -18.089011
25201 1435671694.874621 0.043956 -0.035165 -18.089011
25202 1435671694.884683 0.043956 -0.035165 -18.089011
25203 1435671694.894746 0.043956 -0.123077 -18.089011
25204 1435671694.904832 0.043956 -0.035165 -18.089011
25205 1435671694.914886 0.043956 -0.035165 -18.089011
25206 1435671694.924963 0.043956 -0.035165 -18.089011
25207 1435671694.935028 0.043956 -0.035165 -18.089011
25208 1435671694.945084 0.043956 -0.035165 -18.089011
25209 1435671694.955188 0.043956 -0.035165 -18.089011
25210 1435671694.965296 0.043956 -0.123077 -18.089011
25211 1435671694.975371 0.043956 -0.035165 -18.089011
25212 1435671694.985448 0.043956 -0.035165 -18.089011
25213 1435671694.995514 0.043956 -0.035165 -18.089011
25214 1435671695.005573 0.043956 -0.035165 -18.089011
25215 1435671695.015793 0.043956 -0.035165 -18.089011
25216 1435671695.026051 0.043956 -0.035165 -18.089011
25217 1435671695.036126 0.043956 -0.035165 -18.089011
25218 1435671695.046219 0.043956 -0.035165 -18.089011
25219 1435671695.056285 0.043956 -0.035165 -18.089011
25220 1435671695.066339 0.043956 -0.035165 -18.089011
25221 1435671695.076423 0.043956 -0.035165 -18.089011
25222 1435671695.086508 0.043956 -0.035165 -18.089011
25223 1435671695.096584 0.043956 -0.035165 -18.089011
25224 1435671695.106696 0.043956 -0.035165 -18.089011
25225 1435671695.116853 0.043956 -0.123077 -18.089011
25226 1435671695.126966 0.043956 -0.123077 -18.089011
25227 1435671695.137401 0.043956 -0.035165 -18.089011
25228 1435671695.147489 0.043956 -0.123077 -18.089011
25229 1435671695.158595 0.043956 -0.035165 -18.089011
25230 1435671695.168687 0.043956 -0.123077 -18.089011
25231 1435671695.178785 0.043956 -0.035165 -18.089011
25232 1435671695.188843 0.043956 -0.123077 -18.089011
25233 1435671695.198909 0.043956 -0.035165 -18.089011
25234 1435671695.208986 0.043956 -0.123077 -18.089011
25235 1435671695.219187 0.043956 -0.123077 -18.089011
25236 1435671695.229294 0.043956 -0.123077 -18.089011
25237 1435671695.239383 0.043956 -0.035165 -18.089011
25238 1435671695.249431 0.043956 -0.123077 -18.089011
25239 1435671695.259520 0.043956 -0.123077 -18.089011
25240 1435671695.269608 0.043956 -0.035165 -18.089011
25241 1435671695.279673 0.043956 -0.035165 -18.089011
25242 1435671695.289708 0.043956 -0.035165 -18.089011
25243 1435671695.299770 0.043956 -0.035165 -18.089011
25244 1435671695.309810 0.043956 -0.035165 -18.089011
25245 1435671695.319891 0.043956 -0.123077 -18.089011
25246 1435671695.329947 0.043956 -0.035165 -18.089011
25247 1435671695.339997 0.043956 -0.035165 -18.089011
25248 1435671695.350052 0.043956 -0.123077 -18.089011
25249 1435671695.360110 0.043956 -0.035165 -18.089011
25250 1435671695.370175 0.043956 -0.035165 -18.089011
25251 1435671695.380245 0.043956 -0.035165 -18.089011
25252 1435671695.390309 0.043956 -0.035165 -18.089011
25253 1435671695.400371 0.043956 -0.035165 -18.089011
25254 1435671695.410437 0.043956 -0.035165 -18.089011
25255 1435671695.420509 0.043956 -0.035165 -18.089011
25256 1435671695.430594 0.043956 -0.035165 -18.089011
25257 1435671695.440659 0.043956 -0.123077 -18.089011
25258 1435671695.450711 0.043956 -0.123077 -18.089011
25259 1435671695.460792 0.043956 -0.035165 -18.089011
25260 1435671695.470880 0.043956 -0.035165 -18.089011
25261 1435671695.480940 0.043956 -0.123077 -18.089011
25262 1435671695.491005 0.043956 -0.123077 -18.089011
25263 1435671695.501097 0.043956 -0.035165 -18.089011
25264 1435671695.511171 0.043956 -0.123077 -18.089011
25265 1435671695.521225 0.043956 -0.035165 -18.089011
25266 1435671695.531286 0.043956 -0.123077 -18.089011
25267 1435671695.541353 0.043956 -0.123077 -18.089011
25268 1435671695.551431 0.043956 -0.035165 -18.089011
25269 1435671695.561489 0.043956 -0.123077 -18.089011
25270 1435671695.571551 0.043956 -0.035165 -18.089011
25271 1435671695.581615 0.043956 -0.035165 -18.089011
25272 1435671695.591675 0.043956 -0.035165 -18.089011
25273 1435671695.601720 0.043956 -0.035165 -18.089011
25274 1435671695.611755 0.043956 -0.035165 -18.089011
25275 1435671695.621813 0.043956 -0.035165 -18.089011
25276 1435671695.631873 0.043956 -0.035165 -18.089011
25277 1435671695.641931 0.043956 -0.035165 -18.089011
25278 1435671695.652020 0.043956 -0.035165 -18.089011
25279 1435671695.662081 0.043956 -0.035165 -18.089011
25280 1435671695.672140 0.043956 -0.035165 -18.089011
25281 1435671695.682200 0.043956 -0.035165 -18.089011
25282 1435671695.692260 0.043956 -0.035165 -18.089011
25283 1435671695.702321 0.043956 -0.035165 -18.089011
25284 1435671695.712380 0.043956 -0.035165 -18.089011
25285 1435671695.722440 0.043956 -0.035165 -18.089011
25286 1435671695.732501 0.043956 -0.035165 -18.089011
25287 1435671695.742559 0.043956 -0.123077 -18.089011
25288 1435671695.752618 0.043956 -0.035165 -18.089011
25289 1435671695.762676 0.043956 -0.035165 -18.089011
25290 1435671695.772738 0.043956 -0.035165 -18.089011
25291 1435671695.782797 0.043956 -0.035165 -18.089011
25292 1435671695.792858 0.043956 -0.035165 -18.089011
25293 1435671695.802923 0.043956 -0.035165 -18.089011
25294 1435671695.812981 0.043956 -0.035165 -18.089011
25295 1435671695.823041 0.043956 -0.035165 -18.001099
25296 1435671695.833101 0.043956 -0.035165 -18.089011
25297 1435671695.843166 0.043956 -0.035165 -18.089011
25298 1435671695.853235 0.043956 -0.035165 -18.001099
25299 1435671695.863306 0.043956 -0.035165 -18.001099
25300 1435671695.873362 0.043956 -0.035165 -18.001099
25301 1435671695.883398 0.043956 -0.035165 -18.089011
25302 1435671695.893457 0.043956 -0.035165 -18.001099
25303 1435671695.903519 0.043956 -0.035165 -18.001099
25304 1435671695.913587 0.043956 -0.035165 -18.001099
25305 1435671695.923728 0.043956 -0.035165 -18.089011
25306 1435671695.933854 0.043956 -0.035165 -18.001099
25307 1435671695.943917 0.043956 -0.035165 -18.001099
25308 1435671695.953977 0.043956 -0.035165 -18.001099
25309 1435671695.964039 0.043956 -0.035165 -18.001099
25310 1435671695.974111 0.043956 -0.035165 -18.089011
25311 1435671695.984182 0.043956 -0.035165 -18.001099
25312 1435671695.994233 0.043956 -0.035165 -18.001099
25313 1435671696.004307 0.043956 -0.035165 -18.089011
25314 1435671696.014366 0.043956 -0.035165 -18.089011
25315 1435671696.024429 0.043956 -0.035165 -18.089011
25316 1435671696.034526 0.043956 -0.035165 -18.001099
25317 1435671696.044587 0.043956 -0.035165 -18.089011
25318 1435671696.054624 0.043956 -0.035165 -18.089011
25319 1435671696.064677 0.043956 -0.035165 -18.089011
25320 1435671696.074722 0.043956 -0.035165 -18.089011
25321 1435671696.084793 0.043956 -0.035165 -18.089011
25322 1435671696.094876 0.043956 -0.035165 -18.089011
25323 1435671696.104917 0.043956 -0.035165 -18.001099
25324 1435671696.114978 0.043956 -0.035165 -18.089011
25325 1435671696.125020 0.043956 -0.035165 -18.001099
25326 1435671696.135087 0.043956 -0.035165 -18.089011
25327 1435671696.145196 0.043956 -0.035165 -18.001099
25328 1435671696.155221 0.043956 -0.035165 -18.089011
25329 1435671696.165277 0.043956 -0.035165 -18.001099
25330 1435671696.175334 0.043956 -0.035165 -18.089011
25331 1435671696.185391 0.043956 -0.035165 -18.089011
25332 1435671696.195492 0.043956 -0.035165 -18.089011
25333 1435671696.205555 0.043956 -0.035165 -18.001099
25334 1435671696.215612 0.043956 -0.035165 -18.001099
25335 1435671696.225674 0.043956 -0.035165 -18.001099
25336 1435671696.235734 0.043956 -0.035165 -18.001099
25337 1435671696.245793 0.043956 -0.035165 -18.001099
25338 1435671696.255860 0.043956 -0.035165 -18.001099
25339 1435671696.265928 0.043956 -0.035165 -18.001099
25340 1435671696.276024 0.043956 -0.035165 -18.001099
25341 1435671696.286060 0.043956 -0.035165 -18.089011
25342 1435671696.296131 0.043956 -0.035165 -18.089011
25343 1435671696.306183 0.043956 -0.035165 -18.001099
25344 1435671696.316244 0.043956 -0.035165 -18.001099
25345 1435671696.326331 0.043956 -0.035165 -18.001099
25346 1435671696.336395 0.043956 -0.035165 -18.089011
25347 1435671696.346564 0.043956 -0.035165 -18.001099
25348 1435671696.356682 0.043956 -0.035165 -18.001099
25349 1435671696.366744 0.043956 -0.035165 -18.089011
