23587 1435672668.760174 0.043956 -0.035165 19.976923
23588 1435672668.770237 0.043956 -0.035165 19.976923
23589 1435672668.780304 0.043956 -0.035165 19.976923
23590 1435672668.790398 0.043956 -0.035165 19.976923
23591 1435672668.800499 0.043956 0.052747 19.976923
23592 1435672668.810561 0.043956 -0.035165 19.976923
23593 1435672668.820625 0.043956 -0.035165 19.976923
23594 1435672668.830719 0.043956 -0.035165 19.976923
23595 1435672668.840844 0.043956 -0.035165 19.976923
23596 1435672668.850907 0.043956 -0.035165 19.976923
23597 1435672668.861076 0.043956 -0.035165 19.976923
23598 1435672668.871198 0.043956 -0.035165 19.976923
23599 1435672668.881275 0.043956 -0.035165 19.976923
23600 1435672668.891365 0.043956 -0.035165 19.976923
23601 1435672668.901434 0.043956 -0.035165 19.976923
23602 1435672668.911589 0.043956 -0.035165 19.976923
23603 1435672668.921737 0.043956 -0.035165 19.976923
23604 1435672668.931798 0.043956 -0.035165 19.976923
23605 1435672668.941961 0.043956 -0.035165 19.976923
23606 1435672668.952004 0.043956 -0.035165 19.976923
23607 1435672668.962346 0.043956 -0.035165 19.976923
23608 1435672668.972355 0.043956 -0.035165 19.976923
23609 1435672668.982461 0.043956 -0.035165 19.976923
23610 1435672668.992586 0.043956 -0.035165 19.976923
23611 1435672669.002832 0.043956 -0.035165 19.976923
23612 1435672669.012916 0.043956 -0.035165 19.976923
23613 1435672669.022962 0.043956 -0.035165 19.976923
23614 1435672669.033043 0.043956 -0.035165 19.976923
23615 1435672669.043125 0.043956 -0.035165 19.976923
23616 1435672669.053277 0.043956 -0.035165 19.976923
23617 1435672669.063375 0.043956 -0.035165 19.976923
23618 1435672669.073895 0.043956 -0.035165 19.976923
23619 1435672669.083958 0.043956 -0.035165 19.976923
23620 1435672669.094019 0.043956 -0.035165 19.976923
23621 1435672669.104052 0.043956 -0.035165 19.976923
23622 1435672669.114162 0.043956 -0.035165 19.976923
23623 1435672669.124256 0.043956 -0.035165 19.976923
23624 1435672669.134325 0.043956 -0.035165 19.976923
23625 1435672669.144539 0.043956 0.052747 19.976923
23626 1435672669.154613 0.043956 -0.035165 19.976923
23627 1435672669.164646 0.043956 -0.035165 19.976923
23628 1435672669.174732 0.043956 -0.035165 19.976923
23629 1435672669.184775 0.043956 -0.035165 19.976923
23630 1435672669.194829 0.043956 -0.035165 19.976923
23631 1435672669.204890 0.043956 -0.035165 19.976923
23632 1435672669.214952 0.043956 -0.035165 19.976923
23633 1435672669.225010 0.043956 -0.035165 19.976923
23634 1435672669.235070 0.043956 -0.035165 19.976923
23635 1435672669.245235 0.043956 -0.035165 19.976923
23636 1435672669.255296 0.043956 -0.035165 19.976923
23637 1435672669.265369 0.043956 -0.035165 19.976923
23638 1435672669.275437 0.043956 -0.035165 19.976923
23639 1435672669.285525 0.043956 0.052747 19.976923
23640 1435672669.295592 0.043956 -0.035165 19.976923
23641 1435672669.305648 0.043956 -0.035165 19.976923
23642 1435672669.315715 0.043956 -0.035165 19.976923
23643 1435672669.325801 0.043956 -0.035165 19.976923
23644 1435672669.335856 0.043956 -0.035165 19.976923
23645 1435672669.345884 0.043956 -0.035165 19.976923
23646 1435672669.355941 0.043956 0.052747 19.976923
23647 1435672669.366026 0.043956 -0.035165 19.976923
23648 1435672669.376095 0.043956 -0.035165 19.976923
23649 1435672669.386155 0.043956 -0.035165 19.976923
23650 1435672669.396215 0.043956 -0.035165 19.976923
23651 1435672669.406246 0.043956 -0.035165 19.976923
23652 1435672669.416306 0.043956 -0.035165 19.976923
23653 1435672669.426392 0.043956 -0.035165 19.976923
23654 1435672669.436450 0.043956 -0.035165 19.976923
23655 1435672669.446510 0.043956 -0.035165 19.976923
23656 1435672669.457035 0.043956 -0.035165 19.976923
23657 1435672669.467253 0.043956 -0.035165 19.976923
23658 1435672669.477620 0.043956 -0.035165 19.976923
23659 1435672669.487913 0.043956 -0.035165 19.976923
23660 1435672669.498014 0.043956 -0.035165 19.976923
23661 1435672669.508077 0.043956 -0.035165 19.976923
23662 1435672669.518158 0.043956 -0.035165 19.976923
23663 1435672669.528352 0.043956 -0.035165 19.976923
23664 1435672669.538424 0.043956 -0.035165 19.976923
23665 1435672669.548487 0.043956 -0.035165 19.976923
23666 1435672669.558555 0.043956 -0.035165 19.976923
23667 1435672669.568621 0.043956 -0.035165 19.976923
23668 1435672669.578714 0.043956 -0.035165 19.976923
23669 1435672669.588730 0.043956 -0.035165 19.976923
23670 1435672669.598764 0.043956 -0.035165 19.976923
23671 1435672669.608830 0.043956 -0.035165 19.976923
23672 1435672669.618876 0.043956 -0.035165 19.976923
23673 1435672669.628936 0.043956 -0.035165 19.976923
23674 1435672669.638996 0.043956 -0.035165 19.976923
23675 1435672669.649032 0.043956 -0.035165 19.976923
23676 1435672669.659092 0.043956 -0.035165 19.976923
23677 1435672669.669173 0.043956 -0.035165 19.976923
23678 1435672669.679234 0.043956 -0.035165 19.976923
23679 1435672669.689280 0.043956 -0.035165 19.976923
23680 1435672669.699336 0.043956 -0.035165 19.976923
23681 1435672669.709399 0.043956 -0.035165 19.976923
23682 1435672669.719464 0.043956 -0.035165 19.976923
23683 1435672669.729527 0.043956 -0.035165 19.976923
23684 1435672669.739625 0.043956 -0.035165 19.976923
23685 1435672669.749692 0.043956 -0.035165 19.976923
23686 1435672669.759724 0.043956 -0.035165 19.976923
23687 1435672669.769785 0.043956 -0.035165 19.976923
23688 1435672669.779855 0.043956 -0.035165 19.976923
23689 1435672669.789926 0.043956 -0.035165 19.976923
23690 1435672669.799991 0.043956 -0.035165 19.976923
23691 1435672669.810052 0.043956 -0.035165 19.976923
23692 1435672669.820153 0.043956 -0.035165 19.976923
23693 1435672669.830187 0.043956 -0.035165 19.976923
23694 1435672669.840248 0.043956 -0.035165 19.976923
23695 1435672669.850314 0.043956 -0.035165 19.976923
23696 1435672669.860414 0.043956 -0.035165 19.976923
23697 1435672669.870492 0.043956 -0.035165 19.976923
23698 1435672669.880557 0.043956 -0.035165 19.976923
23699 1435672669.890613 0.043956 -0.035165 19.976923
23700 1435672669.900708 0.043956 -0.035165 19.976923
23701 1435672669.910768 0.043956 -0.035165 19.976923
23702 1435672669.920818 0.043956 -0.035165 19.976923
23703 1435672669.930881 0.043956 -0.035165 19.976923
23704 1435672669.940940 0.043956 -0.035165 19.976923
23705 1435672669.951009 0.043956 -0.035165 19.976923
23706 1435672669.961070 0.043956 -0.035165 19.976923
23707 1435672669.971129 0.043956 -0.035165 19.976923
23708 1435672669.981228 0.043956 -0.035165 19.976923
23709 1435672669.991288 0.043956 -0.035165 19.976923
23710 1435672670.001354 0.043956 -0.035165 19.976923
23711 1435672670.011443 0.043956 -0.035165 19.976923
23712 1435672670.021519 0.043956 -0.035165 19.976923
23713 1435672670.031561 0.043956 -0.035165 19.976923
23714 1435672670.041666 0.043956 -0.035165 19.976923
23715 1435672670.051728 0.043956 -0.035165 19.976923
23716 1435672670.061776 0.043956 -0.035165 19.976923
23717 1435672670.071862 0.043956 -0.035165 19.976923
23718 1435672670.081922 0.043956 -0.035165 19.976923
23719 1435672670.091986 0.043956 -0.035165 19.976923
23720 1435672670.102045 0.043956 -0.035165 19.976923
23721 1435672670.112103 0.043956 -0.035165 19.976923
23722 1435672670.122162 0.043956 -0.035165 19.976923
23723 1435672670.132228 0.043956 -0.035165 19.976923
23724 1435672670.142266 0.043956 -0.035165 19.976923
23725 1435672670.152349 0.043956 -0.035165 19.976923
23726 1435672670.162434 0.043956 -0.035165 19.976923
23727 1435672670.172477 0.043956 -0.035165 19.976923
23728 1435672670.182538 0.043956 -0.035165 19.976923
23729 1435672670.192597 0.043956 -0.035165 19.976923
23730 1435672670.202671 0.043956 -0.035165 19.976923
23731 1435672670.212730 0.043956 -0.035165 19.976923
23732 1435672670.222814 0.043956 -0.035165 19.976923
23733 1435672670.232865 0.043956 -0.035165 19.976923
23734 1435672670.242952 0.043956 -0.035165 19.976923
23735 1435672670.253034 0.043956 -0.035165 19.976923
23736 1435672670.263098 0.043956 -0.035165 19.976923
23737 1435672670.273163 0.043956 -0.035165 19.976923
23738 1435672670.283249 0.043956 -0.035165 19.976923
23739 1435672670.293330 0.043956 -0.035165 19.976923
23740 1435672670.303468 0.043956 -0.035165 19.976923
23741 1435672670.313480 0.043956 -0.035165 19.976923
23742 1435672670.323550 0.043956 -0.035165 19.976923
23743 1435672670.333608 0.043956 -0.035165 19.976923
23744 1435672670.343668 0.043956 -0.035165 19.976923
23745 1435672670.353732 0.043956 -0.035165 19.976923
23746 1435672670.363812 0.043956 -0.035165 19.976923
23747 1435672670.373870 0.043956 -0.035165 19.976923
23748 1435672670.383930 0.043956 -0.035165 19.976923
23749 1435672670.393992 0.043956 -0.035165 19.976923
23750 1435672670.404075 0.043956 -0.035165 19.976923
23751 1435672670.414149 0.043956 -0.035165 19.976923
23752 1435672670.424224 0.043956 -0.035165 19.976923
23753 1435672670.434293 0.043956 -0.035165 19.976923
23754 1435672670.444347 0.043956 -0.035165 19.976923
23755 1435672670.454410 0.043956 -0.035165 19.976923
23756 1435672670.464470 0.043956 -0.035165 19.976923
23757 1435672670.474532 0.043956 -0.035165 19.976923
23758 1435672670.484603 0.043956 -0.035165 19.976923
23759 1435672670.494668 0.043956 -0.035165 19.976923
23760 1435672670.504726 0.043956 -0.035165 19.976923
23761 1435672670.514790 0.043956 -0.035165 19.976923
23762 1435672670.524866 0.043956 -0.035165 19.976923
23763 1435672670.534940 0.043956 -0.035165 19.976923
23764 1435672670.545015 0.043956 -0.035165 19.976923
23765 1435672670.555051 0.043956 -0.035165 19.976923
23766 1435672670.565111 0.043956 -0.035165 19.976923
23767 1435672670.575162 0.043956 -0.035165 19.976923
23768 1435672670.585249 0.043956 -0.035165 19.976923
23769 1435672670.595292 0.043956 -0.035165 19.976923
23770 1435672670.605373 0.043956 -0.035165 19.976923
23771 1435672670.615442 0.043956 -0.035165 19.976923
23772 1435672670.625500 0.043956 -0.035165 19.976923
23773 1435672670.635526 0.043956 -0.035165 19.976923
23774 1435672670.645621 0.043956 -0.035165 19.976923
23775 1435672670.655679 0.043956 -0.035165 19.976923
23776 1435672670.665731 0.043956 -0.035165 19.976923
23777 1435672670.675782 0.043956 -0.035165 19.976923
23778 1435672670.685857 0.043956 -0.035165 19.976923
23779 1435672670.695977 0.043956 -0.035165 19.976923
23780 1435672670.706046 0.043956 -0.035165 19.976923
23781 1435672670.716115 0.043956 -0.035165 19.976923
23782 1435672670.726149 0.043956 -0.035165 19.976923
23783 1435672670.736212 0.043956 -0.035165 19.976923
23784 1435672670.746273 0.043956 -0.035165 19.976923
23785 1435672670.756329 0.043956 -0.035165 19.976923
23786 1435672670.766413 0.043956 -0.035165 19.976923
23787 1435672670.776461 0.043956 -0.035165 19.976923
23788 1435672670.786525 0.043956 -0.035165 19.976923
23789 1435672670.796598 0.043956 -0.035165 19.976923
23790 1435672670.806721 0.043956 -0.035165 19.976923
23791 1435672670.816780 0.043956 -0.035165 19.976923
23792 1435672670.826816 0.043956 -0.035165 19.976923
23793 1435672670.836866 0.043956 -0.035165 19.976923
23794 1435672670.846927 0.043956 -0.035165 19.976923
23795 1435672670.856993 0.043956 -0.035165 19.976923
23796 1435672670.867053 0.043956 0.052747 19.976923
23797 1435672670.877107 0.043956 -0.035165 19.976923
23798 1435672670.887177 0.043956 -0.035165 19.976923
23799 1435672670.897391 0.043956 0.052747 19.976923
23800 1435672670.907465 0.043956 -0.035165 19.976923
23801 1435672670.917559 0.043956 -0.035165 19.976923
23802 1435672670.927647 0.043956 -0.035165 19.976923
23803 1435672670.937708 0.043956 -0.035165 19.976923
23804 1435672670.947869 0.043956 -0.035165 19.976923
23805 1435672670.957873 0.043956 -0.035165 19.976923
23806 1435672670.967999 0.043956 -0.035165 19.976923
23807 1435672670.978059 0.043956 -0.035165 19.976923
23808 1435672670.988119 0.043956 -0.035165 19.976923
23809 1435672670.998146 0.043956 -0.035165 19.976923
23810 1435672671.008241 0.043956 -0.035165 19.976923
23811 1435672671.018296 0.043956 -0.035165 19.976923
23812 1435672671.028355 0.043956 -0.035165 19.976923
23813 1435672671.038442 0.043956 -0.035165 19.976923
23814 1435672671.048524 0.043956 -0.035165 19.976923
23815 1435672671.058640 0.043956 -0.035165 19.976923
23816 1435672671.068700 0.043956 -0.035165 19.976923
23817 1435672671.078774 0.043956 -0.035165 19.976923
23818 1435672671.088834 0.043956 -0.035165 19.976923
23819 1435672671.098902 0.043956 -0.035165 19.976923
23820 1435672671.108970 0.043956 -0.035165 19.976923
23821 1435672671.119028 0.043956 -0.035165 19.976923
23822 1435672671.129089 0.043956 -0.035165 19.976923
23823 1435672671.139145 0.043956 -0.035165 19.976923
23824 1435672671.149205 0.043956 -0.035165 19.976923
23825 1435672671.159265 0.043956 -0.035165 19.976923
23826 1435672671.169324 0.043956 -0.035165 19.976923
23827 1435672671.179345 0.043956 -0.035165 19.976923
23828 1435672671.189405 0.043956 -0.035165 19.976923
23829 1435672671.199465 0.043956 -0.035165 19.976923
23830 1435672671.209525 0.043956 -0.035165 19.976923
23831 1435672671.219573 0.043956 -0.035165 19.976923
23832 1435672671.229638 0.043956 -0.035165 19.976923
23833 1435672671.239670 0.043956 -0.035165 19.976923
23834 1435672671.249744 0.043956 -0.035165 19.976923
23835 1435672671.259813 0.043956 -0.035165 19.976923
23836 1435672671.269864 0.043956 -0.035165 19.976923
23837 1435672671.279935 0.043956 -0.035165 19.976923
23838 1435672671.290043 0.043956 -0.035165 19.976923
23839 1435672671.300140 0.043956 -0.035165 19.976923
23840 1435672671.310199 0.043956 -0.035165 19.976923
23841 1435672671.320282 0.043956 -0.035165 19.976923
23842 1435672671.330328 0.043956 -0.035165 19.976923
23843 1435672671.340387 0.043956 -0.035165 19.976923
23844 1435672671.350731 0.043956 -0.035165 19.976923
23845 1435672671.360489 0.043956 -0.035165 19.976923
23846 1435672671.370548 0.043956 -0.035165 19.976923
23847 1435672671.380654 0.043956 0.052747 19.976923
23848 1435672671.390712 0.043956 -0.035165 19.976923
23849 1435672671.400775 0.043956 -0.035165 19.976923
23850 1435672671.410833 0.043956 -0.035165 19.976923
23851 1435672671.420886 0.043956 -0.035165 19.976923
23852 1435672671.430950 0.043956 -0.035165 19.976923
23853 1435672671.441003 0.043956 -0.035165 19.976923
23854 1435672671.451076 0.043956 -0.035165 19.976923
23855 1435672671.461140 0.043956 -0.035165 19.976923
23856 1435672671.471177 0.043956 -0.035165 19.976923
23857 1435672671.481237 0.043956 -0.035165 19.976923
23858 1435672671.491295 0.043956 -0.035165 19.976923
23859 1435672671.501355 0.043956 -0.035165 19.976923
23860 1435672671.511442 0.043956 -0.035165 19.976923
23861 1435672671.521493 0.043956 -0.035165 19.976923
23862 1435672671.531571 0.043956 -0.035165 19.976923
23863 1435672671.541648 0.043956 -0.035165 19.976923
23864 1435672671.551685 0.043956 -0.035165 19.976923
23865 1435672671.561753 0.043956 -0.035165 19.976923
23866 1435672671.571819 0.043956 -0.035165 19.976923
23867 1435672671.581883 0.043956 -0.035165 19.976923
23868 1435672671.591947 0.043956 -0.035165 19.976923
23869 1435672671.602007 0.043956 -0.035165 19.976923
23870 1435672671.612091 0.043956 -0.035165 19.976923
23871 1435672671.622148 0.043956 -0.035165 19.976923
23872 1435672671.632218 0.043956 -0.035165 19.976923
23873 1435672671.642299 0.043956 -0.035165 19.976923
23874 1435672671.652352 0.043956 -0.035165 19.976923
23875 1435672671.662544 0.043956 -0.035165 19.976923
23876 1435672671.672585 0.043956 -0.035165 19.976923
23877 1435672671.682677 0.043956 -0.035165 19.976923
23878 1435672671.692704 0.043956 -0.035165 19.976923
23879 1435672671.702748 0.043956 -0.035165 19.976923
23880 1435672671.712850 0.043956 -0.035165 19.976923
23881 1435672671.722915 0.043956 -0.035165 19.976923
23882 1435672671.732971 0.043956 -0.035165 19.976923
23883 1435672671.743062 0.043956 -0.035165 19.976923
23884 1435672671.753175 0.043956 -0.035165 19.976923
23885 1435672671.763283 0.043956 -0.035165 19.976923
23886 1435672671.773343 0.043956 -0.035165 19.976923
23887 1435672671.783402 0.043956 -0.035165 19.976923
23888 1435672671.793464 0.043956 -0.035165 19.976923
23889 1435672671.803523 0.043956 -0.035165 19.976923
23890 1435672671.813585 0.043956 -0.035165 19.976923
23891 1435672671.823660 0.043956 -0.035165 19.976923
23892 1435672671.833704 0.043956 -0.035165 19.976923
23893 1435672671.843818 0.043956 -0.035165 19.976923
23894 1435672671.853853 0.043956 -0.035165 19.976923
23895 1435672671.863914 0.043956 -0.035165 19.976923
23896 1435672671.873973 0.043956 -0.035165 19.976923
23897 1435672671.884006 0.043956 -0.035165 19.976923
23898 1435672671.894089 0.043956 -0.035165 19.976923
23899 1435672671.904163 0.043956 -0.035165 19.976923
23900 1435672671.914238 0.043956 -0.035165 19.976923
23901 1435672671.924313 0.043956 -0.035165 19.976923
23902 1435672671.934375 0.043956 -0.035165 19.976923
23903 1435672671.944439 0.043956 -0.035165 19.976923
23904 1435672671.954506 0.043956 -0.035165 19.976923
23905 1435672671.964572 0.043956 -0.035165 19.976923
23906 1435672671.974601 0.043956 -0.035165 19.976923
23907 1435672671.984665 0.043956 -0.035165 19.976923
23908 1435672671.994725 0.043956 -0.035165 19.976923
23909 1435672672.004787 0.043956 -0.035165 19.976923
23910 1435672672.014847 0.043956 -0.035165 19.976923
23911 1435672672.024939 0.043956 -0.035165 19.976923
23912 1435672672.034962 0.043956 -0.035165 19.976923
23913 1435672672.045022 0.043956 -0.035165 19.976923
23914 1435672672.055085 0.043956 -0.035165 19.976923
23915 1435672672.065153 0.043956 -0.035165 19.976923
23916 1435672672.075214 0.043956 -0.035165 19.976923
23917 1435672672.085293 0.043956 -0.035165 19.976923
23918 1435672672.095412 0.043956 -0.035165 19.976923
23919 1435672672.105475 0.043956 -0.035165 19.976923
23920 1435672672.115524 0.043956 -0.035165 19.976923
23921 1435672672.125583 0.043956 -0.035165 19.976923
23922 1435672672.135641 0.043956 -0.035165 19.976923
23923 1435672672.145663 0.043956 -0.035165 19.976923
23924 1435672672.155724 0.043956 -0.035165 19.976923
23925 1435672672.165798 0.043956 -0.035165 19.976923
23926 1435672672.175863 0.043956 -0.035165 19.976923
23927 1435672672.185947 0.043956 -0.035165 19.976923
23928 1435672672.196019 0.043956 -0.035165 19.976923
23929 1435672672.206057 0.043956 -0.035165 19.976923
23930 1435672672.216124 0.043956 -0.035165 19.976923
23931 1435672672.226183 0.043956 -0.035165 19.976923
23932 1435672672.236213 0.043956 -0.035165 19.976923
23933 1435672672.246247 0.043956 -0.035165 19.976923
23934 1435672672.256330 0.043956 -0.035165 19.976923
23935 1435672672.266539 0.043956 -0.035165 19.976923
23936 1435672672.276566 0.043956 -0.035165 19.976923
23937 1435672672.286879 0.043956 -0.035165 19.976923
23938 1435672672.296948 0.043956 -0.035165 19.976923
23939 1435672672.307027 0.043956 -0.035165 19.976923
23940 1435672672.317093 0.043956 -0.035165 19.976923
23941 1435672672.327362 0.043956 -0.035165 19.976923
23942 1435672672.337441 0.043956 -0.035165 19.976923
23943 1435672672.347476 0.043956 -0.035165 19.976923
23944 1435672672.357534 0.043956 -0.035165 19.976923
23945 1435672672.367595 0.043956 -0.035165 19.976923
23946 1435672672.377653 0.043956 -0.035165 19.976923
23947 1435672672.387709 0.043956 -0.035165 19.976923
23948 1435672672.397765 0.043956 -0.035165 19.976923
23949 1435672672.407901 0.043956 -0.035165 19.976923
23950 1435672672.417971 0.043956 -0.035165 19.976923
23951 1435672672.428042 0.043956 -0.035165 19.976923
23952 1435672672.438149 0.043956 -0.035165 19.976923
23953 1435672672.448224 0.043956 -0.035165 19.976923
23954 1435672672.458289 0.043956 -0.035165 19.976923
23955 1435672672.468351 0.043956 -0.035165 19.976923
23956 1435672672.478440 0.043956 -0.035165 19.976923
23957 1435672672.488448 0.043956 -0.035165 19.976923
23958 1435672672.498467 0.043956 -0.035165 19.976923
23959 1435672672.508595 0.043956 -0.035165 19.976923
23960 1435672672.518667 0.043956 -0.035165 19.976923
23961 1435672672.528755 0.043956 -0.035165 19.976923
23962 1435672672.538813 0.043956 -0.035165 19.976923
23963 1435672672.548901 0.043956 -0.035165 19.976923
23964 1435672672.558972 0.043956 -0.035165 19.976923
23965 1435672672.569050 0.043956 -0.035165 19.976923
23966 1435672672.579119 0.043956 -0.035165 19.976923
23967 1435672672.589181 0.043956 -0.035165 19.976923
23968 1435672672.599289 0.043956 -0.035165 19.976923
23969 1435672672.609336 0.043956 -0.035165 19.976923
23970 1435672672.619413 0.043956 -0.035165 19.976923
23971 1435672672.629473 0.043956 -0.035165 19.976923
23972 1435672672.639527 0.043956 -0.035165 19.976923
23973 1435672672.649547 0.043956 -0.035165 19.976923
23974 1435672672.659601 0.043956 -0.035165 19.976923
23975 1435672672.669709 0.043956 -0.035165 19.976923
23976 1435672672.679744 0.043956 -0.035165 19.976923
23977 1435672672.689809 0.043956 -0.035165 19.976923
23978 1435672672.699889 0.043956 -0.035165 19.976923
23979 1435672672.709976 0.043956 -0.035165 19.976923
23980 1435672672.720047 0.043956 -0.035165 19.976923
23981 1435672672.730101 0.043956 -0.035165 19.976923
23982 1435672672.740208 0.043956 -0.035165 19.976923
23983 1435672672.750265 0.043956 -0.035165 19.976923
23984 1435672672.760341 0.043956 -0.035165 19.976923
23985 1435672672.770431 0.043956 -0.035165 19.976923
23986 1435672672.780711 0.043956 -0.035165 19.976923
23987 1435672672.790852 0.043956 -0.035165 19.976923
23988 1435672672.801189 0.043956 -0.035165 19.976923
23989 1435672672.811265 0.043956 -0.035165 19.976923
23990 1435672672.821329 0.043956 -0.035165 19.976923
23991 1435672672.831471 0.043956 -0.035165 19.976923
23992 1435672672.841558 0.043956 -0.035165 19.976923
23993 1435672672.851602 0.043956 -0.035165 19.976923
23994 1435672672.861798 0.043956 -0.035165 19.976923
23995 1435672672.871818 0.043956 -0.035165 19.976923
23996 1435672672.881900 0.043956 -0.035165 19.976923
23997 1435672672.891983 0.043956 -0.035165 19.976923
23998 1435672672.902132 0.043956 -0.035165 19.976923
23999 1435672672.912089 0.043956 -0.035165 19.976923
24000 1435672672.922150 0.043956 -0.035165 19.976923
24001 1435672672.932213 0.043956 -0.035165 19.976923
24002 1435672672.942384 0.043956 -0.035165 19.976923
24003 1435672672.952441 0.043956 -0.035165 19.976923
24004 1435672672.962502 0.043956 -0.035165 19.976923
24005 1435672672.972561 0.043956 -0.035165 19.976923
24006 1435672672.982625 0.043956 -0.035165 19.976923
24007 1435672672.992666 0.043956 -0.035165 19.976923
24008 1435672673.002867 0.043956 -0.035165 19.976923
24009 1435672673.012929 0.043956 -0.035165 19.976923
24010 1435672673.012929 0.043956 -0.035165 19.976923
24011 1435672673.023357 0.043956 -0.035165 19.976923
24012 1435672673.033659 0.043956 -0.035165 19.976923
24013 1435672673.043891 0.043956 -0.035165 19.976923
24014 1435672673.055496 0.043956 0.052747 19.976923
24015 1435672673.065549 0.043956 -0.035165 19.976923
24016 1435672673.075611 0.043956 -0.035165 19.976923
24017 1435672673.085689 0.043956 -0.035165 19.976923
24018 1435672673.095757 0.043956 -0.035165 19.976923
24019 1435672673.105835 0.043956 -0.035165 19.976923
24020 1435672673.115894 0.043956 -0.035165 19.976923
24021 1435672673.125969 0.043956 -0.035165 19.976923
24022 1435672673.136029 0.043956 -0.035165 19.976923
24023 1435672673.146087 0.043956 -0.035165 19.976923
24024 1435672673.156154 0.043956 -0.035165 19.976923
24025 1435672673.166232 0.043956 -0.035165 19.976923
24026 1435672673.176292 0.043956 -0.035165 19.976923
24027 1435672673.186442 0.043956 -0.035165 19.976923
24028 1435672673.196493 0.043956 -0.035165 19.976923
24029 1435672673.206568 0.043956 -0.035165 19.976923
24030 1435672673.216623 0.043956 -0.035165 19.976923
24031 1435672673.226688 0.043956 -0.035165 19.976923
24032 1435672673.236773 0.043956 -0.035165 19.976923
24033 1435672673.246863 0.043956 -0.035165 19.976923
24034 1435672673.256952 0.043956 -0.035165 19.976923
24035 1435672673.266997 0.043956 -0.035165 19.976923
24036 1435672673.277018 0.043956 -0.035165 19.976923
24037 1435672673.287112 0.043956 -0.035165 19.976923
24038 1435672673.297160 0.043956 -0.035165 19.976923
24039 1435672673.307187 0.043956 -0.035165 19.976923
24040 1435672673.317253 0.043956 -0.035165 19.976923
24041 1435672673.327319 0.043956 0.052747 19.976923
24042 1435672673.337376 0.043956 -0.035165 19.976923
24043 1435672673.347441 0.043956 -0.035165 19.976923
24044 1435672673.357509 0.043956 -0.035165 19.976923
24045 1435672673.367593 0.043956 -0.035165 19.976923
24046 1435672673.377652 0.043956 -0.035165 19.976923
24047 1435672673.387692 0.043956 -0.035165 19.976923
24048 1435672673.397761 0.043956 -0.035165 19.976923
24049 1435672673.407823 0.043956 -0.035165 19.976923
24050 1435672673.417889 0.043956 -0.035165 19.976923
24051 1435672673.428020 0.043956 -0.035165 19.976923
24052 1435672673.438105 0.043956 -0.035165 19.976923
24053 1435672673.448195 0.043956 -0.035165 19.976923
24054 1435672673.458267 0.043956 -0.035165 19.976923
24055 1435672673.468315 0.043956 -0.035165 19.976923
24056 1435672673.478378 0.043956 0.052747 19.976923
24057 1435672673.488461 0.043956 -0.035165 19.976923
24058 1435672673.498570 0.043956 -0.035165 19.976923
24059 1435672673.508635 0.043956 -0.035165 19.976923
24060 1435672673.518699 0.043956 -0.035165 19.976923
24061 1435672673.528761 0.043956 -0.035165 19.976923
24062 1435672673.538845 0.043956 -0.035165 19.976923
24063 1435672673.548906 0.043956 -0.035165 19.976923
24064 1435672673.558980 0.043956 -0.035165 19.976923
24065 1435672673.569060 0.043956 -0.035165 19.976923
24066 1435672673.579121 0.043956 -0.035165 19.976923
24067 1435672673.589286 0.043956 -0.035165 19.976923
24068 1435672673.599358 0.043956 -0.035165 19.976923
24069 1435672673.609451 0.043956 -0.035165 19.976923
24070 1435672673.619544 0.043956 -0.035165 19.976923
24071 1435672673.629599 0.043956 -0.035165 19.976923
24072 1435672673.639664 0.043956 -0.035165 19.976923
24073 1435672673.649724 0.043956 -0.035165 19.976923
24074 1435672673.659784 0.043956 -0.035165 19.976923
24075 1435672673.669851 0.043956 -0.035165 19.976923
24076 1435672673.679935 0.043956 -0.035165 19.976923
24077 1435672673.689973 0.043956 -0.035165 19.976923
24078 1435672673.700034 0.043956 -0.035165 19.976923
24079 1435672673.710108 0.043956 -0.035165 19.976923
24080 1435672673.720179 0.043956 -0.035165 19.976923
24081 1435672673.730247 0.043956 -0.035165 19.976923
24082 1435672673.740307 0.043956 -0.035165 19.976923
24083 1435672673.750378 0.043956 -0.035165 19.976923
24084 1435672673.760440 0.043956 -0.035165 19.976923
24085 1435672673.770508 0.043956 -0.035165 19.976923
24086 1435672673.780607 0.043956 -0.035165 19.976923
24087 1435672673.790704 0.043956 -0.035165 19.976923
24088 1435672673.800807 0.043956 -0.035165 19.976923
24089 1435672673.810838 0.043956 -0.035165 19.976923
24090 1435672673.820892 0.043956 -0.035165 19.976923
24091 1435672673.830964 0.043956 -0.035165 19.976923
24092 1435672673.841097 0.043956 -0.035165 19.976923
24093 1435672673.851128 0.043956 -0.035165 19.976923
24094 1435672673.861185 0.043956 -0.035165 19.976923
24095 1435672673.871247 0.043956 -0.035165 19.976923
24096 1435672673.881316 0.043956 -0.035165 19.976923
24097 1435672673.891372 0.043956 -0.035165 19.976923
24098 1435672673.901432 0.043956 -0.035165 19.976923
24099 1435672673.911494 0.043956 -0.035165 19.976923
24100 1435672673.921552 0.043956 -0.035165 19.976923
24101 1435672673.931612 0.043956 -0.035165 19.976923
24102 1435672673.941677 0.043956 -0.035165 19.976923
24103 1435672673.951791 0.043956 -0.035165 19.976923
24104 1435672673.961832 0.043956 -0.035165 19.976923
24105 1435672673.971900 0.043956 -0.035165 19.976923
24106 1435672673.981966 0.043956 -0.035165 19.976923
24107 1435672673.992034 0.043956 -0.035165 19.976923
24108 1435672674.002249 0.043956 -0.035165 19.976923
24109 1435672674.012442 0.043956 -0.035165 19.976923
24110 1435672674.022476 0.043956 -0.035165 19.976923
24111 1435672674.032609 0.043956 -0.035165 19.976923
24112 1435672674.042685 0.043956 -0.035165 19.976923
24113 1435672674.052705 0.043956 -0.035165 19.976923
24114 1435672674.062763 0.043956 -0.035165 19.976923
24115 1435672674.072832 0.043956 -0.035165 19.976923
24116 1435672674.082894 0.043956 -0.035165 19.976923
24117 1435672674.092972 0.043956 -0.035165 19.976923
24118 1435672674.103034 0.043956 -0.035165 19.976923
24119 1435672674.113095 0.043956 -0.035165 19.976923
24120 1435672674.123160 0.043956 -0.035165 19.976923
24121 1435672674.133222 0.043956 -0.035165 19.976923
24122 1435672674.143284 0.043956 -0.035165 19.976923
24123 1435672674.153320 0.043956 -0.035165 19.976923
24124 1435672674.163367 0.043956 -0.035165 19.976923
24125 1435672674.173431 0.043956 -0.035165 19.976923
24126 1435672674.183497 0.043956 -0.035165 19.976923
24127 1435672674.193616 0.043956 -0.035165 19.976923
24128 1435672674.203677 0.043956 -0.035165 19.976923
24129 1435672674.213734 0.043956 -0.035165 19.976923
24130 1435672674.223814 0.043956 -0.035165 19.976923
24131 1435672674.233888 0.043956 -0.035165 19.976923
24132 1435672674.243973 0.043956 -0.035165 19.976923
24133 1435672674.254097 0.043956 -0.035165 19.976923
24134 1435672674.264171 0.043956 -0.035165 19.976923
24135 1435672674.274235 0.043956 -0.035165 19.976923
24136 1435672674.284298 0.043956 -0.035165 19.976923
24137 1435672674.294974 0.043956 -0.035165 19.976923
24138 1435672674.304983 0.043956 -0.035165 19.976923
24139 1435672674.315059 0.043956 -0.035165 19.976923
24140 1435672674.325169 0.043956 -0.035165 19.976923
24141 1435672674.335236 0.043956 -0.035165 19.976923
24142 1435672674.345312 0.043956 -0.035165 19.976923
24143 1435672674.355368 0.043956 -0.035165 19.976923
24144 1435672674.365429 0.043956 -0.035165 19.976923
24145 1435672674.375489 0.043956 -0.035165 19.976923
24146 1435672674.385548 0.043956 -0.035165 19.976923
24147 1435672674.395609 0.043956 -0.035165 19.976923
24148 1435672674.405674 0.043956 -0.035165 19.976923
24149 1435672674.415734 0.043956 -0.035165 19.976923
24150 1435672674.425822 0.043956 -0.035165 19.976923
24151 1435672674.435896 0.043956 -0.035165 19.976923
24152 1435672674.445957 0.043956 -0.035165 19.976923
24153 1435672674.456023 0.043956 -0.035165 19.976923
24154 1435672674.466084 0.043956 -0.035165 19.976923
24155 1435672674.476167 0.043956 -0.035165 19.976923
24156 1435672674.486241 0.043956 -0.035165 19.976923
24157 1435672674.496309 0.043956 -0.035165 19.976923
24158 1435672674.506384 0.043956 -0.035165 19.976923
24159 1435672674.516445 0.043956 -0.035165 19.976923
24160 1435672674.526515 0.043956 -0.035165 19.976923
24161 1435672674.536577 0.043956 -0.035165 19.976923
24162 1435672674.546639 0.043956 -0.035165 19.976923
24163 1435672674.556698 0.043956 -0.035165 19.976923
24164 1435672674.566781 0.043956 -0.035165 19.976923
24165 1435672674.576834 0.043956 -0.035165 19.976923
24166 1435672674.586901 0.043956 -0.035165 19.976923
24167 1435672674.597014 0.043956 -0.035165 19.976923
24168 1435672674.607103 0.043956 -0.035165 19.976923
24169 1435672674.617139 0.043956 -0.035165 19.976923
24170 1435672674.627222 0.043956 -0.035165 19.976923
24171 1435672674.637287 0.043956 -0.035165 19.976923
24172 1435672674.647349 0.043956 -0.035165 19.889011
24173 1435672674.657418 0.043956 -0.035165 19.889011
24174 1435672674.667490 0.043956 -0.035165 19.889011
24175 1435672674.677533 0.043956 -0.035165 19.889011
24176 1435672674.687557 0.043956 -0.035165 19.889011
24177 1435672674.697635 0.043956 -0.035165 19.889011
24178 1435672674.707702 0.043956 -0.035165 19.801099
24179 1435672674.717768 0.043956 -0.035165 19.801099
24180 1435672674.727906 0.043956 -0.035165 19.801099
24181 1435672674.737967 0.043956 -0.123077 19.713187
24182 1435672674.748061 0.043956 -0.123077 19.713187
24183 1435672674.758101 0.043956 -0.123077 19.625275
24184 1435672674.768164 0.043956 -0.035165 19.537363
24185 1435672674.778212 0.043956 -0.123077 19.449451
24186 1435672674.788272 0.043956 -0.123077 19.361538
24187 1435672674.798350 0.043956 -0.123077 19.273626
24188 1435672674.808415 0.043956 -0.035165 19.185714
24189 1435672674.818474 0.043956 -0.035165 19.00989
24190 1435672674.828535 0.043956 -0.035165 18.921978
24191 1435672674.838594 0.043956 -0.035165 18.834066
24192 1435672674.848655 0.043956 -0.035165 18.746154
24193 1435672674.858716 0.043956 -0.035165 18.57033
24194 1435672674.868778 0.043956 -0.035165 18.482418
24195 1435672674.878875 0.043956 -0.035165 18.306593
24196 1435672674.888932 0.043956 -0.035165 18.218681
24197 1435672674.898996 0.043956 -0.035165 18.042857
24198 1435672674.909067 0.043956 -0.035165 17.867033
24199 1435672674.919131 0.043956 -0.035165 17.603297
24200 1435672674.929179 0.043956 -0.035165 17.427473
24201 1435672674.939292 0.043956 -0.035165 17.163736
24202 1435672674.949355 0.043956 -0.035165 16.987912
24203 1435672674.959417 0.043956 -0.035165 16.812088
24204 1435672674.969479 0.043956 -0.035165 16.724176
24205 1435672674.979542 0.043956 0.052747 16.46044
24206 1435672674.989623 0.043956 -0.035165 16.284615
24207 1435672674.999677 0.043956 0.052747 16.020879
24208 1435672675.009729 0.043956 0.052747 15.757143
24209 1435672675.019794 0.043956 -0.035165 15.493407
24210 1435672675.029859 0.043956 -0.035165 15.317582
24211 1435672675.039924 0.043956 0.052747 15.053846
24212 1435672675.050007 0.043956 -0.035165 14.79011
24213 1435672675.060054 0.043956 0.052747 14.438462
24214 1435672675.070111 0.043956 -0.035165 14.262637
24215 1435672675.080142 0.043956 0.052747 13.823077
24216 1435672675.090218 0.043956 0.052747 13.559341
24217 1435672675.100336 0.043956 0.052747 13.207692
24218 1435672675.110474 0.043956 0.052747 12.856044
24219 1435672675.120554 0.043956 0.052747 12.68022
24220 1435672675.130627 0.043956 0.052747 12.416484
24221 1435672675.141160 0.043956 0.052747 11.976923
24222 1435672675.151199 0.043956 0.052747 11.625275
24223 1435672675.161260 0.043956 0.052747 11.361538
24224 1435672675.171327 0.043956 0.052747 11.00989
24225 1435672675.181385 0.043956 0.052747 10.746154
24226 1435672675.191503 0.043956 0.052747 10.306593
24227 1435672675.201575 0.043956 0.052747 9.954945
24228 1435672675.211631 0.043956 0.052747 9.515385
24229 1435672675.221692 0.043956 0.052747 9.251648
24230 1435672675.231795 0.043956 0.052747 8.812088
24231 1435672675.241836 0.043956 0.052747 8.548352
24232 1435672675.251855 0.043956 0.052747 8.108791
24233 1435672675.261918 0.043956 0.052747 7.757143
24234 1435672675.271979 0.043956 0.052747 7.317582
24235 1435672675.282076 0.043956 0.052747 6.965934
24236 1435672675.292126 0.043956 0.052747 6.526374
24237 1435672675.302189 0.043956 0.052747 5.998901
24238 1435672675.312260 0.043956 0.052747 5.647253
24239 1435672675.322348 0.043956 0.052747 5.207692
24240 1435672675.332409 0.043956 0.052747 4.943956
24241 1435672675.342525 0.043956 0.052747 4.416484
24242 1435672675.352587 0.043956 0.052747 4.064835
24243 1435672675.362651 0.043956 0.052747 3.537363
24244 1435672675.372738 0.043956 0.052747 3.273626
24245 1435672675.382781 0.043956 0.052747 2.746154
24246 1435672675.392860 0.043956 0.052747 2.394505
24247 1435672675.402919 0.043956 0.052747 1.867033
24248 1435672675.412995 0.043956 0.052747 1.603297
24249 1435672675.423132 0.043956 0.052747 1.075824
24250 1435672675.433151 0.043956 0.052747 0.724176
24251 1435672675.443210 0.043956 0.052747 0.196703
24252 1435672675.453268 0.043956 0.052747 -0.067033
24253 1435672675.463327 0.043956 0.052747 -0.594505
24254 1435672675.473386 0.043956 0.052747 -0.946154
24255 1435672675.483446 0.043956 0.140659 -1.473626
24256 1435672675.493507 0.043956 0.052747 -1.737363
24257 1435672675.503565 0.043956 0.052747 -2.264835
24258 1435672675.513630 0.043956 0.052747 -2.616484
24259 1435672675.523691 0.043956 0.052747 -3.056044
24260 1435672675.533753 0.043956 0.140659 -3.31978
24261 1435672675.543813 0.043956 0.052747 -3.847253
24262 1435672675.553836 0.043956 0.052747 -4.198901
24263 1435672675.563906 0.043956 0.140659 -4.726374
24264 1435672675.573969 0.043956 0.140659 -4.99011
24265 1435672675.584041 0.043956 0.052747 -5.517582
24266 1435672675.594121 0.043956 0.140659 -5.957143
24267 1435672675.604197 0.043956 0.052747 -6.308791
24268 1435672675.614286 0.043956 0.052747 -6.748352
24269 1435672675.624340 0.043956 0.140659 -7.012088
24270 1435672675.635050 0.043956 0.052747 -7.451648
24271 1435672675.645171 0.043956 0.052747 -7.803297
24272 1435672675.655282 0.043956 0.052747 -8.242857
24273 1435672675.665459 0.043956 0.052747 -8.506593
24274 1435672675.675535 0.043956 0.052747 -8.946154
24275 1435672675.685570 0.043956 0.052747 -9.20989
24276 1435672675.695638 0.043956 0.052747 -9.649451
24277 1435672675.705698 0.043956 0.052747 -10.001099
24278 1435672675.715788 -0.043956 0.052747 -10.440659
24279 1435672675.725849 -0.043956 0.052747 -10.616484
24280 1435672675.735918 -0.043956 0.052747 -11.056044
24281 1435672675.745970 0.043956 0.052747 -11.31978
24282 1435672675.756056 -0.043956 0.052747 -11.759341
24283 1435672675.766143 -0.043956 0.052747 -12.023077
24284 1435672675.776222 -0.043956 0.052747 -12.462637
24285 1435672675.786400 -0.043956 0.052747 -12.638462
24286 1435672675.796474 -0.043956 0.052747 -13.078022
24287 1435672675.806636 -0.043956 0.052747 -13.341758
24288 1435672675.816712 -0.043956 0.052747 -13.693407
24289 1435672675.828497 -0.043956 0.052747 -13.869231
24290 1435672675.838822 -0.043956 0.052747 -14.220879
24291 1435672675.848860 -0.043956 0.052747 -14.572527
24292 1435672675.859005 -0.043956 0.052747 -14.924176
24293 1435672675.869065 -0.043956 0.052747 -15.1
24294 1435672675.879125 -0.043956 0.052747 -15.451648
24295 1435672675.889188 -0.043956 -0.035165 -15.627473
24296 1435672675.899254 -0.043956 -0.035165 -15.979121
24297 1435672675.909335 -0.043956 -0.035165 -16.154945
24298 1435672675.919387 -0.043956 0.052747 -16.418681
24299 1435672675.929456 -0.043956 -0.035165 -16.594505
24300 1435672675.939523 -0.043956 0.052747 -16.858242
24301 1435672675.949917 -0.043956 0.052747 -17.034066
24302 1435672675.959942 -0.043956 -0.035165 -17.297802
24303 1435672675.969998 -0.043956 -0.035165 -17.385714
24304 1435672675.980063 -0.043956 -0.035165 -17.649451
24305 1435672675.990120 -0.043956 -0.035165 -17.825275
24306 1435672676.000156 -0.043956 -0.035165 -18.001099
24307 1435672676.010219 -0.043956 -0.035165 -18.176923
24308 1435672676.020280 -0.043956 -0.035165 -18.264835
24309 1435672676.030339 -0.043956 -0.035165 -18.440659
24310 1435672676.040422 -0.043956 -0.035165 -18.440659
24311 1435672676.050499 -0.043956 -0.035165 -18.528571
24312 1435672676.060577 -0.043956 -0.035165 -18.528571
24313 1435672676.070779 -0.043956 -0.123077 -18.528571
24314 1435672676.080847 0.043956 -0.035165 -18.440659
24315 1435672676.090920 0.043956 -0.123077 -18.264835
24316 1435672676.100964 0.043956 -0.123077 -18.001099
24317 1435672676.111026 0.043956 -0.210989 -17.473626
24318 1435672676.121111 -0.043956 -0.210989 -17.20989
24319 1435672676.131176 -0.043956 -0.210989 -16.682418
24320 1435672676.141237 -0.043956 -0.298901 -16.418681
24321 1435672676.151299 -0.043956 -0.298901 -16.154945
24322 1435672676.161364 -0.043956 -0.298901 -16.067033
24323 1435672676.171425 -0.043956 -0.210989 -16.067033
24324 1435672676.181489 0.043956 -0.210989 -16.067033
24325 1435672676.191549 0.043956 -0.123077 -16.242857
24326 1435672676.201624 0.043956 -0.123077 -16.418681
24327 1435672676.211653 0.043956 -0.123077 -16.77033
24328 1435672676.221705 0.043956 -0.035165 -17.121978
24329 1435672676.231769 0.043956 -0.035165 -17.561538
24330 1435672676.241824 0.043956 -0.035165 -17.913187
24331 1435672676.251859 0.043956 -0.035165 -18.528571
24332 1435672676.261919 0.043956 -0.035165 -18.88022
24333 1435672676.272038 0.043956 -0.035165 -19.495604
24334 1435672676.282054 0.043956 -0.035165 -19.847253
24335 1435672676.292114 0.043956 0.052747 -20.374725
24336 1435672676.302174 0.043956 0.052747 -20.726374
24337 1435672676.312236 0.131868 0.228571 -21.078022
24338 1435672676.322298 0.131868 0.140659 -21.253846
24339 1435672676.332360 0.043956 0.140659 -21.517582
24340 1435672676.342422 0.043956 0.140659 -21.693407
24341 1435672676.352513 0.043956 0.140659 -21.781319
24342 1435672676.362579 0.043956 0.052747 -21.869231
24343 1435672676.372642 0.043956 0.140659 -21.869231
24344 1435672676.382694 0.043956 0.140659 -21.781319
24345 1435672676.392757 0.043956 0.052747 -21.781319
24346 1435672676.402854 0.043956 0.052747 -21.693407
24347 1435672676.412904 0.043956 0.052747 -21.605495
24348 1435672676.423026 0.043956 0.052747 -21.517582
24349 1435672676.433082 0.043956 0.052747 -21.42967
24350 1435672676.443208 0.043956 0.052747 -21.42967
24351 1435672676.453269 0.043956 0.052747 -21.341758
24352 1435672676.463327 0.043956 0.052747 -21.341758
24353 1435672676.473388 0.043956 0.052747 -21.341758
24354 1435672676.483450 0.043956 0.052747 -21.341758
24355 1435672676.493510 0.043956 0.052747 -21.253846
24356 1435672676.503581 0.043956 0.052747 -21.253846
24357 1435672676.513701 0.043956 0.052747 -21.253846
24358 1435672676.523774 -0.043956 0.052747 -21.253846
24359 1435672676.533836 -0.043956 0.052747 -21.165934
24360 1435672676.543867 -0.043956 -0.035165 -21.165934
24361 1435672676.553897 -0.043956 -0.035165 -21.078022
24362 1435672676.563938 -0.043956 -0.035165 -20.99011
24363 1435672676.573998 -0.043956 -0.035165 -20.902198
24364 1435672676.584069 -0.043956 -0.035165 -20.726374
24365 1435672676.594130 -0.043956 -0.123077 -20.638462
24366 1435672676.604190 -0.043956 -0.123077 -20.374725
24367 1435672676.614226 -0.043956 -0.123077 -20.198901
24368 1435672676.624338 -0.043956 -0.210989 -19.847253
24369 1435672676.634400 -0.043956 -0.210989 -19.671429
24370 1435672676.644462 -0.043956 -0.298901 -19.31978
24371 1435672676.654523 -0.131868 -0.298901 -19.056044
24372 1435672676.664600 -0.131868 -0.298901 -18.88022
24373 1435672676.674662 -0.131868 -0.298901 -18.792308
24374 1435672676.684682 -0.131868 -0.298901 -18.704396
24375 1435672676.694787 -0.043956 -0.298901 -18.704396
24376 1435672676.704853 -0.043956 -0.298901 -18.792308
24377 1435672676.714914 -0.043956 -0.210989 -18.88022
24378 1435672676.725027 -0.043956 -0.210989 -18.968132
24379 1435672676.735089 -0.043956 -0.210989 -19.143956
24380 1435672676.745520 -0.043956 -0.210989 -19.31978
24381 1435672676.755581 -0.043956 -0.123077 -19.407692
24382 1435672676.765640 0.043956 -0.123077 -19.495604
24383 1435672676.775700 0.043956 -0.035165 -19.671429
24384 1435672676.785742 0.043956 -0.035165 -19.759341
24385 1435672676.795828 0.043956 -0.035165 -19.935165
24386 1435672676.805891 0.043956 -0.035165 -19.935165
24387 1435672676.815952 0.043956 0.052747 -19.935165
24388 1435672676.826033 0.043956 -0.035165 -20.023077
24389 1435672676.836099 0.043956 -0.035165 -20.023077
24390 1435672676.846200 0.043956 -0.035165 -20.023077
24391 1435672676.856260 0.043956 -0.035165 -20.023077
24392 1435672676.866323 0.043956 -0.035165 -19.935165
24393 1435672676.876348 0.043956 -0.035165 -19.935165
24394 1435672676.886410 0.043956 -0.035165 -19.935165
24395 1435672676.896452 0.043956 -0.035165 -19.847253
24396 1435672676.906569 0.043956 -0.035165 -19.759341
24397 1435672676.916631 0.043956 -0.035165 -19.759341
24398 1435672676.926672 0.043956 -0.035165 -19.671429
24399 1435672676.936721 0.043956 -0.035165 -19.583516
24400 1435672676.946777 0.043956 -0.035165 -19.495604
24401 1435672676.956834 0.043956 -0.035165 -19.495604
24402 1435672676.967010 0.043956 -0.035165 -19.407692
24403 1435672676.977049 0.043956 -0.035165 -19.31978
24404 1435672676.987111 0.043956 -0.035165 -19.231868
24405 1435672676.997173 0.043956 -0.035165 -19.231868
24406 1435672677.007246 0.043956 -0.123077 -19.143956
24407 1435672677.017318 0.043956 -0.123077 -19.056044
24408 1435672677.027551 0.043956 -0.035165 -18.968132
24409 1435672677.037659 0.043956 -0.123077 -18.88022
24410 1435672677.047748 0.043956 -0.123077 -18.792308
24411 1435672677.057816 0.043956 -0.123077 -18.792308
24412 1435672677.067863 0.043956 -0.035165 -18.792308
24413 1435672677.077923 0.043956 -0.035165 -18.792308
24414 1435672677.087983 0.043956 -0.035165 -18.704396
24415 1435672677.098045 0.043956 -0.035165 -18.704396
24416 1435672677.108107 0.043956 -0.035165 -18.704396
24417 1435672677.118178 0.043956 -0.035165 -18.616484
24418 1435672677.128438 0.043956 -0.035165 -18.616484
24419 1435672677.138498 0.043956 -0.035165 -18.616484
24420 1435672677.148612 0.043956 -0.035165 -18.616484
24421 1435672677.158673 0.043956 -0.123077 -18.616484
24422 1435672677.168738 0.043956 -0.035165 -18.616484
24423 1435672677.178799 0.043956 -0.035165 -18.616484
24424 1435672677.188887 0.043956 -0.035165 -18.616484
24425 1435672677.198945 0.043956 -0.035165 -18.704396
24426 1435672677.209008 0.043956 -0.035165 -18.704396
24427 1435672677.219072 0.043956 -0.035165 -18.704396
24428 1435672677.229133 0.043956 -0.035165 -18.704396
24429 1435672677.239203 0.043956 -0.035165 -18.704396
24430 1435672677.249265 0.043956 -0.035165 -18.616484
24431 1435672677.259321 0.043956 -0.035165 -18.616484
24432 1435672677.269388 0.043956 -0.035165 -18.616484
24433 1435672677.279465 0.043956 -0.035165 -18.616484
24434 1435672677.289512 0.043956 -0.035165 -18.528571
24435 1435672677.299625 0.043956 -0.035165 -18.528571
24436 1435672677.309688 0.043956 -0.035165 -18.528571
24437 1435672677.319749 0.043956 -0.035165 -18.440659
24438 1435672677.329772 0.043956 -0.035165 -18.440659
24439 1435672677.339844 0.043956 -0.035165 -18.352747
24440 1435672677.349895 0.043956 -0.035165 -18.352747
24441 1435672677.360142 0.043956 -0.035165 -18.264835
24442 1435672677.370017 0.043956 -0.035165 -18.264835
24443 1435672677.380049 0.043956 -0.035165 -18.264835
24444 1435672677.390113 0.043956 -0.035165 -18.264835
24445 1435672677.400175 0.043956 -0.035165 -18.264835
24446 1435672677.410233 0.043956 -0.123077 -18.264835
24447 1435672677.420295 0.043956 -0.035165 -18.176923
24448 1435672677.430357 0.043956 -0.035165 -18.176923
24449 1435672677.440416 0.043956 -0.123077 -18.176923
24450 1435672677.450478 0.043956 -0.035165 -18.176923
24451 1435672677.460541 0.043956 -0.035165 -18.264835
24452 1435672677.470600 0.043956 -0.035165 -18.176923
24453 1435672677.480663 0.043956 -0.035165 -18.264835
24454 1435672677.490682 0.043956 -0.123077 -18.264835
24455 1435672677.500741 0.043956 -0.035165 -18.176923
24456 1435672677.510804 0.043956 -0.035165 -18.264835
24457 1435672677.520891 0.043956 -0.035165 -18.264835
24458 1435672677.530972 0.043956 -0.123077 -18.264835
24459 1435672677.541013 0.043956 -0.035165 -18.176923
24460 1435672677.551076 0.043956 -0.035165 -18.264835
24461 1435672677.561136 0.043956 -0.035165 -18.176923
24462 1435672677.571214 0.043956 -0.035165 -18.176923
24463 1435672677.581276 0.043956 -0.123077 -18.176923
24464 1435672677.591357 0.043956 -0.123077 -18.176923
24465 1435672677.601423 0.043956 -0.035165 -18.176923
24466 1435672677.611495 0.043956 -0.035165 -18.176923
24467 1435672677.621560 0.043956 -0.035165 -18.176923
24468 1435672677.631605 0.043956 -0.035165 -18.176923
24469 1435672677.641646 0.043956 -0.035165 -18.176923
24470 1435672677.651717 0.043956 -0.123077 -18.176923
24471 1435672677.661751 0.043956 -0.123077 -18.176923
24472 1435672677.671812 0.043956 -0.035165 -18.176923
24473 1435672677.681879 0.043956 -0.035165 -18.176923
24474 1435672677.691940 0.043956 -0.123077 -18.176923
24475 1435672677.701977 0.043956 -0.035165 -18.176923
24476 1435672677.712043 0.043956 -0.035165 -18.176923
24477 1435672677.722146 0.043956 -0.035165 -18.176923
24478 1435672677.732194 0.043956 -0.123077 -18.176923
24479 1435672677.742267 0.043956 -0.123077 -18.176923
24480 1435672677.752336 0.043956 -0.035165 -18.089011
24481 1435672677.762413 0.043956 -0.035165 -18.089011
24482 1435672677.772520 0.043956 -0.035165 -18.176923
24483 1435672677.782603 0.043956 -0.035165 -18.089011
24484 1435672677.792661 0.043956 -0.035165 -18.176923
24485 1435672677.802722 0.043956 -0.123077 -18.089011
24486 1435672677.812783 0.043956 -0.035165 -18.089011
24487 1435672677.822842 0.043956 -0.035165 -18.089011
24488 1435672677.832900 0.043956 -0.035165 -18.089011
24489 1435672677.842973 0.043956 -0.035165 -18.089011
24490 1435672677.853047 0.043956 -0.123077 -18.089011
24491 1435672677.863102 0.043956 -0.123077 -18.089011
24492 1435672677.873167 0.043956 -0.035165 -18.176923
24493 1435672677.883231 0.043956 -0.035165 -18.089011
24494 1435672677.893293 0.043956 -0.123077 -18.089011
24495 1435672677.903352 0.043956 -0.123077 -18.176923
24496 1435672677.913413 0.043956 -0.123077 -18.089011
24497 1435672677.923474 0.043956 -0.035165 -18.089011
24498 1435672677.933534 0.043956 -0.035165 -18.089011
24499 1435672677.943553 0.043956 -0.035165 -18.089011
24500 1435672677.953619 0.043956 -0.123077 -18.089011
24501 1435672677.963654 0.043956 -0.035165 -18.089011
24502 1435672677.973706 0.043956 -0.123077 -18.089011
24503 1435672677.983772 0.043956 -0.035165 -18.176923
24504 1435672677.994001 0.043956 -0.035165 -18.089011
24505 1435672678.004059 0.043956 -0.123077 -18.089011
24506 1435672678.014109 0.043956 -0.035165 -18.089011
24507 1435672678.024383 0.043956 -0.123077 -18.089011
24508 1435672678.034449 0.043956 -0.123077 -18.089011
24509 1435672678.044512 0.043956 -0.035165 -18.089011
24510 1435672678.054570 0.043956 -0.035165 -18.089011
24511 1435672678.064631 0.043956 -0.123077 -18.089011
24512 1435672678.074655 0.043956 -0.035165 -18.089011
24513 1435672678.084770 0.043956 -0.035165 -18.089011
24514 1435672678.094841 0.043956 -0.035165 -18.089011
24515 1435672678.105003 0.043956 -0.035165 -18.089011
24516 1435672678.115069 0.043956 -0.035165 -18.089011
24517 1435672678.125133 0.043956 -0.123077 -18.089011
24518 1435672678.135193 0.043956 -0.035165 -18.089011
24519 1435672678.145274 0.043956 -0.123077 -18.089011
24520 1435672678.155337 0.043956 -0.123077 -18.089011
24521 1435672678.165407 0.043956 -0.035165 -18.089011
24522 1435672678.175468 0.043956 -0.123077 -18.089011
24523 1435672678.185558 0.043956 -0.123077 -18.089011
24524 1435672678.195621 0.043956 -0.035165 -18.089011
24525 1435672678.205711 0.043956 -0.035165 -18.089011
24526 1435672678.215783 0.043956 -0.035165 -18.089011
24527 1435672678.225850 0.043956 -0.035165 -18.089011
24528 1435672678.235925 0.043956 -0.035165 -18.089011
24529 1435672678.245988 0.043956 -0.035165 -18.089011
24530 1435672678.256054 0.043956 -0.123077 -18.089011
24531 1435672678.266113 0.043956 -0.035165 -18.089011
24532 1435672678.276172 0.043956 -0.123077 -18.089011
24533 1435672678.286241 0.043956 -0.123077 -18.089011
24534 1435672678.296338 0.043956 -0.123077 -18.089011
24535 1435672678.306400 0.043956 -0.123077 -18.089011
24536 1435672678.316457 0.043956 -0.123077 -18.089011
24537 1435672678.326540 0.043956 -0.035165 -18.089011
24538 1435672678.336594 0.043956 -0.123077 -18.089011
24539 1435672678.346665 0.043956 -0.123077 -18.089011
24540 1435672678.356731 0.043956 -0.123077 -18.089011
24541 1435672678.366804 0.043956 -0.035165 -18.089011
24542 1435672678.376929 0.043956 -0.035165 -18.089011
24543 1435672678.386985 0.043956 -0.035165 -18.089011
24544 1435672678.397051 0.043956 -0.035165 -18.089011
24545 1435672678.407113 0.043956 -0.035165 -18.089011
24546 1435672678.417199 0.043956 -0.035165 -18.089011
24547 1435672678.427258 0.043956 -0.123077 -18.089011
24548 1435672678.437319 0.043956 -0.035165 -18.089011
24549 1435672678.447378 0.043956 -0.035165 -18.089011
24550 1435672678.457444 0.043956 -0.035165 -18.089011
24551 1435672678.467504 0.043956 -0.035165 -18.089011
24552 1435672678.477577 0.043956 -0.035165 -18.089011
24553 1435672678.487591 0.043956 -0.035165 -18.089011
24554 1435672678.497633 0.043956 -0.035165 -18.089011
24555 1435672678.507693 0.043956 -0.035165 -18.089011
24556 1435672678.517778 0.043956 -0.035165 -18.089011
24557 1435672678.527854 0.043956 -0.035165 -18.089011
24558 1435672678.537905 0.043956 -0.035165 -18.089011
24559 1435672678.548142 0.043956 -0.035165 -18.089011
24560 1435672678.558280 0.043956 -0.035165 -18.089011
24561 1435672678.568301 0.043956 -0.123077 -18.089011
24562 1435672678.578322 0.043956 -0.035165 -18.089011
24563 1435672678.588383 0.043956 -0.035165 -18.089011
24564 1435672678.598441 0.043956 -0.035165 -18.089011
24565 1435672678.608502 0.043956 -0.035165 -18.089011
24566 1435672678.618560 0.043956 -0.035165 -18.089011
24567 1435672678.628622 0.043956 -0.035165 -18.089011
24568 1435672678.638699 0.043956 -0.035165 -18.089011
24569 1435672678.648757 0.043956 -0.035165 -18.089011
24570 1435672678.658818 0.043956 -0.035165 -18.089011
24571 1435672678.668877 0.043956 -0.035165 -18.089011
24572 1435672678.678937 0.043956 -0.035165 -18.089011
24573 1435672678.688995 0.043956 -0.035165 -18.089011
24574 1435672678.699056 0.043956 -0.035165 -18.089011
24575 1435672678.709121 0.043956 -0.035165 -18.089011
24576 1435672678.719189 0.043956 -0.035165 -18.089011
24577 1435672678.729279 0.043956 -0.035165 -18.089011
24578 1435672678.739345 0.043956 -0.035165 -18.089011
24579 1435672678.749404 0.043956 -0.035165 -18.089011
24580 1435672678.759416 0.043956 -0.035165 -18.089011
24581 1435672678.769433 0.043956 -0.035165 -18.089011
24582 1435672678.779509 0.043956 -0.035165 -18.089011
24583 1435672678.789568 0.043956 -0.035165 -18.089011
24584 1435672678.799627 0.043956 -0.035165 -18.089011
24585 1435672678.809634 0.043956 -0.035165 -18.089011
24586 1435672678.819729 0.043956 -0.035165 -18.089011
24587 1435672678.829791 0.043956 -0.035165 -18.089011
24588 1435672678.839878 0.043956 -0.035165 -18.089011
24589 1435672678.849937 0.043956 -0.035165 -18.001099
24590 1435672678.859997 0.043956 -0.035165 -18.001099
24591 1435672678.870029 0.043956 -0.035165 -18.001099
24592 1435672678.880059 0.043956 -0.035165 -18.001099
24593 1435672678.890093 0.043956 -0.035165 -18.001099
24594 1435672678.900158 0.043956 -0.035165 -18.089011
24595 1435672678.910217 0.043956 -0.035165 -18.089011
24596 1435672678.920277 0.043956 -0.035165 -18.089011
24597 1435672678.930338 0.043956 -0.035165 -18.089011
24598 1435672678.940396 0.043956 -0.035165 -18.089011
24599 1435672678.950460 0.043956 -0.035165 -18.089011
24600 1435672678.960519 0.043956 -0.035165 -18.089011
24601 1435672678.970588 0.043956 -0.035165 -18.001099
24602 1435672678.980646 0.043956 -0.035165 -18.089011
24603 1435672678.990739 0.043956 -0.035165 -18.089011
24604 1435672679.000817 0.043956 -0.035165 -18.089011
24605 1435672679.010868 0.043956 -0.035165 -18.089011
24606 1435672679.020931 0.043956 -0.035165 -18.089011
24607 1435672679.031176 0.043956 -0.035165 -18.089011
24608 1435672679.041236 0.043956 -0.035165 -18.001099
24609 1435672679.051574 0.043956 -0.035165 -18.089011
24610 1435672679.061789 0.043956 -0.035165 -18.089011
24611 1435672679.071906 0.043956 -0.035165 -18.089011
24612 1435672679.082140 0.043956 -0.035165 -18.089011
24613 1435672679.092553 0.043956 -0.035165 -18.001099
24614 1435672679.102612 0.043956 -0.035165 -18.089011
24615 1435672679.112672 0.043956 -0.035165 -18.089011
24616 1435672679.122735 0.043956 -0.035165 -18.089011
24617 1435672679.132794 0.043956 -0.035165 -18.089011
24618 1435672679.142854 0.043956 -0.035165 -18.089011
24619 1435672679.152916 0.043956 -0.035165 -18.089011
24620 1435672679.162979 0.043956 -0.035165 -18.089011
24621 1435672679.173087 0.043956 -0.035165 -18.089011
24622 1435672679.183230 0.043956 -0.035165 -18.089011
24623 1435672679.193277 0.043956 -0.035165 -18.089011
24624 1435672679.203338 0.043956 -0.035165 -18.089011
24625 1435672679.213399 0.043956 -0.035165 -18.089011
24626 1435672679.223461 0.043956 -0.035165 -18.089011
24627 1435672679.233519 0.043956 -0.035165 -18.089011
24628 1435672679.243580 0.043956 -0.035165 -18.089011
24629 1435672679.253641 0.043956 -0.035165 -18.089011
24630 1435672679.263703 0.043956 -0.035165 -18.089011
24631 1435672679.273769 0.043956 -0.035165 -18.089011
24632 1435672679.283825 0.043956 -0.035165 -18.089011
24633 1435672679.293898 0.043956 -0.035165 -18.001099
24634 1435672679.303957 0.043956 -0.035165 -18.089011
24635 1435672679.313982 0.043956 -0.035165 -18.089011
24636 1435672679.324040 0.043956 -0.035165 -18.089011
24637 1435672679.334089 0.043956 -0.035165 -18.089011
24638 1435672679.344153 0.043956 -0.035165 -18.089011
24639 1435672679.354230 0.043956 -0.035165 -18.089011
24640 1435672679.364292 0.043956 -0.035165 -18.089011
24641 1435672679.374353 0.043956 -0.035165 -18.089011
24642 1435672679.384425 0.043956 -0.035165 -18.089011
24643 1435672679.394505 0.043956 -0.035165 -18.089011
24644 1435672679.404579 0.043956 -0.035165 -18.089011
24645 1435672679.414679 0.043956 -0.035165 -18.001099
24646 1435672679.424745 0.043956 -0.035165 -18.089011
24647 1435672679.434801 0.043956 -0.035165 -18.089011
24648 1435672679.444875 0.043956 -0.035165 -18.001099
24649 1435672679.454962 0.043956 -0.035165 -18.089011
24650 1435672679.465026 0.043956 -0.035165 -18.089011
24651 1435672679.475090 0.043956 -0.035165 -18.089011
24652 1435672679.485153 0.043956 -0.035165 -18.089011
24653 1435672679.495207 0.043956 -0.035165 -18.089011
24654 1435672679.505268 0.043956 -0.035165 -18.089011
24655 1435672679.515290 0.043956 -0.035165 -18.089011
24656 1435672679.525352 0.043956 -0.035165 -18.089011
24657 1435672679.535432 0.043956 -0.035165 -18.089011
24658 1435672679.545686 0.043956 -0.035165 -18.089011
24659 1435672679.555996 0.043956 -0.035165 -18.089011
24660 1435672679.566132 0.043956 -0.035165 -18.089011
24661 1435672679.576132 0.043956 -0.035165 -18.001099
24662 1435672679.586195 0.043956 -0.035165 -18.089011
24663 1435672679.596277 0.043956 -0.035165 -18.089011
24664 1435672679.606337 0.043956 -0.035165 -18.001099
24665 1435672679.616398 0.043956 -0.035165 -18.089011
24666 1435672679.626462 0.043956 -0.035165 -18.089011
24667 1435672679.636525 0.043956 -0.035165 -18.089011
24668 1435672679.646588 0.043956 -0.035165 -18.089011
24669 1435672679.656637 0.043956 -0.035165 -18.089011
24670 1435672679.666723 0.043956 -0.035165 -18.089011
24671 1435672679.676783 0.043956 -0.035165 -18.089011
24672 1435672679.686865 0.043956 -0.035165 -18.089011
24673 1435672679.696924 0.043956 -0.035165 -18.001099
24674 1435672679.706984 0.043956 -0.035165 -18.089011
24675 1435672679.717044 0.043956 -0.035165 -18.089011
24676 1435672679.727105 0.043956 -0.035165 -18.089011
24677 1435672679.737171 0.043956 -0.035165 -18.089011
24678 1435672679.747232 0.043956 -0.035165 -18.089011
24679 1435672679.757293 0.043956 -0.035165 -18.089011
24680 1435672679.767354 0.043956 -0.035165 -18.089011
24681 1435672679.777414 0.043956 -0.035165 -18.089011
24682 1435672679.787471 0.043956 -0.035165 -18.001099
24683 1435672679.797532 0.043956 -0.035165 -18.089011
24684 1435672679.807593 0.043956 -0.035165 -18.089011
24685 1435672679.817655 0.043956 -0.035165 -18.089011
24686 1435672679.827737 0.043956 -0.035165 -18.089011
24687 1435672679.837797 0.043956 -0.035165 -18.089011
24688 1435672679.847857 0.043956 -0.035165 -18.089011
24689 1435672679.857920 0.043956 -0.035165 -18.089011
24690 1435672679.867990 0.043956 -0.035165 -18.089011
24691 1435672679.878053 0.043956 -0.035165 -18.089011
24692 1435672679.888158 0.043956 -0.035165 -18.089011
24693 1435672679.898232 0.043956 -0.035165 -18.089011
24694 1435672679.908291 0.043956 -0.035165 -18.089011
24695 1435672679.918355 0.043956 -0.035165 -18.089011
24696 1435672679.928418 0.043956 -0.035165 -18.089011
24697 1435672679.938481 0.043956 -0.035165 -18.001099
24698 1435672679.948543 0.043956 -0.035165 -18.001099
24699 1435672679.958606 0.043956 -0.035165 -18.089011
24700 1435672679.968667 0.043956 -0.035165 -18.089011
24701 1435672679.978693 0.043956 -0.035165 -18.089011
24702 1435672679.988754 0.043956 -0.035165 -18.089011
24703 1435672679.998823 0.043956 -0.035165 -18.089011
24704 1435672680.008910 0.043956 -0.035165 -18.089011
24705 1435672680.018976 0.043956 -0.035165 -18.089011
24706 1435672680.029035 0.043956 -0.035165 -18.089011
24707 1435672680.039101 0.043956 -0.035165 -18.089011
24708 1435672680.049173 0.043956 -0.035165 -18.089011
24709 1435672680.059199 0.043956 -0.035165 -18.089011
24710 1435672680.069282 0.043956 -0.035165 -18.089011
24711 1435672680.079352 0.043956 -0.035165 -18.001099
24712 1435672680.089418 0.043956 -0.035165 -18.089011
24713 1435672680.099484 0.043956 -0.035165 -18.089011
24714 1435672680.109621 0.043956 -0.035165 -18.089011
24715 1435672680.119662 0.043956 -0.035165 -18.089011
24716 1435672680.129683 0.043956 -0.035165 -18.089011
24717 1435672680.139742 0.043956 -0.035165 -18.001099
24718 1435672680.149770 0.043956 -0.035165 -18.089011
24719 1435672680.159854 0.043956 -0.035165 -18.001099
24720 1435672680.169912 0.043956 -0.035165 -18.089011
24721 1435672680.180001 0.043956 -0.035165 -18.089011
24722 1435672680.190312 0.043956 -0.035165 -18.089011
24723 1435672680.200373 0.043956 -0.035165 -18.089011
24724 1435672680.210406 0.043956 -0.035165 -18.089011
24725 1435672680.220468 0.043956 -0.035165 -18.089011
24726 1435672680.230529 0.043956 -0.035165 -18.089011
24727 1435672680.240652 0.043956 -0.035165 -18.089011
24728 1435672680.250711 0.043956 -0.035165 -18.001099
24729 1435672680.260771 0.043956 -0.035165 -18.001099
24730 1435672680.270831 0.043956 -0.035165 -18.089011
24731 1435672680.280891 0.043956 -0.035165 -18.089011
24732 1435672680.290979 0.043956 -0.035165 -18.089011
24733 1435672680.301041 0.043956 -0.035165 -18.089011
24734 1435672680.311100 0.043956 -0.035165 -18.089011
24735 1435672680.321161 0.043956 -0.035165 -18.089011
24736 1435672680.331221 0.043956 -0.035165 -18.089011
24737 1435672680.341245 0.043956 -0.035165 -18.089011
24738 1435672680.351307 0.043956 -0.035165 -18.089011
24739 1435672680.361381 0.043956 -0.035165 -18.089011
24740 1435672680.371434 0.043956 -0.035165 -18.089011
24741 1435672680.381499 0.043956 -0.035165 -18.089011
24742 1435672680.391561 0.043956 -0.035165 -18.089011
24743 1435672680.401621 0.043956 -0.035165 -18.089011
24744 1435672680.411692 0.043956 -0.035165 -18.089011
24745 1435672680.421783 0.043956 -0.035165 -18.001099
24746 1435672680.431935 0.043956 -0.035165 -18.089011
24747 1435672680.442007 0.043956 -0.035165 -18.089011
24748 1435672680.452063 0.043956 -0.035165 -18.089011
24749 1435672680.462119 0.043956 -0.035165 -18.089011
24750 1435672680.472183 0.043956 -0.035165 -18.001099
24751 1435672680.482263 0.043956 -0.035165 -18.001099
24752 1435672680.492319 0.043956 -0.035165 -18.089011
24753 1435672680.502392 0.043956 -0.035165 -18.089011
24754 1435672680.512475 0.043956 -0.035165 -18.089011
24755 1435672680.522520 0.043956 -0.035165 -18.089011
24756 1435672680.532618 0.043956 -0.035165 -18.089011
24757 1435672680.542713 0.043956 -0.035165 -18.089011
24758 1435672680.552809 0.043956 -0.035165 -18.089011
24759 1435672680.562950 0.043956 -0.035165 -18.001099
24760 1435672680.573094 0.043956 -0.035165 -18.089011
24761 1435672680.583161 0.043956 -0.035165 -18.089011
24762 1435672680.593238 0.043956 -0.035165 -18.089011
24763 1435672680.603330 0.043956 -0.035165 -18.089011
24764 1435672680.613427 0.043956 -0.035165 -18.089011
24765 1435672680.623496 0.043956 -0.035165 -18.089011
24766 1435672680.633649 0.043956 -0.035165 -18.089011
24767 1435672680.643804 0.043956 -0.035165 -18.001099
24768 1435672680.653925 0.043956 -0.035165 -18.089011
24769 1435672680.664838 0.043956 -0.035165 -18.001099
24770 1435672680.674917 0.043956 -0.035165 -18.089011
24771 1435672680.685025 0.043956 -0.035165 -18.089011
24772 1435672680.695080 0.043956 -0.035165 -18.089011
24773 1435672680.705189 0.043956 -0.035165 -18.089011
24774 1435672680.715268 0.043956 -0.035165 -18.089011
24775 1435672680.725319 0.043956 -0.035165 -18.001099
24776 1435672680.735388 0.043956 -0.035165 -18.089011
24777 1435672680.745452 0.043956 -0.035165 -18.089011
24778 1435672680.755513 0.043956 -0.035165 -18.089011
24779 1435672680.765570 0.043956 -0.035165 -18.089011
24780 1435672680.775641 0.043956 -0.035165 -18.089011
24781 1435672680.785707 0.043956 -0.035165 -18.001099
24782 1435672680.795783 0.043956 -0.035165 -18.089011
24783 1435672680.805845 0.043956 -0.035165 -18.089011
24784 1435672680.815880 0.043956 -0.035165 -18.089011
24785 1435672680.825946 0.043956 -0.035165 -18.089011
24786 1435672680.836013 0.043956 -0.035165 -18.089011
24787 1435672680.846087 0.043956 -0.035165 -18.089011
24788 1435672680.856149 0.043956 -0.035165 -18.089011
24789 1435672680.866210 0.043956 -0.035165 -18.001099
24790 1435672680.876267 0.043956 -0.035165 -18.089011
24791 1435672680.886326 0.043956 -0.035165 -18.089011
24792 1435672680.896386 0.043956 -0.035165 -18.089011
24793 1435672680.906462 0.043956 -0.035165 -18.089011
24794 1435672680.916550 0.043956 -0.035165 -18.001099
24795 1435672680.926622 0.043956 -0.035165 -18.089011
24796 1435672680.936677 0.043956 -0.035165 -18.001099
24797 1435672680.946763 0.043956 -0.035165 -18.089011
24798 1435672680.956828 0.043956 -0.035165 -18.089011
24799 1435672680.966892 0.043956 -0.035165 -18.089011
24800 1435672680.976955 0.043956 -0.035165 -18.089011
24801 1435672680.987036 0.043956 -0.035165 -18.089011
24802 1435672680.997102 0.043956 -0.035165 -18.089011
24803 1435672681.007184 0.043956 -0.035165 -18.089011
24804 1435672681.017242 0.043956 -0.035165 -18.089011
24805 1435672681.027302 0.043956 -0.035165 -18.089011
24806 1435672681.037361 0.043956 -0.035165 -18.089011
24807 1435672681.047435 0.043956 -0.035165 -18.089011
24808 1435672681.057489 0.043956 -0.035165 -18.089011
24809 1435672681.067543 0.043956 -0.035165 -18.089011
24810 1435672681.077658 0.043956 -0.035165 -18.089011
24811 1435672681.087717 0.043956 -0.035165 -18.089011
24812 1435672681.097780 0.043956 -0.035165 -18.089011
24813 1435672681.107808 0.043956 -0.035165 -18.089011
24814 1435672681.117875 0.043956 -0.035165 -18.089011
24815 1435672681.127946 0.043956 -0.035165 -18.001099
24816 1435672681.138011 0.043956 -0.035165 -18.089011
24817 1435672681.148058 0.043956 -0.035165 -18.089011
24818 1435672681.158121 0.043956 -0.035165 -18.089011
24819 1435672681.168180 0.043956 -0.035165 -18.001099
24820 1435672681.178285 0.043956 -0.035165 -18.001099
24821 1435672681.188341 0.043956 -0.035165 -18.001099
24822 1435672681.198406 0.043956 -0.035165 -18.089011
24823 1435672681.208481 0.043956 -0.035165 -18.089011
24824 1435672681.218551 0.043956 -0.035165 -18.089011
24825 1435672681.228623 0.043956 -0.035165 -18.089011
24826 1435672681.238690 0.043956 -0.035165 -18.089011
24827 1435672681.248750 0.043956 -0.035165 -18.001099
