20292 725.856000 -0.001646 -0.018321 2.712492
20293 725.858000 -0.001662 -0.018319 2.712471
20294 725.863000 -0.001668 -0.018332 2.71242
20295 725.865000 0.00165 -0.018307 2.712438
20296 725.868000 -0.001678 -0.018301 2.712457
20297 725.870000 -0.001684 -0.018321 2.712464
20298 725.872000 0.001651 -0.018326 2.712441
20299 725.876000 -0.001647 -0.01832 2.712481
20300 725.879000 0.001646 -0.018307 2.712491
20301 725.882000 -0.001683 -0.018318 2.71244
20302 725.884000 -0.001685 -0.018325 2.712426
20303 725.888000 0.001647 -0.018311 2.71245
20304 725.892000 0.001646 -0.018345 2.71246
20305 725.895000 0.001648 -0.01828 2.712457
20306 725.899000 -0.001646 -0.018304 2.712476
20307 725.902000 -0.001646 -0.018273 2.712433
20308 725.905000 0.001652 -0.018365 2.712429
20309 725.908000 -0.001679 -0.018319 2.712459
20310 725.911000 -0.001664 -0.018326 2.71246
20311 725.914000 -0.001662 -0.018278 2.712484
20312 725.917000 -0.001646 -0.0183 2.712486
20313 725.920000 0.001647 -0.018323 2.712426
20314 725.923000 -0.001682 -0.018292 2.712433
20315 725.927000 0.001649 -0.018281 2.712449
20316 725.931000 -0.001663 -0.018255 2.712488
20317 725.935000 -0.001686 -0.018278 2.712483
20318 725.940000 -0.00168 -0.018282 2.712432
20319 725.944000 -0.001688 -0.018302 2.712447
20320 725.949000 0.001656 -0.018289 2.712487
20321 725.953000 0.001646 -0.018306 2.712458
20322 725.958000 -0.001647 -0.018235 2.712436
20323 725.963000 0.001646 -0.018301 2.712452
20324 725.968000 0.001647 -0.018313 2.712447
20325 725.973000 0.001647 -0.018303 2.712459
20326 725.978000 0.001646 -0.018306 2.712423
20327 725.982000 -0.001658 -0.018303 2.71246
20328 725.987000 -0.001675 -0.018247 2.712446
20329 725.992000 -0.001679 -0.018253 2.712473
20330 725.996000 0.001649 -0.018269 2.71239
20331 726.001000 -0.001683 -0.018256 2.712438
20332 726.006000 -0.001684 -0.018264 2.712467
20333 726.011000 -0.001679 -0.018247 2.712474
20334 726.016000 -0.001669 -0.018289 2.712433
20335 726.021000 -0.00167 -0.018252 2.712445
20336 726.025000 0.001649 -0.018235 2.712438
20337 726.030000 0.001651 -0.018242 2.712437
20338 726.035000 -0.001686 -0.018252 2.712429
20339 726.040000 0.001665 -0.018291 2.712427
20340 726.044000 0.001647 -0.018269 2.71244
20341 726.049000 0.001647 -0.018265 2.712451
20342 726.053000 -0.001646 -0.018254 2.712446
20343 726.059000 0.001652 -0.018242 2.71242
20344 726.064000 0.001649 -0.018202 2.712438
20345 726.068000 -0.001647 -0.018243 2.712481
20346 726.072000 0.001665 -0.018269 2.712415
20347 726.077000 -0.001681 -0.018222 2.712438
20348 726.081000 0.001648 -0.018208 2.712429
20349 726.087000 -0.001662 -0.018218 2.712452
20350 726.092000 -0.001668 -0.018246 2.712418
20351 726.097000 -0.001662 -0.018204 2.712442
20352 726.102000 -0.00166 -0.018223 2.712446
20353 726.107000 -0.001646 -0.018249 2.712453
20354 726.111000 -0.001669 -0.018256 2.712402
20355 726.117000 -0.001688 -0.018218 2.712432
20356 726.121000 0.001646 -0.018215 2.712453
20357 726.125000 0.001646 -0.018232 2.712449
20358 726.130000 0.001647 -0.018239 2.712427
20359 726.134000 0.001646 -0.018256 2.712429
20360 726.138000 -0.00167 -0.018176 2.712471
20361 726.142000 0.001651 -0.018195 2.712423
20362 726.147000 0.001647 -0.018224 2.712415
20363 726.152000 0.001649 -0.018174 2.712413
20364 726.156000 -0.001646 -0.018225 2.71244
20365 726.161000 -0.001647 -0.018221 2.712451
20366 726.165000 -0.001693 -0.018168 2.712459
20367 726.169000 -0.001647 -0.018167 2.712415
20368 726.173000 -0.001681 -0.018184 2.712428
20369 726.178000 -0.001687 -0.018174 2.712458
20370 726.182000 0.001646 -0.018183 2.712459
20371 726.187000 0.001647 -0.01823 2.712402
20372 726.192000 0.001648 -0.018165 2.712429
20373 726.197000 0.001647 -0.018211 2.712451
20374 726.202000 0.001648 -0.018132 2.712453
20375 726.206000 0.001646 -0.018233 2.71239
20376 726.211000 -0.001646 -0.018166 2.712413
20377 726.215000 -0.001676 -0.018164 2.712454
20378 726.218000 -0.001646 -0.018196 2.712443
20379 726.222000 0.001653 -0.018158 2.712459
20380 726.226000 -0.001646 -0.018198 2.712399
20381 726.230000 -0.00168 -0.018145 2.712456
20382 726.233000 -0.001648 -0.018161 2.71245
20383 726.238000 -0.001657 -0.018127 2.712451
20384 726.242000 0.001654 -0.018153 2.712372
20385 726.246000 0.001647 -0.018225 2.712394
20386 726.251000 0.001646 -0.01816 2.7124
20387 726.256000 0.001647 -0.018183 2.712446
20388 726.259000 0.001652 -0.018131 2.712428
20389 726.263000 0.001647 -0.018217 2.712386
20390 726.268000 0.001649 -0.018118 2.712402
20391 726.272000 0.001646 -0.018164 2.712434
20392 726.276000 -0.001661 -0.018132 2.712435
20393 726.280000 -0.001683 -0.018158 2.712404
20394 726.284000 0.001648 -0.018132 2.712428
20395 726.288000 -0.001646 -0.018179 2.712423
20396 726.292000 -0.00168 -0.018112 2.712443
20397 726.296000 0.001649 -0.018094 2.712447
20398 726.300000 -0.001646 -0.018171 2.712411
20399 726.304000 -0.001673 -0.018138 2.712433
20400 726.308000 0.001649 -0.018117 2.712425
20401 726.313000 0.001649 -0.018118 2.712441
20402 726.316000 -0.001687 -0.018089 2.712457
20403 726.321000 0.001663 -0.018175 2.7124
20404 726.325000 0.001646 -0.018165 2.712412
20405 726.329000 -0.001665 -0.018127 2.712429
20406 726.333000 0.001647 -0.018141 2.712443
20407 726.337000 -0.001646 -0.018136 2.712427
20408 726.342000 0.001646 -0.018171 2.712387
20409 726.345000 0.00165 -0.018096 2.71241
20410 726.350000 0.001649 -0.01815 2.712433
20411 726.354000 -0.001647 -0.018101 2.712449
20412 726.358000 0.001664 -0.01817 2.712407
20413 726.362000 -0.001647 -0.018096 2.712413
20414 726.366000 -0.001674 -0.018101 2.712424
20415 726.370000 0.001646 -0.018098 2.712434
20416 726.374000 -0.001662 -0.018091 2.712432
20417 726.379000 -0.001646 -0.018097 2.712421
20418 726.382000 -0.001646 -0.018075 2.712382
20419 726.386000 -0.001661 -0.018143 2.712438
20420 726.390000 0.001649 -0.018112 2.712437
20421 726.394000 0.001646 -0.01814 2.712425
20422 726.398000 -0.001652 -0.018031 2.712427
20423 726.402000 -0.001663 -0.018122 2.712373
20424 726.407000 -0.001657 -0.018105 2.712434
20425 726.412000 -0.001647 -0.018087 2.712441
20426 726.416000 -0.001664 -0.018083 2.712475
20427 726.420000 0.001651 -0.018154 2.712384
20428 726.424000 0.001647 -0.018141 2.7124
20429 726.428000 -0.00167 -0.018057 2.712434
20430 726.431000 -0.001662 -0.018054 2.712427
20431 726.434000 0.001646 -0.0181 2.712428
20432 726.436000 -0.001646 -0.018107 2.712416
20433 726.439000 -0.001646 -0.018058 2.712392
20434 726.443000 -0.001666 -0.018079 2.712416
20435 726.446000 0.001646 -0.01811 2.712412
20436 726.450000 -0.001674 -0.018038 2.712439
20437 726.454000 0.001649 -0.018057 2.712432
20438 726.458000 0.001646 -0.018125 2.712368
20439 726.461000 -0.001687 -0.018083 2.712395
20440 726.465000 0.001646 -0.01808 2.712429
20441 726.470000 0.001648 -0.018039 2.712424
20442 726.475000 0.001653 -0.018136 2.712396
20443 726.480000 0.001654 -0.018101 2.712397
20444 726.485000 0.001649 -0.018036 2.712403
20445 726.491000 -0.001673 -0.018032 2.712422
20446 726.496000 -0.001667 -0.018048 2.712388
20447 726.500000 0.001649 -0.018102 2.712399
20448 726.504000 -0.001647 -0.018067 2.712424
20449 726.508000 -0.001677 -0.018051 2.712412
20450 726.512000 -0.001646 -0.018009 2.712401
20451 726.516000 -0.001667 -0.018042 2.712386
20452 726.520000 0.00165 -0.018089 2.7124
20453 726.524000 0.001646 -0.018068 2.712406
20454 726.529000 -0.001646 -0.018006 2.7124
20455 726.533000 -0.001671 -0.01805 2.712374
20456 726.537000 -0.001683 -0.018052 2.712397
20457 726.541000 0.001648 -0.018022 2.712391
20458 726.545000 -0.001658 -0.018015 2.712426
20459 726.549000 -0.001677 -0.018004 2.712417
20460 726.554000 0.001646 -0.018089 2.712365
20461 726.557000 0.00165 -0.018005 2.712387
20462 726.561000 -0.001658 -0.018035 2.712427
20463 726.565000 0.00165 -0.017994 2.712424
20464 726.570000 0.001653 -0.018037 2.712369
20465 726.573000 -0.00166 -0.018075 2.71238
20466 726.577000 0.001646 -0.018036 2.712421
20467 726.582000 0.001646 -0.018047 2.712414
20468 726.586000 -0.001653 -0.018037 2.712429
20469 726.590000 0.001655 -0.018036 2.712355
20470 726.595000 0.001658 -0.018057 2.712391
20471 726.599000 -0.001646 -0.018026 2.712413
20472 726.603000 -0.001681 -0.01799 2.712431
20473 726.606000 -0.001646 -0.018036 2.71241
20474 726.612000 0.001657 -0.018037 2.712396
20475 726.615000 0.001665 -0.01805 2.71238
20476 726.619000 0.001646 -0.018015 2.712414
20477 726.624000 0.001649 -0.017963 2.712409
20478 726.628000 0.001646 -0.018036 2.712359
20479 726.632000 -0.001648 -0.018012 2.712353
20480 726.636000 -0.001683 -0.017984 2.71241
20481 726.640000 0.001649 -0.017986 2.712408
20482 726.644000 0.001646 -0.018012 2.712405
20483 726.648000 -0.001652 -0.018052 2.712369
20484 726.653000 -0.001646 -0.018035 2.712378
20485 726.658000 -0.001646 -0.017977 2.712409
20486 726.663000 -0.001657 -0.018001 2.712396
20487 726.668000 -0.001646 -0.018034 2.712352
20488 726.673000 -0.001661 -0.017974 2.712383
20489 726.678000 -0.001646 -0.018001 2.712398
20490 726.682000 -0.001682 -0.017973 2.712413
20491 726.688000 0.001646 -0.018029 2.712343
20492 726.693000 0.00165 -0.017985 2.712356
20493 726.697000 -0.001646 -0.017965 2.712406
20494 726.701000 0.001659 -0.017996 2.712412
20495 726.706000 -0.001685 -0.017976 2.712369
20496 726.710000 0.001647 -0.017955 2.712379
20497 726.714000 -0.001654 -0.017994 2.71237
20498 726.719000 -0.001653 -0.017996 2.712406
20499 726.723000 0.001648 -0.017929 2.712424
20500 726.726000 0.001657 -0.017954 2.712408
20501 726.730000 0.001647 -0.018015 2.712365
20502 726.732000 0.001646 -0.017985 2.712364
20503 726.736000 -0.001665 -0.017968 2.712386
20504 726.742000 0.001647 -0.017977 2.7124
20505 726.746000 -0.001646 -0.017961 2.712388
20506 726.750000 0.001666 -0.01802 2.712366
20507 726.754000 0.001646 -0.01796 2.712385
20508 726.758000 -0.001646 -0.017987 2.712379
20509 726.763000 -0.001646 -0.017941 2.71238
20510 726.769000 -0.001677 -0.017962 2.712361
20511 726.774000 -0.001651 -0.017927 2.712381
20512 726.780000 0.001647 -0.017936 2.712367
20513 726.784000 -0.001648 -0.017924 2.712402
20514 726.788000 -0.001673 -0.01795 2.712367
20515 726.792000 -0.001686 -0.017943 2.712379
20516 726.796000 -0.001647 -0.017897 2.712395
20517 726.802000 0.001653 -0.017896 2.712382
20518 726.806000 0.001646 -0.017997 2.712336
20519 726.810000 -0.001649 -0.01792 2.712349
20520 726.815000 -0.001662 -0.017915 2.71239
20521 726.819000 0.001652 -0.017928 2.712362
20522 726.823000 -0.001664 -0.017891 2.712386
20523 726.827000 0.001652 -0.017928 2.712341
20524 726.832000 -0.001686 -0.017901 2.712399
20525 726.835000 -0.001659 -0.017933 2.712414
20526 726.840000 -0.00167 -0.017888 2.712415
20527 726.843000 0.001646 -0.017911 2.712379
20528 726.847000 -0.001659 -0.017941 2.712343
20529 726.851000 -0.001681 -0.01791 2.71238
20530 726.855000 0.00165 -0.017917 2.712361
20531 726.859000 -0.001646 -0.017904 2.712412
20532 726.863000 0.001661 -0.017939 2.712352
20533 726.867000 0.001648 -0.017966 2.712341
20534 726.872000 0.001649 -0.017879 2.712363
20535 726.876000 -0.001659 -0.017875 2.712397
20536 726.879000 -0.001646 -0.017911 2.712405
20537 726.883000 -0.001673 -0.017904 2.712357
20538 726.887000 -0.001684 -0.017919 2.712357
20539 726.891000 0.001646 -0.017904 2.71238
20540 726.894000 0.00165 -0.017868 2.71237
20541 726.899000 0.001648 -0.017883 2.712406
20542 726.901000 0.001646 -0.017897 2.712402
20543 726.905000 -0.001647 -0.017892 2.71233
20544 726.909000 -0.001667 -0.017916 2.712386
20545 726.913000 0.001646 -0.017887 2.712394
20546 726.917000 -0.001662 -0.017894 2.71239
20547 726.921000 -0.001686 -0.017849 2.712387
20548 726.925000 0.001646 -0.017886 2.712327
20549 726.929000 -0.001658 -0.017887 2.712364
20550 726.933000 -0.001684 -0.01787 2.712374
20551 726.937000 0.001646 -0.017871 2.71238
20552 726.943000 -0.001668 -0.017903 2.712338
20553 726.946000 0.001646 -0.017936 2.712353
20554 726.950000 -0.001648 -0.017878 2.712356
20555 726.954000 -0.001686 -0.017835 2.712409
20556 726.958000 0.001647 -0.01787 2.712393
20557 726.962000 0.001646 -0.017929 2.712324
20558 726.966000 -0.001668 -0.017859 2.712366
20559 726.969000 -0.001646 -0.017879 2.712378
20560 726.973000 -0.001679 -0.017856 2.712388
20561 726.977000 0.001647 -0.017879 2.712382
20562 726.982000 0.001647 -0.017895 2.712344
20563 726.987000 0.001649 -0.017851 2.712341
20564 726.992000 0.001647 -0.017888 2.712376
20565 726.996000 -0.001648 -0.017844 2.71239
20566 727.001000 -0.001658 -0.017879 2.712334
20567 727.005000 0.00165 -0.017831 2.71237
20568 727.010000 0.00165 -0.017814 2.712378
20569 727.015000 0.001655 -0.01785 2.712407
20570 727.019000 0.001646 -0.017896 2.712341
20571 727.024000 0.001646 -0.017843 2.712346
20572 727.028000 -0.001669 -0.017833 2.712373
20573 727.033000 -0.001646 -0.017871 2.712371
20574 727.038000 0.001646 -0.017869 2.712326
20575 727.042000 0.001646 -0.017882 2.712327
20576 727.046000 -0.001661 -0.017861 2.712357
20577 727.049000 -0.001661 -0.017821 2.712374
20578 727.054000 -0.001651 -0.017781 2.712377
20579 727.059000 0.001646 -0.017897 2.712317
20580 727.063000 -0.001665 -0.01783 2.712348
20581 727.068000 -0.001665 -0.017831 2.712385
20582 727.073000 -0.001671 -0.017816 2.712385
20583 727.077000 0.001647 -0.017844 2.712321
20584 727.082000 -0.001687 -0.017846 2.712347
20585 727.086000 0.001646 -0.017831 2.712369
20586 727.091000 -0.001647 -0.017785 2.712379
20587 727.096000 -0.001646 -0.017813 2.712391
20588 727.100000 -0.00167 -0.017824 2.712343
20589 727.105000 -0.001663 -0.017803 2.71238
20590 727.109000 0.00165 -0.017805 2.712362
20591 727.114000 0.001651 -0.017773 2.712358
20592 727.119000 -0.001676 -0.017819 2.712341
20593 727.124000 -0.001662 -0.017832 2.712354
20594 727.128000 0.001653 -0.01781 2.712336
20595 727.133000 0.001654 -0.017774 2.712352
20596 727.137000 0.001649 -0.017874 2.71232
20597 727.142000 0.00165 -0.017786 2.712334
20598 727.147000 0.001651 -0.017835 2.712358
20599 727.152000 0.001649 -0.017764 2.712359
20600 727.156000 -0.001656 -0.017808 2.712332
20601 727.160000 -0.001673 -0.017793 2.712343
20602 727.164000 0.001649 -0.01782 2.712352
20603 727.169000 0.001655 -0.017822 2.71237
20604 727.174000 0.001655 -0.017792 2.712292
20605 727.178000 0.001646 -0.017799 2.712297
20606 727.183000 0.001648 -0.017796 2.712364
20607 727.186000 -0.001682 -0.017766 2.712354
20608 727.192000 -0.001646 -0.017773 2.712301
20609 727.196000 -0.001663 -0.017792 2.712334
20610 727.200000 0.001659 -0.017818 2.712349
20611 727.206000 -0.001646 -0.017814 2.712357
20612 727.211000 0.001646 -0.017801 2.712313
20613 727.216000 -0.001685 -0.017776 2.712341
20614 727.221000 -0.001662 -0.017773 2.712376
20615 727.226000 -0.001669 -0.017728 2.71239
20616 727.230000 0.001651 -0.01777 2.712301
20617 727.234000 0.001646 -0.017798 2.712342
20618 727.237000 0.001649 -0.017743 2.712336
20619 727.241000 -0.001646 -0.017801 2.712347
20620 727.244000 0.001646 -0.017793 2.712355
20621 727.248000 -0.001673 -0.017713 2.712368
20622 727.252000 0.00165 -0.017755 2.712305
20623 727.256000 0.001646 -0.017803 2.712335
20624 727.261000 0.001646 -0.017773 2.712346
20625 727.265000 -0.001671 -0.017702 2.712373
20626 727.268000 -0.001646 -0.017784 2.712311
20627 727.273000 -0.001657 -0.017751 2.712345
20628 727.276000 0.001646 -0.017776 2.712356
20629 727.280000 -0.001664 -0.017761 2.712356
20630 727.284000 0.001649 -0.017723 2.712362
20631 727.288000 0.001646 -0.01777 2.712311
20632 727.292000 -0.00166 -0.017771 2.712314
20633 727.295000 -0.001657 -0.017747 2.712352
20634 727.299000 -0.001679 -0.017737 2.712359
20635 727.302000 -0.001666 -0.017706 2.712383
20636 727.306000 0.001652 -0.017707 2.712346
20637 727.310000 0.001646 -0.017795 2.712301
20638 727.314000 0.001646 -0.017779 2.712329
20639 727.317000 0.00165 -0.017731 2.712346
20640 727.321000 -0.001654 -0.017739 2.712343
20641 727.325000 0.001655 -0.017726 2.71238
20642 727.330000 -0.001675 -0.017752 2.712314
20643 727.334000 0.001649 -0.017715 2.712315
20644 727.338000 0.001646 -0.01776 2.712345
20645 727.342000 -0.001662 -0.017732 2.712359
20646 727.346000 0.001656 -0.017755 2.71236
20647 727.349000 -0.001671 -0.017722 2.712316
20648 727.353000 0.001647 -0.017744 2.712331
20649 727.357000 -0.001664 -0.017714 2.712369
20650 727.361000 -0.001687 -0.017708 2.712369
20651 727.365000 0.001646 -0.017763 2.712311
20652 727.369000 0.001646 -0.017763 2.71231
20653 727.374000 0.001647 -0.017722 2.712336
20654 727.378000 -0.001646 -0.017731 2.712344
20655 727.383000 -0.001661 -0.017696 2.712308
20656 727.387000 -0.001678 -0.017729 2.712321
20657 727.391000 -0.001646 -0.017683 2.712314
20658 727.396000 0.001646 -0.01774 2.712346
20659 727.400000 -0.001669 -0.017684 2.712379
20660 727.403000 -0.001664 -0.017668 2.712343
20661 727.408000 0.001647 -0.017772 2.712323
20662 727.412000 -0.001666 -0.017683 2.712335
20663 727.416000 -0.001684 -0.017699 2.712352
20664 727.420000 0.001647 -0.017712 2.712345
20665 727.425000 0.001649 -0.01774 2.712287
20666 727.428000 -0.001678 -0.017683 2.712328
20667 727.432000 -0.00169 -0.017686 2.712341
20668 727.436000 0.001646 -0.017695 2.712368
20669 727.440000 -0.001646 -0.01771 2.712344
20670 727.444000 0.001659 -0.017702 2.712328
20671 727.448000 0.001647 -0.01773 2.712315
20672 727.452000 -0.001666 -0.017666 2.712348
20673 727.457000 -0.001665 -0.017682 2.712342
20674 727.461000 0.001648 -0.017651 2.71234
20675 727.465000 0.001646 -0.017743 2.712306
20676 727.469000 -0.001673 -0.017637 2.712336
20677 727.473000 0.001649 -0.01766 2.712337
20678 727.477000 -0.00166 -0.017662 2.712356
20679 727.481000 0.001652 -0.017678 2.712276
20680 727.485000 0.001646 -0.017723 2.712298
20681 727.489000 -0.001647 -0.01768 2.712337
20682 727.493000 -0.001685 -0.017645 2.712339
20683 727.496000 -0.001653 -0.017689 2.712349
20684 727.499000 -0.001646 -0.017705 2.712292
20685 727.503000 -0.001665 -0.017705 2.712339
20686 727.508000 -0.001672 -0.017669 2.712332
20687 727.512000 0.001647 -0.017677 2.712328
20688 727.516000 -0.001646 -0.017679 2.712325
20689 727.521000 -0.001646 -0.017674 2.712298
20690 727.525000 -0.001663 -0.017679 2.71236
20691 727.528000 -0.001647 -0.017647 2.712342
20692 727.532000 -0.001675 -0.017665 2.712335
20693 727.536000 0.001649 -0.017614 2.712337
20694 727.540000 -0.001646 -0.017658 2.712268
20695 727.544000 -0.001669 -0.017648 2.712327
20696 727.548000 0.001649 -0.017629 2.712317
20697 727.551000 -0.001678 -0.017631 2.712343
20698 727.555000 0.00165 -0.017624 2.712292
20699 727.560000 -0.001684 -0.017651 2.712334
20700 727.564000 0.001646 -0.017626 2.712285
20701 727.568000 -0.001647 -0.017639 2.712341
20702 727.572000 -0.001682 -0.017592 2.712367
20703 727.577000 0.001666 -0.017677 2.712295
20704 727.584000 -0.001684 -0.01764 2.712332
20705 727.589000 -0.001678 -0.017623 2.712349
20706 727.593000 0.001647 -0.01766 2.712289
20707 727.597000 0.001646 -0.017685 2.712287
20708 727.600000 -0.001688 -0.017635 2.712322
20709 727.604000 -0.001646 -0.017589 2.712342
20710 727.610000 0.001653 -0.01762 2.712353
20711 727.615000 -0.001671 -0.017641 2.712261
20712 727.620000 -0.00168 -0.017599 2.712342
20713 727.625000 -0.001662 -0.017626 2.71235
20714 727.629000 0.001649 -0.0176 2.712324
20715 727.633000 -0.001646 -0.017632 2.712322
20716 727.637000 0.001665 -0.017651 2.712289
20717 727.641000 0.001647 -0.017674 2.7123
20718 727.645000 -0.001647 -0.017617 2.712332
20719 727.649000 0.001658 -0.017632 2.712332
20720 727.653000 -0.001646 -0.0176 2.712347
20721 727.657000 -0.001665 -0.017646 2.712323
20722 727.661000 0.001651 -0.01766 2.71231
20723 727.665000 -0.001646 -0.01761 2.712331
20724 727.669000 -0.001674 -0.017586 2.712339
20725 727.673000 0.001648 -0.017632 2.71228
20726 727.677000 0.001646 -0.017654 2.712279
20727 727.681000 -0.001646 -0.0176 2.71232
20728 727.685000 0.001663 -0.017621 2.712321
20729 727.689000 0.001646 -0.017587 2.712339
20730 727.694000 -0.001682 -0.017595 2.712289
20731 727.698000 0.001654 -0.017605 2.71227
20732 727.702000 -0.001647 -0.017542 2.712297
20733 727.706000 -0.001678 -0.017566 2.71235
20734 727.710000 0.001646 -0.017586 2.712252
20735 727.714000 0.001646 -0.017645 2.712285
20736 727.718000 -0.001671 -0.01756 2.712328
20737 727.722000 0.001651 -0.017584 2.7123
20738 727.725000 -0.001675 -0.017596 2.712316
20739 727.729000 0.001646 -0.017562 2.712323
20740 727.733000 -0.001661 -0.017576 2.712301
20741 727.737000 -0.001681 -0.017578 2.712311
20742 727.740000 -0.001667 -0.017554 2.712335
20743 727.745000 -0.001674 -0.017569 2.712333
20744 727.749000 0.001646 -0.017573 2.712242
20745 727.753000 -0.001657 -0.017579 2.71229
20746 727.757000 -0.001682 -0.017567 2.712315
20747 727.761000 0.00165 -0.017571 2.712289
20748 727.765000 -0.001659 -0.017531 2.712323
20749 727.769000 -0.001668 -0.017591 2.712275
20750 727.773000 -0.00168 -0.017585 2.712292
20751 727.777000 0.001647 -0.017586 2.7123
20752 727.781000 -0.001663 -0.017556 2.712335
20753 727.785000 0.001656 -0.01754 2.712361
20754 727.789000 0.001647 -0.017616 2.712266
20755 727.793000 -0.001646 -0.017576 2.712303
20756 727.797000 -0.00167 -0.017575 2.712342
20757 727.801000 0.001647 -0.017547 2.712329
20758 727.805000 -0.001662 -0.017504 2.712338
20759 727.813000 0.001646 -0.01756 2.712268
20760 727.817000 -0.001647 -0.01756 2.712324
20761 727.820000 0.001647 -0.017572 2.712315
20762 727.823000 0.001653 -0.017532 2.712302
20763 727.828000 0.001653 -0.017536 2.712256
20764 727.834000 0.001646 -0.017594 2.71229
20765 727.839000 0.001646 -0.017532 2.712277
20766 727.844000 -0.001646 -0.017471 2.712335
20767 727.847000 0.001651 -0.017577 2.71227
20768 727.851000 0.001646 -0.017586 2.712278
20769 727.855000 -0.001665 -0.017512 2.712332
20770 727.859000 0.001653 -0.017527 2.712281
20771 727.863000 -0.001646 -0.017525 2.71233
20772 727.867000 -0.001666 -0.01755 2.712277
20773 727.871000 -0.001685 -0.017519 2.712282
20774 727.875000 0.00165 -0.017539 2.712273
20775 727.878000 0.001657 -0.017538 2.712338
20776 727.882000 -0.001646 -0.017492 2.712338
20777 727.887000 -0.001646 -0.017536 2.712258
20778 727.891000 -0.001667 -0.017532 2.712271
20779 727.895000 -0.001686 -0.017529 2.71231
20780 727.899000 0.001646 -0.017512 2.71232
20781 727.903000 -0.001662 -0.017489 2.712316
20782 727.907000 0.001651 -0.017553 2.712254
20783 727.912000 -0.001681 -0.017515 2.712294
20784 727.915000 -0.001665 -0.017494 2.712322
20785 727.919000 0.00165 -0.017536 2.712311
20786 727.923000 -0.001646 -0.017493 2.712324
20787 727.928000 -0.001646 -0.017522 2.712238
20788 727.932000 -0.001669 -0.017501 2.712296
20789 727.936000 -0.001682 -0.017505 2.712308
20790 727.940000 -0.001646 -0.017439 2.7123
20791 727.944000 -0.001659 -0.017542 2.712251
20792 727.948000 0.001657 -0.017525 2.712295
20793 727.953000 -0.001677 -0.017495 2.712301
20794 727.957000 -0.001685 -0.01749 2.712313
20795 727.961000 0.001647 -0.017496 2.712299
20796 727.964000 0.001653 -0.017489 2.71224
20797 727.968000 0.001647 -0.017554 2.712255
20798 727.972000 0.001646 -0.017513 2.712281
20799 727.975000 0.001651 -0.017484 2.712269
20800 727.979000 -0.00166 -0.01747 2.712316
20801 727.983000 0.001654 -0.017495 2.712235
20802 727.988000 -0.001678 -0.01748 2.712285
20803 727.992000 0.001649 -0.017477 2.712285
20804 727.996000 0.001646 -0.017498 2.712296
20805 728.000000 -0.001668 -0.01746 2.712325
20806 728.005000 -0.00167 -0.017474 2.712265
20807 728.009000 -0.001685 -0.01749 2.712272
20808 728.013000 -0.001646 -0.017454 2.71227
20809 728.017000 -0.001674 -0.017473 2.712305
20810 728.021000 0.001647 -0.017494 2.712303
20811 728.025000 -0.001657 -0.01751 2.712263
20812 728.029000 0.001649 -0.017485 2.712282
20813 728.034000 -0.001686 -0.017457 2.712299
20814 728.037000 -0.001669 -0.017435 2.712311
20815 728.041000 -0.001686 -0.017428 2.712316
20816 728.046000 0.001667 -0.017516 2.712259
20817 728.050000 0.001647 -0.017498 2.712272
20818 728.053000 -0.001684 -0.017446 2.712295
20819 728.057000 0.00165 -0.017461 2.712266
20820 728.062000 0.001653 -0.017453 2.712231
20821 728.066000 0.001649 -0.01751 2.712257
20822 728.070000 0.001646 -0.017487 2.712274
20823 728.074000 -0.001671 -0.01742 2.712301
20824 728.078000 0.00165 -0.017455 2.712301
20825 728.082000 0.001646 -0.017506 2.712242
20826 728.087000 0.001647 -0.017499 2.712268
20827 728.091000 -0.001648 -0.017425 2.712269
20828 728.095000 -0.00168 -0.017438 2.712301
20829 728.100000 0.001665 -0.017499 2.712263
20830 728.104000 0.001646 -0.017468 2.71227
20831 728.108000 -0.001646 -0.017478 2.71227
20832 728.112000 -0.001683 -0.01742 2.712303
20833 728.116000 0.001646 -0.017445 2.712297
20834 728.120000 -0.001646 -0.017493 2.712236
20835 728.124000 0.001663 -0.017477 2.712267
20836 728.128000 0.001646 -0.017465 2.712278
20837 728.132000 -0.001663 -0.017433 2.712285
20838 728.136000 0.001646 -0.017434 2.7123
20839 728.140000 -0.001646 -0.017451 2.712243
20840 728.144000 -0.001681 -0.017421 2.712301
20841 728.148000 0.00165 -0.017422 2.712287
20842 728.152000 -0.001646 -0.017433 2.712304
20843 728.161000 -0.001661 -0.017475 2.712264
20844 728.165000 0.001647 -0.017431 2.712278
20845 728.168000 0.001657 -0.017441 2.712301
20846 728.171000 -0.001671 -0.017416 2.712301
20847 728.174000 -0.001646 -0.017423 2.712302
20848 728.178000 -0.001662 -0.017451 2.712239
20849 728.182000 0.001646 -0.017406 2.712241
20850 728.186000 -0.00165 -0.017462 2.712278
20851 728.190000 -0.001673 -0.017419 2.712273
20852 728.194000 0.001646 -0.017381 2.712286
20853 728.197000 -0.00168 -0.01739 2.712295
20854 728.201000 -0.001678 -0.017434 2.712253
20855 728.205000 -0.001683 -0.017394 2.712274
20856 728.209000 0.001649 -0.017385 2.712265
20857 728.213000 -0.001656 -0.017387 2.712301
20858 728.216000 0.001646 -0.01739 2.712283
20859 728.220000 0.001646 -0.017469 2.712244
20860 728.224000 -0.00165 -0.01738 2.712263
20861 728.228000 -0.001684 -0.0174 2.712306
20862 728.232000 0.001646 -0.017384 2.712257
20863 728.236000 -0.001659 -0.017435 2.712242
20864 728.241000 -0.001673 -0.017399 2.712257
20865 728.245000 0.001649 -0.017377 2.712275
20866 728.249000 -0.001654 -0.017401 2.712254
20867 728.253000 0.001658 -0.017412 2.712284
20868 728.257000 -0.001648 -0.017368 2.71224
20869 728.261000 -0.001665 -0.017429 2.712286
20870 728.265000 0.001646 -0.017405 2.712244
20871 728.268000 0.00165 -0.017378 2.712293
20872 728.272000 -0.001646 -0.01737 2.712298
20873 728.277000 0.001647 -0.01744 2.712227
20874 728.282000 -0.001684 -0.017408 2.712265
20875 728.287000 -0.001672 -0.017376 2.712283
20876 728.291000 -0.001685 -0.01736 2.712291
20877 728.295000 0.001648 -0.017429 2.712225
20878 728.299000 -0.001646 -0.017397 2.712254
20879 728.302000 0.001646 -0.017358 2.712241
20880 728.307000 0.00165 -0.017391 2.71227
20881 728.311000 -0.001646 -0.017372 2.712299
20882 728.315000 -0.001672 -0.017366 2.712226
20883 728.319000 -0.00168 -0.01739 2.712243
20884 728.322000 -0.001659 -0.017403 2.712285
20885 728.326000 0.001647 -0.017362 2.712244
20886 728.330000 -0.001656 -0.017376 2.712314
20887 728.334000 0.001652 -0.017361 2.712215
20888 728.338000 0.001646 -0.017423 2.712228
20889 728.342000 -0.001646 -0.017391 2.712254
20890 728.347000 -0.001646 -0.017366 2.712287
20891 728.351000 -0.001675 -0.017316 2.712298
20892 728.355000 0.001646 -0.01736 2.712204
20893 728.360000 0.001647 -0.017383 2.712266
20894 728.363000 -0.001683 -0.017348 2.712255
20895 728.367000 -0.001646 -0.017305 2.712281
20896 728.371000 -0.001666 -0.017327 2.712273
20897 728.376000 0.001646 -0.017401 2.712224
20898 728.379000 -0.001683 -0.017346 2.712252
20899 728.383000 0.001646 -0.017332 2.712258
20900 728.388000 0.001646 -0.01735 2.712248
20901 728.392000 -0.001659 -0.017307 2.712251
20902 728.395000 0.001647 -0.017399 2.712219
20903 728.400000 0.001648 -0.017321 2.712264
20904 728.404000 -0.001646 -0.017385 2.712265
20905 728.408000 -0.001673 -0.017319 2.71229
20906 728.412000 0.00165 -0.017326 2.712222
20907 728.416000 0.001646 -0.017378 2.712222
20908 728.421000 0.001648 -0.017358 2.712247
20909 728.426000 0.001648 -0.017356 2.712259
20910 728.430000 -0.001665 -0.017301 2.712286
20911 728.435000 0.001646 -0.01738 2.712219
20912 728.439000 -0.001646 -0.017386 2.712246
20913 728.443000 -0.001679 -0.017304 2.712259
20914 728.448000 -0.001662 -0.017306 2.712266
20915 728.452000 0.00165 -0.017389 2.712217
20916 728.457000 0.001654 -0.017361 2.712261
20917 728.462000 -0.001683 -0.017319 2.712265
20918 728.466000 0.001647 -0.017338 2.712259
20919 728.470000 -0.001666 -0.017278 2.712275
20920 728.474000 0.001646 -0.017357 2.712216
20921 728.477000 -0.001646 -0.017363 2.71223
20922 728.481000 0.001656 -0.017303 2.712279
20923 728.485000 0.001646 -0.017351 2.712259
20924 728.489000 -0.00167 -0.01727 2.712257
20925 728.493000 -0.001679 -0.017319 2.712226
20926 728.497000 0.001648 -0.017336 2.712241
20927 728.501000 0.001646 -0.017338 2.712249
20928 728.505000 -0.001669 -0.017275 2.712277
20929 728.510000 -0.001664 -0.017294 2.712238
20930 728.514000 0.001657 -0.017314 2.71225
20931 728.518000 -0.001646 -0.017302 2.712266
20932 728.522000 0.00166 -0.017326 2.712259
20933 728.526000 -0.001646 -0.017307 2.712286
20934 728.530000 -0.001673 -0.017308 2.712214
20935 728.534000 -0.001684 -0.017321 2.71223
20936 728.539000 -0.001675 -0.017303 2.712264
20937 728.543000 0.001646 -0.017269 2.712242
20938 728.547000 -0.00166 -0.017262 2.712259
20939 728.552000 0.001646 -0.017367 2.712214
20940 728.556000 -0.001646 -0.017294 2.712254
20941 728.560000 -0.001668 -0.017315 2.712296
20942 728.564000 0.001646 -0.017245 2.712252
20943 728.568000 -0.001655 -0.017312 2.712225
20944 728.572000 -0.001676 -0.017298 2.712238
20945 728.576000 -0.001686 -0.017288 2.712251
20946 728.581000 -0.001675 -0.017267 2.712269
20947 728.585000 0.001648 -0.0173 2.71226
20948 728.589000 -0.001655 -0.017318 2.712219
20949 728.595000 0.001649 -0.017329 2.712231
20950 728.599000 0.001646 -0.017309 2.712243
20951 728.603000 -0.001669 -0.017239 2.712274
20952 728.607000 -0.001672 -0.017309 2.712206
20953 728.613000 0.001646 -0.017237 2.712232
20954 728.617000 -0.001657 -0.017285 2.712268
20955 728.621000 0.001651 -0.01728 2.71225
20956 728.627000 -0.001657 -0.017278 2.712217
20957 728.630000 0.001647 -0.017324 2.712213
20958 728.634000 -0.001663 -0.017258 2.712252
20959 728.639000 -0.001663 -0.017233 2.712273
20960 728.643000 0.001656 -0.017252 2.712271
20961 728.647000 0.001647 -0.017305 2.712199
20962 728.651000 -0.001653 -0.017307 2.712236
20963 728.656000 -0.00166 -0.017255 2.712243
20964 728.660000 -0.001683 -0.01725 2.71226
20965 728.663000 -0.001657 -0.017257 2.712279
20966 728.668000 0.001646 -0.017304 2.712203
20967 728.671000 -0.001686 -0.017248 2.71224
20968 728.675000 0.001647 -0.017266 2.712232
20969 728.680000 0.001652 -0.01725 2.712226
20970 728.684000 -0.00166 -0.01721 2.712242
20971 728.688000 -0.001675 -0.017262 2.712215
20972 728.692000 0.001653 -0.017253 2.712251
20973 728.696000 0.001646 -0.017287 2.712237
20974 728.700000 -0.001666 -0.017216 2.712256
20975 728.704000 0.001652 -0.017248 2.712182
20976 728.709000 0.001657 -0.017257 2.712234
20977 728.713000 -0.001646 -0.017244 2.712245
20978 728.717000 -0.001671 -0.017246 2.712276
20979 728.722000 -0.001674 -0.017188 2.712263
20980 728.726000 0.001649 -0.017274 2.712187
20981 728.730000 0.001646 -0.017271 2.712206
20982 728.734000 -0.001647 -0.01723 2.712244
20983 728.737000 0.001646 -0.017234 2.712249
20984 728.741000 -0.001662 -0.017192 2.712277
20985 728.746000 -0.001662 -0.017238 2.712206
20986 728.750000 -0.001673 -0.017233 2.712199
20987 728.754000 -0.001688 -0.017206 2.712247
20988 728.758000 0.001647 -0.017252 2.71224
20989 728.763000 0.001651 -0.017222 2.712178
20990 728.768000 0.001658 -0.017253 2.712232
20991 728.772000 -0.001646 -0.017212 2.712214
20992 728.777000 0.001646 -0.017248 2.712234
20993 728.781000 -0.00167 -0.017176 2.712246
20994 728.784000 0.001646 -0.017254 2.712184
20995 728.789000 0.001652 -0.017225 2.712246
20996 728.793000 0.001646 -0.01727 2.712245
20997 728.797000 -0.001647 -0.017204 2.712257
20998 728.801000 -0.001676 -0.017208 2.712205
20999 728.806000 -0.001665 -0.017205 2.712214
21000 728.810000 0.00165 -0.017178 2.712234
21001 728.814000 -0.001646 -0.017227 2.712238
21002 728.819000 -0.001663 -0.017186 2.712221
21003 728.822000 0.001646 -0.017255 2.712191
21004 728.826000 -0.001647 -0.017212 2.712228
21005 728.830000 -0.001679 -0.017196 2.712245
21006 728.834000 0.001647 -0.017218 2.712232
21007 728.838000 -0.001667 -0.017165 2.712253
21008 728.843000 0.001646 -0.017231 2.71219
21009 728.847000 -0.001669 -0.017176 2.712236
21010 728.851000 -0.001685 -0.017183 2.712237
21011 728.856000 0.001656 -0.017167 2.712273
21012 728.860000 0.001646 -0.017237 2.712185
21013 728.864000 -0.001647 -0.01719 2.712192
21014 728.868000 -0.001677 -0.01716 2.71224
21015 728.872000 0.00165 -0.017177 2.712207
21016 728.876000 -0.001646 -0.017165 2.712239
21017 728.880000 -0.001672 -0.017189 2.712198
21018 728.884000 -0.001686 -0.017177 2.712227
21019 728.889000 -0.001679 -0.017166 2.712246
21020 728.893000 0.001648 -0.017155 2.712233
21021 728.897000 0.001645 -0.017204 2.712188
21022 728.901000 0.001647 -0.017181 2.71218
21023 728.905000 -0.001684 -0.017153 2.71225
21024 728.909000 0.001646 -0.017195 2.712233
21025 728.913000 -0.001653 -0.017208 2.712245
21026 728.918000 -0.001652 -0.017227 2.712194
21027 728.922000 0.001649 -0.017141 2.712223
21028 728.926000 0.001646 -0.017194 2.712218
21029 728.930000 -0.001673 -0.017127 2.712242
21030 728.934000 0.001649 -0.01711 2.712237
21031 728.938000 0.001646 -0.017202 2.712178
21032 728.943000 0.001649 -0.01716 2.712201
21033 728.947000 0.001646 -0.017182 2.712216
21034 728.950000 0.00165 -0.017153 2.712197
21035 728.954000 -0.001663 -0.017124 2.712218
21036 728.958000 -0.001678 -0.017176 2.712191
21037 728.962000 0.001652 -0.017177 2.712232
21038 728.967000 -0.001683 -0.017134 2.712225
21039 728.971000 0.001647 -0.017143 2.712233
21040 728.975000 0.001645 -0.017205 2.712167
21041 728.979000 -0.001666 -0.017147 2.712201
21042 728.983000 0.001649 -0.017132 2.712219
21043 728.987000 -0.001646 -0.017146 2.712197
21044 728.991000 0.001654 -0.017121 2.712207
21045 728.996000 -0.001678 -0.017145 2.712199
21046 729.000000 0.001649 -0.017142 2.712208
21047 729.004000 0.001646 -0.017163 2.712219
21048 729.008000 -0.001658 -0.01716 2.712265
21049 729.012000 0.001649 -0.017121 2.71219
21050 729.016000 0.001646 -0.017194 2.712181
21051 729.020000 -0.001646 -0.017172 2.7122
21052 729.025000 0.001646 -0.017155 2.712219
21053 729.029000 -0.001668 -0.017098 2.712255
21054 729.032000 -0.001662 -0.017096 2.712219
21055 729.037000 0.001646 -0.017171 2.712181
21056 729.040000 0.001652 -0.017141 2.712225
21057 729.044000 0.001646 -0.017156 2.712213
21058 729.049000 0.001647 -0.017153 2.712225
21059 729.053000 -0.001656 -0.017155 2.712185
21060 729.058000 -0.001656 -0.017124 2.712202
21061 729.065000 -0.001675 -0.017118 2.712227
21062 729.069000 0.001649 -0.017068 2.712237
21063 729.071000 0.001646 -0.017123 2.712145
21064 729.074000 0.001662 -0.017162 2.712189
21065 729.076000 0.001651 -0.017177 2.71219
21066 729.080000 0.001646 -0.017134 2.712205
21067 729.084000 -0.00166 -0.017119 2.712214
21068 729.087000 -0.001656 -0.017101 2.712235
21069 729.092000 0.001646 -0.017182 2.712179
21070 729.096000 -0.001646 -0.017113 2.712193
21071 729.100000 -0.001667 -0.017147 2.712243
21072 729.106000 0.001646 -0.01712 2.712217
21073 729.109000 -0.001688 -0.01705 2.71224
21074 729.112000 -0.001651 -0.017151 2.712184
21075 729.116000 -0.001679 -0.017111 2.712197
21076 729.121000 -0.001672 -0.017099 2.712217
21077 729.126000 -0.001673 -0.017088 2.712233
21078 729.130000 0.001648 -0.017125 2.712164
21079 729.135000 -0.001681 -0.017102 2.712191
21080 729.139000 0.001649 -0.017084 2.7122
21081 729.143000 0.001646 -0.017114 2.712209
21082 729.148000 -0.001646 -0.017059 2.712202
21083 729.153000 0.001647 -0.017136 2.712163
21084 729.157000 -0.001647 -0.017089 2.71217
21085 729.161000 -0.001675 -0.017078 2.712219
21086 729.165000 0.001649 -0.017074 2.712209
21087 729.169000 0.001646 -0.017092 2.712214
21088 729.173000 -0.001666 -0.017071 2.712187
21089 729.177000 0.001649 -0.017053 2.712191
21090 729.182000 0.001649 -0.01704 2.712189
21091 729.186000 -0.001646 -0.017051 2.71221
21092 729.190000 0.001654 -0.017059 2.712206
21093 729.194000 -0.001646 -0.017089 2.712189
21094 729.199000 0.001646 -0.017125 2.712177
21095 729.203000 -0.001645 -0.017103 2.712194
21096 729.207000 -0.001664 -0.017077 2.712244
21097 729.212000 -0.001657 -0.017065 2.712221
21098 729.216000 -0.001676 -0.017078 2.712168
21099 729.220000 -0.001684 -0.017058 2.712196
21100 729.224000 0.00165 -0.017055 2.712191
21101 729.229000 -0.00168 -0.017049 2.712217
21102 729.233000 0.001647 -0.017091 2.712156
21103 729.237000 0.001646 -0.017112 2.712158
21104 729.243000 -0.001667 -0.017055 2.712215
21105 729.247000 0.001649 -0.017096 2.712198
21106 729.251000 -0.001647 -0.01704 2.712207
21107 729.256000 0.001646 -0.017099 2.712159
21108 729.260000 -0.001646 -0.017099 2.712176
21109 729.264000 -0.001682 -0.017028 2.712212
21110 729.268000 0.001648 -0.017029 2.712197
21111 729.272000 -0.001657 -0.017041 2.712145
21112 729.276000 -0.001679 -0.017073 2.712169
21113 729.280000 0.001646 -0.017064 2.712204
21114 729.285000 -0.001646 -0.017002 2.712207
21115 729.289000 -0.001673 -0.017006 2.712219
21116 729.293000 0.001648 -0.017101 2.712145
21117 729.298000 -0.001686 -0.017046 2.712192
21118 729.302000 0.001646 -0.017066 2.712185
21119 729.306000 -0.001645 -0.017054 2.712196
21120 729.310000 0.001655 -0.017015 2.712222
21121 729.314000 0.001648 -0.017102 2.71216
21122 729.318000 0.001646 -0.017074 2.712172
21123 729.322000 -0.001667 -0.017008 2.712207
21124 729.327000 0.001645 -0.017047 2.712199
21125 729.331000 -0.001665 -0.017025 2.712176
21126 729.336000 -0.001654 -0.017061 2.712159
21127 729.340000 0.001657 -0.017052 2.712182
21128 729.344000 -0.001646 -0.01704 2.712208
21129 729.348000 -0.001677 -0.016986 2.71222
21130 729.352000 0.001648 -0.017073 2.712145
21131 729.357000 -0.001685 -0.017013 2.712186
21132 729.361000 0.001647 -0.017047 2.712185
21133 729.364000 -0.001682 -0.017008 2.712201
21134 729.369000 -0.001676 -0.016973 2.712225
21135 729.373000 -0.001681 -0.017026 2.712164
21136 729.377000 0.001651 -0.017031 2.712145
21137 729.381000 -0.001646 -0.017019 2.712201
21138 729.385000 -0.001674 -0.017019 2.712213
21139 729.389000 0.001649 -0.016954 2.712206
21140 729.393000 0.001646 -0.017079 2.712162
21141 729.398000 -0.001645 -0.017004 2.71216
21142 729.402000 -0.001671 -0.016993 2.7122
21143 729.406000 0.001649 -0.016983 2.712192
21144 729.410000 0.001645 -0.017031 2.712146
21145 729.415000 -0.001645 -0.016989 2.712154
21146 729.420000 0.001646 -0.017012 2.712194
21147 729.425000 -0.001646 -0.016959 2.712201
21148 729.428000 0.001649 -0.017027 2.712188
21149 729.432000 0.001646 -0.017067 2.712142
21150 729.437000 0.001653 -0.016999 2.712144
21151 729.441000 -0.001647 -0.016966 2.712172
21152 729.445000 -0.001678 -0.016958 2.712229
21153 729.449000 0.001648 -0.017016 2.712111
21154 729.454000 -0.001679 -0.016985 2.712181
21155 729.459000 -0.001646 -0.016989 2.712198
21156 729.464000 -0.001645 -0.016978 2.712203
21157 729.468000 -0.001668 -0.016992 2.712153
21158 729.472000 -0.001677 -0.016989 2.712167
21159 729.476000 0.001651 -0.016984 2.712143
21160 729.480000 -0.001646 -0.016993 2.712194
21161 729.484000 -0.001674 -0.016938 2.712206
21162 729.488000 0.001645 -0.016994 2.712123
21163 729.493000 0.001646 -0.016962 2.712175
21164 729.497000 -0.001651 -0.017009 2.71219
21165 729.500000 -0.001646 -0.016946 2.712184
21166 729.504000 -0.001668 -0.016959 2.712181
21167 729.507000 0.001646 -0.017036 2.712141
21168 729.510000 -0.001682 -0.016985 2.712147
21169 729.514000 0.001648 -0.017005 2.712159
21170 729.518000 -0.001646 -0.016976 2.712176
21171 729.522000 -0.001669 -0.016971 2.712175
21172 729.526000 -0.001686 -0.01692 2.712185
21173 729.530000 0.00165 -0.01701 2.712137
21174 729.535000 0.001649 -0.016941 2.712154
21175 729.538000 -0.001677 -0.016942 2.712191
21176 729.542000 0.00165 -0.016944 2.712183
21177 729.547000 0.001651 -0.017 2.712138
21178 729.551000 0.001646 -0.017009 2.712145
21179 729.555000 -0.001645 -0.016988 2.712165
21180 729.559000 -0.001679 -0.016941 2.712198
21181 729.563000 0.00165 -0.016923 2.712167
21182 729.566000 0.001665 -0.016995 2.712151
21183 729.570000 0.001646 -0.01698 2.712165
21184 729.575000 0.001648 -0.016943 2.712169
21185 729.579000 -0.001658 -0.01695 2.712195
21186 729.582000 0.001645 -0.016948 2.71221
21187 729.587000 0.001645 -0.016947 2.712133
21188 729.591000 -0.001659 -0.016952 2.712152
21189 729.594000 0.001646 -0.016994 2.712163
21190 729.598000 -0.001664 -0.016918 2.712178
21191 729.604000 0.001649 -0.016893 2.712197
21192 729.609000 -0.001678 -0.016937 2.712149
21193 729.613000 0.001652 -0.016961 2.712128
21194 729.617000 -0.001647 -0.016904 2.712156
21195 729.621000 -0.00168 -0.016922 2.712208
21196 729.624000 -0.001646 -0.016972 2.712172
21197 729.628000 -0.001667 -0.016951 2.712135
21198 729.632000 0.00165 -0.016927 2.712149
21199 729.636000 -0.001646 -0.0169 2.712146
21200 729.640000 -0.001675 -0.016931 2.712188
21201 729.644000 0.001646 -0.016936 2.7121
21202 729.648000 -0.001655 -0.016958 2.712144
21203 729.652000 -0.001678 -0.016925 2.712167
21204 729.656000 -0.001687 -0.016908 2.712179
21205 729.659000 -0.001668 -0.016901 2.712193
21206 729.663000 -0.001682 -0.016882 2.712199
21207 729.667000 -0.001684 -0.016933 2.712134
21208 729.670000 -0.001646 -0.016946 2.712153
21209 729.674000 -0.001668 -0.016953 2.712196
21210 729.678000 0.001646 -0.01692 2.712143
21211 729.682000 -0.001645 -0.016944 2.712166
21212 729.686000 -0.001657 -0.016983 2.712141
21213 729.690000 0.001646 -0.016904 2.712154
21214 729.694000 -0.001652 -0.016959 2.712167
21215 729.698000 -0.001684 -0.016888 2.712187
21216 729.702000 0.001645 -0.016929 2.712102
21217 729.706000 0.001645 -0.016963 2.712131
21218 729.710000 -0.00166 -0.016929 2.712152
21219 729.714000 0.001648 -0.016914 2.712194
21220 729.718000 -0.001664 -0.016891 2.712191
21221 729.722000 -0.001684 -0.016884 2.712139
21222 729.726000 -0.001686 -0.016922 2.712139
21223 729.730000 0.001647 -0.016946 2.712146
21224 729.734000 -0.001663 -0.016892 2.71219
21225 729.738000 0.001657 -0.016906 2.712182
21226 729.742000 0.001647 -0.016966 2.712109
21227 729.746000 0.001645 -0.016957 2.712132
21228 729.750000 -0.001666 -0.016872 2.712181
21229 729.754000 0.001653 -0.016902 2.71214
21230 729.758000 -0.001646 -0.016867 2.71213
21231 729.763000 0.001646 -0.016921 2.712141
21232 729.767000 -0.001645 -0.016944 2.712145
21233 729.771000 0.001662 -0.01691 2.712164
21234 729.775000 0.001645 -0.016894 2.712188
21235 729.779000 -0.001661 -0.01689 2.712118
21236 729.783000 0.001652 -0.016962 2.712123
21237 729.787000 0.001646 -0.016933 2.712144
21238 729.792000 0.001647 -0.016904 2.712151
21239 729.795000 0.001654 -0.016879 2.712146
21240 729.799000 -0.001645 -0.016865 2.712168
21241 729.804000 -0.001645 -0.016879 2.712126
21242 729.807000 0.00165 -0.016909 2.712168
21243 729.811000 -0.001645 -0.016902 2.712181
21244 729.815000 -0.001667 -0.01688 2.712156
21245 729.819000 -0.00168 -0.016855 2.712168
21246 729.822000 0.001646 -0.016927 2.712113
21247 729.826000 -0.001659 -0.016866 2.712163
21248 729.830000 0.001653 -0.016863 2.712143
21249 729.835000 -0.001678 -0.016865 2.712185
21250 729.839000 -0.001684 -0.016862 2.712139
21251 729.842000 -0.001646 -0.016876 2.712102
21252 729.847000 0.001647 -0.016922 2.712146
21253 729.851000 -0.00166 -0.016848 2.712158
21254 729.855000 -0.00168 -0.016842 2.712177
21255 729.860000 -0.001666 -0.016863 2.71213
21256 729.864000 -0.001678 -0.016875 2.712136
21257 729.868000 0.001647 -0.0169 2.712137
21258 729.872000 -0.001664 -0.016826 2.71218
21259 729.876000 0.001652 -0.016837 2.712145
21260 729.880000 0.001646 -0.016901 2.712132
21261 729.883000 -0.001684 -0.016858 2.712135
21262 729.888000 -0.001679 -0.016836 2.712166
21263 729.892000 0.001649 -0.016842 2.712152
21264 729.896000 0.001645 -0.016863 2.71216
21265 729.900000 -0.001661 -0.016875 2.712109
21266 729.903000 -0.001655 -0.016871 2.712129
21267 729.906000 0.001646 -0.016877 2.71216
21268 729.910000 -0.00166 -0.01684 2.712145
21269 729.914000 -0.001687 -0.01684 2.712169
21270 729.919000 -0.001674 -0.016856 2.712127
21271 729.923000 0.001653 -0.016851 2.712093
21272 729.927000 -0.001647 -0.016808 2.712128
21273 729.931000 -0.001681 -0.016829 2.712185
21274 729.935000 0.001646 -0.016825 2.712132
21275 729.939000 -0.001663 -0.016828 2.712129
21276 729.943000 -0.001678 -0.016842 2.712135
21277 729.947000 -0.001688 -0.016829 2.712156
21278 729.950000 -0.001668 -0.016795 2.712159
21279 729.956000 0.00165 -0.016797 2.712134
21280 729.960000 0.001646 -0.016872 2.712121
21281 729.963000 -0.001681 -0.016838 2.712113
21282 729.967000 0.001649 -0.016822 2.712133
21283 729.972000 -0.001683 -0.0168 2.712165
21284 729.978000 0.001646 -0.016843 2.712098
21285 729.983000 -0.001684 -0.016824 2.71212
21286 729.988000 0.001656 -0.016826 2.712166
21287 729.992000 0.001646 -0.016868 2.712147
21288 729.997000 0.001645 -0.016831 2.712076
21289 730.001000 -0.001645 -0.016868 2.712105
21290 730.006000 -0.001646 -0.016826 2.712151
21291 730.010000 0.001655 -0.016833 2.712177
21292 730.015000 -0.001687 -0.016786 2.712168
21293 730.020000 -0.001668 -0.016846 2.712091
21294 730.024000 0.001646 -0.016821 2.712102
21295 730.029000 0.001646 -0.016843 2.712148
21296 730.034000 0.001649 -0.016784 2.712133
21297 730.037000 -0.001669 -0.016848 2.712115
21298 730.042000 -0.001645 -0.016856 2.712118
21299 730.047000 -0.001645 -0.016814 2.712154
21300 730.051000 -0.001658 -0.016839 2.712151
21301 730.055000 0.001646 -0.01679 2.71215
21302 730.060000 -0.001679 -0.016818 2.712113
21303 730.065000 -0.001646 -0.016814 2.712139
21304 730.069000 -0.001674 -0.016776 2.712161
21305 730.074000 -0.001665 -0.01677 2.712164
21306 730.078000 0.001666 -0.016844 2.712107
21307 730.083000 -0.001676 -0.016784 2.712134
21308 730.088000 -0.001645 -0.016825 2.71214
21309 730.093000 0.001645 -0.016816 2.712147
21310 730.097000 -0.001659 -0.016821 2.712094
21311 730.102000 -0.001661 -0.016807 2.712098
21312 730.107000 -0.001645 -0.016827 2.712131
21313 730.112000 -0.001655 -0.016782 2.712128
21314 730.116000 -0.001681 -0.01679 2.712102
21315 730.121000 -0.001646 -0.0168 2.712124
21316 730.126000 -0.001659 -0.016778 2.712135
21317 730.131000 0.001645 -0.0168 2.712141
21318 730.136000 0.001645 -0.016767 2.712068
21319 730.140000 -0.001655 -0.016792 2.712121
21320 730.145000 -0.001661 -0.016778 2.712132
21321 730.150000 0.001645 -0.016804 2.712135
21322 730.158000 0.001653 -0.016832 2.712107
21323 730.162000 -0.001647 -0.016737 2.712138
21324 730.166000 -0.00167 -0.016765 2.712151
21325 730.169000 -0.001645 -0.016785 2.712166
21326 730.171000 -0.001663 -0.016729 2.712174
21327 730.176000 0.001647 -0.016818 2.712101
21328 730.181000 0.001653 -0.016765 2.712093
21329 730.187000 -0.001645 -0.016754 2.712144
21330 730.190000 0.001645 -0.016733 2.712123
21331 730.194000 -0.001656 -0.016772 2.712094
21332 730.198000 -0.001671 -0.016764 2.712112
21333 730.203000 0.001645 -0.016784 2.712125
21334 730.208000 -0.001645 -0.016731 2.71212
21335 730.213000 0.001646 -0.016804 2.712094
21336 730.217000 -0.001645 -0.016773 2.712096
21337 730.222000 0.001646 -0.016792 2.712132
21338 730.227000 0.001648 -0.016745 2.712142
21339 730.232000 -0.001682 -0.01674 2.712101
21340 730.237000 -0.001664 -0.016739 2.712132
21341 730.242000 -0.001664 -0.016713 2.712148
21342 730.246000 0.001652 -0.016749 2.712112
21343 730.251000 0.001649 -0.016737 2.712096
21344 730.256000 -0.001678 -0.016754 2.712112
21345 730.261000 -0.001669 -0.016718 2.712141
21346 730.266000 -0.001646 -0.016733 2.712144
21347 730.271000 -0.001662 -0.016694 2.712131
21348 730.275000 -0.001676 -0.016753 2.712096
21349 730.279000 -0.001686 -0.016732 2.712115
21350 730.283000 0.001646 -0.016765 2.712115
21351 730.288000 0.001649 -0.016723 2.712133
21352 730.291000 0.001655 -0.016727 2.712151
21353 730.295000 0.001648 -0.016803 2.712097
21354 730.299000 0.001645 -0.016767 2.712105
21355 730.304000 0.001647 -0.016747 2.712115
21356 730.308000 -0.001664 -0.016696 2.712155
21357 730.312000 -0.001682 -0.016728 2.712097
21358 730.317000 -0.001665 -0.01671 2.712103
21359 730.321000 -0.001683 -0.01671 2.712123
21360 730.325000 0.001648 -0.016704 2.712121
21361 730.329000 0.001645 -0.016736 2.712129
21362 730.333000 -0.00166 -0.01674 2.712078
21363 730.337000 0.001648 -0.016734 2.712109
21364 730.341000 0.001645 -0.01676 2.71211
21365 730.346000 -0.001646 -0.016704 2.71211
21366 730.350000 -0.001677 -0.016675 2.712113
21367 730.354000 -0.001685 -0.016716 2.712094
21368 730.358000 -0.001645 -0.016709 2.712089
21369 730.362000 -0.001672 -0.016711 2.712132
21370 730.366000 -0.001687 -0.01667 2.712132
21371 730.370000 0.001646 -0.016744 2.712077
21372 730.375000 -0.001682 -0.016704 2.712094
21373 730.378000 -0.001665 -0.016711 2.712101
21374 730.382000 -0.001682 -0.016705 2.712129
21375 730.386000 0.001648 -0.016696 2.712126
21376 730.390000 0.001645 -0.016734 2.712074
21377 730.395000 -0.001687 -0.016708 2.712098
21378 730.399000 -0.001645 -0.016699 2.712096
21379 730.405000 -0.001683 -0.01669 2.712138
21380 730.409000 0.001645 -0.016706 2.712046
21381 730.413000 -0.001659 -0.016705 2.712092
21382 730.418000 -0.001646 -0.016707 2.712123
21383 730.423000 0.001645 -0.016716 2.712115
21384 730.427000 -0.001671 -0.016651 2.712138
21385 730.432000 -0.001645 -0.016726 2.712101
21386 730.437000 -0.001655 -0.016687 2.712117
21387 730.440000 0.001646 -0.016722 2.712113
21388 730.444000 -0.001652 -0.016725 2.712125
21389 730.449000 0.001645 -0.016742 2.712063
21390 730.454000 -0.001645 -0.016666 2.712105
21391 730.458000 -0.001665 -0.016683 2.71212
21392 730.463000 -0.001662 -0.016686 2.712148
21393 730.467000 0.001654 -0.016685 2.712052
21394 730.472000 -0.001674 -0.016682 2.712097
21395 730.477000 -0.001645 -0.016711 2.712104
21396 730.481000 -0.001675 -0.016655 2.712125
21397 730.486000 -0.001646 -0.016662 2.712118
21398 730.491000 0.001647 -0.016717 2.712068
21399 730.495000 0.001645 -0.016712 2.712086
21400 730.500000 0.00165 -0.016671 2.712082
21401 730.505000 0.001649 -0.016655 2.71212
21402 730.510000 -0.001681 -0.016675 2.712075
21403 730.515000 -0.00166 -0.016671 2.712088
21404 730.520000 -0.001675 -0.016655 2.71211
21405 730.525000 -0.001653 -0.016699 2.712121
21406 730.529000 0.00165 -0.016658 2.712075
21407 730.534000 -0.001681 -0.016656 2.712088
21408 730.539000 0.001657 -0.016661 2.712136
21409 730.544000 -0.001682 -0.016633 2.71213
21410 730.549000 -0.001677 -0.016646 2.712086
21411 730.553000 0.001651 -0.016699 2.712076
21412 730.557000 -0.001645 -0.016665 2.712111
21413 730.560000 0.001648 -0.01668 2.712098
21414 730.566000 -0.001665 -0.016616 2.712125
21415 730.571000 0.001646 -0.016683 2.712089
21416 730.576000 -0.001683 -0.016648 2.7121
21417 730.581000 -0.001667 -0.016652 2.71215
21418 730.585000 0.001646 -0.016645 2.712041
21419 730.590000 -0.001677 -0.016654 2.712084
21420 730.594000 -0.001685 -0.016619 2.712108
21421 730.599000 -0.001674 -0.016627 2.712121
21422 730.604000 -0.001667 -0.016604 2.712123
21423 730.609000 0.001645 -0.016697 2.712062
21424 730.612000 -0.001685 -0.016647 2.712092
21425 730.616000 0.001647 -0.016652 2.712088
21426 730.620000 -0.001646 -0.016626 2.712113
21427 730.624000 0.001655 -0.016605 2.712141
21428 730.628000 0.001646 -0.016686 2.712051
21429 730.632000 -0.001648 -0.016639 2.712064
21430 730.637000 0.001645 -0.016663 2.712091
21431 730.641000 -0.001673 -0.016587 2.712115
21432 730.646000 -0.001659 -0.01662 2.712119
21433 730.650000 0.001659 -0.016686 2.712076
21434 730.654000 0.001645 -0.016636 2.712094
21435 730.658000 -0.001662 -0.016623 2.71209
21436 730.661000 -0.001645 -0.016624 2.712126
21437 730.666000 -0.00166 -0.01657 2.712132
21438 730.669000 0.001646 -0.01668 2.712059
21439 730.673000 0.001645 -0.016665 2.712062
21440 730.677000 -0.001667 -0.016597 2.712106
21441 730.681000 -0.001683 -0.016593 2.712118
21442 730.684000 -0.001646 -0.016615 2.712119
21443 730.689000 0.001646 -0.016649 2.712044
21444 730.693000 -0.001646 -0.016627 2.712055
21445 730.697000 -0.001682 -0.01659 2.712108
21446 730.702000 -0.001659 -0.01666 2.712112
21447 730.706000 0.001647 -0.016628 2.712092
21448 730.711000 -0.001679 -0.01662 2.712063
21449 730.714000 -0.001654 -0.016665 2.712085
21450 730.719000 -0.00166 -0.016603 2.712095
21451 730.721000 -0.00168 -0.016597 2.7121
21452 730.725000 0.001648 -0.016556 2.712106
21453 730.730000 0.001657 -0.01663 2.712081
21454 730.734000 0.001645 -0.016621 2.7121
21455 730.739000 0.001649 -0.016577 2.712088
21456 730.744000 -0.001683 -0.016545 2.712121
21457 730.748000 0.001645 -0.016607 2.712034
21458 730.752000 -0.001652 -0.016629 2.712104
21459 730.755000 0.001645 -0.016599 2.712093
21460 730.761000 -0.001669 -0.016602 2.712084
21461 730.766000 -0.001669 -0.01661 2.712049
21462 730.771000 -0.001645 -0.016609 2.712073
21463 730.776000 0.001645 -0.016603 2.712092
21464 730.781000 -0.001645 -0.016556 2.712093
21465 730.786000 0.001647 -0.016606 2.712081
21466 730.791000 -0.001677 -0.016604 2.712063
21467 730.796000 0.001645 -0.016606 2.712069
21468 730.800000 -0.001664 -0.016558 2.71211
21469 730.805000 -0.001645 -0.016574 2.712102
21470 730.810000 0.001645 -0.016569 2.712045
21471 730.811000 -0.001659 -0.016633 2.712069
21472 730.814000 -0.001659 -0.016598 2.712073
21473 730.818000 -0.001681 -0.016576 2.712094
