29545 1435672068.680498 0.043956 -0.035165 19.976923
29546 1435672068.680498 0.043956 -0.035165 19.976923
29547 1435672068.690629 0.043956 -0.035165 19.976923
29548 1435672068.700750 0.043956 -0.035165 19.976923
29549 1435672068.711101 0.043956 -0.035165 19.976923
29550 1435672068.721146 0.043956 -0.035165 19.976923
29551 1435672068.731208 0.043956 -0.035165 19.976923
29552 1435672068.741307 0.043956 -0.035165 19.976923
29553 1435672068.751349 0.043956 -0.035165 19.976923
29554 1435672068.761474 0.043956 -0.035165 19.976923
29555 1435672068.771551 0.043956 -0.035165 19.976923
29556 1435672068.781616 0.043956 -0.035165 19.976923
29557 1435672068.791681 0.043956 -0.035165 19.976923
29558 1435672068.801807 0.043956 -0.035165 19.976923
29559 1435672068.811877 0.043956 -0.035165 19.976923
29560 1435672068.821953 0.043956 -0.035165 19.976923
29561 1435672068.832030 0.043956 -0.035165 19.976923
29562 1435672068.842104 0.043956 -0.035165 19.976923
29563 1435672068.852179 0.043956 -0.035165 19.976923
29564 1435672068.862193 0.043956 -0.035165 20.064835
29565 1435672068.872287 0.043956 -0.035165 19.976923
29566 1435672068.882352 0.043956 -0.035165 19.976923
29567 1435672068.892413 0.043956 -0.035165 19.976923
29568 1435672068.902480 0.043956 -0.035165 19.976923
29569 1435672068.912571 0.043956 -0.035165 19.976923
29570 1435672068.922642 0.043956 -0.035165 19.976923
29571 1435672068.932681 0.043956 -0.035165 19.976923
29572 1435672068.942727 0.043956 -0.035165 19.976923
29573 1435672068.952789 0.043956 -0.035165 19.976923
29574 1435672068.962847 0.043956 -0.035165 19.976923
29575 1435672068.972906 0.043956 -0.035165 19.976923
29576 1435672068.982979 0.043956 -0.035165 19.976923
29577 1435672068.993047 0.043956 -0.035165 19.976923
29578 1435672069.003119 0.043956 -0.035165 19.976923
29579 1435672069.013183 0.043956 -0.035165 19.976923
29580 1435672069.023247 0.043956 -0.035165 19.976923
29581 1435672069.033322 0.043956 -0.035165 19.976923
29582 1435672069.043378 0.043956 -0.035165 19.976923
29583 1435672069.053440 0.043956 -0.035165 19.976923
29584 1435672069.063510 0.043956 -0.035165 19.976923
29585 1435672069.073682 0.043956 -0.035165 19.976923
29586 1435672069.083732 0.043956 -0.035165 19.976923
29587 1435672069.093824 0.043956 -0.035165 19.976923
29588 1435672069.103907 0.043956 -0.035165 19.976923
29589 1435672069.113967 0.043956 -0.035165 19.976923
29590 1435672069.124027 0.043956 -0.035165 19.976923
29591 1435672069.134098 0.043956 -0.035165 19.976923
29592 1435672069.144181 0.043956 -0.035165 19.976923
29593 1435672069.154249 0.043956 -0.035165 19.976923
29594 1435672069.164373 0.043956 -0.035165 19.976923
29595 1435672069.174405 0.043956 -0.035165 19.976923
29596 1435672069.184467 0.043956 -0.035165 19.976923
29597 1435672069.194513 0.043956 -0.035165 19.976923
29598 1435672069.204613 0.043956 -0.035165 19.976923
29599 1435672069.214664 0.043956 -0.035165 19.976923
29600 1435672069.224732 0.043956 -0.035165 19.976923
29601 1435672069.234805 0.043956 -0.035165 19.976923
29602 1435672069.244872 0.043956 -0.035165 19.976923
29603 1435672069.254943 0.043956 -0.035165 19.976923
29604 1435672069.265000 0.043956 -0.035165 19.976923
29605 1435672069.275061 0.043956 -0.035165 19.976923
29606 1435672069.285122 0.043956 -0.035165 19.976923
29607 1435672069.295182 0.043956 -0.035165 19.976923
29608 1435672069.305228 0.043956 -0.035165 19.976923
29609 1435672069.315307 0.043956 -0.035165 19.976923
29610 1435672069.325385 0.043956 -0.035165 19.976923
29611 1435672069.335456 0.043956 -0.035165 19.976923
29612 1435672069.345518 0.043956 -0.035165 19.976923
29613 1435672069.355603 0.043956 -0.035165 19.976923
29614 1435672069.365664 0.043956 -0.035165 19.976923
29615 1435672069.375684 0.043956 -0.035165 19.976923
29616 1435672069.385743 0.043956 -0.035165 19.976923
29617 1435672069.395804 0.043956 -0.035165 19.976923
29618 1435672069.405822 0.043956 -0.035165 19.976923
29619 1435672069.415881 0.043956 -0.035165 19.976923
29620 1435672069.425943 0.043956 -0.035165 19.976923
29621 1435672069.436004 0.043956 -0.035165 19.976923
29622 1435672069.446066 0.043956 -0.035165 19.976923
29623 1435672069.456144 0.043956 -0.035165 19.976923
29624 1435672069.466205 0.043956 -0.035165 19.976923
29625 1435672069.476264 0.043956 -0.035165 19.976923
29626 1435672069.486326 0.043956 -0.035165 19.976923
29627 1435672069.496387 0.043956 -0.035165 19.976923
29628 1435672069.506451 0.043956 -0.035165 19.976923
29629 1435672069.516498 0.043956 -0.035165 19.976923
29630 1435672069.526562 0.043956 -0.035165 19.976923
29631 1435672069.536595 0.043956 -0.035165 19.976923
29632 1435672069.546653 0.043956 -0.035165 19.976923
29633 1435672069.556711 0.043956 -0.035165 20.064835
29634 1435672069.566764 0.043956 -0.035165 19.976923
29635 1435672069.576824 0.043956 -0.035165 19.976923
29636 1435672069.586849 0.043956 -0.035165 19.976923
29637 1435672069.597078 0.043956 -0.035165 19.976923
29638 1435672069.607115 0.043956 -0.035165 19.976923
29639 1435672069.617156 0.043956 -0.035165 19.976923
29640 1435672069.627241 0.043956 -0.035165 19.976923
29641 1435672069.637361 0.043956 -0.035165 19.976923
29642 1435672069.647381 0.043956 -0.035165 19.976923
29643 1435672069.657466 0.043956 -0.035165 19.976923
29644 1435672069.667574 0.043956 -0.035165 19.976923
29645 1435672069.677554 0.043956 -0.035165 19.976923
29646 1435672069.687613 0.043956 -0.035165 19.976923
29647 1435672069.697703 0.043956 -0.035165 19.976923
29648 1435672069.707903 0.043956 -0.035165 19.976923
29649 1435672069.717951 0.043956 -0.035165 19.976923
29650 1435672069.727995 0.043956 -0.035165 19.976923
29651 1435672069.738058 0.043956 -0.035165 19.976923
29652 1435672069.748141 0.043956 -0.035165 19.976923
29653 1435672069.758203 0.043956 -0.035165 19.976923
29654 1435672069.768264 0.043956 -0.035165 19.976923
29655 1435672069.778333 0.043956 -0.035165 19.976923
29656 1435672069.788394 0.043956 -0.035165 19.976923
29657 1435672069.798452 0.043956 -0.035165 19.976923
29658 1435672069.808522 0.043956 -0.035165 19.976923
29659 1435672069.818553 0.043956 -0.035165 19.976923
29660 1435672069.828612 0.043956 -0.035165 19.976923
29661 1435672069.838674 0.043956 -0.035165 19.976923
29662 1435672069.848720 0.043956 -0.035165 19.976923
29663 1435672069.858787 0.043956 -0.035165 19.976923
29664 1435672069.868849 0.043956 -0.035165 19.976923
29665 1435672069.878908 0.043956 -0.035165 19.976923
29666 1435672069.888957 0.043956 -0.035165 19.976923
29667 1435672069.899016 0.043956 -0.035165 19.976923
29668 1435672069.909074 0.043956 -0.035165 19.976923
29669 1435672069.919135 0.043956 -0.035165 19.976923
29670 1435672069.929195 0.043956 -0.035165 19.976923
29671 1435672069.939259 0.043956 -0.035165 19.976923
29672 1435672069.949322 0.043956 -0.035165 19.976923
29673 1435672069.959380 0.043956 -0.035165 19.976923
29674 1435672069.969439 0.043956 -0.035165 20.064835
29675 1435672069.979497 0.043956 -0.035165 19.976923
29676 1435672069.989555 0.043956 -0.035165 19.976923
29677 1435672069.999615 0.043956 -0.035165 19.976923
29678 1435672070.009677 0.043956 -0.035165 19.976923
29679 1435672070.019740 0.043956 -0.035165 19.976923
29680 1435672070.029801 0.043956 -0.035165 19.976923
29681 1435672070.039864 0.043956 -0.035165 19.976923
29682 1435672070.049926 0.043956 -0.035165 19.976923
29683 1435672070.059988 0.043956 -0.035165 19.976923
29684 1435672070.070048 0.043956 -0.035165 19.976923
29685 1435672070.080107 0.043956 -0.035165 19.976923
29686 1435672070.090165 0.043956 -0.035165 19.976923
29687 1435672070.100224 0.043956 -0.035165 19.976923
29688 1435672070.110284 0.043956 -0.035165 19.976923
29689 1435672070.120341 0.043956 -0.035165 19.976923
29690 1435672070.130432 0.043956 -0.035165 19.976923
29691 1435672070.140552 0.043956 -0.035165 19.976923
29692 1435672070.150613 0.043956 -0.035165 19.976923
29693 1435672070.160674 0.043956 -0.035165 19.976923
29694 1435672070.170733 0.043956 -0.035165 19.976923
29695 1435672070.180818 0.043956 -0.035165 19.976923
29696 1435672070.190883 0.043956 -0.035165 19.976923
29697 1435672070.200987 0.043956 -0.035165 19.976923
29698 1435672070.211043 0.043956 -0.035165 19.976923
29699 1435672070.221104 0.043956 -0.035165 19.976923
29700 1435672070.231164 0.043956 -0.035165 19.976923
29701 1435672070.241226 0.043956 -0.035165 19.976923
29702 1435672070.251285 0.043956 -0.035165 19.976923
29703 1435672070.261353 0.043956 -0.035165 19.976923
29704 1435672070.271413 0.043956 -0.035165 19.976923
29705 1435672070.281473 0.043956 -0.035165 19.976923
29706 1435672070.291535 0.043956 -0.035165 19.976923
29707 1435672070.301594 0.043956 -0.035165 19.976923
29708 1435672070.311659 0.043956 -0.035165 19.976923
29709 1435672070.321720 0.043956 -0.035165 19.976923
29710 1435672070.331782 0.043956 -0.035165 19.976923
29711 1435672070.341844 0.043956 -0.035165 19.976923
29712 1435672070.351951 0.043956 -0.035165 19.976923
29713 1435672070.362012 0.043956 -0.035165 19.976923
29714 1435672070.372079 0.043956 -0.035165 19.976923
29715 1435672070.382099 0.043956 -0.035165 19.976923
29716 1435672070.392177 0.043956 -0.035165 19.976923
29717 1435672070.402267 0.043956 -0.035165 19.976923
29718 1435672070.412333 0.043956 -0.035165 19.976923
29719 1435672070.422397 0.043956 -0.035165 19.976923
29720 1435672070.432459 0.043956 -0.035165 19.976923
29721 1435672070.442521 0.043956 -0.035165 19.976923
29722 1435672070.452629 0.043956 -0.035165 19.976923
29723 1435672070.462667 0.043956 -0.035165 19.976923
29724 1435672070.472907 0.043956 -0.035165 19.976923
29725 1435672070.482989 0.043956 -0.035165 19.976923
29726 1435672070.493051 0.043956 -0.035165 19.976923
29727 1435672070.503141 0.043956 -0.035165 19.976923
29728 1435672070.513194 0.043956 -0.035165 19.976923
29729 1435672070.523255 0.043956 -0.035165 19.976923
29730 1435672070.533352 0.043956 -0.035165 19.976923
29731 1435672070.543377 0.043956 -0.035165 20.064835
29732 1435672070.553435 0.043956 -0.035165 19.976923
29733 1435672070.563497 0.043956 -0.035165 19.976923
29734 1435672070.573596 0.043956 -0.035165 19.976923
29735 1435672070.583634 0.043956 -0.035165 19.976923
29736 1435672070.593648 0.043956 -0.035165 19.976923
29737 1435672070.603706 0.043956 -0.035165 19.976923
29738 1435672070.613768 0.043956 -0.035165 19.976923
29739 1435672070.623846 0.043956 -0.035165 19.976923
29740 1435672070.633890 0.043956 -0.035165 19.976923
29741 1435672070.643961 0.043956 -0.035165 19.976923
29742 1435672070.654071 0.043956 -0.035165 19.976923
29743 1435672070.664090 0.043956 -0.035165 19.976923
29744 1435672070.674126 0.043956 -0.035165 19.976923
29745 1435672070.684166 0.043956 -0.035165 19.976923
29746 1435672070.694227 0.043956 -0.035165 19.976923
29747 1435672070.704288 0.043956 -0.035165 19.976923
29748 1435672070.714349 0.043956 -0.035165 19.976923
29749 1435672070.724503 0.043956 -0.035165 19.976923
29750 1435672070.734576 0.043956 -0.035165 19.976923
29751 1435672070.744633 0.043956 -0.035165 19.976923
29752 1435672070.754717 0.043956 -0.035165 19.976923
29753 1435672070.764791 0.043956 -0.035165 19.976923
29754 1435672070.774853 0.043956 -0.035165 19.976923
29755 1435672070.784918 0.043956 -0.035165 19.976923
29756 1435672070.794977 0.043956 -0.035165 19.976923
29757 1435672070.805036 0.043956 -0.035165 19.976923
29758 1435672070.815080 0.043956 -0.035165 19.976923
29759 1435672070.825141 0.043956 -0.035165 19.976923
29760 1435672070.835204 0.043956 -0.035165 19.976923
29761 1435672070.845268 0.043956 -0.035165 19.976923
29762 1435672070.855332 0.043956 -0.035165 19.976923
29763 1435672070.865394 0.043956 -0.035165 19.976923
29764 1435672070.875488 0.043956 -0.035165 19.976923
29765 1435672070.885550 0.043956 -0.035165 19.976923
29766 1435672070.895610 0.043956 -0.035165 19.976923
29767 1435672070.905675 0.043956 -0.035165 19.976923
29768 1435672070.915749 0.043956 -0.035165 19.976923
29769 1435672070.926017 0.043956 -0.035165 19.976923
29770 1435672070.935890 0.043956 -0.035165 19.976923
29771 1435672070.945962 0.043956 -0.035165 19.976923
29772 1435672070.956047 0.043956 -0.035165 19.976923
29773 1435672070.966121 0.043956 -0.035165 19.976923
29774 1435672070.976187 0.043956 -0.035165 19.976923
29775 1435672070.986259 0.043956 -0.035165 19.976923
29776 1435672070.996393 0.043956 -0.035165 19.976923
29777 1435672071.006466 0.043956 -0.035165 19.976923
29778 1435672071.016546 0.043956 -0.035165 19.976923
29779 1435672071.027450 0.043956 -0.035165 19.976923
29780 1435672071.037771 0.043956 -0.035165 19.976923
29781 1435672071.047870 0.043956 -0.035165 19.976923
29782 1435672071.058009 0.043956 -0.035165 19.976923
29783 1435672071.068257 0.043956 -0.035165 19.976923
29784 1435672071.078272 0.043956 -0.035165 19.976923
29785 1435672071.088332 0.043956 -0.035165 19.976923
29786 1435672071.098400 0.043956 -0.035165 19.976923
29787 1435672071.108461 0.043956 -0.035165 19.976923
29788 1435672071.118522 0.043956 -0.035165 19.976923
29789 1435672071.128583 0.043956 -0.035165 19.976923
29790 1435672071.138644 0.043956 -0.035165 19.976923
29791 1435672071.148705 0.043956 -0.035165 19.976923
29792 1435672071.158763 0.043956 -0.035165 19.976923
29793 1435672071.168825 0.043956 -0.035165 19.976923
29794 1435672071.178884 0.043956 -0.035165 19.976923
29795 1435672071.188955 0.043956 -0.035165 19.976923
29796 1435672071.199016 0.043956 -0.035165 19.976923
29797 1435672071.209076 0.043956 -0.035165 19.976923
29798 1435672071.219137 0.043956 -0.035165 19.976923
29799 1435672071.229198 0.043956 -0.035165 19.976923
29800 1435672071.239255 0.043956 -0.035165 19.976923
29801 1435672071.249315 0.043956 -0.035165 19.976923
29802 1435672071.259355 0.043956 -0.035165 19.976923
29803 1435672071.269416 0.043956 -0.035165 19.976923
29804 1435672071.279478 0.043956 -0.035165 19.976923
29805 1435672071.289540 0.043956 -0.035165 19.976923
29806 1435672071.299604 0.043956 -0.123077 19.976923
29807 1435672071.309664 0.043956 -0.035165 19.976923
29808 1435672071.319724 0.043956 -0.035165 19.976923
29809 1435672071.329793 0.043956 -0.035165 19.976923
29810 1435672071.339909 0.043956 -0.035165 19.976923
29811 1435672071.350004 0.043956 -0.035165 19.976923
29812 1435672071.360053 0.043956 -0.035165 19.976923
29813 1435672071.370076 0.043956 -0.035165 19.976923
29814 1435672071.380171 0.043956 -0.035165 19.976923
29815 1435672071.390212 0.043956 -0.035165 19.976923
29816 1435672071.400275 0.043956 -0.035165 19.976923
29817 1435672071.410333 0.043956 -0.035165 19.976923
29818 1435672071.420399 0.043956 -0.035165 19.976923
29819 1435672071.430457 0.043956 -0.035165 19.976923
29820 1435672071.440523 0.043956 -0.035165 19.976923
29821 1435672071.450584 0.043956 -0.035165 19.976923
29822 1435672071.460665 0.043956 -0.035165 19.976923
29823 1435672071.470725 0.043956 -0.035165 19.976923
29824 1435672071.480785 0.043956 -0.035165 19.976923
29825 1435672071.490849 0.043956 -0.035165 19.976923
29826 1435672071.500910 0.043956 -0.035165 19.976923
29827 1435672071.510980 0.043956 -0.035165 19.976923
29828 1435672071.521046 0.043956 -0.035165 19.976923
29829 1435672071.531142 0.043956 -0.035165 19.976923
29830 1435672071.541196 0.043956 -0.035165 19.976923
29831 1435672071.551281 0.043956 -0.035165 19.976923
29832 1435672071.561352 0.043956 -0.035165 19.976923
29833 1435672071.571458 0.043956 -0.035165 19.976923
29834 1435672071.581501 0.043956 -0.035165 19.976923
29835 1435672071.591663 0.043956 -0.035165 19.976923
29836 1435672071.601778 0.043956 -0.035165 19.976923
29837 1435672071.611846 0.043956 -0.035165 19.976923
29838 1435672071.621906 0.043956 -0.035165 19.976923
29839 1435672071.631930 0.043956 -0.035165 19.976923
29840 1435672071.641990 0.043956 -0.035165 19.976923
29841 1435672071.652050 0.043956 -0.035165 19.976923
29842 1435672071.662108 0.043956 -0.035165 19.976923
29843 1435672071.672179 0.043956 -0.035165 19.976923
29844 1435672071.682323 0.043956 -0.035165 19.976923
29845 1435672071.692339 0.043956 -0.035165 19.976923
29846 1435672071.702537 0.043956 -0.035165 19.976923
29847 1435672071.712816 0.043956 -0.035165 19.976923
29848 1435672071.722850 0.043956 -0.035165 19.976923
29849 1435672071.732890 0.043956 -0.035165 19.976923
29850 1435672071.742951 0.043956 -0.035165 19.976923
29851 1435672071.753239 0.043956 -0.035165 19.976923
29852 1435672071.763307 0.043956 -0.035165 19.976923
29853 1435672071.773370 0.043956 -0.035165 19.976923
29854 1435672071.783430 0.043956 -0.035165 19.976923
29855 1435672071.793490 0.043956 -0.035165 19.976923
29856 1435672071.803551 0.043956 -0.035165 19.976923
29857 1435672071.813665 0.043956 -0.035165 19.976923
29858 1435672071.823694 0.043956 -0.035165 19.976923
29859 1435672071.833761 0.043956 -0.035165 19.976923
29860 1435672071.843885 0.043956 -0.035165 19.976923
29861 1435672071.853935 0.043956 -0.035165 19.976923
29862 1435672071.863995 0.043956 -0.035165 19.976923
29863 1435672071.874055 0.043956 -0.035165 19.976923
29864 1435672071.884114 0.043956 -0.035165 19.976923
29865 1435672071.894173 0.043956 -0.035165 19.976923
29866 1435672071.904235 0.043956 -0.035165 19.976923
29867 1435672071.914295 0.043956 -0.035165 19.976923
29868 1435672071.924354 0.043956 -0.035165 19.976923
29869 1435672071.934413 0.043956 -0.035165 19.976923
29870 1435672071.944465 0.043956 -0.035165 19.976923
29871 1435672071.954534 0.043956 -0.035165 19.976923
29872 1435672071.964580 0.043956 -0.035165 19.976923
29873 1435672071.974686 0.043956 -0.035165 19.976923
29874 1435672071.984749 0.043956 -0.035165 19.976923
29875 1435672071.994782 0.043956 -0.035165 19.976923
29876 1435672072.004841 0.043956 -0.035165 19.976923
29877 1435672072.014893 0.043956 -0.035165 19.976923
29878 1435672072.024975 0.043956 -0.035165 19.976923
29879 1435672072.035027 0.043956 -0.035165 19.976923
29880 1435672072.045086 0.043956 -0.035165 19.976923
29881 1435672072.055144 0.043956 -0.035165 19.976923
29882 1435672072.065207 0.043956 -0.035165 19.976923
29883 1435672072.075287 0.043956 -0.035165 19.976923
29884 1435672072.085335 0.043956 -0.035165 19.976923
29885 1435672072.095396 0.043956 -0.035165 19.976923
29886 1435672072.105478 0.043956 -0.035165 19.976923
29887 1435672072.115525 0.043956 -0.035165 19.976923
29888 1435672072.125586 0.043956 -0.035165 19.976923
29889 1435672072.135650 0.043956 -0.035165 19.976923
29890 1435672072.145751 0.043956 -0.035165 19.976923
29891 1435672072.155820 0.043956 -0.035165 19.976923
29892 1435672072.165895 0.043956 -0.035165 19.976923
29893 1435672072.175988 0.043956 -0.035165 20.064835
29894 1435672072.186073 0.043956 -0.035165 19.976923
29895 1435672072.196112 0.043956 -0.035165 19.976923
29896 1435672072.206389 0.043956 -0.035165 19.976923
29897 1435672072.216521 0.043956 -0.035165 19.976923
29898 1435672072.226595 0.043956 -0.035165 19.976923
29899 1435672072.236648 0.043956 -0.035165 19.976923
29900 1435672072.246714 0.043956 -0.035165 19.976923
29901 1435672072.256775 0.043956 -0.035165 19.976923
29902 1435672072.266825 0.043956 -0.035165 19.976923
29903 1435672072.276891 0.043956 -0.035165 19.976923
29904 1435672072.287005 0.043956 -0.035165 19.976923
29905 1435672072.297143 0.043956 -0.035165 19.976923
29906 1435672072.307402 0.043956 -0.035165 19.976923
29907 1435672072.317464 0.043956 -0.035165 19.976923
29908 1435672072.327946 0.043956 -0.035165 19.976923
29909 1435672072.338083 0.043956 -0.035165 19.976923
29910 1435672072.348139 0.043956 -0.035165 19.976923
29911 1435672072.358198 0.043956 -0.035165 19.976923
29912 1435672072.368261 0.043956 -0.035165 20.064835
29913 1435672072.378321 0.043956 -0.035165 19.976923
29914 1435672072.388381 0.043956 -0.035165 19.976923
29915 1435672072.398444 0.043956 -0.035165 19.976923
29916 1435672072.408531 0.043956 -0.035165 19.976923
29917 1435672072.418587 0.043956 -0.035165 19.976923
29918 1435672072.428648 0.043956 -0.035165 19.976923
29919 1435672072.438730 0.043956 -0.035165 19.976923
29920 1435672072.448792 0.043956 -0.035165 19.976923
29921 1435672072.458861 0.043956 -0.035165 19.976923
29922 1435672072.468930 0.043956 -0.035165 19.976923
29923 1435672072.478990 0.043956 -0.035165 19.976923
29924 1435672072.489052 0.043956 -0.035165 19.976923
29925 1435672072.499079 0.043956 -0.035165 19.976923
29926 1435672072.509136 0.043956 -0.035165 19.976923
29927 1435672072.519197 0.043956 -0.035165 19.976923
29928 1435672072.529256 0.043956 -0.035165 19.976923
29929 1435672072.539325 0.043956 -0.035165 19.976923
29930 1435672072.549380 0.043956 -0.035165 19.976923
29931 1435672072.559442 0.043956 -0.035165 19.976923
29932 1435672072.569505 0.043956 -0.035165 19.976923
29933 1435672072.579569 0.043956 -0.035165 19.976923
29934 1435672072.589615 0.043956 -0.035165 19.976923
29935 1435672072.599676 0.043956 -0.035165 19.976923
29936 1435672072.609737 0.043956 -0.035165 19.976923
29937 1435672072.619795 0.043956 -0.035165 19.976923
29938 1435672072.629888 0.043956 -0.035165 19.976923
29939 1435672072.639934 0.043956 -0.035165 19.976923
29940 1435672072.649998 0.043956 -0.035165 19.976923
29941 1435672072.660059 0.043956 -0.035165 19.976923
29942 1435672072.670107 0.043956 -0.035165 19.976923
29943 1435672072.680186 0.043956 -0.035165 19.976923
29944 1435672072.690244 0.043956 -0.035165 19.976923
29945 1435672072.700320 0.043956 -0.035165 19.976923
29946 1435672072.710379 0.043956 -0.035165 19.976923
29947 1435672072.720429 0.043956 -0.035165 19.976923
29948 1435672072.730464 0.043956 -0.035165 19.976923
29949 1435672072.740522 0.043956 -0.035165 19.976923
29950 1435672072.750666 0.043956 -0.035165 19.976923
29951 1435672072.760725 0.043956 -0.035165 19.976923
29952 1435672072.770805 0.043956 -0.035165 19.976923
29953 1435672072.780865 0.043956 -0.035165 19.976923
29954 1435672072.790956 0.043956 -0.035165 19.976923
29955 1435672072.801052 0.043956 -0.035165 19.976923
29956 1435672072.811107 0.043956 -0.035165 19.976923
29957 1435672072.821185 0.043956 -0.035165 19.976923
29958 1435672072.831212 0.043956 -0.035165 19.976923
29959 1435672072.841257 0.043956 -0.035165 19.976923
29960 1435672072.851407 0.043956 -0.035165 19.976923
29961 1435672072.861560 0.043956 -0.035165 19.976923
29962 1435672072.871592 0.043956 -0.035165 19.976923
29963 1435672072.881661 0.043956 -0.035165 19.976923
29964 1435672072.891724 0.043956 -0.035165 19.976923
29965 1435672072.901790 0.043956 -0.035165 19.976923
29966 1435672072.911840 0.043956 -0.035165 19.976923
29967 1435672072.921895 0.043956 -0.035165 19.976923
29968 1435672072.931959 0.043956 -0.035165 19.976923
29969 1435672072.942038 0.043956 -0.035165 19.976923
29970 1435672072.952085 0.043956 -0.035165 19.976923
29971 1435672072.962163 0.043956 -0.035165 19.976923
29972 1435672072.972247 0.043956 -0.035165 19.976923
29973 1435672072.982325 0.043956 -0.035165 19.976923
29974 1435672072.992425 0.043956 -0.035165 19.976923
29975 1435672073.002500 0.043956 -0.035165 19.976923
29976 1435672073.012664 0.043956 -0.035165 19.976923
29977 1435672073.022710 0.043956 -0.035165 19.976923
29978 1435672073.032787 0.043956 -0.035165 19.976923
29979 1435672073.042836 0.043956 -0.035165 19.976923
29980 1435672073.052921 0.043956 -0.035165 19.976923
29981 1435672073.063198 0.043956 -0.035165 19.976923
29982 1435672073.073256 0.043956 -0.035165 19.976923
29983 1435672073.083320 0.043956 -0.035165 19.976923
29984 1435672073.093377 0.043956 -0.035165 19.976923
29985 1435672073.103442 0.043956 -0.035165 19.976923
29986 1435672073.113502 0.043956 -0.035165 19.976923
29987 1435672073.123564 0.043956 -0.035165 19.976923
29988 1435672073.133624 0.043956 -0.035165 19.976923
29989 1435672073.143710 0.043956 -0.035165 19.976923
29990 1435672073.153770 0.043956 -0.035165 19.976923
29991 1435672073.163843 0.043956 -0.035165 19.976923
29992 1435672073.173883 0.043956 -0.035165 19.976923
29993 1435672073.183945 0.043956 -0.035165 19.976923
29994 1435672073.194016 0.043956 -0.035165 19.976923
29995 1435672073.204098 0.043956 -0.035165 19.976923
29996 1435672073.214170 0.043956 -0.035165 19.976923
29997 1435672073.224369 0.043956 -0.035165 19.976923
29998 1435672073.234471 0.043956 -0.035165 19.976923
29999 1435672073.244534 0.043956 -0.035165 19.976923
30000 1435672073.254591 0.043956 -0.035165 19.976923
30001 1435672073.264641 0.043956 -0.035165 19.976923
30002 1435672073.274702 0.043956 -0.035165 19.976923
30003 1435672073.284756 0.043956 -0.035165 19.976923
30004 1435672073.294817 0.043956 -0.035165 19.976923
30005 1435672073.304878 0.043956 -0.035165 19.976923
30006 1435672073.314938 0.043956 -0.035165 19.976923
30007 1435672073.324971 0.043956 -0.035165 19.976923
30008 1435672073.335060 0.043956 -0.035165 19.976923
30009 1435672073.345131 0.043956 -0.035165 19.976923
30010 1435672073.355179 0.043956 -0.035165 19.976923
30011 1435672073.365229 0.043956 -0.035165 19.976923
30012 1435672073.375293 0.043956 -0.035165 19.976923
30013 1435672073.385357 0.043956 -0.035165 19.976923
30014 1435672073.395417 0.043956 -0.035165 19.976923
30015 1435672073.405478 0.043956 -0.035165 19.976923
30016 1435672073.415540 0.043956 -0.035165 19.976923
30017 1435672073.425605 0.043956 -0.035165 19.976923
30018 1435672073.435692 0.043956 -0.035165 19.976923
30019 1435672073.445777 0.043956 -0.035165 19.976923
30020 1435672073.455811 0.043956 -0.035165 19.976923
30021 1435672073.465873 0.043956 -0.035165 19.976923
30022 1435672073.475943 0.043956 -0.035165 19.976923
30023 1435672073.486006 0.043956 -0.035165 19.976923
30024 1435672073.496066 0.043956 -0.035165 19.976923
30025 1435672073.506124 0.043956 -0.035165 19.976923
30026 1435672073.516203 0.043956 -0.035165 19.976923
30027 1435672073.526289 0.043956 -0.035165 19.976923
30028 1435672073.536352 0.043956 -0.035165 19.976923
30029 1435672073.546413 0.043956 -0.035165 19.976923
30030 1435672073.556475 0.043956 -0.035165 19.976923
30031 1435672073.566544 0.043956 -0.035165 19.976923
30032 1435672073.576599 0.043956 -0.035165 19.976923
30033 1435672073.586685 0.043956 -0.035165 19.976923
30034 1435672073.596771 0.043956 -0.035165 19.976923
30035 1435672073.606819 0.043956 -0.035165 19.976923
30036 1435672073.616878 0.043956 -0.035165 19.976923
30037 1435672073.626941 0.043956 -0.035165 19.976923
30038 1435672073.637008 0.043956 -0.035165 19.976923
30039 1435672073.647090 0.043956 -0.035165 19.976923
30040 1435672073.657175 0.043956 -0.035165 19.976923
30041 1435672073.667249 0.043956 -0.035165 19.976923
30042 1435672073.677328 0.043956 -0.035165 19.976923
30043 1435672073.687357 0.043956 -0.035165 19.976923
30044 1435672073.697504 0.043956 -0.035165 19.976923
30045 1435672073.707593 0.043956 -0.035165 19.976923
30046 1435672073.717651 0.043956 -0.035165 19.976923
30047 1435672073.727716 0.043956 -0.035165 19.976923
30048 1435672073.737776 0.043956 -0.035165 19.976923
30049 1435672073.747850 0.043956 -0.035165 19.976923
30050 1435672073.757891 0.043956 -0.035165 19.976923
30051 1435672073.767924 0.043956 -0.035165 19.976923
30052 1435672073.778005 0.043956 -0.035165 19.976923
30053 1435672073.788066 0.043956 -0.035165 19.976923
30054 1435672073.798128 0.043956 -0.035165 19.976923
30055 1435672073.808192 0.043956 -0.035165 19.976923
30056 1435672073.818261 0.043956 -0.035165 19.976923
30057 1435672073.828346 0.043956 -0.035165 19.976923
30058 1435672073.838464 0.043956 -0.035165 19.976923
30059 1435672073.848492 0.043956 -0.035165 19.976923
30060 1435672073.858554 0.043956 -0.035165 19.976923
30061 1435672073.868617 0.043956 -0.035165 19.976923
30062 1435672073.878678 0.043956 -0.035165 19.976923
30063 1435672073.888739 0.043956 -0.035165 19.976923
30064 1435672073.898799 0.043956 -0.035165 19.976923
30065 1435672073.908861 0.043956 -0.035165 19.976923
30066 1435672073.918921 0.043956 -0.035165 19.976923
30067 1435672073.928986 0.043956 -0.035165 19.976923
30068 1435672073.939056 0.043956 -0.035165 19.976923
30069 1435672073.949124 0.043956 -0.035165 19.976923
30070 1435672073.959178 0.043956 -0.035165 19.976923
30071 1435672073.969252 0.043956 -0.035165 19.976923
30072 1435672073.979329 0.043956 -0.035165 19.976923
30073 1435672073.989430 0.043956 -0.035165 19.976923
30074 1435672073.999487 0.043956 -0.035165 19.976923
30075 1435672074.009570 0.043956 -0.035165 19.976923
30076 1435672074.019627 0.043956 -0.035165 19.976923
30077 1435672074.029690 0.043956 -0.035165 19.976923
30078 1435672074.039764 0.043956 -0.035165 19.976923
30079 1435672074.049839 0.043956 -0.035165 19.976923
30080 1435672074.059895 0.043956 -0.035165 19.976923
30081 1435672074.070005 0.043956 -0.035165 19.976923
30082 1435672074.080118 0.043956 -0.035165 19.976923
30083 1435672074.090223 0.043956 -0.035165 19.976923
30084 1435672074.100322 0.043956 -0.035165 19.976923
30085 1435672074.110404 0.043956 -0.035165 19.976923
30086 1435672074.120463 0.043956 -0.035165 19.976923
30087 1435672074.130524 0.043956 -0.035165 19.976923
30088 1435672074.140592 0.043956 -0.035165 19.976923
30089 1435672074.150653 0.043956 -0.035165 19.976923
30090 1435672074.160717 0.043956 -0.035165 19.976923
30091 1435672074.170779 0.043956 -0.035165 19.976923
30092 1435672074.180846 0.043956 -0.035165 19.976923
30093 1435672074.190925 0.043956 -0.035165 19.976923
30094 1435672074.200994 0.043956 -0.035165 19.976923
30095 1435672074.211052 0.043956 -0.035165 19.976923
30096 1435672074.221123 0.043956 -0.035165 19.976923
30097 1435672074.231188 0.043956 -0.035165 19.976923
30098 1435672074.241260 0.043956 -0.035165 19.976923
30099 1435672074.251656 0.043956 -0.035165 19.976923
30100 1435672074.262323 0.043956 -0.035165 19.976923
30101 1435672074.272378 0.043956 -0.035165 19.976923
30102 1435672074.282437 0.043956 -0.035165 19.976923
30103 1435672074.292518 0.043956 -0.035165 19.976923
30104 1435672074.302578 0.043956 -0.035165 19.976923
30105 1435672074.312641 0.043956 -0.035165 19.976923
30106 1435672074.322702 0.043956 -0.035165 19.976923
30107 1435672074.332741 0.043956 -0.035165 19.976923
30108 1435672074.342799 0.043956 -0.035165 19.976923
30109 1435672074.352859 0.043956 -0.035165 19.976923
30110 1435672074.362920 0.043956 -0.035165 19.976923
30111 1435672074.372979 0.043956 -0.035165 19.976923
30112 1435672074.383039 0.043956 -0.035165 19.976923
30113 1435672074.393076 0.043956 -0.035165 19.976923
30114 1435672074.403135 0.043956 -0.035165 19.976923
30115 1435672074.413207 0.043956 -0.035165 19.976923
30116 1435672074.423269 0.043956 -0.035165 19.976923
30117 1435672074.433328 0.043956 -0.035165 19.976923
30118 1435672074.443390 0.043956 -0.035165 19.976923
30119 1435672074.453421 0.043956 -0.035165 19.976923
30120 1435672074.463500 0.043956 -0.035165 19.976923
30121 1435672074.473573 0.043956 -0.035165 19.976923
30122 1435672074.483625 0.043956 -0.035165 19.976923
30123 1435672074.493640 0.043956 -0.035165 19.976923
30124 1435672074.503701 0.043956 -0.035165 19.976923
30125 1435672074.513770 0.043956 -0.035165 19.976923
30126 1435672074.523905 0.043956 -0.035165 19.976923
30127 1435672074.534028 0.043956 -0.035165 19.976923
30128 1435672074.544119 0.043956 -0.035165 19.976923
30129 1435672074.554252 0.043956 -0.035165 19.976923
30130 1435672074.564285 0.043956 -0.035165 19.976923
30131 1435672074.574362 0.043956 -0.035165 19.976923
30132 1435672074.584423 0.043956 -0.035165 19.976923
30133 1435672074.594495 0.043956 -0.035165 19.976923
30134 1435672074.604562 0.043956 -0.035165 19.976923
30135 1435672074.614621 0.043956 -0.035165 19.976923
30136 1435672074.624704 0.043956 -0.035165 19.976923
30137 1435672074.634766 0.043956 -0.035165 19.976923
30138 1435672074.644840 0.043956 -0.035165 19.976923
30139 1435672074.654904 0.043956 -0.035165 19.976923
30140 1435672074.664970 0.043956 -0.035165 19.976923
30141 1435672074.675031 0.043956 -0.035165 19.976923
30142 1435672074.685095 0.043956 -0.035165 19.976923
30143 1435672074.695160 0.043956 -0.035165 19.976923
30144 1435672074.705221 0.043956 -0.035165 19.976923
30145 1435672074.715283 0.043956 -0.035165 19.976923
30146 1435672074.725402 0.043956 -0.035165 19.976923
30147 1435672074.735478 0.043956 -0.035165 19.976923
30148 1435672074.745548 0.043956 -0.035165 19.976923
30149 1435672074.755598 0.043956 -0.035165 19.976923
30150 1435672074.765642 0.043956 -0.035165 19.976923
30151 1435672074.775703 0.043956 -0.035165 19.976923
30152 1435672074.785769 0.043956 -0.035165 19.976923
30153 1435672074.795805 0.043956 -0.035165 19.976923
30154 1435672074.805832 0.043956 -0.035165 19.976923
30155 1435672074.815892 0.043956 -0.035165 19.976923
30156 1435672074.825963 0.043956 -0.035165 19.976923
30157 1435672074.836026 0.043956 -0.035165 19.976923
30158 1435672074.846076 0.043956 -0.035165 19.976923
30159 1435672074.856149 0.043956 -0.035165 19.976923
30160 1435672074.866176 0.043956 -0.035165 19.976923
30161 1435672074.876249 0.043956 -0.035165 19.976923
30162 1435672074.886311 0.043956 -0.035165 19.976923
30163 1435672074.896354 0.043956 -0.035165 19.976923
30164 1435672074.906415 0.043956 -0.035165 19.976923
30165 1435672074.916487 0.043956 -0.035165 19.976923
30166 1435672074.926615 0.043956 -0.035165 19.889011
30167 1435672074.936678 0.043956 -0.035165 19.889011
30168 1435672074.946734 0.043956 -0.035165 19.889011
30169 1435672074.956866 0.043956 -0.035165 19.889011
30170 1435672074.966924 0.043956 -0.035165 19.889011
30171 1435672074.976982 0.043956 -0.035165 19.801099
30172 1435672074.987030 0.043956 -0.035165 19.713187
30173 1435672074.997091 0.043956 -0.035165 19.713187
30174 1435672075.007155 0.043956 -0.035165 19.625275
30175 1435672075.017227 0.043956 -0.035165 19.537363
30176 1435672075.027288 0.043956 -0.035165 19.449451
30177 1435672075.037359 0.043956 -0.035165 19.273626
30178 1435672075.047449 0.043956 -0.035165 19.273626
30179 1435672075.057524 0.043956 -0.035165 19.185714
30180 1435672075.067609 0.043956 -0.035165 19.097802
30181 1435672075.077617 0.043956 -0.035165 18.921978
30182 1435672075.087679 0.043956 -0.035165 18.834066
30183 1435672075.097743 0.043956 -0.035165 18.746154
30184 1435672075.107809 0.131868 0.052747 18.57033
30185 1435672075.117879 0.043956 0.052747 18.482418
30186 1435672075.127937 0.043956 0.052747 18.306593
30187 1435672075.137992 0.131868 0.052747 18.130769
30188 1435672075.148059 0.043956 0.052747 17.954945
30189 1435672075.158123 0.043956 0.052747 17.779121
30190 1435672075.168220 0.043956 0.052747 17.515385
30191 1435672075.178281 0.043956 0.052747 17.33956
30192 1435672075.188345 0.043956 0.052747 17.075824
30193 1435672075.198411 0.131868 0.052747 16.9
30194 1435672075.208476 0.043956 0.052747 16.724176
30195 1435672075.218537 0.043956 0.052747 16.548352
30196 1435672075.228617 0.043956 0.052747 16.372527
30197 1435672075.238634 0.043956 0.052747 16.196703
30198 1435672075.248670 0.043956 0.052747 15.932967
30199 1435672075.258728 0.043956 0.052747 15.581319
30200 1435672075.268813 0.043956 0.052747 15.317582
30201 1435672075.278908 0.043956 0.052747 15.141758
30202 1435672075.288964 0.043956 0.052747 14.878022
30203 1435672075.299028 0.043956 0.052747 14.614286
30204 1435672075.309094 0.043956 0.052747 14.350549
30205 1435672075.319116 0.043956 0.052747 14.086813
30206 1435672075.329198 0.043956 -0.035165 13.735165
30207 1435672075.339230 0.043956 0.052747 13.471429
30208 1435672075.349302 0.043956 0.052747 13.11978
30209 1435672075.359364 0.043956 0.052747 12.768132
30210 1435672075.369447 0.043956 0.052747 12.504396
30211 1435672075.379496 0.043956 0.052747 12.328571
30212 1435672075.389587 0.043956 0.052747 11.889011
30213 1435672075.399614 0.043956 0.052747 11.449451
30214 1435672075.409675 0.043956 0.052747 11.185714
30215 1435672075.419754 0.043956 0.052747 10.834066
30216 1435672075.429805 0.043956 0.052747 10.482418
30217 1435672075.439859 0.043956 0.052747 10.042857
30218 1435672075.449952 0.043956 0.052747 9.779121
30219 1435672075.459991 0.043956 0.052747 9.33956
30220 1435672075.470069 0.043956 0.052747 9.075824
30221 1435672075.480132 0.043956 0.052747 8.636264
30222 1435672075.490200 0.043956 0.052747 8.284615
30223 1435672075.500261 0.043956 0.052747 7.845055
30224 1435672075.510323 0.043956 0.052747 7.493407
30225 1435672075.520388 0.043956 0.052747 7.053846
30226 1435672075.530445 0.043956 0.052747 6.79011
30227 1435672075.540507 0.043956 0.052747 6.262637
30228 1435672075.550591 0.043956 0.052747 5.910989
30229 1435672075.560613 0.043956 0.052747 5.471429
30230 1435672075.570674 0.043956 0.052747 5.11978
30231 1435672075.580721 0.043956 0.052747 4.68022
30232 1435672075.590964 0.043956 0.052747 4.328571
30233 1435672075.601037 0.043956 0.052747 3.801099
30234 1435672075.611166 0.043956 0.052747 3.449451
30235 1435672075.621232 0.043956 0.052747 2.921978
30236 1435672075.631512 0.043956 0.052747 2.394505
30237 1435672075.641707 0.043956 0.052747 2.042857
30238 1435672075.651772 0.043956 0.052747 1.603297
30239 1435672075.662021 0.043956 0.052747 1.251648
30240 1435672075.672090 0.043956 0.052747 0.724176
30241 1435672075.682155 0.043956 0.052747 0.372527
30242 1435672075.692218 0.043956 0.052747 -0.067033
30243 1435672075.702429 0.043956 0.052747 -0.506593
30244 1435672075.712492 0.043956 0.052747 -0.946154
30245 1435672075.722568 0.043956 0.052747 -1.297802
30246 1435672075.732631 0.043956 0.052747 -1.737363
30247 1435672075.742696 0.043956 0.052747 -2.089011
30248 1435672075.752755 0.043956 0.052747 -2.616484
30249 1435672075.762945 0.131868 0.052747 -2.88022
30250 1435672075.773002 0.131868 0.052747 -3.407692
30251 1435672075.783061 0.043956 0.052747 -3.759341
30252 1435672075.793120 0.043956 0.052747 -4.286813
30253 1435672075.803193 0.131868 0.052747 -4.550549
30254 1435672075.813253 0.131868 0.052747 -4.99011
30255 1435672075.823313 0.131868 0.052747 -5.341758
30256 1435672075.833385 0.043956 0.052747 -5.869231
30257 1435672075.843444 0.043956 0.052747 -6.220879
30258 1435672075.853523 0.043956 0.052747 -6.66044
30259 1435672075.863573 0.043956 0.140659 -7.012088
30260 1435672075.873633 0.043956 0.052747 -7.363736
30261 1435672075.883679 0.043956 0.052747 -7.803297
30262 1435672075.893747 0.043956 0.052747 -8.067033
30263 1435672075.903810 0.043956 0.052747 -8.594505
30264 1435672075.913876 0.043956 0.052747 -8.858242
30265 1435672075.923939 0.043956 0.140659 -9.121978
30266 1435672075.934011 0.043956 0.052747 -9.561538
30267 1435672075.944073 0.043956 0.052747 -9.913187
30268 1435672075.954137 0.043956 0.052747 -10.264835
30269 1435672075.964209 0.043956 0.052747 -10.704396
30270 1435672075.974304 0.043956 0.052747 -10.968132
30271 1435672075.984374 0.043956 0.052747 -11.407692
30272 1435672075.994436 0.043956 0.052747 -11.671429
30273 1435672076.004532 0.043956 0.052747 -12.023077
30274 1435672076.014604 0.043956 0.052747 -12.374725
30275 1435672076.024662 0.043956 0.052747 -12.638462
30276 1435672076.034737 0.043956 0.052747 -12.902198
30277 1435672076.044814 0.043956 0.052747 -13.253846
30278 1435672076.054871 0.043956 0.052747 -13.517582
30279 1435672076.064933 -0.043956 0.052747 -13.957143
30280 1435672076.074996 -0.043956 0.052747 -14.132967
30281 1435672076.085056 0.043956 0.052747 -14.484615
30282 1435672076.095084 -0.043956 0.052747 -14.66044
30283 1435672076.105146 -0.043956 0.052747 -15.012088
30284 1435672076.115209 0.043956 0.052747 -15.187912
30285 1435672076.125271 -0.043956 0.052747 -15.53956
30286 1435672076.135333 -0.043956 0.052747 -15.891209
30287 1435672076.145409 -0.043956 0.052747 -16.067033
30288 1435672076.155481 -0.043956 0.052747 -16.330769
30289 1435672076.165555 -0.043956 0.052747 -16.506593
30290 1435672076.175631 -0.043956 -0.035165 -16.77033
30291 1435672076.185646 -0.043956 -0.035165 -16.946154
30292 1435672076.195726 -0.043956 0.052747 -17.20989
30293 1435672076.205784 -0.043956 -0.035165 -17.385714
30294 1435672076.215849 -0.043956 -0.035165 -17.649451
30295 1435672076.225908 -0.043956 -0.035165 -17.825275
30296 1435672076.235969 -0.043956 -0.035165 -18.001099
30297 1435672076.246031 -0.043956 -0.035165 -18.176923
30298 1435672076.256090 -0.043956 -0.035165 -18.352747
30299 1435672076.266150 -0.043956 -0.035165 -18.528571
30300 1435672076.276209 -0.043956 -0.035165 -18.704396
30301 1435672076.286294 -0.043956 -0.035165 -18.792308
30302 1435672076.296362 -0.043956 -0.035165 -19.056044
30303 1435672076.306436 -0.043956 -0.035165 -19.143956
30304 1435672076.316495 -0.043956 -0.035165 -19.231868
30305 1435672076.326550 -0.043956 -0.035165 -19.407692
30306 1435672076.336610 -0.043956 -0.035165 -19.495604
30307 1435672076.346669 -0.043956 -0.035165 -19.583516
30308 1435672076.356728 -0.043956 -0.035165 -19.759341
30309 1435672076.366787 -0.043956 -0.035165 -19.759341
30310 1435672076.376851 -0.043956 -0.035165 -19.847253
30311 1435672076.386914 -0.043956 -0.035165 -19.935165
30312 1435672076.396992 -0.043956 -0.123077 -19.935165
30313 1435672076.407072 -0.043956 -0.123077 -19.935165
30314 1435672076.417131 -0.043956 -0.123077 -20.023077
30315 1435672076.427195 -0.043956 -0.123077 -20.023077
30316 1435672076.437261 -0.043956 -0.123077 -19.935165
30317 1435672076.447321 -0.131868 -0.298901 -19.495604
30318 1435672076.457383 -0.131868 -0.298901 -19.143956
30319 1435672076.467486 -0.131868 -0.298901 -18.616484
30320 1435672076.477547 -0.131868 -0.298901 -17.561538
30321 1435672076.487578 -0.131868 -0.386813 -16.594505
30322 1435672076.497658 -0.131868 -0.386813 -15.979121
30323 1435672076.507724 -0.131868 -0.386813 -15.363736
30324 1435672076.517805 -0.131868 -0.298901 -15.012088
30325 1435672076.527867 -0.131868 -0.298901 -14.748352
30326 1435672076.537943 -0.131868 -0.298901 -14.748352
30327 1435672076.548021 -0.131868 -0.298901 -14.924176
30328 1435672076.558073 -0.131868 -0.298901 -15.1
30329 1435672076.568134 -0.131868 -0.298901 -15.451648
30330 1435672076.578199 -0.131868 -0.298901 -15.627473
30331 1435672076.588290 -0.043956 -0.298901 -15.979121
30332 1435672076.598355 -0.043956 -0.298901 -16.154945
30333 1435672076.608429 -0.131868 -0.298901 -16.77033
30334 1435672076.618474 -0.131868 -0.386813 -17.20989
30335 1435672076.628543 -0.21978 -0.386813 -17.825275
30336 1435672076.638616 -0.21978 -0.474725 -18.176923
30337 1435672076.648667 -0.21978 -0.474725 -18.88022
30338 1435672076.658728 -0.21978 -0.474725 -19.407692
30339 1435672076.668787 -0.21978 -0.298901 -20.023077
30340 1435672076.678850 -0.21978 -0.210989 -20.550549
30341 1435672076.688910 -0.131868 0.052747 -20.99011
30342 1435672076.698972 -0.131868 0.052747 -21.341758
30343 1435672076.709032 -0.043956 0.140659 -21.605495
30344 1435672076.719114 -0.043956 0.140659 -21.781319
30345 1435672076.729172 -0.043956 0.140659 -21.781319
30346 1435672076.739231 -0.043956 0.140659 -21.781319
30347 1435672076.749299 -0.131868 0.140659 -21.693407
30348 1435672076.759356 -0.043956 0.140659 -21.605495
30349 1435672076.769415 -0.043956 0.052747 -21.42967
30350 1435672076.779483 -0.043956 0.052747 -21.341758
30351 1435672076.789553 -0.043956 0.052747 -21.253846
30352 1435672076.799637 0.043956 -0.035165 -21.165934
30353 1435672076.809717 0.043956 -0.035165 -21.165934
30354 1435672076.819778 0.043956 -0.035165 -21.165934
30355 1435672076.829849 0.043956 -0.035165 -21.078022
30356 1435672076.839866 0.043956 -0.035165 -21.078022
30357 1435672076.849934 0.131868 -0.035165 -21.078022
30358 1435672076.859985 0.131868 0.052747 -21.078022
30359 1435672076.870046 0.043956 -0.035165 -21.078022
30360 1435672076.880118 0.131868 0.052747 -20.99011
30361 1435672076.890185 0.043956 0.052747 -20.99011
30362 1435672076.900265 0.131868 0.052747 -20.902198
30363 1435672076.910302 0.131868 0.052747 -20.814286
30364 1435672076.920379 0.131868 -0.035165 -20.726374
30365 1435672076.930715 0.131868 0.052747 -20.638462
30366 1435672076.940482 0.131868 0.052747 -20.550549
30367 1435672076.950532 0.131868 0.052747 -20.374725
30368 1435672076.960588 0.131868 0.052747 -20.198901
30369 1435672076.970631 0.131868 0.052747 -20.023077
30370 1435672076.980688 0.131868 -0.035165 -19.759341
30371 1435672076.990746 0.043956 -0.035165 -19.407692
30372 1435672077.000807 0.043956 -0.035165 -19.056044
30373 1435672077.010865 0.043956 -0.123077 -18.792308
30374 1435672077.020926 0.043956 -0.123077 -18.352747
30375 1435672077.030988 0.043956 -0.210989 -18.089011
30376 1435672077.041015 0.043956 -0.210989 -17.825275
30377 1435672077.051076 -0.043956 -0.210989 -17.649451
30378 1435672077.061135 0.043956 -0.210989 -17.561538
30379 1435672077.071195 -0.043956 -0.210989 -17.561538
30380 1435672077.081255 0.043956 -0.210989 -17.649451
30381 1435672077.091317 -0.043956 -0.210989 -17.737363
30382 1435672077.101376 -0.043956 -0.210989 -17.913187
30383 1435672077.111438 -0.043956 -0.210989 -18.089011
30384 1435672077.121496 -0.043956 -0.210989 -18.352747
30385 1435672077.131557 -0.043956 -0.210989 -18.528571
30386 1435672077.141616 -0.043956 -0.210989 -18.792308
30387 1435672077.151675 -0.043956 -0.210989 -18.968132
30388 1435672077.161738 -0.043956 -0.123077 -19.231868
30389 1435672077.171798 -0.043956 -0.123077 -19.407692
30390 1435672077.181858 -0.043956 -0.035165 -19.495604
30391 1435672077.191933 0.043956 -0.035165 -19.671429
30392 1435672077.202013 0.043956 0.052747 -19.759341
30393 1435672077.212077 0.043956 0.052747 -19.847253
30394 1435672077.222143 0.043956 0.140659 -19.847253
30395 1435672077.232205 0.043956 0.140659 -19.847253
30396 1435672077.242267 0.043956 0.140659 -19.847253
30397 1435672077.252334 0.043956 0.052747 -19.847253
30398 1435672077.262426 0.043956 0.140659 -19.847253
30399 1435672077.272476 0.043956 0.052747 -19.759341
30400 1435672077.282552 0.043956 0.052747 -19.671429
30401 1435672077.293027 0.043956 0.052747 -19.583516
30402 1435672077.303470 0.043956 0.052747 -19.495604
30403 1435672077.314051 0.043956 -0.035165 -19.407692
30404 1435672077.324137 0.043956 -0.035165 -19.231868
30405 1435672077.334178 0.043956 -0.035165 -19.143956
30406 1435672077.344250 0.043956 -0.035165 -18.968132
30407 1435672077.354518 0.043956 -0.035165 -18.792308
30408 1435672077.364566 0.043956 -0.035165 -18.704396
30409 1435672077.374628 0.043956 -0.035165 -18.616484
30410 1435672077.384688 0.043956 -0.035165 -18.528571
30411 1435672077.394733 0.043956 -0.123077 -18.352747
30412 1435672077.404801 0.043956 -0.123077 -18.264835
30413 1435672077.414865 0.043956 -0.123077 -18.264835
30414 1435672077.424924 0.043956 -0.035165 -18.264835
30415 1435672077.434985 0.043956 -0.035165 -18.264835
30416 1435672077.445056 0.043956 -0.035165 -18.264835
30417 1435672077.455082 0.043956 -0.035165 -18.352747
30418 1435672077.465145 0.043956 -0.035165 -18.352747
30419 1435672077.475212 0.043956 -0.035165 -18.440659
30420 1435672077.485333 0.043956 -0.035165 -18.528571
30421 1435672077.495416 0.043956 -0.035165 -18.528571
30422 1435672077.505476 0.043956 -0.035165 -18.616484
30423 1435672077.515537 0.043956 -0.035165 -18.616484
30424 1435672077.525563 0.043956 -0.035165 -18.616484
30425 1435672077.535636 0.043956 -0.035165 -18.704396
30426 1435672077.545711 0.043956 -0.035165 -18.704396
30427 1435672077.555775 0.043956 -0.035165 -18.792308
30428 1435672077.565834 0.043956 -0.035165 -18.792308
30429 1435672077.575895 0.043956 -0.035165 -18.792308
30430 1435672077.586034 0.043956 -0.035165 -18.88022
30431 1435672077.596083 0.043956 -0.035165 -18.792308
30432 1435672077.606167 0.043956 -0.035165 -18.792308
30433 1435672077.616226 0.043956 -0.035165 -18.792308
30434 1435672077.626285 0.043956 -0.035165 -18.704396
30435 1435672077.636349 0.043956 -0.035165 -18.704396
30436 1435672077.646408 0.043956 -0.035165 -18.616484
30437 1435672077.656468 0.043956 -0.035165 -18.616484
30438 1435672077.666527 0.043956 -0.035165 -18.616484
30439 1435672077.676602 0.043956 -0.123077 -18.528571
30440 1435672077.686710 0.043956 -0.123077 -18.440659
30441 1435672077.696804 0.043956 -0.123077 -18.440659
30442 1435672077.706866 0.043956 -0.123077 -18.352747
30443 1435672077.716925 0.043956 -0.123077 -18.352747
30444 1435672077.727019 0.043956 -0.123077 -18.352747
30445 1435672077.737168 0.043956 -0.123077 -18.264835
30446 1435672077.747251 0.043956 -0.123077 -18.352747
30447 1435672077.757489 0.043956 -0.123077 -18.352747
30448 1435672077.767562 0.043956 -0.123077 -18.264835
30449 1435672077.777627 0.043956 -0.035165 -18.352747
30450 1435672077.787669 0.043956 -0.035165 -18.352747
30451 1435672077.797729 0.043956 -0.035165 -18.352747
30452 1435672077.807845 0.043956 -0.035165 -18.352747
30453 1435672077.817905 0.043956 -0.035165 -18.352747
30454 1435672077.827967 0.043956 -0.035165 -18.440659
30455 1435672077.838030 0.043956 -0.035165 -18.440659
30456 1435672077.848095 0.043956 -0.035165 -18.440659
30457 1435672077.858160 0.043956 -0.035165 -18.440659
30458 1435672077.868229 0.043956 -0.123077 -18.440659
30459 1435672077.878280 0.043956 -0.035165 -18.440659
30460 1435672077.888308 0.043956 -0.123077 -18.352747
30461 1435672077.898367 0.043956 -0.035165 -18.352747
30462 1435672077.908445 0.043956 -0.123077 -18.352747
30463 1435672077.918508 0.043956 -0.123077 -18.352747
30464 1435672077.928537 0.043956 -0.123077 -18.352747
30465 1435672077.938598 0.043956 -0.123077 -18.352747
30466 1435672077.948656 0.043956 -0.035165 -18.264835
30467 1435672077.958825 0.043956 -0.123077 -18.264835
30468 1435672077.968853 0.043956 -0.123077 -18.264835
30469 1435672077.978901 0.043956 -0.035165 -18.264835
30470 1435672077.988960 0.043956 -0.035165 -18.264835
30471 1435672077.999023 0.043956 -0.035165 -18.264835
30472 1435672078.009086 0.043956 -0.035165 -18.176923
30473 1435672078.019171 0.043956 -0.035165 -18.264835
30474 1435672078.029237 0.043956 -0.035165 -18.176923
30475 1435672078.039324 0.043956 -0.035165 -18.264835
30476 1435672078.049387 0.043956 -0.035165 -18.176923
30477 1435672078.059449 0.043956 -0.035165 -18.264835
30478 1435672078.069523 0.043956 -0.035165 -18.264835
30479 1435672078.079587 0.043956 -0.035165 -18.264835
30480 1435672078.089604 0.043956 -0.035165 -18.264835
30481 1435672078.099673 0.043956 -0.035165 -18.264835
30482 1435672078.109707 0.043956 -0.035165 -18.264835
30483 1435672078.119882 0.043956 -0.035165 -18.264835
30484 1435672078.129946 0.043956 -0.035165 -18.264835
30485 1435672078.140007 0.043956 -0.035165 -18.264835
30486 1435672078.150073 0.043956 -0.035165 -18.264835
30487 1435672078.160136 0.043956 -0.035165 -18.264835
30488 1435672078.170227 0.043956 -0.035165 -18.264835
30489 1435672078.180288 0.043956 -0.035165 -18.264835
30490 1435672078.190308 0.043956 -0.035165 -18.264835
30491 1435672078.200372 0.043956 -0.035165 -18.264835
30492 1435672078.210434 0.043956 -0.035165 -18.264835
30493 1435672078.220490 0.043956 -0.035165 -18.176923
30494 1435672078.230561 0.043956 -0.035165 -18.176923
30495 1435672078.240638 0.043956 -0.035165 -18.176923
30496 1435672078.250719 0.043956 -0.035165 -18.176923
30497 1435672078.260788 0.043956 -0.035165 -18.176923
30498 1435672078.270852 0.043956 -0.035165 -18.176923
30499 1435672078.280926 0.043956 -0.035165 -18.176923
30500 1435672078.291060 0.043956 -0.035165 -18.176923
30501 1435672078.301121 0.043956 -0.035165 -18.176923
30502 1435672078.311182 0.043956 0.052747 -18.176923
30503 1435672078.321241 0.043956 -0.035165 -18.264835
30504 1435672078.331333 0.043956 0.052747 -18.264835
30505 1435672078.341388 0.043956 0.052747 -18.176923
30506 1435672078.351465 0.043956 0.052747 -18.264835
30507 1435672078.361519 0.043956 0.052747 -18.264835
30508 1435672078.371580 0.043956 0.052747 -18.264835
30509 1435672078.381649 0.043956 0.052747 -18.264835
30510 1435672078.391722 0.043956 0.052747 -18.264835
30511 1435672078.401770 0.043956 0.052747 -18.264835
30512 1435672078.411861 0.043956 0.052747 -18.264835
30513 1435672078.421883 0.043956 0.052747 -18.264835
30514 1435672078.431945 0.043956 0.052747 -18.264835
30515 1435672078.442050 0.043956 0.052747 -18.264835
30516 1435672078.452155 0.043956 0.052747 -18.264835
30517 1435672078.462220 0.131868 0.052747 -18.264835
30518 1435672078.472303 0.043956 0.052747 -18.264835
30519 1435672078.482368 0.043956 0.052747 -18.264835
30520 1435672078.492420 0.131868 0.052747 -18.264835
30521 1435672078.502510 0.043956 0.052747 -18.176923
30522 1435672078.512589 0.131868 0.052747 -18.264835
30523 1435672078.522698 0.131868 0.052747 -18.176923
30524 1435672078.532772 0.043956 0.052747 -18.176923
30525 1435672078.543182 0.131868 0.052747 -18.264835
30526 1435672078.553224 0.043956 0.052747 -18.176923
30527 1435672078.563284 0.131868 0.052747 -18.264835
30528 1435672078.573350 0.131868 0.052747 -18.264835
30529 1435672078.583589 0.131868 0.052747 -18.264835
30530 1435672078.593650 0.131868 0.052747 -18.264835
30531 1435672078.603710 0.131868 0.052747 -18.264835
30532 1435672078.613771 0.131868 0.052747 -18.264835
30533 1435672078.623842 0.131868 0.052747 -18.264835
30534 1435672078.633891 0.131868 0.140659 -18.264835
30535 1435672078.643954 0.131868 0.140659 -18.264835
30536 1435672078.654018 0.131868 0.052747 -18.264835
30537 1435672078.664078 0.131868 0.052747 -18.264835
30538 1435672078.674147 0.131868 0.052747 -18.264835
30539 1435672078.684173 0.131868 0.052747 -18.264835
30540 1435672078.694231 0.131868 0.140659 -18.264835
30541 1435672078.704327 0.131868 0.052747 -18.264835
30542 1435672078.714366 0.131868 0.052747 -18.264835
30543 1435672078.724427 0.131868 0.140659 -18.264835
30544 1435672078.734492 0.131868 0.140659 -18.264835
30545 1435672078.744553 0.131868 0.052747 -18.264835
30546 1435672078.754637 0.131868 0.052747 -18.264835
30547 1435672078.764740 0.131868 0.052747 -18.264835
30548 1435672078.774802 0.131868 0.052747 -18.264835
30549 1435672078.784824 0.131868 0.052747 -18.264835
30550 1435672078.794885 0.131868 0.052747 -18.264835
30551 1435672078.804947 0.131868 0.052747 -18.264835
30552 1435672078.815010 0.131868 0.052747 -18.264835
30553 1435672078.825079 0.131868 0.140659 -18.264835
30554 1435672078.835142 0.131868 0.052747 -18.264835
30555 1435672078.845179 0.131868 0.052747 -18.264835
30556 1435672078.855242 0.131868 0.052747 -18.264835
30557 1435672078.865302 0.131868 0.052747 -18.264835
30558 1435672078.875357 0.131868 0.052747 -18.264835
30559 1435672078.885433 0.131868 0.052747 -18.264835
30560 1435672078.895491 0.043956 0.052747 -18.264835
30561 1435672078.905544 0.043956 0.052747 -18.176923
30562 1435672078.915569 0.043956 0.052747 -18.176923
30563 1435672078.925639 0.043956 0.052747 -18.176923
30564 1435672078.935716 0.043956 -0.035165 -18.176923
30565 1435672078.945921 0.043956 0.052747 -18.176923
30566 1435672078.956038 0.043956 -0.035165 -18.176923
30567 1435672078.966094 0.043956 0.052747 -18.176923
30568 1435672078.976225 0.043956 -0.035165 -18.176923
30569 1435672078.986329 0.043956 -0.035165 -18.176923
30570 1435672078.996377 0.043956 0.052747 -18.176923
30571 1435672079.006441 0.043956 0.052747 -18.176923
30572 1435672079.016501 0.043956 -0.035165 -18.176923
30573 1435672079.026568 0.043956 -0.035165 -18.176923
30574 1435672079.036650 0.043956 0.052747 -18.176923
30575 1435672079.046710 0.043956 0.052747 -18.176923
30576 1435672079.056772 0.043956 0.052747 -18.176923
30577 1435672079.066857 0.043956 0.052747 -18.176923
30578 1435672079.076917 0.043956 -0.035165 -18.176923
30579 1435672079.086986 0.043956 -0.035165 -18.176923
30580 1435672079.097011 0.043956 0.052747 -18.089011
30581 1435672079.107070 0.043956 0.052747 -18.176923
30582 1435672079.117131 0.043956 0.052747 -18.089011
30583 1435672079.127196 0.131868 0.052747 -18.176923
30584 1435672079.137259 0.043956 0.052747 -18.176923
30585 1435672079.147320 0.043956 0.052747 -18.089011
30586 1435672079.157469 0.043956 0.052747 -18.089011
30587 1435672079.167533 0.131868 0.052747 -18.176923
30588 1435672079.177673 0.131868 0.052747 -18.089011
30589 1435672079.187732 0.131868 0.052747 -18.089011
30590 1435672079.197916 0.131868 0.052747 -18.089011
30591 1435672079.207970 0.131868 0.052747 -18.089011
30592 1435672079.218063 0.131868 0.052747 -18.089011
30593 1435672079.228125 0.131868 0.052747 -18.176923
30594 1435672079.238187 0.131868 0.052747 -18.089011
30595 1435672079.248248 0.131868 0.052747 -18.089011
30596 1435672079.258323 0.131868 0.052747 -18.089011
30597 1435672079.268419 0.131868 0.052747 -18.089011
30598 1435672079.278444 0.131868 0.052747 -18.089011
30599 1435672079.288503 0.131868 0.052747 -18.089011
30600 1435672079.298565 0.131868 0.052747 -18.089011
30601 1435672079.308623 0.131868 0.052747 -18.089011
30602 1435672079.318715 0.131868 0.052747 -18.089011
30603 1435672079.328741 0.131868 0.052747 -18.089011
30604 1435672079.338784 0.131868 0.052747 -18.089011
30605 1435672079.348844 0.043956 0.052747 -18.089011
30606 1435672079.358885 0.131868 0.052747 -18.089011
30607 1435672079.368945 0.131868 0.052747 -18.089011
30608 1435672079.379006 0.131868 0.052747 -18.089011
30609 1435672079.389067 0.131868 0.052747 -18.089011
30610 1435672079.399133 0.131868 0.052747 -18.089011
30611 1435672079.409228 0.043956 0.052747 -18.089011
30612 1435672079.419269 0.043956 0.052747 -18.089011
30613 1435672079.429335 0.043956 0.052747 -18.089011
30614 1435672079.439396 0.043956 0.052747 -18.089011
30615 1435672079.449474 0.131868 0.052747 -18.089011
30616 1435672079.459545 0.043956 0.052747 -18.089011
30617 1435672079.469649 0.043956 0.052747 -18.089011
30618 1435672079.479710 0.131868 0.052747 -18.089011
30619 1435672079.489908 0.131868 0.052747 -18.089011
30620 1435672079.500097 0.131868 0.052747 -18.089011
30621 1435672079.510185 0.131868 0.052747 -18.089011
30622 1435672079.520367 0.131868 0.052747 -18.089011
30623 1435672079.530432 0.131868 0.052747 -18.089011
30624 1435672079.540502 0.131868 0.052747 -18.089011
30625 1435672079.550566 0.131868 0.052747 -18.089011
30626 1435672079.560636 0.131868 0.052747 -18.089011
30627 1435672079.570687 0.131868 0.052747 -18.089011
30628 1435672079.580745 0.131868 0.052747 -18.089011
30629 1435672079.590807 0.131868 0.052747 -18.089011
30630 1435672079.600866 0.131868 0.052747 -18.089011
30631 1435672079.610927 0.131868 0.052747 -18.089011
30632 1435672079.620989 0.131868 0.052747 -18.089011
30633 1435672079.631051 0.131868 0.052747 -18.089011
30634 1435672079.641111 0.131868 0.052747 -18.089011
30635 1435672079.651197 0.043956 -0.035165 -18.089011
30636 1435672079.661243 0.043956 -0.035165 -18.001099
30637 1435672079.671302 0.043956 -0.035165 -18.001099
30638 1435672079.681362 0.043956 -0.035165 -18.001099
30639 1435672079.691423 0.043956 -0.035165 -18.001099
30640 1435672079.701482 0.043956 -0.035165 -18.001099
30641 1435672079.711543 0.043956 -0.035165 -18.001099
30642 1435672079.721612 0.043956 -0.035165 -18.001099
30643 1435672079.731670 0.043956 -0.035165 -18.001099
30644 1435672079.741727 0.043956 -0.035165 -18.001099
30645 1435672079.751782 0.043956 -0.035165 -18.001099
30646 1435672079.761842 0.043956 -0.035165 -18.001099
30647 1435672079.771902 0.043956 -0.035165 -18.001099
30648 1435672079.781973 0.043956 -0.035165 -18.001099
30649 1435672079.792035 0.043956 -0.035165 -18.001099
30650 1435672079.802129 0.043956 -0.035165 -18.001099
30651 1435672079.812250 0.043956 -0.035165 -18.001099
30652 1435672079.822277 0.043956 -0.035165 -18.001099
30653 1435672079.832326 0.043956 -0.035165 -18.001099
30654 1435672079.842388 0.043956 -0.035165 -18.001099
30655 1435672079.852445 0.043956 -0.035165 -18.001099
30656 1435672079.862527 0.043956 -0.035165 -18.001099
30657 1435672079.872587 0.043956 -0.035165 -18.001099
30658 1435672079.882646 0.043956 -0.035165 -18.001099
30659 1435672079.892706 0.043956 -0.035165 -18.001099
30660 1435672079.902753 0.043956 -0.035165 -18.001099
30661 1435672079.912798 0.043956 -0.035165 -18.001099
30662 1435672079.922859 0.043956 -0.035165 -18.001099
30663 1435672079.932918 0.043956 -0.035165 -18.001099
30664 1435672079.942982 0.043956 -0.035165 -18.001099
30665 1435672079.953061 0.043956 -0.035165 -18.001099
30666 1435672079.963117 0.043956 -0.035165 -18.001099
30667 1435672079.973189 0.043956 -0.035165 -18.001099
30668 1435672079.983245 0.043956 -0.035165 -18.001099
30669 1435672079.993294 0.043956 -0.123077 -18.001099
30670 1435672080.003309 0.043956 -0.123077 -18.001099
30671 1435672080.013370 0.043956 -0.123077 -18.001099
30672 1435672080.023415 0.043956 -0.123077 -18.001099
30673 1435672080.033502 0.043956 -0.123077 -18.001099
30674 1435672080.043531 0.043956 -0.123077 -17.913187
30675 1435672080.053593 0.043956 -0.123077 -17.913187
30676 1435672080.063658 0.043956 -0.123077 -17.913187
30677 1435672080.073719 0.043956 -0.123077 -17.913187
30678 1435672080.083772 0.043956 -0.123077 -17.913187
30679 1435672080.093813 0.043956 -0.123077 -17.913187
30680 1435672080.103861 0.043956 -0.123077 -17.913187
30681 1435672080.113893 0.043956 -0.123077 -17.913187
30682 1435672080.123944 0.043956 -0.123077 -17.913187
30683 1435672080.134024 0.043956 -0.123077 -17.913187
30684 1435672080.144083 0.043956 -0.123077 -17.913187
30685 1435672080.154098 0.043956 -0.123077 -17.913187
30686 1435672080.164160 0.043956 -0.123077 -17.913187
30687 1435672080.174221 0.043956 -0.123077 -17.913187
30688 1435672080.184284 0.043956 -0.123077 -17.913187
30689 1435672080.194344 0.043956 -0.123077 -17.913187
30690 1435672080.204401 0.043956 -0.123077 -17.913187
30691 1435672080.214462 0.043956 -0.123077 -17.913187
30692 1435672080.224519 0.043956 -0.123077 -17.913187
30693 1435672080.234578 0.043956 -0.123077 -17.913187
30694 1435672080.244636 0.043956 -0.123077 -17.913187
30695 1435672080.254697 0.043956 -0.123077 -17.913187
30696 1435672080.264761 0.043956 -0.123077 -17.825275
30697 1435672080.274821 0.043956 -0.123077 -17.825275
30698 1435672080.284883 0.043956 -0.123077 -17.825275
30699 1435672080.294941 0.043956 -0.123077 -17.825275
30700 1435672080.305001 0.043956 -0.123077 -17.825275
30701 1435672080.315022 0.043956 -0.123077 -17.825275
30702 1435672080.325083 0.043956 -0.123077 -17.825275
30703 1435672080.335105 0.043956 -0.123077 -17.825275
30704 1435672080.345170 0.043956 -0.123077 -17.825275
30705 1435672080.355231 0.043956 -0.123077 -17.825275
30706 1435672080.365302 0.043956 -0.123077 -17.825275
30707 1435672080.375365 0.043956 -0.123077 -17.825275
30708 1435672080.385437 0.043956 -0.123077 -17.825275
30709 1435672080.395511 0.043956 -0.123077 -17.825275
30710 1435672080.405566 0.043956 -0.123077 -17.825275
30711 1435672080.415637 0.043956 -0.123077 -17.825275
30712 1435672080.425691 0.043956 -0.123077 -17.825275
30713 1435672080.435754 0.043956 -0.123077 -17.825275
30714 1435672080.445815 0.043956 -0.123077 -17.825275
30715 1435672080.455877 0.043956 -0.123077 -17.825275
30716 1435672080.465936 0.043956 -0.123077 -17.825275
30717 1435672080.475998 0.043956 -0.035165 -17.825275
30718 1435672080.486059 0.043956 -0.035165 -17.825275
30719 1435672080.496119 0.043956 -0.035165 -17.825275
30720 1435672080.506194 0.043956 -0.123077 -17.825275
30721 1435672080.516256 0.043956 -0.123077 -17.825275
30722 1435672080.526318 0.043956 -0.123077 -17.825275
30723 1435672080.536380 0.043956 -0.123077 -17.825275
30724 1435672080.546442 0.043956 -0.123077 -17.825275
30725 1435672080.556468 0.043956 -0.123077 -17.825275
30726 1435672080.566540 0.043956 -0.123077 -17.825275
30727 1435672080.576598 0.043956 -0.123077 -17.825275
30728 1435672080.586684 0.043956 -0.123077 -17.825275
30729 1435672080.596748 0.043956 -0.123077 -17.825275
30730 1435672080.606808 0.043956 -0.123077 -17.825275
30731 1435672080.616870 0.043956 -0.123077 -17.825275
30732 1435672080.626973 0.043956 -0.123077 -17.825275
30733 1435672080.637012 0.043956 -0.123077 -17.737363
30734 1435672080.647087 0.043956 -0.123077 -17.737363
30735 1435672080.657143 -0.043956 -0.123077 -17.737363
30736 1435672080.667205 -0.043956 -0.123077 -17.737363
30737 1435672080.677271 -0.043956 -0.123077 -17.737363
30738 1435672080.687334 -0.043956 -0.123077 -17.737363
30739 1435672080.697422 -0.043956 -0.123077 -17.737363
30740 1435672080.707477 -0.043956 -0.123077 -17.737363
30741 1435672080.717537 -0.043956 -0.123077 -17.737363
30742 1435672080.727600 -0.043956 -0.123077 -17.737363
30743 1435672080.737666 -0.043956 -0.123077 -17.737363
30744 1435672080.747727 -0.043956 -0.123077 -17.737363
30745 1435672080.757788 -0.043956 -0.123077 -17.737363
30746 1435672080.767854 -0.043956 -0.123077 -17.737363
30747 1435672080.777908 -0.043956 -0.123077 -17.737363
30748 1435672080.787970 -0.043956 -0.123077 -17.737363
30749 1435672080.798205 -0.043956 -0.123077 -17.825275
30750 1435672080.808254 -0.043956 -0.123077 -17.825275
30751 1435672080.818999 -0.043956 -0.123077 -17.825275
30752 1435672080.829268 0.043956 -0.123077 -17.825275
30753 1435672080.839329 0.043956 -0.123077 -17.913187
30754 1435672080.849406 0.043956 -0.123077 -17.913187
30755 1435672080.859467 0.043956 -0.123077 -17.913187
30756 1435672080.869534 0.043956 -0.123077 -17.913187
30757 1435672080.879593 0.043956 -0.123077 -17.913187
30758 1435672080.889659 0.043956 -0.123077 -17.913187
30759 1435672080.899721 0.043956 -0.123077 -17.913187
30760 1435672080.909798 0.043956 -0.123077 -17.913187
30761 1435672080.919860 0.043956 -0.123077 -17.913187
30762 1435672080.929902 0.043956 -0.123077 -17.913187
30763 1435672080.939963 0.043956 -0.123077 -17.913187
30764 1435672080.950023 0.043956 -0.123077 -17.913187
30765 1435672080.960099 0.043956 -0.123077 -17.913187
30766 1435672080.970157 0.043956 -0.123077 -17.913187
30767 1435672080.980197 0.043956 -0.123077 -17.913187
30768 1435672080.990276 0.043956 -0.123077 -17.913187
30769 1435672081.000364 0.043956 -0.123077 -17.913187
30770 1435672081.010440 0.043956 -0.123077 -17.913187
30771 1435672081.020506 0.043956 -0.123077 -18.001099
30772 1435672081.030613 0.043956 -0.123077 -18.001099
30773 1435672081.040643 0.043956 -0.123077 -17.913187
30774 1435672081.050702 0.043956 -0.123077 -17.913187
30775 1435672081.060764 0.043956 -0.123077 -17.913187
30776 1435672081.070826 0.043956 -0.123077 -17.913187
30777 1435672081.080886 0.043956 -0.123077 -17.913187
30778 1435672081.090952 0.043956 -0.123077 -17.913187
30779 1435672081.101004 0.043956 -0.123077 -17.913187
30780 1435672081.111062 0.043956 -0.123077 -17.913187
30781 1435672081.121122 0.043956 -0.123077 -17.913187
30782 1435672081.131180 0.043956 -0.123077 -17.913187
30783 1435672081.141234 0.043956 -0.123077 -17.913187
30784 1435672081.151309 0.043956 -0.123077 -17.913187
30785 1435672081.161369 0.043956 -0.123077 -17.913187
30786 1435672081.171427 0.043956 -0.123077 -17.913187
30787 1435672081.181489 0.043956 -0.123077 -17.913187
30788 1435672081.191548 0.043956 -0.123077 -17.913187
30789 1435672081.201637 0.043956 -0.123077 -18.001099
30790 1435672081.211716 0.043956 -0.123077 -17.913187
30791 1435672081.221796 0.043956 -0.123077 -17.913187
30792 1435672081.231898 0.043956 -0.123077 -18.001099
30793 1435672081.241966 0.043956 -0.123077 -18.001099
30794 1435672081.252098 0.043956 -0.123077 -18.001099
30795 1435672081.262170 0.043956 -0.123077 -18.001099
30796 1435672081.272196 0.043956 -0.035165 -18.001099
30797 1435672081.282262 0.043956 -0.123077 -18.001099
30798 1435672081.292319 0.043956 -0.123077 -18.001099
30799 1435672081.302386 0.043956 -0.123077 -18.001099
30800 1435672081.312428 0.043956 -0.035165 -18.001099
30801 1435672081.322440 0.043956 -0.123077 -18.001099
30802 1435672081.332508 0.043956 -0.123077 -18.001099
30803 1435672081.342569 0.043956 -0.123077 -18.001099
30804 1435672081.352632 0.043956 -0.035165 -18.001099
30805 1435672081.362694 0.043956 -0.123077 -18.001099
30806 1435672081.372762 0.043956 -0.123077 -18.001099
30807 1435672081.382828 0.043956 -0.123077 -18.001099
30808 1435672081.392890 0.043956 -0.123077 -18.001099
30809 1435672081.402956 0.043956 -0.035165 -18.001099
30810 1435672081.413021 0.043956 -0.035165 -18.001099
30811 1435672081.423081 0.043956 -0.035165 -18.001099
30812 1435672081.433138 0.043956 -0.035165 -18.001099
30813 1435672081.443199 0.043956 -0.123077 -18.001099
30814 1435672081.453268 0.043956 -0.035165 -18.001099
