3969 91.771000 0.000096 -0.00004 2.867744
3970 91.777000 -0.000096 0.000064 2.867787
3971 91.784000 -0.000097 0.000037 2.867714
3972 91.792000 0.000097 -0.000054 2.867754
3973 91.798000 -0.000096 0.000065 2.867741
3974 91.807000 0.000096 0.000054 2.867711
3975 91.813000 0.000098 0.000054 2.867702
3976 91.819000 -0.000096 0.000072 2.867713
3977 91.827000 0.000097 0.000041 2.867725
3978 91.833000 0.000097 0.000037 2.867676
3979 91.840000 -0.000097 -0.000054 2.867684
3980 91.847000 0.000098 0.000045 2.867696
3981 91.853000 -0.000098 -0.000037 2.867647
3982 91.863000 0.000098 0.000051 2.867667
3983 91.872000 0.000096 -0.00004 2.867691
3984 91.876000 -0.000098 0.000049 2.867604
3985 91.885000 0.000097 0.00005 2.867662
3986 91.894000 0.000097 -0.000046 2.867643
3987 91.902000 0.000096 0.000037 2.867616
3988 91.909000 0.000097 0.00005 2.867614
3989 91.916000 0.000097 -0.000059 2.867598
3990 91.922000 -0.000098 -0.000046 2.867589
3991 91.929000 -0.000096 0.000046 2.867606
3992 91.934000 0.000098 -0.000054 2.867608
3993 91.943000 0.000099 -0.000064 2.867598
3994 91.949000 0.000096 0.000063 2.867552
3995 91.958000 -0.000096 -0.000061 2.867582
3996 91.964000 0.000099 -0.000037 2.867573
3997 91.971000 -0.000097 0.000085 2.867523
3998 91.979000 0.000096 0.000068 2.867549
3999 91.989000 0.000099 0.000106 2.86755
4000 91.998000 -0.000097 -0.000039 2.867519
4001 92.008000 -0.000097 -0.000043 2.867503
4002 92.018000 -0.000096 -0.000069 2.867448
4003 92.028000 -0.000096 -0.000053 2.867486
4004 92.038000 -0.000096 -0.000037 2.867453
4005 92.048000 -0.000097 0.000037 2.867479
4006 92.055000 -0.000096 0.000037 2.867464
4007 92.062000 0.000097 0.000037 2.867426
4008 92.070000 0.000097 -0.000046 2.867435
4009 92.077000 0.000099 0.000064 2.867455
4010 92.085000 -0.0001 0.000038 2.867383
4011 92.092000 0.000097 -0.000082 2.867421
4012 92.100000 -0.000097 -0.000091 2.867438
4013 92.107000 0.000096 -0.000041 2.867396
4014 92.114000 -0.000096 -0.000055 2.867425
4015 92.121000 0.000098 0.000037 2.867421
4017 92.135000 -0.000097 0.000047 2.867358
4018 92.143000 0.000098 0.000073 2.867381
4019 92.150000 0.000097 0.000038 2.867372
4020 92.158000 -0.000097 -0.000044 2.867348
4021 92.165000 0.000099 0.000097 2.867344
4022 92.175000 0.000096 0.000038 2.867278
4023 92.184000 0.000097 -0.000064 2.867327
4024 92.194000 0.000097 -0.00011 2.867321
4025 92.203000 -0.000096 0.000065 2.867315
4026 92.213000 0.000096 0.000054 2.867317
4027 92.224000 0.000096 0.000047 2.86726
4028 92.234000 -0.000096 -0.000042 2.867294
4029 92.243000 0.0001 0.000083 2.867283
4030 92.253000 0.000098 0.000092 2.867268
4031 92.262000 -0.000096 -0.000047 2.86727
4032 92.272000 -0.000097 -0.000042 2.867203
4033 92.281000 0.000098 -0.000041 2.867263
4034 92.291000 -0.000096 0.000054 2.867208
4035 92.300000 -0.000096 -0.000066 2.867239
4036 92.310000 0.000097 -0.000052 2.867241
4037 92.319000 -0.000097 0.000037 2.867167
4038 92.328000 0.000096 -0.000037 2.867219
4039 92.338000 -0.000099 0.000039 2.867164
4040 92.347000 -0.000097 0.000077 2.867169
4041 92.355000 0.000097 0.000049 2.867182
4042 92.362000 0.000096 -0.000039 2.867118
4043 92.370000 -0.000097 -0.000106 2.86713
4044 92.377000 0.000099 0.000072 2.86713
4045 92.384000 -0.000097 -0.000053 2.867072
4046 92.392000 -0.000096 0.000037 2.867106
4047 92.400000 0.000097 -0.000038 2.867141
4048 92.407000 -0.000097 0.000056 2.867054
4049 92.415000 0.000097 0.000077 2.867114
4050 92.422000 0.000097 0.000037 2.867084
4051 92.430000 0.000096 0.000037 2.867063
4052 92.438000 -0.000097 -0.000052 2.8671
4053 92.445000 0.000098 0.000073 2.867095
4054 92.452000 -0.000097 -0.00005 2.867049
4055 92.459000 0.000097 0.000044 2.867047
4056 92.466000 -0.000097 -0.000051 2.867058
4057 92.473000 0.000096 0.000038 2.867054
4058 92.480000 -0.000097 -0.00004 2.867026
4059 92.488000 0.000096 -0.000044 2.867051
4060 92.495000 0.000098 0.000038 2.86704
4061 92.502000 0.000096 0.000038 2.866992
4062 92.510000 0.000099 -0.000044 2.867013
4063 92.517000 0.000098 0.000073 2.867006
4064 92.526000 -0.000097 0.000057 2.866959
4065 92.535000 0.000098 0.00004 2.866995
4066 92.544000 -0.000097 -0.00009 2.866916
4067 92.554000 -0.000096 -0.000078 2.866957
4068 92.563000 -0.000096 0.000037 2.866944
4069 92.572000 -0.000098 -0.000049 2.866954
4070 92.581000 0.000099 0.000046 2.86692
4071 92.589000 -0.000097 0.000064 2.866904
4072 92.596000 -0.000097 0.000037 2.866885
4073 92.603000 0.0001 0.000106 2.866895
4074 92.611000 0.000099 0.000042 2.866896
4075 92.617000 0.000098 0.000046 2.866884
4076 92.624000 -0.000097 -0.000063 2.866909
4077 92.631000 -0.000096 -0.000037 2.86691
4078 92.638000 -0.000097 -0.00005 2.866846
4079 92.645000 0.000097 -0.000055 2.866865
4080 92.653000 0.000096 0.000061 2.866868
4081 92.660000 -0.0001 -0.000057 2.866822
4082 92.667000 -0.000096 0.000047 2.866856
4083 92.675000 -0.000096 0.000042 2.86685
4084 92.682000 -0.000097 0.000043 2.866785
4085 92.690000 0.000097 0.000037 2.86682
4086 92.698000 0.000098 -0.000038 2.866834
4087 92.705000 -0.000096 0.000071 2.866763
4088 92.713000 -0.000097 0.000037 2.86679
4089 92.721000 -0.000096 0.000037 2.866819
4090 92.728000 -0.000099 -0.000053 2.866762
4091 92.736000 0.000098 -0.000055 2.866788
4092 92.743000 0.000098 0.000055 2.866796
4093 92.751000 -0.000096 0.000087 2.866744
4094 92.758000 -0.000097 -0.00005 2.866765
4095 92.765000 0.000096 0.000075 2.866749
4096 92.772000 -0.000097 -0.000058 2.866718
4097 92.779000 0.000098 0.000076 2.866711
4098 92.787000 0.000098 -0.000041 2.866706
4099 92.794000 0.000096 -0.000118 2.866723
4100 92.801000 0.000096 0.00004 2.866688
4101 92.808000 -0.000097 -0.00011 2.866686
4102 92.816000 0.000097 -0.000059 2.866723
4103 92.823000 0.000097 0.000043 2.866669
4104 92.830000 0.000096 -0.000038 2.866661
4105 92.838000 -0.000096 -0.000045 2.866694
4106 92.845000 0.000096 0.000063 2.866612
4107 92.853000 0.000097 0.000072 2.866668
4108 92.860000 0.000097 -0.000037 2.866636
4109 92.868000 -0.000096 -0.000038 2.866621
4110 92.876000 -0.000097 -0.000056 2.866655
4111 92.883000 0.000097 -0.000037 2.866649
4112 92.891000 0.000097 0.000081 2.866588
4113 92.898000 0.000097 -0.00006 2.866598
4114 92.905000 0.000097 0.000104 2.866621
4115 92.912000 -0.000097 0.000038 2.866555
4116 92.919000 -0.000097 0.000062 2.866587
4117 92.926000 -0.000097 -0.00004 2.866603
4118 92.934000 -0.000098 -0.000048 2.866544
4119 92.942000 -0.000097 0.000044 2.866556
4120 92.950000 0.000097 0.000037 2.866563
4121 92.957000 -0.000098 0.000089 2.866511
4122 92.965000 0.000097 -0.000038 2.866514
4123 92.973000 0.000098 -0.000037 2.866559
4124 92.981000 -0.000097 0.000061 2.866502
4125 92.988000 0.000097 -0.000052 2.866526
4126 92.995000 0.000097 0.000037 2.866535
4127 93.003000 0.000097 0.00008 2.866472
4128 93.011000 0.000098 0.000039 2.866484
4129 93.018000 0.000097 0.000037 2.866499
4130 93.026000 -0.000099 -0.00005 2.866443
4131 93.033000 0.000098 0.000078 2.866464
4132 93.041000 0.000096 0.000037 2.866467
4133 93.048000 0.000097 0.000037 2.866459
4134 93.056000 -0.000099 -0.000038 2.866408
4135 93.063000 -0.000096 0.000038 2.866442
4136 93.070000 -0.000096 -0.000117 2.866435
4137 93.077000 -0.000096 0.000072 2.866404
4138 93.084000 0.000097 -0.000042 2.866396
4139 93.092000 -0.000096 -0.000058 2.86642
4140 93.099000 -0.000098 0.000086 2.866361
4141 93.106000 0.000097 -0.000038 2.866397
4142 93.114000 -0.000096 0.000044 2.866381
4143 93.122000 0.000096 -0.000043 2.866351
4144 93.129000 -0.000096 0.000084 2.866356
4145 93.137000 0.000097 0.000044 2.86637
4146 93.145000 -0.000097 0.000044 2.866353
4147 93.152000 0.000097 -0.000072 2.86637
4148 93.160000 -0.000096 -0.000067 2.866349
4149 93.167000 0.000097 0.000061 2.866318
4150 93.175000 0.000098 0.000037 2.866331
4151 93.183000 0.000096 0.000044 2.866345
4152 93.190000 -0.000098 -0.00004 2.866285
4153 93.198000 0.000098 -0.000054 2.866319
4154 93.205000 -0.000096 0.000055 2.866308
4155 93.212000 0.000096 0.000053 2.866257
4156 93.220000 -0.000097 -0.000043 2.866278
4157 93.227000 0.000098 0.000037 2.86627
4158 93.234000 -0.000098 -0.000094 2.866214
4159 93.242000 -0.000097 -0.000047 2.866277
4160 93.249000 0.000097 0.000041 2.866271
4161 93.257000 -0.000097 0.000047 2.866234
4162 93.264000 0.000097 -0.000069 2.86625
4163 93.272000 -0.000096 0.000037 2.86626
4164 93.280000 -0.0001 0.000037 2.866186
4165 93.287000 0.000098 0.000091 2.866226
4166 93.295000 0.000097 0.000069 2.866212
4167 93.303000 -0.000097 0.000043 2.866143
4168 93.311000 0.000097 0.000082 2.86618
4169 93.318000 -0.000097 -0.000067 2.866169
4170 93.326000 -0.000097 -0.000044 2.866141
4171 93.334000 -0.000097 -0.000064 2.866152
4172 93.341000 0.000099 0.000058 2.866163
4173 93.349000 -0.000097 0.000037 2.866111
4174 93.356000 -0.000097 -0.000054 2.866101
4175 93.364000 0.000097 -0.000038 2.866166
4176 93.371000 -0.000098 0.000054 2.866093
4177 93.377000 0.000096 0.000064 2.866127
4178 93.385000 -0.000097 0.000057 2.866119
4179 93.392000 -0.000096 -0.000078 2.866143
4180 93.399000 -0.000097 0.000078 2.8661
4181 93.406000 0.000096 -0.000075 2.866106
4182 93.413000 -0.000096 0.000043 2.866091
4183 93.421000 0.000096 0.000037 2.86607
4184 93.428000 0.000098 -0.000052 2.866075
4185 93.435000 0.000098 -0.000048 2.866072
4186 93.443000 0.000097 0.000086 2.866022
4187 93.451000 0.000099 0.000082 2.866048
4188 93.458000 0.000098 0.000043 2.866047
4189 93.466000 0.000097 0.000041 2.865998
4190 93.474000 0.000098 -0.000042 2.866027
4191 93.481000 0.000098 0.000069 2.866024
4192 93.489000 0.000096 0.000055 2.865978
4193 93.496000 0.000097 -0.000083 2.865993
4194 93.504000 0.000098 -0.000074 2.866026
4195 93.511000 -0.000097 0.000083 2.865962
4196 93.519000 0.000098 0.000067 2.865991
4197 93.527000 0.000098 -0.000038 2.86596
4198 93.534000 -0.000097 0.000043 2.865926
4199 93.542000 -0.000097 -0.000042 2.865937
4200 93.550000 0.000096 -0.000037 2.865956
4201 93.557000 0.000097 0.000039 2.865885
4202 93.565000 0.000097 0.000081 2.865927
4203 93.574000 0.000097 -0.000037 2.86593
4204 93.584000 0.000096 -0.000107 2.865876
4205 93.593000 0.000097 0.000073 2.865922
4206 93.603000 0.000096 0.000076 2.865853
4207 93.612000 0.000097 -0.000065 2.865879
4208 93.622000 0.000098 -0.000084 2.865863
4209 93.632000 0.000097 -0.00004 2.86584
4210 93.639000 0.000098 0.000046 2.865878
4211 93.647000 -0.000098 0.000048 2.865797
4212 93.654000 0.000097 -0.00004 2.865843
4213 93.661000 0.000097 0.000087 2.865863
4214 93.668000 -0.000097 -0.000046 2.86586
4215 93.675000 -0.000097 0.000052 2.865809
4216 93.682000 0.000097 -0.000045 2.865795
4217 93.689000 -0.000096 -0.000038 2.865797
4218 93.695000 -0.000099 0.000044 2.865782
4219 93.702000 0.000097 -0.000045 2.865793
4220 93.711000 0.000098 0.000037 2.865805
4221 93.721000 -0.000097 0.000052 2.86577
4222 93.730000 0.000098 -0.000037 2.86577
4223 93.738000 0.000099 -0.000055 2.865759
4224 93.745000 0.000097 0.000083 2.865732
4225 93.753000 0.000099 0.000069 2.865749
4226 93.761000 0.000097 -0.00004 2.865745
4227 93.768000 -0.000098 -0.000047 2.86573
4228 93.775000 0.000097 0.000041 2.865732
4229 93.783000 0.000096 -0.000039 2.86575
4230 93.791000 0.000097 0.000048 2.865685
4231 93.799000 0.000098 -0.000037 2.865682
4232 93.808000 -0.000098 0.000037 2.865672
4233 93.817000 0.000097 0.000099 2.865682
4234 93.826000 0.000097 0.000038 2.86566
4235 93.835000 -0.000097 0.000089 2.865657
4236 93.844000 -0.000096 -0.000051 2.865647
4237 93.851000 0.000098 -0.000042 2.865647
4238 93.859000 0.000097 0.000039 2.865615
4239 93.866000 -0.000097 -0.00009 2.865636
4240 93.873000 -0.000096 -0.000051 2.865646
4241 93.881000 -0.000098 0.000044 2.865587
4242 93.888000 0.000097 -0.000063 2.865627
4243 93.896000 -0.000097 -0.000043 2.865606
4244 93.903000 -0.000099 0.000061 2.865579
4245 93.911000 0.000099 0.000061 2.86558
4246 93.919000 0.000097 0.00008 2.865565
4247 93.927000 -0.000098 0.000056 2.865536
4248 93.934000 -0.000097 -0.000069 2.865524
4249 93.942000 -0.000096 -0.000069 2.865574
4250 93.949000 -0.000098 0.00005 2.865505
4251 93.956000 -0.000097 -0.000078 2.865516
4252 93.963000 0.000099 -0.000044 2.865533
4253 93.972000 -0.000096 -0.000037 2.865487
4254 93.979000 0.000098 0.000084 2.865529
4255 93.986000 -0.000097 -0.000037 2.865521
4256 93.993000 -0.000097 0.000062 2.865464
4257 94.000000 -0.000097 -0.000045 2.865484
4258 94.007000 0.0001 0.000078 2.865498
4259 94.015000 0.000096 0.000037 2.865439
4260 94.022000 -0.000097 -0.000066 2.865478
4261 94.030000 -0.000097 -0.000068 2.865482
4262 94.037000 0.000096 -0.000037 2.865479
4263 94.045000 0.000097 0.000052 2.865434
4264 94.052000 -0.000096 -0.000059 2.865445
4265 94.060000 0.000096 -0.000053 2.865432
4266 94.068000 -0.000096 -0.000043 2.865413
4267 94.078000 -0.000097 -0.00005 2.865422
4268 94.087000 0.000096 0.000086 2.865379
4269 94.096000 -0.000098 -0.000037 2.865402
4270 94.105000 0.000099 -0.000038 2.865395
4271 94.115000 0.000097 0.000037 2.865376
4272 94.124000 -0.000097 -0.00008 2.865363
4273 94.134000 -0.000096 -0.000048 2.865333
4274 94.142000 -0.000097 -0.000067 2.865373
4275 94.151000 0.000097 0.000044 2.865352
4276 94.160000 -0.000097 -0.000039 2.86532
4277 94.170000 0.000098 -0.000042 2.865328
4278 94.178000 0.000097 0.000059 2.865258
4279 94.186000 -0.000096 -0.000049 2.865301
4280 94.193000 0.000099 0.000081 2.865285
4281 94.200000 -0.000101 -0.000058 2.86523
4282 94.207000 0.000098 0.000053 2.865288
4283 94.215000 -0.000097 -0.000043 2.865263
4284 94.222000 -0.000097 -0.000104 2.865217
4285 94.229000 -0.000097 0.000071 2.865256
4286 94.236000 -0.000096 -0.000042 2.865276
4287 94.243000 0.000097 0.000041 2.865266
4288 94.250000 -0.000099 -0.000048 2.86522
4289 94.258000 0.000096 -0.000043 2.865242
4290 94.265000 0.000098 0.000042 2.865233
4291 94.273000 0.000096 0.000108 2.865211
4292 94.280000 -0.000097 0.000037 2.865211
4293 94.288000 -0.000097 -0.000059 2.865224
4294 94.294000 -0.000096 -0.000067 2.865161
4295 94.301000 -0.000097 0.000042 2.865191
4296 94.309000 -0.000097 -0.000052 2.865207
4297 94.317000 -0.000099 0.000053 2.865143
4298 94.326000 -0.000096 -0.00004 2.86519
4299 94.335000 0.000097 0.000056 2.865153
4300 94.344000 -0.000097 -0.000064 2.865156
4301 94.353000 0.000097 0.000051 2.865142
4302 94.361000 -0.000097 0.000097 2.865112
4303 94.368000 -0.000097 -0.000064 2.86511
4304 94.376000 -0.000096 -0.000076 2.865147
4305 94.383000 -0.000097 -0.000037 2.865087
4306 94.391000 -0.000097 0.000064 2.865114
4307 94.398000 0.000098 -0.000057 2.865111
4308 94.405000 0.000096 0.000053 2.86509
4309 94.413000 0.000097 0.000073 2.865081
4310 94.420000 0.000096 -0.000037 2.86508
4311 94.428000 0.000097 0.000038 2.865083
4312 94.435000 -0.000096 0.000073 2.86506
4313 94.443000 0.000097 0.00009 2.865073
4314 94.450000 -0.000096 -0.000079 2.865074
4315 94.457000 -0.000098 0.000039 2.865009
4316 94.463000 -0.000097 0.00006 2.865034
4317 94.471000 -0.000096 -0.000039 2.86504
4318 94.478000 -0.000096 -0.000057 2.864984
4319 94.485000 0.000097 0.000037 2.865
4320 94.494000 -0.000097 -0.000047 2.865007
4321 94.502000 -0.000098 0.00005 2.864944
4322 94.512000 0.000097 0.000043 2.864966
4323 94.521000 -0.000097 0.000058 2.864955
4324 94.531000 -0.000096 0.000057 2.864977
4325 94.540000 -0.000096 -0.000077 2.864955
4326 94.549000 0.000097 0.00004 2.864901
4327 94.559000 0.000098 -0.000051 2.864917
4328 94.568000 -0.000096 -0.000055 2.864884
4329 94.578000 -0.000097 0.000042 2.864911
4330 94.588000 0.000096 -0.000042 2.864917
4331 94.595000 0.000097 0.00009 2.864895
4332 94.603000 0.000099 0.000061 2.86489
4333 94.610000 -0.000097 -0.000037 2.864911
4334 94.617000 0.000097 0.000072 2.864866
4335 94.624000 -0.000097 -0.000037 2.864864
4336 94.630000 -0.000097 -0.000061 2.864866
4337 94.638000 -0.000096 -0.000069 2.864811
4338 94.645000 -0.000097 0.000037 2.864843
4339 94.653000 0.000096 -0.000042 2.86486
4340 94.660000 -0.000096 -0.000039 2.864815
4341 94.668000 -0.000097 -0.000054 2.864839
4342 94.676000 -0.000097 -0.00004 2.864822
4343 94.683000 -0.000097 0.000059 2.864791
4344 94.691000 0.000098 0.000046 2.864792
4345 94.698000 0.000097 -0.000063 2.864819
4346 94.706000 -0.000097 -0.000039 2.864745
4347 94.714000 0.000096 -0.000075 2.864734
4348 94.724000 -0.000096 -0.00005 2.864753
4349 94.734000 -0.000097 -0.000049 2.864755
4350 94.743000 0.000098 -0.000038 2.864734
4351 94.753000 0.000097 0.000042 2.864683
4352 94.762000 -0.000097 0.000037 2.864751
4353 94.772000 -0.000097 -0.000046 2.864754
4354 94.781000 0.000097 0.00008 2.864695
4355 94.791000 0.000098 0.000084 2.864703
4356 94.800000 -0.000096 -0.000104 2.864639
4357 94.810000 -0.000096 -0.000071 2.86468
4358 94.819000 0.000097 0.000055 2.864669
4359 94.828000 -0.000097 -0.000065 2.86465
4360 94.838000 -0.000097 -0.000043 2.864661
4361 94.847000 0.000096 0.000075 2.864636
4362 94.857000 -0.000096 0.000062 2.864659
4363 94.867000 -0.000097 0.000078 2.864607
4364 94.876000 -0.000096 0.000059 2.864592
4365 94.886000 0.000096 -0.000098 2.864595
4366 94.896000 0.000096 -0.000067 2.864578
4367 94.905000 0.000097 0.000048 2.864576
4368 94.915000 -0.000099 -0.000039 2.864525
4369 94.924000 -0.000096 0.000037 2.864592
4370 94.934000 -0.000096 -0.000038 2.864577
4371 94.943000 0.000097 0.000068 2.864537
4372 94.953000 0.000096 0.000072 2.864543
4373 94.962000 -0.000096 0.000038 2.864498
4374 94.971000 0.000097 0.000043 2.864539
4375 94.981000 -0.000097 0.000066 2.864488
4376 94.990000 -0.000097 -0.000083 2.864499
4377 95.000000 -0.000097 -0.000079 2.864496
4378 95.009000 -0.000098 0.000071 2.864482
4379 95.019000 0.000099 0.000068 2.864498
4380 95.028000 -0.000097 0.000057 2.864408
4381 95.038000 -0.000097 0.000038 2.864453
4382 95.047000 -0.000097 0.000051 2.864457
4383 95.057000 -0.000098 0.000037 2.864423
4384 95.064000 0.000097 -0.000084 2.86445
4385 95.074000 -0.000097 -0.000058 2.864392
4386 95.083000 0.000097 -0.00004 2.864421
4387 95.092000 0.000097 -0.000061 2.864392
4388 95.102000 -0.000098 -0.000057 2.864357
4389 95.111000 0.000096 0.000086 2.864407
4390 95.121000 -0.000097 0.000091 2.864352
4391 95.130000 0.000096 0.000037 2.864359
4392 95.137000 0.000096 0.000037 2.864343
4393 95.145000 -0.000099 -0.000037 2.864311
4394 95.154000 -0.000097 -0.000089 2.864336
4395 95.163000 0.0001 0.000037 2.86434
4396 95.172000 -0.000097 -0.000071 2.864304
4397 95.181000 0.000098 0.00008 2.864336
4398 95.191000 0.000097 0.000069 2.864284
4399 95.200000 0.000096 -0.000037 2.864294
4400 95.207000 0.000099 0.000089 2.864291
4401 95.215000 -0.000096 0.000087 2.864248
4402 95.223000 -0.000096 0.000048 2.864274
4403 95.230000 0.000097 -0.000106 2.864251
4404 95.238000 -0.000097 -0.000046 2.864247
4405 95.245000 -0.000097 0.000038 2.864258
4406 95.253000 0.000097 0.000037 2.864273
4407 95.261000 0.000097 0.000056 2.864202
4408 95.268000 -0.000096 -0.000037 2.864246
4409 95.275000 0.000097 0.000061 2.864246
4410 95.283000 0.000097 0.000091 2.864197
4411 95.291000 0.000099 0.00006 2.864199
4412 95.298000 0.000098 -0.000038 2.864222
4413 95.305000 -0.000097 0.000074 2.864169
4414 95.312000 -0.000097 -0.000037 2.864172
4415 95.319000 0.000098 -0.000041 2.864173
4416 95.326000 -0.000101 -0.000079 2.864127
4417 95.333000 -0.000097 0.000052 2.864147
4418 95.341000 0.000097 -0.000059 2.864133
4419 95.349000 0.000097 -0.000038 2.864082
4420 95.356000 0.000097 -0.000049 2.864106
4421 95.364000 -0.000097 0.000042 2.86413
4422 95.371000 -0.000097 0.000037 2.8641
4423 95.379000 -0.000098 0.000085 2.864098
4424 95.386000 0.000097 -0.000047 2.864091
4425 95.394000 -0.000096 0.000037 2.864093
4426 95.402000 0.000096 -0.000058 2.864087
4427 95.409000 -0.000097 0.000037 2.864089
4428 95.417000 0.0001 0.00006 2.864071
4429 95.424000 -0.000097 -0.000039 2.864027
4430 95.432000 0.000097 -0.000069 2.864063
4431 95.440000 0.000097 -0.000059 2.86408
4432 95.447000 0.000096 0.000062 2.864045
4433 95.454000 0.000096 -0.000038 2.864026
4434 95.461000 0.000098 0.000047 2.864024
4435 95.468000 -0.000099 -0.000037 2.864011
4436 95.475000 -0.000096 0.000069 2.864041
4437 95.483000 0.000097 0.000068 2.864024
4438 95.490000 -0.000097 -0.000037 2.863966
4439 95.497000 0.000097 0.000061 2.864002
4440 95.505000 0.000099 0.00006 2.863971
4441 95.511000 -0.000097 0.00005 2.863915
4442 95.518000 -0.000098 -0.000053 2.863932
4443 95.526000 -0.000096 0.000037 2.863927
4444 95.533000 -0.000097 0.000047 2.863879
4445 95.541000 -0.000097 0.000084 2.86388
4446 95.548000 -0.000097 -0.000059 2.863885
4447 95.556000 -0.000098 0.000045 2.863817
4448 95.563000 0.000097 0.000057 2.863828
4449 95.570000 0.000096 -0.000044 2.863839
4450 95.578000 -0.000097 -0.000064 2.863795
4451 95.585000 -0.000098 -0.000037 2.863788
4452 95.593000 0.000097 0.000043 2.863757
4453 95.600000 0.000098 -0.000092 2.863758
4454 95.607000 0.000097 0.000074 2.86374
4455 95.614000 -0.000096 -0.000051 2.863742
4456 95.621000 0.000097 0.000058 2.863728
4457 95.628000 -0.000099 -0.000043 2.86367
4458 95.635000 -0.000096 0.00004 2.863686
4459 95.643000 -0.000097 0.000093 2.863683
4460 95.650000 -0.000096 -0.000038 2.863613
4461 95.658000 0.000097 0.000038 2.863652
4462 95.666000 0.000097 -0.000057 2.863668
4463 95.673000 0.000096 0.000052 2.863606
4464 95.681000 -0.000097 -0.000039 2.863628
4465 95.688000 -0.000097 -0.000078 2.863642
4466 95.696000 -0.000096 -0.00008 2.863608
4467 95.703000 0.000098 0.000059 2.863595
4468 95.711000 -0.000096 0.000059 2.863623
4469 95.718000 -0.000096 0.00011 2.863559
4470 95.726000 -0.000097 -0.000039 2.863606
4471 95.734000 0.000096 0.000037 2.863641
4472 95.741000 -0.000097 0.000065 2.863573
4473 95.748000 -0.000098 -0.000063 2.86357
4474 95.756000 -0.000096 -0.000062 2.863639
4475 95.762000 0.000097 -0.000069 2.863609
4476 95.769000 -0.000097 0.000075 2.863626
4477 95.777000 0.000096 -0.000038 2.863628
4478 95.784000 0.000096 -0.000129 2.863633
4479 95.791000 0.000097 0.000123 2.863613
4480 95.798000 -0.000096 0.00004 2.863658
4481 95.806000 -0.000096 0.00004 2.86366
4482 95.813000 -0.000096 0.000092 2.863636
4483 95.821000 -0.000096 0.000106 2.863662
4484 95.828000 0.000098 -0.000037 2.863682
4485 95.836000 0.000096 -0.000074 2.863625
4486 95.843000 -0.000097 0.000061 2.86367
4487 95.850000 0.000097 -0.000042 2.863657
4488 95.857000 -0.0001 0.000056 2.863642
4489 95.864000 0.000097 -0.000058 2.86369
4490 95.871000 0.000097 0.000045 2.863721
4491 95.878000 -0.000099 -0.000047 2.86368
4492 95.885000 0.000097 0.000082 2.863684
4493 95.893000 -0.000096 0.000068 2.86373
4494 95.900000 0.0001 0.000037 2.863702
4495 95.908000 0.000097 -0.000044 2.863718
4496 95.917000 -0.000097 0.000037 2.863702
4497 95.927000 -0.0001 0.000037 2.863679
4498 95.936000 -0.000097 -0.00011 2.86371
4499 95.943000 -0.000096 0.00005 2.863723
4500 95.951000 0.000098 -0.000044 2.863687
4501 95.959000 -0.000097 -0.000054 2.863701
4502 95.966000 0.000096 -0.000054 2.863747
4503 95.974000 -0.000099 -0.000041 2.8637
4504 95.981000 0.000097 0.00006 2.863735
4505 95.991000 0.000099 0.00004 2.863747
4506 96.000000 -0.000098 0.000044 2.863705
4507 96.009000 0.000097 0.000037 2.863724
4508 96.018000 -0.0001 -0.000042 2.863696
4509 96.028000 -0.000097 -0.000065 2.863738
4510 96.037000 0.000096 0.000042 2.863714
4511 96.045000 -0.000097 0.000042 2.863706
4512 96.055000 0.000099 0.000067 2.863721
4513 96.064000 -0.0001 -0.00004 2.863656
4514 96.073000 0.000097 0.000088 2.863694
4515 96.081000 -0.000096 0.000037 2.863688
4516 96.088000 -0.000096 0.000046 2.863649
4517 96.095000 0.000098 0.000145 2.863681
4518 96.101000 0.000097 0.000045 2.863667
4519 96.109000 -0.000096 0.000056 2.863625
4520 96.117000 -0.000097 0.000074 2.863648
4521 96.126000 0.000097 -0.000061 2.863649
4522 96.136000 -0.000098 -0.000054 2.863593
4523 96.145000 -0.000097 0.000069 2.863662
4524 96.154000 -0.000099 0.000037 2.863566
4525 96.164000 -0.000096 0.000037 2.863589
4526 96.173000 0.000097 0.000058 2.863622
4527 96.181000 -0.000097 0.000073 2.863545
4528 96.189000 0.000098 0.000051 2.863575
4529 96.196000 -0.000097 -0.00008 2.863563
4530 96.204000 -0.000098 -0.000051 2.863541
4531 96.211000 0.000097 -0.000051 2.863556
4532 96.218000 0.000096 -0.000098 2.86358
4533 96.225000 0.000097 0.00006 2.863508
4534 96.233000 0.000096 0.000037 2.86353
4535 96.239000 -0.000097 0.000062 2.863537
4536 96.246000 -0.000096 0.000071 2.863465
4537 96.254000 0.000097 -0.000041 2.863521
4538 96.263000 -0.000096 0.000038 2.863489
4539 96.272000 -0.000098 -0.000042 2.863454
4540 96.281000 -0.000097 0.000045 2.863485
4541 96.290000 0.000098 -0.000116 2.863506
4542 96.300000 -0.000097 -0.000102 2.863474
4543 96.309000 0.000097 -0.000046 2.863451
4544 96.318000 -0.0001 -0.000047 2.86341
4545 96.326000 0.000098 0.000038 2.863436
4546 96.333000 -0.000097 0.000062 2.863433
4547 96.341000 -0.000096 0.000094 2.86339
4548 96.348000 0.000097 -0.000038 2.863409
4549 96.356000 0.000098 0.000038 2.863418
4550 96.363000 -0.000098 -0.000037 2.863362
4551 96.371000 0.000097 0.000076 2.86339
4552 96.378000 -0.000097 -0.000058 2.863395
4553 96.384000 -0.0001 -0.000066 2.863349
4554 96.391000 -0.000097 0.000045 2.86335
4555 96.398000 -0.000096 -0.000042 2.863334
4556 96.405000 -0.000097 0.000051 2.863373
4557 96.412000 0.000097 0.000038 2.863364
4558 96.420000 0.000098 0.00004 2.863352
4559 96.427000 0.000097 0.000071 2.863385
4560 96.434000 -0.000096 -0.000037 2.863356
4561 96.442000 -0.000097 0.000037 2.86337
4562 96.450000 -0.000097 -0.000101 2.863325
4563 96.458000 -0.000097 -0.000037 2.863321
4564 96.468000 -0.000096 -0.000051 2.863349
4565 96.476000 -0.000099 -0.000055 2.863291
4566 96.483000 0.000097 0.000083 2.863316
4567 96.492000 0.000096 -0.00006 2.863355
4568 96.499000 -0.000097 0.000085 2.863309
4569 96.507000 0.000097 0.000056 2.86333
4570 96.515000 0.000096 0.000043 2.863321
4571 96.521000 0.000096 0.00004 2.863308
4572 96.528000 -0.000097 0.000048 2.863274
4573 96.536000 0.000097 -0.000063 2.863304
4574 96.545000 0.000097 0.00004 2.863247
4575 96.555000 0.000097 0.000053 2.86327
4576 96.563000 0.000098 0.000037 2.863314
4577 96.572000 -0.000099 -0.000069 2.863243
4578 96.582000 -0.000097 -0.000056 2.863289
4579 96.591000 -0.000096 0.000085 2.863251
4580 96.601000 0.000098 0.000079 2.863277
4581 96.610000 0.000097 -0.000039 2.863282
4582 96.619000 0.000096 0.000037 2.863238
4583 96.627000 0.000098 -0.000076 2.863236
4584 96.634000 -0.000097 -0.000108 2.863285
4585 96.643000 0.000096 -0.000041 2.863223
4586 96.653000 -0.000096 -0.00004 2.863242
4587 96.662000 -0.000097 -0.000077 2.863203
4588 96.671000 0.000097 0.000068 2.863235
4589 96.679000 0.000098 0.000046 2.863233
4590 96.688000 -0.000098 0.000043 2.863215
4591 96.697000 0.000097 0.00006 2.86322
4592 96.706000 -0.0001 0.000067 2.863174
4593 96.715000 0.000097 0.000071 2.863221
4594 96.723000 0.000099 0.000106 2.863217
4595 96.732000 -0.000096 0.000042 2.863164
4596 96.740000 -0.000097 -0.000083 2.863181
4597 96.749000 -0.000097 0.000055 2.863202
4598 96.758000 0.000097 -0.00004 2.863198
4599 96.768000 0.000098 -0.000037 2.863214
4600 96.777000 -0.000096 0.000071 2.863116
4601 96.784000 0.000097 0.000045 2.863144
4602 96.791000 0.000098 0.000073 2.86318
4603 96.799000 -0.000097 0.000094 2.863096
4604 96.806000 0.000097 -0.000051 2.863124
4605 96.814000 -0.000097 -0.000072 2.863121
4606 96.821000 -0.000098 -0.000037 2.863086
4607 96.828000 0.000097 -0.000082 2.863129
4608 96.836000 0.000096 -0.000105 2.863132
4609 96.843000 0.000097 -0.000046 2.863091
4610 96.851000 0.000098 0.000056 2.863084
4611 96.857000 -0.000096 0.000088 2.863071
4612 96.864000 -0.000096 0.000067 2.863056
4613 96.871000 -0.000098 0.000074 2.863025
4614 96.879000 0.000098 0.000103 2.863025
4615 96.886000 -0.000097 -0.000037 2.86304
4616 96.894000 -0.000099 -0.00006 2.86296
4617 96.902000 0.000098 -0.000053 2.863027
4618 96.909000 -0.000096 0.000048 2.863006
4619 96.917000 0.000096 0.000038 2.862985
4620 96.924000 -0.000096 -0.000053 2.862991
4621 96.932000 -0.000096 -0.000102 2.863006
4622 96.940000 0.000097 -0.000039 2.862946
4623 96.947000 0.000096 0.000091 2.862961
4624 96.955000 0.000096 0.000069 2.862967
4625 96.963000 -0.000098 0.000069 2.862935
4626 96.970000 -0.000096 -0.000039 2.862947
4627 96.978000 -0.000096 -0.00004 2.862962
4628 96.985000 -0.000097 0.000064 2.862917
4629 96.993000 0.000097 -0.000037 2.862948
4630 97.000000 -0.000096 -0.000074 2.862964
4631 97.007000 0.000096 0.000083 2.862904
4632 97.014000 0.000097 -0.000043 2.862937
4633 97.021000 -0.000096 0.000055 2.862929
4634 97.028000 -0.0001 -0.000045 2.862875
4635 97.035000 0.000096 0.000073 2.862915
4636 97.042000 -0.000096 0.000039 2.862954
4637 97.050000 0.000099 -0.000037 2.862927
4638 97.057000 0.000096 0.000083 2.862933
4639 97.065000 0.000099 0.000065 2.862934
4640 97.072000 -0.000097 -0.00008 2.862945
4641 97.080000 -0.000099 -0.000082 2.862917
4642 97.087000 0.000098 0.00004 2.862944
4643 97.095000 0.000097 -0.000085 2.862947
4644 97.102000 0.000097 -0.00008 2.862948
4645 97.110000 -0.000096 -0.000097 2.862972
4646 97.117000 -0.000096 0.000076 2.86298
4647 97.125000 0.000097 0.00007 2.86293
4648 97.133000 0.000098 0.000039 2.862942
4649 97.140000 0.000097 0.000037 2.862969
4650 97.148000 -0.000098 -0.000045 2.862927
4651 97.155000 0.000098 0.000061 2.86297
4652 97.162000 -0.000097 -0.000042 2.862972
4653 97.170000 -0.000097 -0.000062 2.862934
4654 97.177000 0.000097 0.000038 2.86298
4655 97.184000 -0.000096 -0.000088 2.862987
4656 97.192000 -0.000096 -0.000077 2.862983
4657 97.199000 0.000099 -0.00004 2.862994
4658 97.207000 0.000098 0.000051 2.863032
4659 97.214000 -0.000096 0.00004 2.862988
4660 97.222000 -0.000097 -0.000043 2.863028
4661 97.229000 0.000099 0.000081 2.86304
4662 97.236000 -0.000097 -0.000037 2.862976
4663 97.244000 -0.000096 0.000037 2.863033
4664 97.252000 -0.000097 -0.000051 2.86304
4665 97.259000 -0.000097 0.00006 2.863011
4666 97.267000 -0.000096 0.000059 2.863021
4667 97.274000 0.000096 -0.00006 2.863035
4668 97.282000 -0.000098 -0.000081 2.863017
4669 97.290000 0.000097 -0.00009 2.863033
4670 97.297000 0.000096 0.000051 2.863057
4671 97.304000 -0.000098 -0.000037 2.863003
4672 97.312000 -0.000097 0.000044 2.863019
4673 97.319000 0.000098 0.000054 2.863039
4674 97.326000 0.000097 0.000044 2.863039
4675 97.333000 0.000097 0.0001 2.863031
4676 97.339000 0.000097 0.000043 2.863045
4677 97.346000 -0.000096 -0.000079 2.863069
4678 97.354000 -0.000096 -0.00009 2.863026
4679 97.362000 -0.000097 -0.000092 2.863038
4680 97.369000 0.000098 -0.000058 2.863027
4681 97.377000 0.000096 -0.000051 2.862972
4682 97.384000 -0.000096 -0.000072 2.863043
4683 97.392000 -0.000097 0.000037 2.863027
4684 97.400000 0.000096 0.000076 2.86297
4685 97.407000 0.000098 0.000073 2.863011
4686 97.414000 -0.000096 -0.000042 2.86304
4687 97.420000 0.000097 0.000114 2.86299
4688 97.428000 0.000097 -0.000049 2.862997
4689 97.434000 0.000097 -0.000052 2.86302
4690 97.441000 -0.000096 0.000042 2.863025
4691 97.448000 -0.000097 -0.000057 2.863003
4692 97.456000 -0.000096 -0.000053 2.863
4693 97.463000 0.000097 -0.000052 2.862999
4694 97.470000 -0.000097 -0.000051 2.862972
4695 97.478000 0.000098 0.000048 2.86299
4696 97.485000 -0.000096 0.0001 2.862989
4697 97.493000 0.000096 0.000109 2.862955
4698 97.501000 0.000097 0.000068 2.862981
4699 97.508000 -0.000097 0.000042 2.862979
4700 97.515000 0.000097 0.000107 2.862936
4701 97.523000 -0.000097 0.000047 2.862961
4702 97.531000 -0.000097 0.000038 2.862989
4703 97.538000 0.000097 -0.000045 2.862941
4704 97.546000 -0.000096 -0.000043 2.862971
4705 97.553000 -0.000096 0.000044 2.862976
4706 97.561000 0.000098 0.000096 2.862922
4707 97.569000 0.000099 0.000043 2.862939
4708 97.576000 0.000096 0.000038 2.862951
4709 97.584000 0.000096 -0.000042 2.862902
4710 97.591000 0.000097 0.00009 2.862933
4711 97.598000 0.000097 -0.000037 2.862945
4712 97.606000 -0.000097 -0.00008 2.862874
4713 97.613000 -0.000097 -0.00004 2.862906
4714 97.619000 0.000097 -0.000062 2.862909
4715 97.627000 -0.000097 -0.00005 2.862845
4716 97.634000 -0.000097 -0.000092 2.862914
4717 97.641000 -0.000096 -0.000038 2.8629
4718 97.648000 0.000097 -0.000088 2.862911
4719 97.656000 0.000097 0.000046 2.862881
4720 97.663000 -0.000096 0.000092 2.862904
4721 97.670000 0.000098 -0.000042 2.862897
4722 97.678000 0.000096 0.000038 2.862874
4723 97.685000 -0.000097 0.000085 2.862882
4724 97.693000 -0.000097 0.000117 2.862899
4725 97.701000 0.000097 0.000044 2.862848
4726 97.708000 -0.000097 -0.000085 2.862859
4727 97.716000 -0.000096 -0.000109 2.862899
4728 97.724000 0.000096 -0.000093 2.86285
4729 97.731000 0.000098 -0.00006 2.862855
4730 97.739000 0.000099 -0.000078 2.862846
4731 97.745000 0.000096 0.000088 2.862842
4732 97.753000 0.000098 0.000102 2.862858
4733 97.762000 -0.000096 -0.000037 2.862867
4734 97.772000 -0.000098 0.000041 2.862842
4735 97.781000 0.000098 0.000054 2.862849
4736 97.790000 -0.000096 -0.000039 2.862801
4737 97.800000 -0.000097 -0.000093 2.862828
4738 97.810000 -0.000099 -0.000063 2.862803
4739 97.819000 0.000097 0.000049 2.862819
4740 97.829000 -0.000096 -0.000038 2.862831
4741 97.839000 -0.000097 0.000037 2.862806
4742 97.848000 0.000096 0.000046 2.862856
4743 97.858000 -0.000098 0.000039 2.862813
4744 97.868000 0.000097 0.000037 2.86285
4745 97.878000 -0.000097 -0.00006 2.862823
4746 97.887000 -0.000096 0.000039 2.862843
4747 97.897000 0.000097 0.000057 2.862855
4748 97.906000 -0.000098 -0.000073 2.862808
4749 97.915000 0.000098 -0.000048 2.862829
4750 97.925000 -0.000097 0.000063 2.862794
4751 97.935000 -0.000096 0.000068 2.862824
4752 97.944000 0.000098 0.000045 2.862826
4753 97.954000 -0.000097 0.000043 2.862799
4754 97.964000 -0.000097 -0.000046 2.862798
4755 97.974000 0.000096 -0.000072 2.862747
4756 97.983000 0.000099 0.000047 2.862828
4757 97.992000 -0.000096 -0.000105 2.862845
4758 98.002000 0.000098 -0.000075 2.862826
4759 98.011000 0.000098 0.000092 2.862813
4760 98.020000 -0.000097 0.000043 2.862771
4761 98.030000 -0.000097 0.000038 2.862805
4762 98.039000 0.000096 0.000054 2.862819
4763 98.046000 0.000096 0.000043 2.862779
4764 98.054000 -0.000097 -0.000059 2.862813
4765 98.062000 0.000096 -0.0001 2.862782
4766 98.070000 -0.000098 -0.000094 2.862802
4767 98.077000 -0.000097 -0.000042 2.862793
4768 98.085000 0.000097 -0.000061 2.862778
4769 98.092000 -0.000097 -0.00008 2.862795
4770 98.100000 -0.000097 -0.000044 2.862786
4771 98.108000 0.000096 -0.000042 2.862778
4772 98.115000 0.000097 0.000048 2.862759
4773 98.123000 0.000098 0.000052 2.862779
4774 98.130000 -0.000096 -0.000063 2.862786
4775 98.137000 0.000097 0.000091 2.862755
4776 98.144000 -0.000097 -0.000047 2.862764
4777 98.152000 -0.000096 -0.00007 2.862796
4778 98.159000 0.000096 0.000039 2.862738
4779 98.166000 -0.000096 -0.000081 2.862786
4780 98.174000 -0.000096 -0.000065 2.862798
4781 98.181000 0.000097 0.000038 2.862719
4782 98.189000 0.000098 0.000037 2.862755
4783 98.196000 0.000097 0.000047 2.862764
4784 98.203000 -0.000097 0.000117 2.862713
4785 98.211000 0.000097 0.000101 2.862748
4786 98.219000 0.000098 0.00007 2.862762
4787 98.226000 -0.000096 0.000053 2.862709
4788 98.233000 0.000097 0.000123 2.862738
4789 98.240000 -0.000097 -0.000044 2.862749
4790 98.247000 -0.000098 0.000042 2.862728
4791 98.254000 -0.000098 -0.000045 2.862758
4792 98.262000 -0.000097 -0.000061 2.862742
4793 98.269000 0.000097 -0.000038 2.86274
4794 98.276000 -0.000097 -0.000081 2.862746
4795 98.284000 -0.000097 0.000045 2.862751
4796 98.292000 -0.000097 -0.000043 2.862734
4797 98.299000 0.000098 0.000124 2.862721
4798 98.307000 0.000098 0.000057 2.86272
4799 98.314000 0.000097 0.000038 2.862744
4800 98.322000 -0.0001 -0.000046 2.862694
4801 98.330000 0.000097 -0.000041 2.862736
4802 98.337000 -0.000097 -0.000064 2.86274
4803 98.345000 0.000097 -0.000037 2.862684
4804 98.353000 0.000099 -0.000044 2.862719
4805 98.360000 -0.000096 -0.000089 2.862738
4806 98.368000 0.000097 -0.00008 2.86272
4807 98.376000 0.000096 0.000041 2.862725
4808 98.383000 0.000099 0.000069 2.862737
4809 98.391000 -0.000096 0.00011 2.862696
4810 98.398000 0.000098 0.000038 2.862723
4811 98.405000 -0.000097 0.000082 2.862716
4812 98.412000 -0.000098 -0.000038 2.862673
4813 98.420000 0.000097 -0.000039 2.862695
4814 98.427000 0.000097 -0.000073 2.862682
4815 98.434000 -0.000099 -0.000087 2.862683
4816 98.441000 0.000098 -0.000042 2.862687
4817 98.449000 0.000098 -0.000059 2.862688
4818 98.456000 -0.000096 -0.000068 2.862674
4819 98.463000 0.000098 0.000038 2.862669
4820 98.471000 0.000096 0.00011 2.862709
4821 98.478000 -0.000097 0.000042 2.862639
4822 98.485000 0.000097 0.00012 2.862649
4823 98.492000 -0.000097 0.00004 2.862681
4824 98.500000 -0.000097 0.000073 2.86262
4825 98.508000 0.000096 -0.000041 2.862658
4826 98.515000 -0.000097 0.000049 2.862656
4827 98.523000 -0.000098 0.00004 2.862648
4828 98.531000 0.000098 0.000094 2.862679
4829 98.538000 -0.000097 -0.000041 2.862684
4830 98.545000 0.000097 -0.000037 2.862638
4831 98.552000 -0.000097 -0.00007 2.862653
4832 98.559000 0.000096 0.000078 2.862681
4833 98.566000 0.000096 0.000038 2.862673
4834 98.573000 -0.000096 0.000098 2.862629
4835 98.581000 -0.000096 0.000072 2.862663
4836 98.588000 -0.000097 0.000042 2.862662
4837 98.595000 -0.000097 0.000107 2.862617
4838 98.602000 -0.000098 -0.000054 2.862645
4839 98.609000 0.000098 -0.000037 2.862674
4840 98.617000 0.000097 0.000065 2.862592
4841 98.624000 -0.000097 -0.000058 2.862633
4842 98.632000 -0.000098 -0.000075 2.862635
4843 98.640000 -0.000099 -0.000037 2.86261
4844 98.647000 -0.000096 0.000044 2.862638
4845 98.655000 -0.000096 0.00007 2.862652
4846 98.662000 -0.000097 -0.000039 2.862601
4847 98.670000 0.000097 -0.000038 2.862634
4848 98.678000 0.000097 -0.000037 2.862654
4849 98.685000 -0.000098 0.000078 2.862607
4850 98.692000 -0.000097 -0.000044 2.862625
4851 98.699000 0.000097 -0.000044 2.862631
4852 98.706000 0.000096 -0.000089 2.862645
4853 98.713000 0.000098 -0.000038 2.862603
4854 98.722000 0.000097 -0.000079 2.862629
4855 98.731000 -0.000097 0.000061 2.862594
4856 98.738000 -0.000097 -0.000039 2.862631
4857 98.746000 -0.000097 -0.000037 2.862631
4858 98.753000 -0.000097 0.000079 2.862598
4859 98.761000 0.000098 0.00007 2.862609
4860 98.769000 -0.000097 0.00007 2.862591
4861 98.776000 -0.000098 -0.000055 2.862554
4862 98.784000 -0.000098 -0.000066 2.862571
4863 98.791000 0.000099 -0.000038 2.862597
4864 98.799000 -0.000098 -0.00007 2.862535
4865 98.807000 0.000098 -0.000045 2.862557
4866 98.814000 -0.000097 -0.000104 2.862601
4867 98.822000 0.000096 -0.000037 2.862549
4868 98.829000 -0.000097 0.000043 2.862554
4869 98.836000 -0.000097 0.000065 2.862562
4870 98.843000 -0.000097 0.000059 2.862608
4871 98.851000 0.000097 0.000081 2.862544
4872 98.858000 -0.000097 0.000039 2.862594
4873 98.864000 -0.000096 -0.000037 2.862563
4874 98.872000 0.000097 -0.000056 2.862566
4875 98.879000 0.000096 0.000041 2.862571
4876 98.886000 -0.000097 -0.000094 2.862586
4877 98.893000 0.000096 -0.000047 2.862523
4878 98.901000 0.000097 -0.000065 2.862541
4879 98.907000 -0.000096 -0.000042 2.862565
4880 98.915000 -0.000096 0.000096 2.862547
4881 98.923000 0.000098 0.000087 2.862553
4882 98.930000 -0.000096 0.00005 2.862586
4883 98.938000 -0.000097 0.000049 2.862519
4884 98.946000 0.000097 -0.000037 2.862531
4885 98.953000 0.000097 0.000066 2.86256
4886 98.960000 -0.000097 -0.000042 2.862514
4887 98.967000 0.000097 0.00007 2.862553
4888 98.976000 -0.000097 -0.000074 2.862563
4889 98.985000 -0.000097 -0.000037 2.862507
4890 98.995000 0.000096 0.000037 2.862545
4891 99.004000 0.000097 -0.000062 2.862559
4892 99.011000 0.000096 0.000077 2.862518
4893 99.019000 0.000097 0.000095 2.862544
4894 99.026000 -0.000097 -0.000037 2.862546
4895 99.034000 -0.000098 0.000039 2.862517
4896 99.041000 0.000097 0.000059 2.862531
4897 99.049000 0.000097 0.000053 2.862537
4898 99.056000 -0.000099 -0.000061 2.862503
4899 99.064000 0.000098 -0.000055 2.862524
4900 99.072000 0.000097 -0.000072 2.862552
4901 99.079000 0.000098 0.000037 2.862476
4902 99.087000 -0.000096 0.000038 2.862505
4903 99.095000 -0.000096 -0.000042 2.8625
4904 99.102000 -0.000096 0.000039 2.862472
4905 99.110000 -0.000097 0.000037 2.862508
4906 99.117000 0.000098 0.000072 2.862498
4907 99.125000 0.000097 0.000077 2.862468
4908 99.132000 -0.000097 0.000037 2.862483
4909 99.140000 -0.000096 -0.000039 2.862497
4910 99.147000 -0.000097 0.000075 2.862453
4911 99.155000 0.000097 0.000041 2.862484
4912 99.163000 -0.000097 0.000052 2.862455
4913 99.170000 -0.000097 -0.000049 2.86242
4914 99.177000 0.000099 0.00009 2.862477
4915 99.184000 0.000097 -0.000046 2.862476
4916 99.191000 0.000096 0.00008 2.862422
4917 99.198000 0.000097 -0.000041 2.862442
4918 99.205000 0.000097 0.000039 2.862452
4919 99.213000 -0.000097 0.000049 2.862409
4920 99.220000 -0.000097 0.000042 2.862404
4921 99.228000 0.000096 0.000043 2.862443
4922 99.235000 0.000097 0.000037 2.862429
4923 99.242000 0.000097 -0.000065 2.862413
4924 99.250000 0.000097 -0.000081 2.86244
4925 99.257000 0.000097 -0.000091 2.862435
4926 99.264000 0.000096 -0.000081 2.862432
4927 99.272000 -0.000097 -0.000096 2.862449
4928 99.280000 -0.000098 -0.000044 2.86242
4929 99.287000 0.000096 0.000071 2.862411
4930 99.294000 -0.000097 -0.000045 2.862447
4931 99.301000 0.000098 0.000078 2.862439
4932 99.308000 -0.0001 0.000041 2.862365
4933 99.315000 0.000098 0.000068 2.862396
4934 99.323000 0.000098 0.000049 2.862417
4935 99.330000 -0.000097 -0.000067 2.862361
4936 99.337000 -0.000097 -0.000039 2.862411
4937 99.345000 0.000099 -0.000082 2.862403
4938 99.352000 -0.000097 -0.000096 2.862405
4939 99.360000 -0.000097 -0.000103 2.862423
4940 99.367000 0.000099 0.00004 2.862427
4941 99.375000 -0.000097 0.000049 2.86237
4942 99.382000 -0.000097 0.000045 2.862416
4943 99.390000 -0.000097 -0.00004 2.862419
4944 99.397000 -0.000097 0.000088 2.862395
4945 99.405000 0.000097 0.000049 2.862408
4946 99.412000 -0.000097 -0.00008 2.862427
4947 99.420000 -0.000097 -0.000047 2.862408
4948 99.428000 0.000097 -0.000037 2.862433
4949 99.435000 -0.000096 -0.000053 2.862434
4950 99.442000 0.000097 -0.000094 2.862475
4951 99.449000 0.000097 0.000038 2.862438
4952 99.456000 0.000097 -0.000074 2.862484
4953 99.463000 -0.000096 0.000097 2.862478
4954 99.470000 -0.000098 0.000042 2.862439
4955 99.478000 0.000097 0.000049 2.862477
4956 99.485000 -0.000097 0.000061 2.862484
4957 99.493000 0.000096 0.00009 2.862457
4958 99.500000 0.000097 -0.000038 2.862483
4959 99.508000 0.000097 0.000037 2.862492
4960 99.515000 0.000096 -0.00005 2.862436
4961 99.523000 0.000098 -0.000039 2.862471
4962 99.530000 -0.000096 -0.000089 2.862513
4963 99.538000 0.000096 -0.000041 2.862474
4964 99.546000 0.000097 -0.000068 2.862526
4965 99.554000 0.000098 -0.000037 2.862539
4966 99.561000 0.000096 0.000076 2.862478
4967 99.569000 0.000097 0.000102 2.862536
4968 99.576000 -0.000096 -0.000037 2.862526
4969 99.584000 0.000096 0.000046 2.862511
4970 99.591000 0.000097 0.000063 2.862521
4971 99.598000 -0.000097 -0.000048 2.862501
4972 99.606000 -0.000101 0.000043 2.862516
4973 99.612000 -0.000098 -0.000046 2.862504
4974 99.620000 -0.000096 -0.00004 2.862527
4975 99.627000 -0.000098 0.00004 2.862487
4976 99.634000 -0.000096 -0.000078 2.862553
4977 99.641000 0.000097 0.00007 2.862557
4978 99.649000 0.000097 0.000045 2.862546
4979 99.656000 0.000098 0.000052 2.862537
4980 99.664000 -0.000097 -0.000041 2.862553
4981 99.671000 -0.000097 0.000075 2.86257
4982 99.679000 -0.000097 0.000047 2.862533
4983 99.687000 -0.000097 -0.000037 2.862556
4984 99.694000 -0.000097 -0.000109 2.862587
4985 99.701000 -0.000097 -0.000037 2.862529
4986 99.708000 -0.000097 -0.000093 2.862575
4987 99.715000 0.000096 -0.000049 2.862536
4988 99.723000 -0.000096 -0.000041 2.862515
4989 99.730000 -0.000097 -0.000057 2.862554
4990 99.737000 0.000098 0.000049 2.862556
4991 99.743000 -0.000097 0.000063 2.862509
4992 99.750000 0.000097 0.000122 2.86252
4993 99.758000 -0.000096 0.000038 2.862558
4994 99.765000 -0.000098 0.000103 2.86251
4995 99.773000 0.000097 0.000076 2.862541
4996 99.780000 -0.000097 -0.000079 2.862534
4997 99.788000 -0.000097 -0.000038 2.862531
4998 99.795000 -0.000098 0.000045 2.862544
4999 99.803000 -0.000096 0.000042 2.862577
5000 99.811000 0.000097 0.000058 2.862509
5001 99.818000 0.000097 -0.000051 2.862531
5002 99.826000 -0.000096 -0.000049 2.86255
5003 99.834000 -0.000097 -0.00004 2.862508
5004 99.841000 -0.000097 0.000048 2.862528
5005 99.849000 0.000098 0.000062 2.862546
5006 99.856000 0.000097 -0.000045 2.862536
5007 99.864000 -0.000097 -0.00004 2.862525
5008 99.872000 -0.000097 -0.000043 2.862539
5009 99.879000 0.000096 -0.000078 2.86251
5010 99.886000 -0.000098 -0.000099 2.862539
5011 99.894000 0.000097 -0.000107 2.862542
5012 99.902000 0.000097 -0.00008 2.862533
5013 99.910000 -0.000097 -0.000082 2.862536
5014 99.917000 -0.000096 0.000095 2.862528
5015 99.925000 0.000101 0.000093 2.862521
5016 99.932000 -0.000097 0.000066 2.862504
5017 99.940000 -0.000097 0.00004 2.862526
5018 99.947000 0.000099 0.000071 2.862532
5019 99.955000 0.000097 0.000087 2.862502
5020 99.963000 0.000098 0.000066 2.86254
5021 99.970000 0.000097 -0.000082 2.86253
5022 99.978000 -0.000098 -0.000062 2.86253
5023 99.986000 -0.000097 -0.00006 2.862518
5024 99.993000 0.000097 -0.000039 2.862533
5025 100.000000 0.000096 -0.000074 2.862519
5026 100.008000 -0.000097 0.000048 2.862531
5027 100.016000 0.000098 -0.000048 2.862531
5028 100.023000 0.000096 0.000098 2.862504
5029 100.031000 -0.000096 0.000046 2.862523
5030 100.039000 0.000097 0.00004 2.862533
5031 100.045000 0.000097 0.000099 2.862508
5032 100.053000 -0.000097 0.000055 2.862526
5033 100.060000 0.000098 -0.000091 2.862549
5034 100.066000 0.000096 -0.000075 2.862503
5035 100.074000 -0.000097 -0.000087 2.862524
5036 100.081000 0.000096 -0.000047 2.86252
5037 100.088000 -0.000096 -0.000063 2.86251
5038 100.096000 -0.000097 -0.000063 2.862536
5039 100.103000 0.000096 0.0001 2.862549
5040 100.110000 -0.0001 0.000037 2.862483
5041 100.119000 -0.000097 0.000069 2.862516
5042 100.126000 0.000097 -0.000046 2.862549
5043 100.134000 -0.000097 0.000105 2.862469
5044 100.142000 -0.000097 -0.000066 2.862503
5045 100.149000 0.000098 0.000086 2.862515
5046 100.157000 -0.000096 0.000066 2.862502
5047 100.164000 -0.000097 -0.000042 2.862503
5048 100.172000 -0.000096 -0.000065 2.862561
5049 100.179000 -0.000097 -0.000038 2.862474
5050 100.186000 -0.000097 -0.000051 2.862524
5051 100.193000 0.000099 0.000041 2.862538
5052 100.203000 0.000096 0.000049 2.862498
5053 100.212000 -0.000097 0.000039 2.86255
5054 100.221000 -0.000097 0.000067 2.862546
5055 100.231000 -0.000096 0.000038 2.86252
5056 100.240000 0.000098 -0.000077 2.862572
5057 100.250000 0.000096 -0.000076 2.86253
5058 100.259000 0.000099 -0.000039 2.862516
5059 100.269000 0.000096 -0.00005 2.862529
5060 100.276000 -0.000096 -0.000085 2.862525
5061 100.283000 -0.000096 0.000055 2.862565
5062 100.291000 0.000099 0.000071 2.862548
5063 100.299000 0.000096 0.000125 2.862502
5064 100.306000 -0.000097 0.00004 2.862545
5065 100.314000 -0.000096 0.000059 2.862536
5066 100.322000 -0.000096 -0.000042 2.862519
5067 100.329000 0.000097 0.000045 2.862527
5068 100.338000 -0.000097 -0.00007 2.862554
5069 100.347000 -0.000096 0.00004 2.862557
5070 100.357000 0.000097 -0.000042 2.862553
5071 100.365000 0.000097 0.00004 2.862513
5072 100.372000 -0.000097 0.000046 2.862549
5073 100.379000 -0.000096 0.000111 2.862558
5074 100.386000 -0.000098 -0.000037 2.862525
5075 100.393000 0.000097 0.000087 2.862556
5076 100.401000 0.000098 0.000054 2.862566
5077 100.408000 0.000097 -0.000041 2.86257
5078 100.415000 0.000097 0.000066 2.862555
5079 100.423000 0.000097 -0.000037 2.86258
5080 100.430000 0.000096 -0.000079 2.862598
5081 100.438000 0.000097 -0.000064 2.862534
5082 100.445000 0.000098 0.000093 2.862585
5083 100.453000 0.000097 -0.000041 2.862572
5084 100.461000 0.000097 0.000057 2.862544
5085 100.468000 0.000096 -0.000042 2.862564
5086 100.476000 0.000097 -0.00007 2.862576
5087 100.485000 0.000098 0.000092 2.862555
5088 100.495000 -0.000096 0.000092 2.862574
5089 100.504000 -0.000097 -0.000038 2.862524
5090 100.513000 0.000099 -0.00007 2.862553
5091 100.523000 0.000097 -0.000059 2.862535
5092 100.532000 -0.000097 -0.000076 2.862578
5093 100.542000 0.000097 -0.000076 2.862592
5094 100.550000 0.000096 0.000048 2.862524
5095 100.558000 -0.000097 -0.000041 2.862539
5096 100.567000 0.000099 0.000085 2.862585
5097 100.577000 0.000097 0.000092 2.862564
5098 100.585000 0.000099 0.000066 2.86256
5099 100.594000 -0.000097 -0.000044 2.86253
5100 100.604000 0.000098 -0.000055 2.862547
5101 100.612000 -0.000096 -0.000083 2.862593
5102 100.620000 -0.000097 -0.000084 2.862551
5103 100.627000 -0.000097 0.000037 2.862555
5104 100.635000 -0.000096 -0.00006 2.862557
5105 100.643000 -0.000097 0.000065 2.862529
5106 100.650000 -0.000097 0.000037 2.862555
5107 100.658000 -0.000097 -0.00004 2.862565
5108 100.666000 -0.000098 0.000048 2.862533
5109 100.673000 0.000097 0.00013 2.862553
5110 100.681000 0.000097 0.000067 2.862585
5111 100.688000 -0.000096 -0.000037 2.86253
5112 100.695000 0.000097 0.000037 2.862556
5113 100.702000 -0.000097 -0.000075 2.862591
5114 100.710000 -0.000097 -0.000082 2.86253
5115 100.717000 0.000098 -0.000054 2.862549
5116 100.724000 0.000098 -0.000073 2.862596
5117 100.732000 0.000096 -0.000037 2.862525
5118 100.740000 -0.000097 0.000037 2.862557
5119 100.747000 0.000099 0.00005 2.862566
5120 100.755000 -0.000097 0.000081 2.862525
5121 100.764000 -0.000097 0.000052 2.862567
5122 100.771000 0.000098 0.000096 2.862585
5123 100.779000 -0.000096 0.000059 2.862529
5124 100.786000 -0.000097 -0.000096 2.862582
5125 100.794000 0.000099 -0.000089 2.8626
5126 100.801000 -0.000097 -0.000041 2.862521
5127 100.808000 -0.000097 -0.000063 2.862562
5128 100.815000 0.000097 -0.000057 2.862548
5129 100.823000 0.000096 0.000081 2.86251
5130 100.830000 -0.000097 0.000046 2.862553
5131 100.837000 0.000098 0.000073 2.86259
5132 100.844000 0.000096 -0.000038 2.862601
5133 100.850000 -0.000101 0.000043 2.862539
5134 100.858000 0.000097 0.000069 2.862552
5135 100.865000 -0.000096 0.000065 2.862577
5136 100.872000 0.000096 -0.000039 2.862549
5137 100.880000 -0.000098 -0.000086 2.86254
5138 100.887000 0.000099 0.000055 2.86258
5139 100.894000 0.000096 -0.000043 2.862535
5140 100.902000 -0.000097 -0.000057 2.862572
5141 100.910000 0.000097 -0.000049 2.862592
5142 100.917000 0.000096 0.000088 2.862556
5143 100.925000 -0.000096 0.000061 2.862583
5144 100.932000 0.000096 -0.000038 2.862603
5145 100.940000 -0.000097 -0.00004 2.862549
5146 100.947000 0.000097 0.000063 2.86259
5147 100.955000 0.000097 -0.000037 2.862591
5148 100.963000 -0.000097 0.000084 2.862526
5149 100.971000 0.000097 0.000044 2.86259
5150 100.979000 -0.000096 0.000046 2.862616
5151 100.988000 -0.000097 0.000037 2.862556
5152 100.997000 0.000099 0.000037 2.862585
5153 101.006000 0.000097 -0.000041 2.8626
5154 101.015000 -0.000097 0.000045 2.862577
5155 101.024000 0.000098 -0.000037 2.862598
5156 101.034000 0.000096 0.00004 2.862561
5157 101.043000 -0.000097 0.00004 2.862589
5158 101.052000 0.000097 -0.0001 2.862603
5159 101.061000 0.000097 -0.000047 2.862565
5160 101.070000 -0.000097 -0.000098 2.862594
5161 101.079000 0.000097 0.000038 2.862544
5162 101.088000 0.000096 -0.000038 2.862579
5163 101.097000 0.000097 0.000049 2.86259
5164 101.106000 0.000097 -0.000041 2.862585
5165 101.115000 -0.000097 0.000038 2.862567
5166 101.125000 -0.000096 0.000044 2.862526
5167 101.134000 0.000097 -0.000046 2.862575
5168 101.143000 0.000097 0.000037 2.862593
5169 101.152000 -0.000097 -0.000085 2.862588
5170 101.159000 -0.000096 -0.000038 2.862582
5171 101.166000 0.000097 -0.000121 2.862614
5172 101.173000 0.000096 -0.000037 2.862532
5173 101.180000 0.000096 -0.000048 2.862581
5174 101.187000 0.000097 0.000052 2.862586
5175 101.194000 -0.000096 0.000059 2.862552
5176 101.202000 -0.000097 0.000053 2.862556
5177 101.209000 0.000098 0.000103 2.862588
5178 101.217000 0.000096 0.000063 2.862531
5179 101.225000 -0.000097 0.000063 2.86258
5180 101.232000 0.000097 -0.00005 2.862591
5181 101.240000 0.000096 0.000038 2.862548
5182 101.248000 -0.000097 -0.000087 2.862608
5183 101.256000 0.000098 -0.000086 2.862623
5184 101.265000 -0.000097 -0.000037 2.862541
5185 101.275000 -0.000096 0.00008 2.862598
5186 101.284000 -0.000097 0.000037 2.862548
5187 101.294000 -0.000097 -0.00004 2.862586
5188 101.303000 0.000097 0.000096 2.862612
5189 101.313000 0.000097 0.000095 2.862591
5190 101.322000 -0.000097 -0.000081 2.862604
5191 101.331000 0.000097 -0.000037 2.862551
5192 101.339000 0.000098 -0.000063 2.862581
5193 101.348000 0.000096 -0.000095 2.862621
5194 101.357000 0.000097 -0.000046 2.862545
5195 101.366000 0.000097 -0.000037 2.862618
5196 101.376000 -0.000097 0.000054 2.862576
5197 101.386000 -0.000097 0.00004 2.862614
5198 101.395000 0.000098 0.000103 2.862585
5199 101.403000 0.000097 0.000064 2.862571
5200 101.412000 -0.000098 -0.000051 2.862578
5201 101.421000 -0.000098 0.000053 2.862588
5202 101.428000 -0.000098 -0.000059 2.862608
5203 101.436000 -0.000097 -0.000045 2.862605
5204 101.446000 -0.000096 -0.000062 2.862591
5205 101.455000 0.000099 0.000091 2.862601
5206 101.465000 0.0001 0.000085 2.862614
5207 101.475000 0.000098 0.000091 2.862594
5208 101.484000 -0.000096 -0.000039 2.862628
5209 101.493000 0.000097 0.000099 2.862572
5210 101.503000 -0.000097 0.000039 2.862607
5211 101.512000 0.000097 -0.000064 2.862582
5212 101.522000 0.000096 -0.000098 2.86257
5213 101.531000 0.000098 0.000038 2.862616
5214 101.541000 0.000098 0.000074 2.862591
5215 101.551000 0.000098 0.000082 2.86262
5216 101.560000 0.000097 0.000038 2.862577
5217 101.570000 0.000097 -0.000037 2.862612
5218 101.579000 -0.000096 0.000041 2.862616
5219 101.586000 0.000097 -0.000065 2.862559
5220 101.594000 0.000097 -0.000056 2.86261
5221 101.601000 -0.000096 0.000037 2.862629
5222 101.608000 -0.000097 -0.000076 2.862603
5223 101.616000 -0.000097 -0.000099 2.862631
5224 101.623000 0.000098 -0.000046 2.862615
5225 101.631000 0.000097 -0.000048 2.862567
5226 101.638000 -0.000097 0.000044 2.862612
5227 101.645000 0.000098 0.000087 2.862628
5228 101.652000 -0.000097 0.00004 2.862574
5229 101.659000 0.000097 0.000061 2.862595
5230 101.666000 0.000096 -0.000042 2.862609
5231 101.673000 0.000097 0.000093 2.862609
5232 101.680000 0.000097 -0.000047 2.862579
5233 101.688000 0.000098 -0.000082 2.862636
5234 101.695000 0.0001 -0.00007 2.86261
5235 101.703000 0.000097 -0.000039 2.862586
5236 101.709000 -0.000097 -0.000061 2.862583
5237 101.717000 0.000096 -0.000041 2.862588
5238 101.724000 0.000096 -0.000082 2.862581
5239 101.732000 -0.000097 0.000067 2.862588
5240 101.740000 0.000097 -0.000038 2.862609
5241 101.747000 -0.000097 0.000115 2.862559
5242 101.754000 0.000097 0.00004 2.862602
5243 101.762000 0.000098 0.000063 2.862595
5244 101.770000 -0.000098 -0.000039 2.862575
5245 101.777000 -0.000097 0.00005 2.862588
5246 101.785000 -0.000097 0.000037 2.862633
5247 101.792000 -0.000098 -0.00004 2.862582
5248 101.800000 0.000097 -0.000082 2.862632
5249 101.806000 -0.000096 -0.000088 2.862641
5250 101.814000 -0.0001 -0.000072 2.862579
5251 101.821000 0.000096 0.000089 2.862622
5252 101.828000 0.000096 0.000038 2.862646
5253 101.835000 -0.000097 0.000118 2.862592
5254 101.843000 -0.000098 0.000107 2.862632
5255 101.850000 0.000097 0.000037 2.862635
5256 101.857000 0.000096 0.000068 2.862596
5257 101.865000 -0.000098 0.000046 2.862619
5258 101.873000 -0.000096 0.000076 2.862646
5259 101.881000 -0.000097 0.000037 2.862581
5260 101.889000 -0.000097 -0.000059 2.862588
5261 101.896000 0.000096 -0.000094 2.862648
5262 101.903000 0.000097 -0.000038 2.862617
5263 101.911000 0.000098 0.00006 2.862604
5264 101.918000 0.000096 0.000047 2.862647
5265 101.926000 0.000097 0.000041 2.862619
5266 101.934000 -0.000098 -0.00004 2.862593
5267 101.941000 0.000098 0.000072 2.862625
5268 101.948000 0.0001 0.000039 2.862657
5269 101.956000 -0.000098 -0.000079 2.862589
5270 101.962000 -0.000097 -0.000041 2.862628
5271 101.970000 -0.000097 -0.000042 2.862632
5272 101.977000 -0.000097 0.000037 2.862591
5273 101.985000 0.000097 -0.000037 2.862626
5274 101.994000 -0.000096 -0.000085 2.862644
5275 102.004000 0.000098 0.000037 2.862616
5276 102.013000 -0.000097 0.000078 2.862633
5277 102.023000 -0.000097 0.000079 2.862598
5278 102.033000 -0.000096 0.000064 2.862631
5279 102.042000 -0.000097 -0.000043 2.862611
5280 102.052000 -0.000097 -0.000046 2.862636
5281 102.062000 -0.000096 -0.000056 2.86263
5282 102.071000 -0.000097 -0.000057 2.862588
5283 102.081000 -0.000096 -0.000074 2.862612
5284 102.090000 0.000096 -0.000067 2.862617
5285 102.100000 0.000097 0.000043 2.862636
5286 102.110000 0.000097 0.000044 2.862632
5287 102.120000 -0.000097 0.000064 2.86262
5288 102.129000 0.000097 0.00009 2.862658
5289 102.138000 -0.000097 -0.000044 2.862583
5290 102.147000 -0.000096 0.000095 2.86264
5291 102.157000 0.000096 0.000048 2.8626
5292 102.165000 0.000097 -0.000057 2.862615
5293 102.175000 0.000097 -0.00006 2.862633
5294 102.184000 -0.000099 -0.000074 2.862626
5295 102.193000 -0.000097 0.000063 2.862634
5296 102.200000 -0.000096 -0.000039 2.862638
5297 102.208000 0.000096 0.000038 2.862609
5298 102.216000 0.000098 0.000037 2.862638
5299 102.226000 -0.000099 0.000039 2.8626
5300 102.235000 -0.000097 0.000039 2.862638
5301 102.244000 -0.000097 -0.000098 2.862661
5302 102.254000 0.000097 -0.000086 2.862632
5303 102.262000 -0.000097 -0.000083 2.862663
5304 102.270000 0.000096 -0.000113 2.862666
5305 102.278000 -0.000099 -0.000077 2.86262
5306 102.285000 0.000099 0.00007 2.862656
5307 102.290000 -0.000097 -0.000037 2.862661
5308 102.296000 -0.000097 0.000086 2.862577
5309 102.303000 0.000097 0.000077 2.862622
5310 102.310000 -0.000097 -0.000042 2.862661
5311 102.317000 0.0001 0.000089 2.862653
5312 102.324000 -0.000099 -0.000038 2.862615
5313 102.331000 -0.000097 0.000054 2.862619
5314 102.338000 -0.000097 -0.000093 2.862614
5315 102.345000 -0.000097 0.000065 2.86261
5316 102.352000 0.000097 -0.000042 2.862637
5317 102.359000 0.000097 0.000037 2.862642
5318 102.368000 -0.000098 -0.000069 2.86262
5319 102.378000 -0.000097 -0.000041 2.862653
5320 102.387000 0.000096 0.000073 2.862611
5321 102.395000 0.000097 0.000067 2.862649
5322 102.402000 -0.000096 -0.000037 2.862655
5323 102.409000 0.0001 0.000082 2.862641
5324 102.417000 -0.000097 0.000059 2.862649
5325 102.425000 -0.000096 0.000037 2.86267
5326 102.432000 -0.000096 -0.00006 2.86267
5327 102.440000 -0.000097 -0.000055 2.862627
5328 102.447000 0.0001 -0.000037 2.862651
5329 102.454000 0.000096 -0.000113 2.862682
5330 102.462000 0.000097 0.00004 2.862638
5331 102.470000 -0.000096 -0.000041 2.862651
5332 102.477000 0.000097 0.000058 2.862667
5333 102.483000 -0.000098 0.000054 2.86262
5334 102.489000 0.000098 0.000079 2.862659
5335 102.495000 0.000099 0.000042 2.862651
5336 102.503000 -0.000098 0.000063 2.862607
5337 102.512000 -0.000097 -0.000064 2.862644
5338 102.520000 -0.000097 -0.000079 2.862663
5339 102.529000 0.000096 -0.000037 2.862619
5340 102.539000 0.000096 -0.000047 2.862653
5341 102.547000 0.0001 -0.000062 2.862638
5342 102.557000 -0.000097 0.000042 2.862641
5343 102.566000 0.000098 -0.000037 2.862669
5344 102.583000 0.000097 0.000085 2.862651
5345 102.591000 0.000099 0.000092 2.862669
5346 102.600000 -0.000099 -0.000071 2.862635
5347 102.609000 -0.000096 -0.000041 2.86265
5348 102.618000 -0.000096 -0.000062 2.862614
5349 102.627000 0.000099 -0.000051 2.862634
5350 102.636000 0.000097 -0.000089 2.862675
5351 102.646000 0.000096 -0.000038 2.862627
5352 102.655000 0.000096 0.000072 2.86265
5353 102.664000 -0.000097 0.000049 2.862629
5354 102.673000 0.000097 0.000115 2.862626
5355 102.682000 -0.000097 -0.000037 2.862677
5356 102.692000 0.000096 -0.000044 2.862644
5357 102.701000 -0.000097 0.000038 2.862673
5358 102.711000 -0.000098 0.000052 2.862634
5359 102.718000 0.000097 -0.00004 2.862653
5360 102.724000 -0.000097 -0.000079 2.862688
5361 102.732000 -0.000096 -0.000041 2.862636
5362 102.738000 0.000097 0.000073 2.862638
5363 102.745000 -0.000096 0.000075 2.862666
5364 102.752000 -0.000096 0.000037 2.862682
5365 102.759000 -0.000098 0.000086 2.862635
5366 102.766000 -0.000097 0.000043 2.862659
5367 102.773000 0.000098 0.000107 2.862664
5368 102.780000 -0.000097 -0.000042 2.862618
5369 102.787000 0.000096 0.000037 2.862674
5370 102.794000 -0.000096 -0.000063 2.862696
5371 102.801000 -0.000096 0.000037 2.862642
5372 102.808000 -0.000097 -0.000037 2.862651
5373 102.814000 0.000096 -0.000053 2.862667
5374 102.821000 0.000099 0.000075 2.86269
5375 102.829000 0.000097 0.000098 2.862649
5376 102.836000 -0.000096 -0.000037 2.862684
5377 102.843000 0.000098 0.000065 2.862679
5378 102.851000 -0.000096 0.000075 2.862653
5379 102.858000 0.000097 -0.00004 2.86267
5380 102.866000 -0.000097 -0.000062 2.862667
5381 102.873000 0.000097 -0.000039 2.862609
5382 102.880000 -0.000096 -0.000045 2.862653
5383 102.888000 -0.000097 -0.000094 2.862695
5384 102.896000 -0.000097 -0.000075 2.862659
5385 102.903000 0.000098 -0.000037 2.862652
5386 102.910000 -0.000097 -0.000037 2.862669
5387 102.917000 -0.000096 0.000045 2.862608
